temp/xxnedtmp39/event.log NEWFILE1
temp/xxnedtmp39/text.log NEWFILE2
temp/xxnedtmp39/environ.log NEWFILE3
C:\Cadence\SPB_16.6\share\cdssetup/concept/concepthdl.scr FILE4
E:\GitHub\KVM_prototype\schemtic\sch\cds.lib FILE5
E:\GitHub\KVM_prototype\schemtic\sch\worklib\kvm_prototype\sch_1\page1.csb FILE6
E:\GitHub\KVM_prototype\schemtic\sch\worklib\kvm_prototype\sch_1\page1_csb.lck NEWFILE7
temp/xxnedtmp39/undo1.log NEWFILE8
C:\Cadence\SPB_16.6\share\library\standard\c#20size#20page\sym_1\symbol.css FILE9
E:\GitHub\KVM_prototype\schemtic\sch\worklib\kvm_prototype\sch_1\page1_csa.lck NEWFILE10
E:/GitHub/KVM_prototype/schemtic/sch/worklib/kvm_prototype/sch_1/kvm_prototype.xcon FILE11
E:/GitHub/KVM_prototype/schemtic/sch/worklib/kvm_prototype/sch_1/kvm_prototype.dcf FILE12
E:\GitHub\KVM_prototype\schemtic\sch\worklib\kvm_prototype\sch_1\page19.csb FILE13
E:\GitHub\KVM_prototype\schemtic\sch\worklib\kvm_prototype\sch_1\page19_csb.lck NEWFILE14
C:\Cadence\SPB_16.6\share\library\standard\gnd_signal\sym_1\symbol.css FILE15
E:\GitHub\KVM_prototype\schemtic\lib\worklib\s25fl128sagmf\sym_1\symbol.css FILE16
E:\GitHub\KVM_prototype\schemtic\lib\worklib\xc7s50fgga484\sym_3\symbol.css FILE17
E:\GitHub\KVM_prototype\schemtic\lib\worklib\esd\sym_1\symbol.css FILE18
E:\GitHub\KVM_prototype\schemtic\lib\worklib\xc7s50fgga484\sym_1\symbol.css FILE19
E:\GitHub\KVM_prototype\schemtic\lib\worklib\head2x5\sym_1\symbol.css FILE20
E:\GitHub\KVM_prototype\schemtic\sch\worklib\kvm_prototype\sch_1\page17.csb FILE21
E:\GitHub\KVM_prototype\schemtic\sch\worklib\kvm_prototype\sch_1\page17_csb.lck NEWFILE22
temp/xxnedtmp39/undo2.log NEWFILE23
E:\GitHub\KVM_prototype\schemtic\lib\worklib\c\sym_1\symbol.css FILE24
E:\GitHub\KVM_prototype\schemtic\lib\worklib\lb\sym_1\symbol.css FILE25
E:\GitHub\KVM_prototype\schemtic\lib\worklib\r\sym_1\symbol.css FILE26
E:\GitHub\KVM_prototype\schemtic\lib\worklib\mt41k512m16ha#2d125\sym_2\symbol.css FILE27
E:\GitHub\KVM_prototype\schemtic\lib\worklib\mt41k512m16ha#2d125\sym_1\symbol.css FILE28
D:/sys_temp/con3591.tmp FILE29
E:\GitHub\KVM_prototype\schemtic\sch\worklib\kvm_prototype\sch_1\page17_csa.lck NEWFILE30
D:/sys_temp/con6F09.tmp FILE31
C:/Cadence/SPB_16.6/tools/language/config.dat FILE32
temp/xxnedtmp39/concept.mkr NEWFILE33
C:/Cadence/SPB_16.6/tools/language/pack_type_rename.dat NEWFILE34
temp/xxnedtmp39/../c#20size#20page.mkr NEWFILE35
temp/xxnedtmp39/../head2x5.mkr NEWFILE36
temp/xxnedtmp39/../c.mkr NEWFILE37
temp/xxnedtmp39/../gnd_signal.mkr NEWFILE38
temp/xxnedtmp39/../esd.mkr NEWFILE39
temp/xxnedtmp39/../s25fl128sagmf.mkr NEWFILE40
temp/xxnedtmp39/../xc7s50fgga484.mkr NEWFILE41
E:\GitHub\KVM_prototype\schemtic\sch\worklib\kvm_prototype\sch_1\page19.csa FILE42
E:\GitHub\KVM_prototype\schemtic\sch\worklib\kvm_prototype\sch_1\page19.csv FILE43
E:\GitHub\KVM_prototype\schemtic\sch\worklib\kvm_prototype\sch_1\pc.db FILE44
E:/GitHub/KVM_prototype/schemtic/sch/worklib/kvm_prototype/sch_1/kvm_prototype_xcon.lck NEWFILE45
E:/GitHub/KVM_prototype/schemtic/sch/worklib/kvm_prototype/sch_1/kvm_prototype_dcf.lck NEWFILE46
temp/xxnedtmp39/csnetlister.mkr NEWFILE47
temp/xxnedtmp39/../r.mkr NEWFILE48
E:\GitHub\KVM_prototype\schemtic\sch\worklib\kvm_prototype\sch_1\page2.csb FILE49
E:\GitHub\KVM_prototype\schemtic\sch\worklib\kvm_prototype\sch_1\page2_csb.lck NEWFILE50
E:\GitHub\KVM_prototype\schemtic\sch\worklib\kvm_prototype\sch_1\page19_csa.lck NEWFILE51
E:\GitHub\KVM_prototype\schemtic\sch\worklib\kvm_prototype\sch_1\page4.csb FILE52
E:\GitHub\KVM_prototype\schemtic\sch\worklib\kvm_prototype/images/6_0.jpg FILE53
E:\GitHub\KVM_prototype\schemtic\sch\worklib\kvm_prototype\sch_1\page4_csb.lck NEWFILE54
E:\GitHub\KVM_prototype\schemtic\sch\worklib\kvm_prototype\sch_1\page2_csa.lck NEWFILE55
E:\GitHub\KVM_prototype\schemtic\lib\worklib\l\sym_1\symbol.css FILE56
E:\GitHub\KVM_prototype\schemtic\lib\worklib\ncp1529\sym_1\symbol.css FILE57
E:\GitHub\KVM_prototype\schemtic\sch\worklib\kvm_prototype\sch_1\page3.csb FILE58
E:\GitHub\KVM_prototype\schemtic\sch\worklib\kvm_prototype/images/4.jpg FILE59
E:\GitHub\KVM_prototype\schemtic\sch\worklib\kvm_prototype/images/1.jpg FILE60
E:\GitHub\KVM_prototype\schemtic\sch\worklib\kvm_prototype/images/2.jpg FILE61
E:\GitHub\KVM_prototype\schemtic\sch\worklib\kvm_prototype/images/3.jpg FILE62
E:\GitHub\KVM_prototype\schemtic\sch\worklib\kvm_prototype/images/5.jpg FILE63
E:\GitHub\KVM_prototype\schemtic\sch\worklib\kvm_prototype\sch_1\page3_csb.lck NEWFILE64
E:\GitHub\KVM_prototype\schemtic\sch\worklib\kvm_prototype\sch_1\page4_csa.lck NEWFILE65
E:\GitHub\KVM_prototype\schemtic\lib\worklib\adp5053\sym_1\symbol.css FILE66
E:\GitHub\KVM_prototype\schemtic\lib\worklib\cp\sym_1\symbol.css FILE67
E:\GitHub\KVM_prototype\schemtic\lib\worklib\fds9926a\sym_2\symbol.css FILE68
E:\GitHub\KVM_prototype\schemtic\lib\worklib\fds9926a\sym_1\symbol.css FILE69
C:\Cadence\SPB_16.6\share\library\standard\inport\sym_1\symbol.css FILE70
E:\GitHub\KVM_prototype\schemtic\lib\worklib\resetkey\sym_1\symbol.css FILE71
C:\Cadence\SPB_16.6\share\library\standard\outport\sym_1\symbol.css FILE72
E:\GitHub\KVM_prototype\schemtic\lib\worklib\led_s\sym_1\symbol.css FILE73
E:\GitHub\KVM_prototype\schemtic\lib\worklib\npn\sym_1\symbol.css FILE74
E:\GitHub\KVM_prototype\schemtic\sch\worklib\kvm_prototype\sch_1\page3_csa.lck NEWFILE75
E:\GitHub\KVM_prototype\schemtic\sch\worklib\kvm_prototype\sch_1\page5.csb FILE76
E:\GitHub\KVM_prototype\schemtic\sch\worklib\kvm_prototype\sch_1\page5_csb.lck NEWFILE77
E:\GitHub\KVM_prototype\schemtic\lib\worklib\crystal\sym_1\symbol.css FILE78
E:\GitHub\KVM_prototype\schemtic\lib\worklib\adv7612bswz\sym_1\symbol.css FILE79
E:\GitHub\KVM_prototype\schemtic\sch\worklib\kvm_prototype\sch_1\page7.csb FILE80
E:\GitHub\KVM_prototype\schemtic\sch\worklib\kvm_prototype\sch_1\page7_csb.lck NEWFILE81
E:\GitHub\KVM_prototype\schemtic\sch\worklib\kvm_prototype\sch_1\page5_csa.lck NEWFILE82
E:\GitHub\KVM_prototype\schemtic\lib\worklib\diode\sym_1\symbol.css FILE83
E:\GitHub\KVM_prototype\schemtic\lib\worklib\bss123lt1\sym_1\symbol.css FILE84
E:\GitHub\KVM_prototype\schemtic\lib\worklib\hdmi#2da\sym_1\symbol.css FILE85
E:\GitHub\KVM_prototype\schemtic\lib\worklib\rclamp0524p\sym_1\symbol.css FILE86
E:\GitHub\KVM_prototype\schemtic\sch\worklib\kvm_prototype\sch_1\page8.csb FILE87
E:\GitHub\KVM_prototype\schemtic\sch\worklib\kvm_prototype/images/7.jpg FILE88
E:\GitHub\KVM_prototype\schemtic\sch\worklib\kvm_prototype/images/8.jpg FILE89
E:\GitHub\KVM_prototype\schemtic\sch\worklib\kvm_prototype\sch_1\page8_csb.lck NEWFILE90
E:\GitHub\KVM_prototype\schemtic\sch\worklib\kvm_prototype\sch_1\page7_csa.lck NEWFILE91
E:\GitHub\KVM_prototype\schemtic\lib\worklib\osc#2d12mhz\sym_1\symbol.css FILE92
E:\GitHub\KVM_prototype\schemtic\lib\worklib\adv7511kstz\sym_1\symbol.css FILE93
E:\GitHub\KVM_prototype\schemtic\sch\worklib\kvm_prototype\sch_1\page9.csb FILE94
E:\GitHub\KVM_prototype\schemtic\sch\worklib\kvm_prototype\sch_1\page9_csb.lck NEWFILE95
E:\GitHub\KVM_prototype\schemtic\sch\worklib\kvm_prototype\sch_1\page8_csa.lck NEWFILE96
E:\GitHub\KVM_prototype\schemtic\lib\worklib\pesd0402#2d140\sym_1\symbol.css FILE97
E:\GitHub\KVM_prototype\schemtic\sch\worklib\kvm_prototype\sch_1\page10.csb FILE98
E:\GitHub\KVM_prototype\schemtic\sch\worklib\kvm_prototype\sch_1\page10_csb.lck NEWFILE99
E:\GitHub\KVM_prototype\schemtic\sch\worklib\kvm_prototype\sch_1\page9_csa.lck NEWFILE100
E:\GitHub\KVM_prototype\schemtic\lib\worklib\ao3400\sym_1\symbol.css FILE101
E:\GitHub\KVM_prototype\schemtic\sch\worklib\kvm_prototype\sch_1\page11.csb FILE102
E:\GitHub\KVM_prototype\schemtic\sch\worklib\kvm_prototype/images/10.jpg FILE103
E:\GitHub\KVM_prototype\schemtic\sch\worklib\kvm_prototype/images/9.jpg FILE104
E:\GitHub\KVM_prototype\schemtic\sch\worklib\kvm_prototype\sch_1\page11_csb.lck NEWFILE105
E:\GitHub\KVM_prototype\schemtic\sch\worklib\kvm_prototype\sch_1\page10_csa.lck NEWFILE106
E:\GitHub\KVM_prototype\schemtic\lib\worklib\88e1111\sym_2\symbol.css FILE107
E:\GitHub\KVM_prototype\schemtic\lib\worklib\88e1111\sym_1\symbol.css FILE108
E:\GitHub\KVM_prototype\schemtic\sch\worklib\kvm_prototype\sch_1\page12.csb FILE109
E:\GitHub\KVM_prototype\schemtic\sch\worklib\kvm_prototype\sch_1\page12_csb.lck NEWFILE110
E:\GitHub\KVM_prototype\schemtic\sch\worklib\kvm_prototype\sch_1\page11_csa.lck NEWFILE111
E:\GitHub\KVM_prototype\schemtic\lib\worklib\sfp_conn\sym_1\symbol.css FILE112
E:\GitHub\KVM_prototype\schemtic\lib\worklib\sfp_cage\sym_1\symbol.css FILE113
E:\GitHub\KVM_prototype\schemtic\sch\worklib\kvm_prototype\sch_1\page13.csb FILE114
E:\GitHub\KVM_prototype\schemtic\sch\worklib\kvm_prototype\sch_1\page13_csb.lck NEWFILE115
E:\GitHub\KVM_prototype\schemtic\sch\worklib\kvm_prototype\sch_1\page12_csa.lck NEWFILE116
E:\GitHub\KVM_prototype\schemtic\sch\worklib\kvm_prototype\sch_1\page14.csb FILE117
E:\GitHub\KVM_prototype\schemtic\sch\worklib\kvm_prototype/images/12.jpg FILE118
E:\GitHub\KVM_prototype\schemtic\sch\worklib\kvm_prototype/images/13.jpg FILE119
E:\GitHub\KVM_prototype\schemtic\sch\worklib\kvm_prototype/images/11.jpg FILE120
E:\GitHub\KVM_prototype\schemtic\sch\worklib\kvm_prototype\sch_1\page14_csb.lck NEWFILE121
E:\GitHub\KVM_prototype\schemtic\sch\worklib\kvm_prototype\sch_1\page13_csa.lck NEWFILE122
E:\GitHub\KVM_prototype\schemtic\lib\worklib\head1x2_s\sym_1\symbol.css FILE123
E:\GitHub\KVM_prototype\schemtic\lib\worklib\eeprom#2d512k\sym_1\symbol.css FILE124
E:\GitHub\KVM_prototype\schemtic\lib\worklib\sram\sym_1\symbol.css FILE125
E:\GitHub\KVM_prototype\schemtic\lib\worklib\cy7c67300\sym_2\symbol.css FILE126
E:\GitHub\KVM_prototype\schemtic\lib\worklib\cy7c67300\sym_1\symbol.css FILE127
E:\GitHub\KVM_prototype\schemtic\sch\worklib\kvm_prototype\sch_1\page15.csb FILE128
E:\GitHub\KVM_prototype\schemtic\sch\worklib\kvm_prototype/images/clipboard_0.jpg FILE129
E:\GitHub\KVM_prototype\schemtic\sch\worklib\kvm_prototype/images/14.jpg FILE130
E:\GitHub\KVM_prototype\schemtic\sch\worklib\kvm_prototype\sch_1\page15_csb.lck NEWFILE131
E:\GitHub\KVM_prototype\schemtic\sch\worklib\kvm_prototype\sch_1\page14_csa.lck NEWFILE132
E:\GitHub\KVM_prototype\schemtic\lib\worklib\usb_a_x2\sym_1\symbol.css FILE133
E:\GitHub\KVM_prototype\schemtic\lib\worklib\tpd4s012\sym_1\symbol.css FILE134
E:\GitHub\KVM_prototype\schemtic\lib\worklib\head1x3_s\sym_1\symbol.css FILE135
E:\GitHub\KVM_prototype\schemtic\sch\worklib\kvm_prototype\sch_1\page16.csb FILE136
E:\GitHub\KVM_prototype\schemtic\sch\worklib\kvm_prototype\sch_1\page16_csb.lck NEWFILE137
E:\GitHub\KVM_prototype\schemtic\sch\worklib\kvm_prototype\sch_1\page15_csa.lck NEWFILE138
E:\GitHub\KVM_prototype\schemtic\sch\worklib\kvm_prototype\sch_1\page16_csa.lck NEWFILE139
E:\GitHub\KVM_prototype\schemtic\sch\worklib\kvm_prototype\sch_1\page18.csb FILE140
E:\GitHub\KVM_prototype\schemtic\sch\worklib\kvm_prototype/images/clipboard_0_0.jpg FILE141
E:\GitHub\KVM_prototype\schemtic\sch\worklib\kvm_prototype\sch_1\page18_csb.lck NEWFILE142
E:\GitHub\KVM_prototype\schemtic\sch\worklib\kvm_prototype\sch_1\page18_csa.lck NEWFILE143
E:\GitHub\KVM_prototype\schemtic\sch\worklib\kvm_prototype\sch_1\page6.csb FILE144
E:\GitHub\KVM_prototype\schemtic\sch\worklib\kvm_prototype\sch_1\page6_csb.lck NEWFILE145
E:\GitHub\KVM_prototype\schemtic\lib\worklib\adv7612bswz\sym_2\symbol.css FILE146
E:\GitHub\KVM_prototype\schemtic\sch\worklib\kvm_prototype\sch_1\page6_csa.lck NEWFILE147
D:/sys_temp/conBABA.tmp FILE148
D:/sys_temp/con80E7.tmp FILE149
D:/sys_temp/con8BE0.tmp FILE150
D:/sys_temp/conC6FD.tmp FILE151
D:/sys_temp/conDC62.tmp FILE152
D:/sys_temp/conF1B7.tmp FILE153
D:/sys_temp/con8A20.tmp FILE154
