	(Comment
		(Time 01/12/17,14:48:18)
		(User hzbts)
		(MsgId ECO_081)
		(Text "Symbol sym_1 added to cell")
		(Param1 "sym_1")
	)
	(Comment
		(Time 01/12/17,14:54:44)
		(User hzbts)
		(MsgId ECO_021)
		(Text "Package SENSOR_PAD added to cell")
		(Param1 "SENSOR_PAD")
	)
	(Comment
		(Time 02/16/17,15:20:40)
		(User hzbts)
		(MsgId ECO_151)
		(Text "Verilog wrapper vlog_model added to cell")
		(Param1 "vlog_model")
	)
	(Comment
		(Time 02/28/17,09:49:19)
		(User hzbts)
		(MsgId ECO_151)
		(Text "Verilog wrapper vlog_model added to cell")
		(Param1 "vlog_model")
	)
