	(Comment
		(Time 12/17/17,16:07:08)
		(User Administrator)
		(MsgId ECO_021)
		(Text "Package ADP5053 added to cell")
		(Param1 "ADP5053")
	)
	(Comment
		(Time 12/17/17,16:16:26)
		(User Administrator)
		(MsgId ECO_081)
		(Text "Symbol sym_1 added to cell")
		(Param1 "sym_1")
	)
	(Comment
		(Time 12/17/17,17:01:38)
		(User Administrator)
		(MsgId ECO_211)
		(Text "PTF file part.ptf added")
		(Param1 "part.ptf")
	)
	(Comment
		(Time 12/17/17,17:11:35)
		(User Administrator)
		(MsgId ECO_212)
		(Text "PTF file part.ptf deleted")
		(Param1 "part.ptf")
	)
	(Comment
		(Time 12/17/17,17:11:39)
		(User Administrator)
		(MsgId ECO_211)
		(Text "PTF file part.ptf added")
		(Param1 "part.ptf")
	)
