temp/xxnedtmp4/event.log NEWFILE1
temp/xxnedtmp4/text.log NEWFILE2
temp/xxnedtmp4/environ.log NEWFILE3
C:\Cadence\SPB_16.6\share\cdssetup/concept/concepthdl.scr FILE4
D:\GitHub\KVM\KVM_prototype\schemtic\sch\cds.lib FILE5
D:\GitHub\KVM\KVM_prototype\schemtic\sch\worklib\kvm_prototype\sch_1\page1.csb FILE6
D:\GitHub\KVM\KVM_prototype\schemtic\sch\worklib\kvm_prototype\sch_1\page1_csb.lck NEWFILE7
temp/xxnedtmp4/undo1.log NEWFILE8
C:\Cadence\SPB_16.6\share\library\standard\c#20size#20page\sym_1\symbol.css FILE9
D:\GitHub\KVM\KVM_prototype\schemtic\sch\worklib\kvm_prototype\sch_1\page1_csa.lck NEWFILE10
D:/GitHub/KVM/KVM_prototype/schemtic/sch/worklib/kvm_prototype/sch_1/kvm_prototype.xcon FILE11
D:/GitHub/KVM/KVM_prototype/schemtic/sch/worklib/kvm_prototype/sch_1/kvm_prototype.dcf FILE12
D:\GitHub\KVM\KVM_prototype\schemtic\sch\worklib\kvm_prototype\sch_1\page3.csb FILE13
D:\GitHub\KVM\KVM_prototype\schemtic\sch\worklib\kvm_prototype/images/2.jpg FILE14
D:\GitHub\KVM\KVM_prototype\schemtic\sch\worklib\kvm_prototype/images/5.jpg FILE15
D:\GitHub\KVM\KVM_prototype\schemtic\sch\worklib\kvm_prototype/images/1.jpg FILE16
D:\GitHub\KVM\KVM_prototype\schemtic\sch\worklib\kvm_prototype/images/4.jpg FILE17
D:\GitHub\KVM\KVM_prototype\schemtic\sch\worklib\kvm_prototype/images/3.jpg FILE18
D:\GitHub\KVM\KVM_prototype\schemtic\sch\worklib\kvm_prototype\sch_1\page3_csb.lck NEWFILE19
C:\Cadence\SPB_16.6\share\library\standard\gnd_signal\sym_1\symbol.css FILE20
D:\GitHub\KVM\KVM_prototype\schemtic\lib\worklib\r\sym_1\symbol.css FILE21
D:\GitHub\KVM\KVM_prototype\schemtic\lib\worklib\adp5053\sym_1\symbol.css FILE22
D:\GitHub\KVM\KVM_prototype\schemtic\lib\worklib\c\sym_1\symbol.css FILE23
D:\GitHub\KVM\KVM_prototype\schemtic\lib\worklib\cp\sym_1\symbol.css FILE24
D:\GitHub\KVM\KVM_prototype\schemtic\lib\worklib\l\sym_1\symbol.css FILE25
D:\GitHub\KVM\KVM_prototype\schemtic\lib\worklib\fds9926a\sym_2\symbol.css FILE26
D:\GitHub\KVM\KVM_prototype\schemtic\lib\worklib\fds9926a\sym_1\symbol.css FILE27
D:\GitHub\KVM\KVM_prototype\schemtic\lib\worklib\npn\sym_1\symbol.css FILE28
D:\GitHub\KVM\KVM_prototype\schemtic\lib\worklib\led_s\sym_1\symbol.css FILE29
C:/Cadence/SPB_16.6/tools/language/config.dat FILE30
temp/xxnedtmp4/concept.mkr NEWFILE31
C:/Cadence/SPB_16.6/tools/language/pack_type_rename.dat NEWFILE32
temp/xxnedtmp4/../led_s.mkr NEWFILE33
temp/xxnedtmp4/../npn.mkr NEWFILE34
temp/xxnedtmp4/../c#20size#20page.mkr NEWFILE35
temp/xxnedtmp4/../cp.mkr NEWFILE36
temp/xxnedtmp4/../r.mkr NEWFILE37
temp/xxnedtmp4/../c.mkr NEWFILE38
temp/xxnedtmp4/../adp5053.mkr NEWFILE39
temp/xxnedtmp4/../gnd_signal.mkr NEWFILE40
temp/xxnedtmp4/../l.mkr NEWFILE41
temp/xxnedtmp4/../fds9926a.mkr NEWFILE42
D:\GitHub\KVM\KVM_prototype\schemtic\sch\worklib\kvm_prototype\sch_1\page3.csa FILE43
D:\GitHub\KVM\KVM_prototype\schemtic\sch\worklib\kvm_prototype\sch_1\page3.csv FILE44
D:\GitHub\KVM\KVM_prototype\schemtic\sch\worklib\kvm_prototype\sch_1\pc.db FILE45
D:/GitHub/KVM/KVM_prototype/schemtic/sch/worklib/kvm_prototype/sch_1/kvm_prototype_xcon.lck NEWFILE46
D:/GitHub/KVM/KVM_prototype/schemtic/sch/worklib/kvm_prototype/sch_1/kvm_prototype_dcf.lck NEWFILE47
temp/xxnedtmp4/csnetlister.mkr NEWFILE48
C:/Users/cpp8013/AppData/Local/Temp/con832A.tmp FILE49
C:\Cadence\SPB_16.6\share\library\standard\supply_1\sym_1\symbol.css FILE50
C:\Cadence\SPB_16.6\share\library\standard\pvcc\sym_1\symbol.css FILE51
C:\Cadence\SPB_16.6\share\library\standard\vcc_circle\sym_1\symbol.css FILE52
C:\Cadence\SPB_16.6\share\library\standard\vcc_bar\sym_1\symbol.css FILE53
temp/xxnedtmp4/../vcc_bar.mkr NEWFILE54
C:/Users/cpp8013/AppData/Local/Temp/conF8E7.tmp FILE55
C:/Users/cpp8013/AppData/Local/Temp/con528.tmp FILE56
C:/Users/cpp8013/AppData/Local/Temp/con1BB5.tmp FILE57
C:/Users/cpp8013/AppData/Local/Temp/con9E3D.tmp FILE58
C:/Users/cpp8013/AppData/Local/Temp/conAA6E.tmp FILE59
C:/Users/cpp8013/AppData/Local/Temp/conB6AF.tmp FILE60
C:/Users/cpp8013/AppData/Local/Temp/conBC6A.tmp FILE61
C:/Users/cpp8013/AppData/Local/Temp/con5E07.tmp FILE62
C:/Users/cpp8013/AppData/Local/Temp/con6A86.tmp FILE63
C:/Users/cpp8013/AppData/Local/Temp/con79A4.tmp FILE64
C:/Users/cpp8013/AppData/Local/Temp/con83C2.tmp FILE65
C:/Users/cpp8013/AppData/Local/Temp/con9ADC.tmp FILE66
C:/Users/cpp8013/AppData/Local/Temp/conA44F.tmp FILE67
C:/Users/cpp8013/AppData/Local/Temp/conB4B4.tmp FILE68
C:/Users/cpp8013/AppData/Local/Temp/conC77A.tmp FILE69
