temp/xxnedtmp48/event.log NEWFILE1
temp/xxnedtmp48/text.log NEWFILE2
temp/xxnedtmp48/environ.log NEWFILE3
C:\Cadence\SPB_16.6\share\cdssetup/concept/concepthdl.scr FILE4
E:\GitHub\KVM_prototype\schemtic\sch\cds.lib FILE5
E:\GitHub\KVM_prototype\schemtic\sch\worklib\kvm_prototype\sch_1\page1.csb FILE6
E:\GitHub\KVM_prototype\schemtic\sch\worklib\kvm_prototype\sch_1\page1_csb.lck NEWFILE7
temp/xxnedtmp48/undo1.log NEWFILE8
C:\Cadence\SPB_16.6\share\library\standard\c#20size#20page\sym_1\symbol.css FILE9
E:\GitHub\KVM_prototype\schemtic\sch\worklib\kvm_prototype\sch_1\page1_csa.lck NEWFILE10
E:/GitHub/KVM_prototype/schemtic/sch/worklib/kvm_prototype/sch_1/kvm_prototype.xcon FILE11
E:/GitHub/KVM_prototype/schemtic/sch/worklib/kvm_prototype/sch_1/kvm_prototype.dcf FILE12
E:\GitHub\KVM_prototype\schemtic\sch\worklib\kvm_prototype\sch_1\page4.csb FILE13
E:\GitHub\KVM_prototype\schemtic\sch\worklib\kvm_prototype/images/6_0.jpg FILE14
E:\GitHub\KVM_prototype\schemtic\sch\worklib\kvm_prototype\sch_1\page4_csb.lck NEWFILE15
E:\GitHub\KVM_prototype\schemtic\lib\worklib\c\sym_1\symbol.css FILE16
E:\GitHub\KVM_prototype\schemtic\lib\worklib\r\sym_1\symbol.css FILE17
E:\GitHub\KVM_prototype\schemtic\lib\worklib\l\sym_1\symbol.css FILE18
C:\Cadence\SPB_16.6\share\library\standard\gnd_signal\sym_1\symbol.css FILE19
E:\GitHub\KVM_prototype\schemtic\lib\worklib\ncp1529\sym_1\symbol.css FILE20
E:\GitHub\KVM_prototype\schemtic\sch\worklib\kvm_prototype\sch_1\page5.csb FILE21
E:\GitHub\KVM_prototype\schemtic\sch\worklib\kvm_prototype\sch_1\page5_csb.lck NEWFILE22
E:\GitHub\KVM_prototype\schemtic\sch\worklib\kvm_prototype\sch_1\page4_csa.lck NEWFILE23
E:\GitHub\KVM_prototype\schemtic\lib\worklib\crystal\sym_1\symbol.css FILE24
E:\GitHub\KVM_prototype\schemtic\lib\worklib\lb\sym_1\symbol.css FILE25
E:\GitHub\KVM_prototype\schemtic\lib\worklib\adv7612bswz\sym_1\symbol.css FILE26
E:\GitHub\KVM_prototype\schemtic\sch\worklib\kvm_prototype\sch_1\page6.csb FILE27
E:\GitHub\KVM_prototype\schemtic\sch\worklib\kvm_prototype\sch_1\page6_csb.lck NEWFILE28
temp/xxnedtmp48/undo2.log NEWFILE29
E:\GitHub\KVM_prototype\schemtic\lib\worklib\adv7612bswz\sym_2\symbol.css FILE30
E:\GitHub\KVM_prototype\schemtic\sch\worklib\kvm_prototype\sch_1\page7.csb FILE31
E:\GitHub\KVM_prototype\schemtic\sch\worklib\kvm_prototype\sch_1\page7_csb.lck NEWFILE32
E:\GitHub\KVM_prototype\schemtic\sch\worklib\kvm_prototype\sch_1\page6_csa.lck NEWFILE33
E:\GitHub\KVM_prototype\schemtic\lib\worklib\diode\sym_1\symbol.css FILE34
E:\GitHub\KVM_prototype\schemtic\lib\worklib\bss123lt1\sym_1\symbol.css FILE35
E:\GitHub\KVM_prototype\schemtic\lib\worklib\hdmi#2da\sym_1\symbol.css FILE36
E:\GitHub\KVM_prototype\schemtic\lib\worklib\rclamp0524p\sym_1\symbol.css FILE37
E:\GitHub\KVM_prototype\schemtic\sch\worklib\kvm_prototype\sch_1\page21.csb FILE38
E:\GitHub\KVM_prototype\schemtic\sch\worklib\kvm_prototype/images/clipboard_0_1.jpg FILE39
E:\GitHub\KVM_prototype\schemtic\sch\worklib\kvm_prototype\sch_1\page21_csb.lck NEWFILE40
E:\GitHub\KVM_prototype\schemtic\sch\worklib\kvm_prototype\sch_1\page7_csa.lck NEWFILE41
E:\GitHub\KVM_prototype\schemtic\lib\worklib\s25fl128sagmf\sym_1\symbol.css FILE42
E:\GitHub\KVM_prototype\schemtic\lib\worklib\led_s\sym_1\symbol.css FILE43
E:\GitHub\KVM_prototype\schemtic\lib\worklib\resetkey\sym_1\symbol.css FILE44
E:\GitHub\KVM_prototype\schemtic\lib\worklib\xc7s50fgga484\sym_3\symbol.css FILE45
E:\GitHub\KVM_prototype\schemtic\lib\worklib\head2x5\sym_1\symbol.css FILE46
E:\GitHub\KVM_prototype\schemtic\lib\worklib\esd\sym_1\symbol.css FILE47
E:\GitHub\KVM_prototype\schemtic\lib\worklib\xc7s50fgga484\sym_1\symbol.css FILE48
D:/sys_temp/con2D75.tmp FILE49
E:\GitHub\KVM_prototype\schemtic\sch\worklib\kvm_prototype\sch_1\page21_csa.lck NEWFILE50
D:/sys_temp/con9434.tmp FILE51
temp/xxnedtmp48/concept.mkr NEWFILE52
C:/Cadence/SPB_16.6/tools/language/config.dat FILE53
C:/Cadence/SPB_16.6/tools/language/pack_type_rename.dat NEWFILE54
temp/xxnedtmp48/../adv7612bswz.mkr NEWFILE55
temp/xxnedtmp48/../c#20size#20page.mkr NEWFILE56
temp/xxnedtmp48/../c.mkr NEWFILE57
temp/xxnedtmp48/../r.mkr NEWFILE58
temp/xxnedtmp48/../lb.mkr NEWFILE59
temp/xxnedtmp48/../gnd_signal.mkr NEWFILE60
temp/xxnedtmp48/../crystal.mkr NEWFILE61
E:\GitHub\KVM_prototype\schemtic\sch\worklib\kvm_prototype\sch_1\page5.csa FILE62
E:\GitHub\KVM_prototype\schemtic\sch\worklib\kvm_prototype\sch_1\page5.csv FILE63
E:\GitHub\KVM_prototype\schemtic\sch\worklib\kvm_prototype\sch_1\pc.db FILE64
E:/GitHub/KVM_prototype/schemtic/sch/worklib/kvm_prototype/sch_1/kvm_prototype_xcon.lck NEWFILE65
E:/GitHub/KVM_prototype/schemtic/sch/worklib/kvm_prototype/sch_1/kvm_prototype_dcf.lck NEWFILE66
temp/xxnedtmp48/csnetlister.mkr NEWFILE67
D:/sys_temp/con698D.tmp FILE68
E:\GitHub\KVM_prototype\schemtic\sch\worklib\kvm_prototype\sch_1\page5_csa.lck NEWFILE69
D:/sys_temp/conE35F.tmp FILE70
D:/sys_temp/con16FD.tmp FILE71
D:/sys_temp/con1F67.tmp FILE72
E:\GitHub\KVM_prototype\schemtic\sch\worklib\kvm_prototype\sch_1\page6.csa FILE73
E:\GitHub\KVM_prototype\schemtic\sch\worklib\kvm_prototype\sch_1\page6.csv FILE74
D:/sys_temp/con86C2.tmp FILE75
D:/sys_temp/conF7FC.tmp FILE76
D:/sys_temp/conBC54.tmp FILE77
D:/sys_temp/conDACD.tmp FILE78
D:/sys_temp/conF3BB.tmp FILE79
D:/sys_temp/con1188.tmp FILE80
D:/sys_temp/con3445.tmp FILE81
D:/sys_temp/con58E6.tmp FILE82
E:\GitHub\KVM_prototype\schemtic\sch\worklib\kvm_prototype\sch_1\page23.csb FILE83
E:\GitHub\KVM_prototype\schemtic\sch\worklib\kvm_prototype\sch_1\page23_csb.lck NEWFILE84
E:\GitHub\KVM_prototype\schemtic\lib\worklib\xc7s50fgga484\sym_5\symbol.css FILE85
E:\GitHub\KVM_prototype\schemtic\sch\worklib\kvm_prototype\sch_1\page22.csb FILE86
E:\GitHub\KVM_prototype\schemtic\sch\worklib\kvm_prototype\sch_1\page22_csb.lck NEWFILE87
E:\GitHub\KVM_prototype\schemtic\sch\worklib\kvm_prototype\sch_1\page23_csa.lck NEWFILE88
E:\GitHub\KVM_prototype\schemtic\lib\worklib\xc7s50fgga484\sym_4\symbol.css FILE89
temp/xxnedtmp48/../xc7s50fgga484.mkr NEWFILE90
E:\GitHub\KVM_prototype\schemtic\sch\worklib\kvm_prototype\sch_1\page22.csa FILE91
E:\GitHub\KVM_prototype\schemtic\sch\worklib\kvm_prototype\sch_1\page22.csv FILE92
E:\GitHub\KVM_prototype\schemtic\sch\worklib\kvm_prototype\sch_1\page22_csa.lck NEWFILE93
E:\GitHub\KVM_prototype\schemtic\sch\worklib\kvm_prototype\sch_1\page24.csb FILE94
E:\GitHub\KVM_prototype\schemtic\sch\worklib\kvm_prototype\sch_1\page24_csb.lck NEWFILE95
E:\GitHub\KVM_prototype\schemtic\lib\worklib\xc7s50fgga484\sym_6\symbol.css FILE96
E:\GitHub\KVM_prototype\schemtic\sch\worklib\kvm_prototype\sch_1\page24_csa.lck NEWFILE97
D:/sys_temp/con6536.tmp FILE98
E:\GitHub\KVM_prototype\schemtic\sch\worklib\kvm_prototype\sch_1\page25.csb FILE99
E:\GitHub\KVM_prototype\schemtic\sch\worklib\kvm_prototype\sch_1\page25_csb.lck NEWFILE100
E:\GitHub\KVM_prototype\schemtic\lib\worklib\xc7s50fgga484\sym_7\symbol.css FILE101
D:/sys_temp/con4DF0.tmp FILE102
E:\GitHub\KVM_prototype\schemtic\sch\worklib\kvm_prototype\sch_1\page25.csa FILE103
E:\GitHub\KVM_prototype\schemtic\sch\worklib\kvm_prototype\sch_1\page25.csv FILE104
E:\GitHub\KVM_prototype\schemtic\sch\worklib\kvm_prototype\sch_1\page25_csa.lck NEWFILE105
E:\GitHub\KVM_prototype\schemtic\sch\worklib\kvm_prototype\sch_1\page8.csb FILE106
E:\GitHub\KVM_prototype\schemtic\sch\worklib\kvm_prototype/images/7.jpg FILE107
E:\GitHub\KVM_prototype\schemtic\sch\worklib\kvm_prototype/images/8.jpg FILE108
E:\GitHub\KVM_prototype\schemtic\sch\worklib\kvm_prototype\sch_1\page8_csb.lck NEWFILE109
E:\GitHub\KVM_prototype\schemtic\lib\worklib\osc#2d12mhz\sym_1\symbol.css FILE110
E:\GitHub\KVM_prototype\schemtic\lib\worklib\adv7511kstz\sym_1\symbol.css FILE111
E:\GitHub\KVM_prototype\schemtic\sch\worklib\kvm_prototype\sch_1\page9.csb FILE112
E:\GitHub\KVM_prototype\schemtic\sch\worklib\kvm_prototype\sch_1\page9_csb.lck NEWFILE113
E:\GitHub\KVM_prototype\schemtic\sch\worklib\kvm_prototype\sch_1\page8_csa.lck NEWFILE114
E:\GitHub\KVM_prototype\schemtic\lib\worklib\pesd0402#2d140\sym_1\symbol.css FILE115
E:\GitHub\KVM_prototype\schemtic\sch\worklib\kvm_prototype\sch_1\page9_csa.lck NEWFILE116
E:\GitHub\KVM_prototype\schemtic\sch\worklib\kvm_prototype\sch_1\page11.csb FILE117
E:\GitHub\KVM_prototype\schemtic\sch\worklib\kvm_prototype/images/9.jpg FILE118
E:\GitHub\KVM_prototype\schemtic\sch\worklib\kvm_prototype/images/10.jpg FILE119
E:\GitHub\KVM_prototype\schemtic\sch\worklib\kvm_prototype\sch_1\page11_csb.lck NEWFILE120
E:\GitHub\KVM_prototype\schemtic\lib\worklib\88e1111\sym_2\symbol.css FILE121
E:\GitHub\KVM_prototype\schemtic\lib\worklib\88e1111\sym_1\symbol.css FILE122
E:\GitHub\KVM_prototype\schemtic\sch\worklib\kvm_prototype\sch_1\page10.csb FILE123
E:\GitHub\KVM_prototype\schemtic\sch\worklib\kvm_prototype\sch_1\page10_csb.lck NEWFILE124
E:\GitHub\KVM_prototype\schemtic\sch\worklib\kvm_prototype\sch_1\page11_csa.lck NEWFILE125
E:\GitHub\KVM_prototype\schemtic\lib\worklib\ao3400\sym_1\symbol.css FILE126
E:\GitHub\KVM_prototype\schemtic\sch\worklib\kvm_prototype\sch_1\page10_csa.lck NEWFILE127
E:\GitHub\KVM_prototype\schemtic\sch\worklib\kvm_prototype\sch_1\page14.csb FILE128
E:\GitHub\KVM_prototype\schemtic\sch\worklib\kvm_prototype/images/12.jpg FILE129
E:\GitHub\KVM_prototype\schemtic\sch\worklib\kvm_prototype/images/13.jpg FILE130
E:\GitHub\KVM_prototype\schemtic\sch\worklib\kvm_prototype/images/11.jpg FILE131
E:\GitHub\KVM_prototype\schemtic\sch\worklib\kvm_prototype\sch_1\page14_csb.lck NEWFILE132
E:\GitHub\KVM_prototype\schemtic\lib\worklib\head1x2_s\sym_1\symbol.css FILE133
E:\GitHub\KVM_prototype\schemtic\lib\worklib\eeprom#2d512k\sym_1\symbol.css FILE134
E:\GitHub\KVM_prototype\schemtic\lib\worklib\sram\sym_1\symbol.css FILE135
E:\GitHub\KVM_prototype\schemtic\lib\worklib\cy7c67300\sym_2\symbol.css FILE136
E:\GitHub\KVM_prototype\schemtic\lib\worklib\cy7c67300\sym_1\symbol.css FILE137
E:\GitHub\KVM_prototype\schemtic\sch\worklib\kvm_prototype\sch_1\page15.csb FILE138
E:\GitHub\KVM_prototype\schemtic\sch\worklib\kvm_prototype/images/clipboard_0.jpg FILE139
E:\GitHub\KVM_prototype\schemtic\sch\worklib\kvm_prototype/images/14.jpg FILE140
E:\GitHub\KVM_prototype\schemtic\sch\worklib\kvm_prototype\sch_1\page15_csb.lck NEWFILE141
E:\GitHub\KVM_prototype\schemtic\sch\worklib\kvm_prototype\sch_1\page14_csa.lck NEWFILE142
E:\GitHub\KVM_prototype\schemtic\lib\worklib\usb_a_x2\sym_1\symbol.css FILE143
E:\GitHub\KVM_prototype\schemtic\lib\worklib\tpd4s012\sym_1\symbol.css FILE144
E:\GitHub\KVM_prototype\schemtic\lib\worklib\cp\sym_1\symbol.css FILE145
E:\GitHub\KVM_prototype\schemtic\lib\worklib\head1x3_s\sym_1\symbol.css FILE146
E:\GitHub\KVM_prototype\schemtic\sch\worklib\kvm_prototype\sch_1\page16.csb FILE147
E:\GitHub\KVM_prototype\schemtic\sch\worklib\kvm_prototype\sch_1\page16_csb.lck NEWFILE148
E:\GitHub\KVM_prototype\schemtic\sch\worklib\kvm_prototype\sch_1\page15_csa.lck NEWFILE149
E:\GitHub\KVM_prototype\schemtic\sch\worklib\kvm_prototype\sch_1\page16_csa.lck NEWFILE150
E:\GitHub\KVM_prototype\schemtic\sch\worklib\kvm_prototype\sch_1\page13.csb FILE151
E:\GitHub\KVM_prototype\schemtic\sch\worklib\kvm_prototype\sch_1\page13_csb.lck NEWFILE152
E:\GitHub\KVM_prototype\schemtic\lib\worklib\sfp_cage\sym_1\symbol.css FILE153
E:\GitHub\KVM_prototype\schemtic\lib\worklib\sfp_conn\sym_1\symbol.css FILE154
E:\GitHub\KVM_prototype\schemtic\sch\worklib\kvm_prototype\sch_1\page12.csb FILE155
E:\GitHub\KVM_prototype\schemtic\sch\worklib\kvm_prototype\sch_1\page12_csb.lck NEWFILE156
E:\GitHub\KVM_prototype\schemtic\sch\worklib\kvm_prototype\sch_1\page13_csa.lck NEWFILE157
E:\GitHub\KVM_prototype\schemtic\sch\worklib\kvm_prototype\sch_1\page12_csa.lck NEWFILE158
D:/sys_temp/con3C45.tmp FILE159
E:\GitHub\KVM_prototype\schemtic\sch\worklib\kvm_prototype\sch_1\page26.csb FILE160
E:\GitHub\KVM_prototype\schemtic\sch\worklib\kvm_prototype\sch_1\page26_csb.lck NEWFILE161
E:\GitHub\KVM_prototype\schemtic\lib\worklib\xc7s50fgga484\sym_8\symbol.css FILE162
E:\GitHub\KVM_prototype\schemtic\lib\worklib\xc7s50fgga484\sym_2\symbol.css FILE163
E:\GitHub\KVM_prototype\schemtic\sch\worklib\kvm_prototype\sch_1\page26_csa.lck NEWFILE164
temp/xxnedtmp48/../s25fl128sagmf.mkr NEWFILE165
temp/xxnedtmp48/../led_s.mkr NEWFILE166
temp/xxnedtmp48/../resetkey.mkr NEWFILE167
temp/xxnedtmp48/../head2x5.mkr NEWFILE168
temp/xxnedtmp48/../esd.mkr NEWFILE169
E:\GitHub\KVM_prototype\schemtic\sch\worklib\kvm_prototype\sch_1\page21.csa FILE170
E:\GitHub\KVM_prototype\schemtic\sch\worklib\kvm_prototype\sch_1\page21.csv FILE171
D:/sys_temp/tmpFEBA.tmp FILE172
