temp/xxnedtmp43/event.log NEWFILE1
temp/xxnedtmp43/text.log NEWFILE2
temp/xxnedtmp43/environ.log NEWFILE3
C:\Cadence\SPB_16.6\share\cdssetup/concept/concepthdl.scr FILE4
E:\GitHub\KVM_prototype\schemtic\sch\cds.lib FILE5
E:\GitHub\KVM_prototype\schemtic\sch\worklib\kvm_prototype\sch_1\page1.csb FILE6
E:\GitHub\KVM_prototype\schemtic\sch\worklib\kvm_prototype\sch_1\page1_csb.lck NEWFILE7
temp/xxnedtmp43/undo1.log NEWFILE8
C:\Cadence\SPB_16.6\share\library\standard\c#20size#20page\sym_1\symbol.css FILE9
E:\GitHub\KVM_prototype\schemtic\sch\worklib\kvm_prototype\sch_1\page1_csa.lck NEWFILE10
E:/GitHub/KVM_prototype/schemtic/sch/worklib/kvm_prototype/sch_1/kvm_prototype.xcon FILE11
E:/GitHub/KVM_prototype/schemtic/sch/worklib/kvm_prototype/sch_1/kvm_prototype.dcf FILE12
E:\GitHub\KVM_prototype\schemtic\sch\worklib\kvm_prototype\sch_1\page22.csb FILE13
E:\GitHub\KVM_prototype\schemtic\sch\worklib\kvm_prototype\sch_1\page22_csb.lck NEWFILE14
E:\GitHub\KVM_prototype\schemtic\sch\worklib\kvm_prototype\sch_1\page20.csb FILE15
E:\GitHub\KVM_prototype\schemtic\sch\worklib\kvm_prototype\sch_1\page20_csb.lck NEWFILE16
E:\GitHub\KVM_prototype\schemtic\sch\worklib\kvm_prototype\sch_1\page22_csa.lck NEWFILE17
E:\GitHub\KVM_prototype\schemtic\sch\worklib\kvm_prototype\sch_1\page21.csb FILE18
E:\GitHub\KVM_prototype\schemtic\sch\worklib\kvm_prototype/images/clipboard_0_1.jpg FILE19
E:\GitHub\KVM_prototype\schemtic\sch\worklib\kvm_prototype\sch_1\page21_csb.lck NEWFILE20
E:\GitHub\KVM_prototype\schemtic\sch\worklib\kvm_prototype\sch_1\page20_csa.lck NEWFILE21
C:\Cadence\SPB_16.6\share\library\standard\gnd_signal\sym_1\symbol.css FILE22
E:\GitHub\KVM_prototype\schemtic\lib\worklib\r\sym_1\symbol.css FILE23
E:\GitHub\KVM_prototype\schemtic\lib\worklib\c\sym_1\symbol.css FILE24
E:\GitHub\KVM_prototype\schemtic\lib\worklib\s25fl128sagmf\sym_1\symbol.css FILE25
E:\GitHub\KVM_prototype\schemtic\lib\worklib\led_s\sym_1\symbol.css FILE26
E:\GitHub\KVM_prototype\schemtic\lib\worklib\resetkey\sym_1\symbol.css FILE27
E:\GitHub\KVM_prototype\schemtic\lib\worklib\xc7s50fgga484\sym_3\symbol.css FILE28
E:\GitHub\KVM_prototype\schemtic\lib\worklib\head2x5\sym_1\symbol.css FILE29
E:\GitHub\KVM_prototype\schemtic\lib\worklib\esd\sym_1\symbol.css FILE30
E:\GitHub\KVM_prototype\schemtic\lib\worklib\xc7s50fgga484\sym_1\symbol.css FILE31
E:\GitHub\KVM_prototype\schemtic\sch\worklib\kvm_prototype\sch_1\page21_csa.lck NEWFILE32
E:\GitHub\KVM_prototype\schemtic\sch\worklib\kvm_prototype\sch_1\page19.csb FILE33
E:\GitHub\KVM_prototype\schemtic\sch\worklib\kvm_prototype\sch_1\page19_csb.lck NEWFILE34
E:\GitHub\KVM_prototype\schemtic\lib\worklib\cp\sym_1\symbol.css FILE35
E:\GitHub\KVM_prototype\schemtic\lib\worklib\lb\sym_1\symbol.css FILE36
E:\GitHub\KVM_prototype\schemtic\lib\worklib\xc7s50fgga484\sym_9\symbol.css FILE37
E:\GitHub\KVM_prototype\schemtic\lib\worklib\xc7s50fgga484\sym_10\symbol.css FILE38
E:\GitHub\KVM_prototype\schemtic\lib\worklib\xc7s50fgga484\sym_11\symbol.css FILE39
E:\GitHub\KVM_prototype\schemtic\sch\worklib\kvm_prototype\sch_1\page18.csb FILE40
E:\GitHub\KVM_prototype\schemtic\sch\worklib\kvm_prototype/images/clipboard_1.jpg FILE41
E:\GitHub\KVM_prototype\schemtic\sch\worklib\kvm_prototype/images/clipboard_0_0.jpg FILE42
E:\GitHub\KVM_prototype\schemtic\sch\worklib\kvm_prototype/images/clipboard_0_2.jpg FILE43
E:\GitHub\KVM_prototype\schemtic\sch\worklib\kvm_prototype\sch_1\page18_csb.lck FILE44
E:\GitHub\KVM_prototype\schemtic\sch\worklib\kvm_prototype\sch_1\page19_csa.lck NEWFILE45
temp/xxnedtmp43/concept.mkr NEWFILE46
C:/Cadence/SPB_16.6/tools/language/pack_type_rename.dat NEWFILE47
temp/xxnedtmp43/../c#20size#20page.mkr NEWFILE48
E:\GitHub\KVM_prototype\schemtic\sch\worklib\kvm_prototype\sch_1\page18.csa FILE49
E:\GitHub\KVM_prototype\schemtic\sch\worklib\kvm_prototype\sch_1\page18.csv FILE50
E:/GitHub/KVM_prototype/schemtic/sch/worklib/kvm_prototype/sch_1/kvm_prototype_xcon.lck NEWFILE51
E:/GitHub/KVM_prototype/schemtic/sch/worklib/kvm_prototype/sch_1/kvm_prototype_dcf.lck NEWFILE52
temp/xxnedtmp43/csnetlister.mkr NEWFILE53
E:\GitHub\KVM_prototype\schemtic\sch\worklib\kvm_prototype\sch_1\page2.csb FILE54
E:\GitHub\KVM_prototype\schemtic\sch\worklib\kvm_prototype\sch_1\page2_csb.lck NEWFILE55
E:\GitHub\KVM_prototype\schemtic\sch\worklib\kvm_prototype\sch_1\page18_csa.lck NEWFILE56
E:\GitHub\KVM_prototype\schemtic\sch\worklib\kvm_prototype\sch_1\page3.csb FILE57
E:\GitHub\KVM_prototype\schemtic\sch\worklib\kvm_prototype/images/4.jpg FILE58
E:\GitHub\KVM_prototype\schemtic\sch\worklib\kvm_prototype/images/1.jpg FILE59
E:\GitHub\KVM_prototype\schemtic\sch\worklib\kvm_prototype/images/2.jpg FILE60
E:\GitHub\KVM_prototype\schemtic\sch\worklib\kvm_prototype/images/3.jpg FILE61
E:\GitHub\KVM_prototype\schemtic\sch\worklib\kvm_prototype/images/5.jpg FILE62
E:\GitHub\KVM_prototype\schemtic\sch\worklib\kvm_prototype\sch_1\page3_csb.lck NEWFILE63
E:\GitHub\KVM_prototype\schemtic\sch\worklib\kvm_prototype\sch_1\page2_csa.lck NEWFILE64
E:\GitHub\KVM_prototype\schemtic\lib\worklib\adp5053\sym_1\symbol.css FILE65
E:\GitHub\KVM_prototype\schemtic\lib\worklib\l\sym_1\symbol.css FILE66
E:\GitHub\KVM_prototype\schemtic\lib\worklib\fds9926a\sym_2\symbol.css FILE67
E:\GitHub\KVM_prototype\schemtic\lib\worklib\fds9926a\sym_1\symbol.css FILE68
C:\Cadence\SPB_16.6\share\library\standard\inport\sym_1\symbol.css FILE69
C:\Cadence\SPB_16.6\share\library\standard\outport\sym_1\symbol.css FILE70
E:\GitHub\KVM_prototype\schemtic\lib\worklib\npn\sym_1\symbol.css FILE71
E:\GitHub\KVM_prototype\schemtic\sch\worklib\kvm_prototype\sch_1\page4.csb FILE72
E:\GitHub\KVM_prototype\schemtic\sch\worklib\kvm_prototype/images/6_0.jpg FILE73
E:\GitHub\KVM_prototype\schemtic\sch\worklib\kvm_prototype\sch_1\page4_csb.lck NEWFILE74
E:\GitHub\KVM_prototype\schemtic\sch\worklib\kvm_prototype\sch_1\page3_csa.lck NEWFILE75
E:\GitHub\KVM_prototype\schemtic\lib\worklib\ncp1529\sym_1\symbol.css FILE76
E:\GitHub\KVM_prototype\schemtic\sch\worklib\kvm_prototype\sch_1\page5.csb FILE77
E:\GitHub\KVM_prototype\schemtic\sch\worklib\kvm_prototype\sch_1\page5_csb.lck NEWFILE78
E:\GitHub\KVM_prototype\schemtic\sch\worklib\kvm_prototype\sch_1\page4_csa.lck NEWFILE79
E:\GitHub\KVM_prototype\schemtic\lib\worklib\crystal\sym_1\symbol.css FILE80
E:\GitHub\KVM_prototype\schemtic\lib\worklib\adv7612bswz\sym_1\symbol.css FILE81
E:\GitHub\KVM_prototype\schemtic\sch\worklib\kvm_prototype\sch_1\page11.csb FILE82
E:\GitHub\KVM_prototype\schemtic\sch\worklib\kvm_prototype/images/10.jpg FILE83
E:\GitHub\KVM_prototype\schemtic\sch\worklib\kvm_prototype/images/9.jpg FILE84
E:\GitHub\KVM_prototype\schemtic\sch\worklib\kvm_prototype\sch_1\page11_csb.lck NEWFILE85
E:\GitHub\KVM_prototype\schemtic\sch\worklib\kvm_prototype\sch_1\page5_csa.lck NEWFILE86
E:\GitHub\KVM_prototype\schemtic\lib\worklib\88e1111\sym_2\symbol.css FILE87
E:\GitHub\KVM_prototype\schemtic\lib\worklib\88e1111\sym_1\symbol.css FILE88
E:\GitHub\KVM_prototype\schemtic\sch\worklib\kvm_prototype\sch_1\page11_csa.lck NEWFILE89
E:\GitHub\KVM_prototype\schemtic\lib\worklib\xc7s50fgga484\sym_4\symbol.css FILE90
temp/xxnedtmp43/../xc7s50fgga484.mkr NEWFILE91
E:\GitHub\KVM_prototype\schemtic\sch\worklib\kvm_prototype\sch_1\page22.csa FILE92
E:\GitHub\KVM_prototype\schemtic\sch\worklib\kvm_prototype\sch_1\page22.csv FILE93
E:\GitHub\KVM_prototype\schemtic\sch\worklib\kvm_prototype\sch_1\pc.db FILE94
E:\GitHub\KVM_prototype\schemtic\sch\worklib\kvm_prototype\sch_1\page23.csb NEWFILE95
E:\GitHub\KVM_prototype\schemtic\sch\worklib\kvm_prototype\sch_1\page23.csa NEWFILE96
E:\GitHub\KVM_prototype\schemtic\sch\worklib\kvm_prototype\sch_1\page23.csv NEWFILE97
E:\GitHub\KVM_prototype\schemtic\sch\worklib\kvm_prototype\sch_1\page23_csb.lck NEWFILE98
E:\GitHub\KVM_prototype\schemtic\sch\worklib\kvm_prototype\sch_1\page23_csa.lck NEWFILE99
D:/sys_temp/tmp256C.tmp FILE100
