	(Comment
		(Time 01/13/18,21:28:35)
		(User Administrator)
		(MsgId ECO_081)
		(Text "Symbol sym_1 added to cell")
		(Param1 "sym_1")
	)
	(Comment
		(Time 01/13/18,21:29:17)
		(User Administrator)
		(MsgId ECO_021)
		(Text "Package PESD0402-140 added to cell")
		(Param1 "PESD0402-140")
	)
	(Comment
		(Time 01/13/18,21:29:27)
		(User Administrator)
		(MsgId ECO_082)
		(Text "Symbol sym_1 deleted from cell")
		(Param1 "sym_1")
	)
	(Comment
		(Time 01/13/18,21:33:03)
		(User Administrator)
		(MsgId ECO_081)
		(Text "Symbol sym_1 added to cell")
		(Param1 "sym_1")
	)
	(Comment
		(Time 05/07/18,13:19:55)
		(User cdj)
		(MsgId ECO_151)
		(Text "Verilog wrapper vlog_model added to cell")
		(Param1 "vlog_model")
	)
	(Comment
		(Time 05/16/18,16:08:04)
		(User cpp8013)
		(MsgId ECO_211)
		(Text "PTF file part.ptf added")
		(Param1 "part.ptf")
	)
