temp/xxnedtmp46/event.log NEWFILE1
temp/xxnedtmp46/text.log NEWFILE2
temp/xxnedtmp46/environ.log NEWFILE3
C:\Cadence\SPB_16.6\share\cdssetup/concept/concepthdl.scr FILE4
D:\GitHub\KVM\KVM_prototype\schemtic\sch\cds.lib FILE5
D:\GitHub\KVM\KVM_prototype\schemtic\sch\worklib\kvm_prototype\sch_1\page1.csb FILE6
D:\GitHub\KVM\KVM_prototype\schemtic\sch\worklib\kvm_prototype\sch_1\page1_csb.lck NEWFILE7
temp/xxnedtmp46/undo1.log NEWFILE8
C:\Cadence\SPB_16.6\share\library\standard\c#20size#20page\sym_1\symbol.css FILE9
D:\GitHub\KVM\KVM_prototype\schemtic\sch\worklib\kvm_prototype\sch_1\page1_csa.lck NEWFILE10
D:/GitHub/KVM/KVM_prototype/schemtic/sch/worklib/kvm_prototype/sch_1/kvm_prototype.xcon FILE11
D:/GitHub/KVM/KVM_prototype/schemtic/sch/worklib/kvm_prototype/sch_1/kvm_prototype.dcf FILE12
D:\GitHub\KVM\KVM_prototype\schemtic\sch\worklib\kvm_prototype\sch_1\page26.csb FILE13
D:\GitHub\KVM\KVM_prototype\schemtic\sch\worklib\kvm_prototype\sch_1\page26_csb.lck NEWFILE14
D:\GitHub\KVM\KVM_prototype\schemtic\lib\worklib\xc7s50fgga484\sym_8\symbol.css FILE15
D:\GitHub\KVM\KVM_prototype\schemtic\lib\worklib\xc7s50fgga484\sym_2\symbol.css FILE16
D:\GitHub\KVM\KVM_prototype\schemtic\sch\worklib\kvm_prototype\sch_1\page24.csb FILE17
D:\GitHub\KVM\KVM_prototype\schemtic\sch\worklib\kvm_prototype\sch_1\page24_csb.lck NEWFILE18
D:\GitHub\KVM\KVM_prototype\schemtic\sch\worklib\kvm_prototype\sch_1\page26_csa.lck NEWFILE19
D:\GitHub\KVM\KVM_prototype\schemtic\lib\worklib\xc7s50fgga484\sym_6\symbol.css FILE20
C:/Users/cpp8013/AppData/Local/Temp/con1D23.tmp FILE21
C:/Users/cpp8013/AppData/Local/Temp/con2A1F.tmp FILE22
C:/Users/cpp8013/AppData/Local/Temp/con36EC.tmp FILE23
C:/Users/cpp8013/AppData/Local/Temp/con3EAA.tmp FILE24
C:/Users/cpp8013/AppData/Local/Temp/con49E2.tmp FILE25
C:/Users/cpp8013/AppData/Local/Temp/con51FE.tmp FILE26
C:/Users/cpp8013/AppData/Local/Temp/con5B90.tmp FILE27
C:/Users/cpp8013/AppData/Local/Temp/con658F.tmp FILE28
C:/Users/cpp8013/AppData/Local/Temp/con6F41.tmp FILE29
C:/Users/cpp8013/AppData/Local/Temp/con77AA.tmp FILE30
C:/Users/cpp8013/AppData/Local/Temp/con83AD.tmp FILE31
C:/Users/cpp8013/AppData/Local/Temp/con8EA6.tmp FILE32
temp/xxnedtmp46/concept.mkr NEWFILE33
C:/Cadence/SPB_16.6/tools/language/pack_type_rename.dat NEWFILE34
temp/xxnedtmp46/../xc7s50fgga484.mkr NEWFILE35
temp/xxnedtmp46/../c#20size#20page.mkr NEWFILE36
D:\GitHub\KVM\KVM_prototype\schemtic\sch\worklib\kvm_prototype\sch_1\page24.csa FILE37
D:\GitHub\KVM\KVM_prototype\schemtic\sch\worklib\kvm_prototype\sch_1\page24.csv FILE38
D:/GitHub/KVM/KVM_prototype/schemtic/sch/worklib/kvm_prototype/sch_1/kvm_prototype_xcon.lck NEWFILE39
D:/GitHub/KVM/KVM_prototype/schemtic/sch/worklib/kvm_prototype/sch_1/kvm_prototype_dcf.lck NEWFILE40
temp/xxnedtmp46/csnetlister.mkr NEWFILE41
D:\GitHub\KVM\KVM_prototype\schemtic\sch\worklib\kvm_prototype\sch_1\page21.csb FILE42
D:\GitHub\KVM\KVM_prototype\schemtic\sch\worklib\kvm_prototype/images/clipboard_0_1.jpg FILE43
D:\GitHub\KVM\KVM_prototype\schemtic\sch\worklib\kvm_prototype\sch_1\page21_csb.lck NEWFILE44
D:\GitHub\KVM\KVM_prototype\schemtic\sch\worklib\kvm_prototype\sch_1\page24_csa.lck NEWFILE45
C:\Cadence\SPB_16.6\share\library\standard\gnd_signal\sym_1\symbol.css FILE46
D:\GitHub\KVM\KVM_prototype\schemtic\lib\worklib\r\sym_1\symbol.css FILE47
D:\GitHub\KVM\KVM_prototype\schemtic\lib\worklib\c\sym_1\symbol.css FILE48
D:\GitHub\KVM\KVM_prototype\schemtic\lib\worklib\s25fl128sagmf\sym_1\symbol.css FILE49
D:\GitHub\KVM\KVM_prototype\schemtic\lib\worklib\led_s\sym_1\symbol.css FILE50
D:\GitHub\KVM\KVM_prototype\schemtic\lib\worklib\resetkey\sym_1\symbol.css FILE51
D:\GitHub\KVM\KVM_prototype\schemtic\lib\worklib\xc7s50fgga484\sym_3\symbol.css FILE52
D:\GitHub\KVM\KVM_prototype\schemtic\lib\worklib\head2x5\sym_1\symbol.css FILE53
D:\GitHub\KVM\KVM_prototype\schemtic\lib\worklib\esd\sym_1\symbol.css FILE54
D:\GitHub\KVM\KVM_prototype\schemtic\lib\worklib\xc7s50fgga484\sym_1\symbol.css FILE55
D:\GitHub\KVM\KVM_prototype\schemtic\sch\worklib\kvm_prototype\sch_1\page20.csb FILE56
D:\GitHub\KVM\KVM_prototype\schemtic\sch\worklib\kvm_prototype\sch_1\page20_csb.lck NEWFILE57
D:\GitHub\KVM\KVM_prototype\schemtic\sch\worklib\kvm_prototype\sch_1\page21_csa.lck NEWFILE58
D:\GitHub\KVM\KVM_prototype\schemtic\lib\worklib\osc#2d4\sym_1\symbol.css FILE59
D:\GitHub\KVM\KVM_prototype\schemtic\sch\worklib\kvm_prototype\sch_1\page19.csb FILE60
D:\GitHub\KVM\KVM_prototype\schemtic\sch\worklib\kvm_prototype\sch_1\page19_csb.lck NEWFILE61
D:\GitHub\KVM\KVM_prototype\schemtic\sch\worklib\kvm_prototype\sch_1\page20_csa.lck NEWFILE62
D:\GitHub\KVM\KVM_prototype\schemtic\lib\worklib\lb\sym_1\symbol.css FILE63
D:\GitHub\KVM\KVM_prototype\schemtic\lib\worklib\cp\sym_1\symbol.css FILE64
D:\GitHub\KVM\KVM_prototype\schemtic\lib\worklib\xc7s50fgga484\sym_9\symbol.css FILE65
D:\GitHub\KVM\KVM_prototype\schemtic\lib\worklib\xc7s50fgga484\sym_10\symbol.css FILE66
D:\GitHub\KVM\KVM_prototype\schemtic\lib\worklib\xc7s50fgga484\sym_11\symbol.css FILE67
D:\GitHub\KVM\KVM_prototype\schemtic\sch\worklib\kvm_prototype\sch_1\page18.csb FILE68
D:\GitHub\KVM\KVM_prototype\schemtic\sch\worklib\kvm_prototype/images/clipboard_1.jpg FILE69
D:\GitHub\KVM\KVM_prototype\schemtic\sch\worklib\kvm_prototype/images/clipboard_0_0.jpg FILE70
D:\GitHub\KVM\KVM_prototype\schemtic\sch\worklib\kvm_prototype/images/clipboard_0_2.jpg FILE71
D:\GitHub\KVM\KVM_prototype\schemtic\sch\worklib\kvm_prototype\sch_1\page18_csb.lck NEWFILE72
D:\GitHub\KVM\KVM_prototype\schemtic\sch\worklib\kvm_prototype\sch_1\page19_csa.lck NEWFILE73
D:\GitHub\KVM\KVM_prototype\schemtic\sch\worklib\kvm_prototype\sch_1\page18_csa.lck NEWFILE74
D:\GitHub\KVM\KVM_prototype\schemtic\sch\worklib\kvm_prototype\sch_1\page17.csb FILE75
D:\GitHub\KVM\KVM_prototype\schemtic\sch\worklib\kvm_prototype\sch_1\page17_csb.lck NEWFILE76
D:\GitHub\KVM\KVM_prototype\schemtic\lib\worklib\mt41k512m16ha#2d125\sym_2\symbol.css FILE77
D:\GitHub\KVM\KVM_prototype\schemtic\lib\worklib\mt41k512m16ha#2d125\sym_1\symbol.css FILE78
C:/Cadence/SPB_16.6/tools/language/config.dat FILE79
temp/xxnedtmp46/../mt41k512m16ha#2d125.mkr NEWFILE80
temp/xxnedtmp46/../c.mkr NEWFILE81
temp/xxnedtmp46/../lb.mkr NEWFILE82
temp/xxnedtmp46/../gnd_signal.mkr NEWFILE83
temp/xxnedtmp46/../r.mkr NEWFILE84
D:\GitHub\KVM\KVM_prototype\schemtic\sch\worklib\kvm_prototype\sch_1\page17.csa FILE85
D:\GitHub\KVM\KVM_prototype\schemtic\sch\worklib\kvm_prototype\sch_1\page17.csv FILE86
D:\GitHub\KVM\KVM_prototype\schemtic\sch\worklib\kvm_prototype\sch_1\page25.csb FILE87
D:\GitHub\KVM\KVM_prototype\schemtic\sch\worklib\kvm_prototype\sch_1\page25_csb.lck NEWFILE88
D:\GitHub\KVM\KVM_prototype\schemtic\sch\worklib\kvm_prototype\sch_1\page17_csa.lck NEWFILE89
D:\GitHub\KVM\KVM_prototype\schemtic\lib\worklib\xc7s50fgga484\sym_7\symbol.css FILE90
D:\GitHub\KVM\KVM_prototype\schemtic\sch\worklib\kvm_prototype\sch_1\page25_csa.lck NEWFILE91
C:/Users/cpp8013/AppData/Local/Temp/con6F93.tmp FILE92
C:/Users/cpp8013/AppData/Local/Temp/con79FF.tmp FILE93
C:/Users/cpp8013/AppData/Local/Temp/con848B.tmp FILE94
C:/Users/cpp8013/AppData/Local/Temp/con908D.tmp FILE95
C:/Users/cpp8013/AppData/Local/Temp/con99B2.tmp FILE96
C:/Users/cpp8013/AppData/Local/Temp/conA8B1.tmp FILE97
C:/Users/cpp8013/AppData/Local/Temp/conB30E.tmp FILE98
C:/Users/cpp8013/AppData/Local/Temp/conC2A9.tmp FILE99
C:/Users/cpp8013/AppData/Local/Temp/conCA19.tmp FILE100
C:/Users/cpp8013/AppData/Local/Temp/conD5BE.tmp FILE101
C:/Users/cpp8013/AppData/Local/Temp/conDCFF.tmp FILE102
C:/Users/cpp8013/AppData/Local/Temp/conE421.tmp FILE103
C:/Users/cpp8013/AppData/Local/Temp/conEE7E.tmp FILE104
C:/Users/cpp8013/AppData/Local/Temp/conF85E.tmp FILE105
C:/Users/cpp8013/AppData/Local/Temp/con23F.tmp FILE106
D:\GitHub\KVM\KVM_prototype\schemtic\sch\worklib\kvm_prototype\sch_1\page22.csb FILE107
D:\GitHub\KVM\KVM_prototype\schemtic\sch\worklib\kvm_prototype\sch_1\page22_csb.lck NEWFILE108
temp/xxnedtmp46/undo2.log NEWFILE109
D:\GitHub\KVM\KVM_prototype\schemtic\lib\worklib\xc7s50fgga484\sym_4\symbol.css FILE110
D:\GitHub\KVM\KVM_prototype\schemtic\sch\worklib\kvm_prototype\sch_1\page22_csa.lck NEWFILE111
C:/Users/cpp8013/AppData/Local/Temp/con41BF.tmp FILE112
D:\GitHub\KVM\KVM_prototype\schemtic\sch\worklib\kvm_prototype\sch_1\pc.db FILE113
D:\GitHub\KVM\KVM_prototype\schemtic\sch\worklib\kvm_prototype\sch_1\page23.csb FILE114
D:\GitHub\KVM\KVM_prototype\schemtic\sch\worklib\kvm_prototype\sch_1\page23_csb.lck NEWFILE115
D:\GitHub\KVM\KVM_prototype\schemtic\lib\worklib\xc7s50fgga484\sym_5\symbol.css FILE116
D:\GitHub\KVM\KVM_prototype\schemtic\sch\worklib\kvm_prototype\sch_1\page23_csa.lck NEWFILE117
C:/Users/cpp8013/AppData/Local/Temp/con27DD.tmp FILE118
C:/Users/cpp8013/AppData/Local/Temp/con4166.tmp FILE119
C:/Users/cpp8013/AppData/Local/Temp/con4C40.tmp FILE120
C:/Users/cpp8013/AppData/Local/Temp/conDC31.tmp FILE121
C:/Users/cpp8013/AppData/Local/Temp/conF3C7.tmp FILE122
C:/Users/cpp8013/AppData/Local/Temp/conFCBD.tmp FILE123
C:/Users/cpp8013/AppData/Local/Temp/con362.tmp FILE124
C:/Users/cpp8013/AppData/Local/Temp/conB50.tmp FILE125
C:/Users/cpp8013/AppData/Local/Temp/con13B9.tmp FILE126
C:/Users/cpp8013/AppData/Local/Temp/con7F97.tmp FILE127
C:/Users/cpp8013/AppData/Local/Temp/conC6D4.tmp FILE128
C:/Users/cpp8013/AppData/Local/Temp/conE03E.tmp FILE129
C:/Users/cpp8013/AppData/Local/Temp/conE6D4.tmp FILE130
C:/Users/cpp8013/AppData/Local/Temp/conF018.tmp FILE131
C:/Users/cpp8013/AppData/Local/Temp/con225F.tmp FILE132
D:\GitHub\KVM\KVM_prototype\schemtic\sch\worklib\kvm_prototype\sch_1\page25.csa FILE133
D:\GitHub\KVM\KVM_prototype\schemtic\sch\worklib\kvm_prototype\sch_1\page25.csv FILE134
C:/Users/cpp8013/AppData/Local/Temp/tmp911A.tmp FILE135
C:/Users/cpp8013/AppData/Local/Temp/conF29B.tmp FILE136
C:/Users/cpp8013/AppData/Local/Temp/con431C.tmp FILE137
C:/Users/cpp8013/AppData/Local/Temp/con6D29.tmp FILE138
C:/Users/cpp8013/AppData/Local/Temp/con5161.tmp FILE139
