temp/xxnedtmp37/event.log NEWFILE1
temp/xxnedtmp37/text.log NEWFILE2
temp/xxnedtmp37/environ.log NEWFILE3
C:\Cadence\SPB_16.6\share\cdssetup/concept/concepthdl.scr FILE4
E:\GitHub\KVM_prototype\schemtic\sch\cds.lib FILE5
E:\GitHub\KVM_prototype\schemtic\sch\worklib\kvm_prototype\sch_1\page1.csb FILE6
E:\GitHub\KVM_prototype\schemtic\sch\worklib\kvm_prototype\sch_1\page1_csb.lck NEWFILE7
temp/xxnedtmp37/undo1.log NEWFILE8
C:\Cadence\SPB_16.6\share\library\standard\c#20size#20page\sym_1\symbol.css FILE9
E:\GitHub\KVM_prototype\schemtic\sch\worklib\kvm_prototype\sch_1\page1_csa.lck NEWFILE10
E:/GitHub/KVM_prototype/schemtic/sch/worklib/kvm_prototype/sch_1/kvm_prototype.xcon FILE11
E:/GitHub/KVM_prototype/schemtic/sch/worklib/kvm_prototype/sch_1/kvm_prototype.dcf FILE12
E:\GitHub\KVM_prototype\schemtic\sch\worklib\kvm_prototype\sch_1\page15.csb FILE13
E:\GitHub\KVM_prototype\schemtic\sch\worklib\kvm_prototype/images/14.jpg FILE14
E:\GitHub\KVM_prototype\schemtic\sch\worklib\kvm_prototype/images/clipboard_0.jpg FILE15
E:\GitHub\KVM_prototype\schemtic\sch\worklib\kvm_prototype\sch_1\page15_csb.lck FILE16
E:\GitHub\KVM_prototype\schemtic\lib\worklib\usb_a_x2\sym_1\symbol.css FILE17
C:\Cadence\SPB_16.6\share\library\standard\gnd_signal\sym_1\symbol.css FILE18
E:\GitHub\KVM_prototype\schemtic\lib\worklib\tpd4s012\sym_1\symbol.css FILE19
E:\GitHub\KVM_prototype\schemtic\lib\worklib\r\sym_1\symbol.css FILE20
E:\GitHub\KVM_prototype\schemtic\lib\worklib\head1x2_s\sym_1\symbol.css FILE21
E:\GitHub\KVM_prototype\schemtic\lib\worklib\cp\sym_1\symbol.css FILE22
E:\GitHub\KVM_prototype\schemtic\lib\worklib\lb\sym_1\symbol.css FILE23
E:\GitHub\KVM_prototype\schemtic\lib\worklib\c\sym_1\symbol.css FILE24
E:\GitHub\KVM_prototype\schemtic\lib\worklib\head1x3_s\sym_1\symbol.css FILE25
E:\GitHub\KVM_prototype\schemtic\sch\worklib\kvm_prototype\sch_1\page14.csb FILE26
E:\GitHub\KVM_prototype\schemtic\sch\worklib\kvm_prototype/images/11.jpg FILE27
E:\GitHub\KVM_prototype\schemtic\sch\worklib\kvm_prototype/images/12.jpg FILE28
E:\GitHub\KVM_prototype\schemtic\sch\worklib\kvm_prototype/images/13.jpg FILE29
E:\GitHub\KVM_prototype\schemtic\sch\worklib\kvm_prototype\sch_1\page14_csb.lck NEWFILE30
E:\GitHub\KVM_prototype\schemtic\sch\worklib\kvm_prototype\sch_1\page15_csa.lck NEWFILE31
E:\GitHub\KVM_prototype\schemtic\lib\worklib\eeprom#2d512k\sym_1\symbol.css FILE32
E:\GitHub\KVM_prototype\schemtic\lib\worklib\sram\sym_1\symbol.css FILE33
E:\GitHub\KVM_prototype\schemtic\lib\worklib\cy7c67300\sym_2\symbol.css FILE34
E:\GitHub\KVM_prototype\schemtic\lib\worklib\crystal\sym_1\symbol.css FILE35
E:\GitHub\KVM_prototype\schemtic\lib\worklib\cy7c67300\sym_1\symbol.css FILE36
E:\GitHub\KVM_prototype\schemtic\sch\worklib\kvm_prototype\sch_1\page14_csa.lck NEWFILE37
C:/Cadence/SPB_16.6/tools/language/config.dat FILE38
temp/xxnedtmp37/concept.mkr NEWFILE39
C:/Cadence/SPB_16.6/tools/language/pack_type_rename.dat NEWFILE40
temp/xxnedtmp37/../c#20size#20page.mkr NEWFILE41
temp/xxnedtmp37/../usb_a_x2.mkr NEWFILE42
temp/xxnedtmp37/../gnd_signal.mkr NEWFILE43
temp/xxnedtmp37/../tpd4s012.mkr NEWFILE44
temp/xxnedtmp37/../r.mkr NEWFILE45
temp/xxnedtmp37/../head1x2_s.mkr NEWFILE46
temp/xxnedtmp37/../cp.mkr NEWFILE47
temp/xxnedtmp37/../lb.mkr NEWFILE48
temp/xxnedtmp37/../c.mkr NEWFILE49
temp/xxnedtmp37/../head1x3_s.mkr NEWFILE50
E:\GitHub\KVM_prototype\schemtic\sch\worklib\kvm_prototype\sch_1\page15.csa FILE51
E:\GitHub\KVM_prototype\schemtic\sch\worklib\kvm_prototype\sch_1\page15.csv FILE52
E:/GitHub/KVM_prototype/schemtic/sch/worklib/kvm_prototype/sch_1/kvm_prototype_xcon.lck NEWFILE53
E:/GitHub/KVM_prototype/schemtic/sch/worklib/kvm_prototype/sch_1/kvm_prototype_dcf.lck NEWFILE54
temp/xxnedtmp37/csnetlister.mkr NEWFILE55
D:/sys_temp/con276E.tmp FILE56
D:/sys_temp/con4BE0.tmp FILE57
temp/xxnedtmp37/../cy7c67300.mkr NEWFILE58
temp/xxnedtmp37/../eeprom#2d512k.mkr NEWFILE59
temp/xxnedtmp37/../sram.mkr NEWFILE60
temp/xxnedtmp37/../crystal.mkr NEWFILE61
E:\GitHub\KVM_prototype\schemtic\sch\worklib\kvm_prototype\sch_1\page14.csa FILE62
E:\GitHub\KVM_prototype\schemtic\sch\worklib\kvm_prototype\sch_1\page14.csv FILE63
