	(Comment
		(Time 12/27/17,12:00:11)
		(User cpp8013)
		(MsgId ECO_021)
		(Text "Package HDMI-A added to cell")
		(Param1 "HDMI-A")
	)
	(Comment
		(Time 12/27/17,12:02:24)
		(User cpp8013)
		(MsgId ECO_081)
		(Text "Symbol sym_1 added to cell")
		(Param1 "sym_1")
	)
	(Comment
		(Time 05/07/18,11:35:57)
		(User cdj)
		(MsgId ECO_151)
		(Text "Verilog wrapper vlog_model added to cell")
		(Param1 "vlog_model")
	)
	(Comment
		(Time 05/15/18,15:19:37)
		(User cpp8013)
		(MsgId ECO_211)
		(Text "PTF file part.ptf added")
		(Param1 "part.ptf")
	)
