	(Comment
		(Time 02/25/18,20:20:25)
		(User Administrator)
		(MsgId ECO_081)
		(Text "Symbol sym_1 added to cell")
		(Param1 "sym_1")
	)
	(Comment
		(Time 02/25/18,20:20:30)
		(User Administrator)
		(MsgId ECO_082)
		(Text "Symbol sym_1 deleted from cell")
		(Param1 "sym_1")
	)
	(Comment
		(Time 02/25/18,20:20:32)
		(User Administrator)
		(MsgId ECO_021)
		(Text "Package OSC-125M-DIF added to cell")
		(Param1 "OSC-125M-DIF")
	)
	(Comment
		(Time 02/25/18,20:20:52)
		(User Administrator)
		(MsgId ECO_081)
		(Text "Symbol sym_1 added to cell")
		(Param1 "sym_1")
	)
	(Comment
		(Time 05/09/18,13:54:12)
		(User cdj)
		(MsgId ECO_151)
		(Text "Verilog wrapper vlog_model added to cell")
		(Param1 "vlog_model")
	)
	(Comment
		(Time 05/09/18,17:10:26)
		(User cdj)
		(MsgId ECO_151)
		(Text "Verilog wrapper vlog_model added to cell")
		(Param1 "vlog_model")
	)
