temp/xxnedtmp40/event.log NEWFILE1
temp/xxnedtmp40/text.log NEWFILE2
temp/xxnedtmp40/environ.log NEWFILE3
C:\Cadence\SPB_16.6\share\cdssetup/concept/concepthdl.scr FILE4
E:\GitHub\KVM_prototype\schemtic\sch\cds.lib FILE5
E:\GitHub\KVM_prototype\schemtic\sch\worklib\kvm_prototype\sch_1\page1.csb FILE6
E:\GitHub\KVM_prototype\schemtic\sch\worklib\kvm_prototype\sch_1\page1_csb.lck NEWFILE7
temp/xxnedtmp40/undo1.log NEWFILE8
C:\Cadence\SPB_16.6\share\library\standard\c#20size#20page\sym_1\symbol.css FILE9
E:\GitHub\KVM_prototype\schemtic\sch\worklib\kvm_prototype\sch_1\page1_csa.lck NEWFILE10
E:/GitHub/KVM_prototype/schemtic/sch/worklib/kvm_prototype/sch_1/kvm_prototype.xcon FILE11
E:/GitHub/KVM_prototype/schemtic/sch/worklib/kvm_prototype/sch_1/kvm_prototype.dcf FILE12
E:\GitHub\KVM_prototype\schemtic\sch\worklib\kvm_prototype\sch_1\page19.csb FILE13
E:\GitHub\KVM_prototype\schemtic\sch\worklib\kvm_prototype\sch_1\page19_csb.lck FILE14
C:\Cadence\SPB_16.6\share\library\standard\gnd_signal\sym_1\symbol.css FILE15
E:\GitHub\KVM_prototype\schemtic\lib\worklib\s25fl128sagmf\sym_1\symbol.css FILE16
E:\GitHub\KVM_prototype\schemtic\lib\worklib\r\sym_1\symbol.css FILE17
E:\GitHub\KVM_prototype\schemtic\lib\worklib\xc7s50fgga484\sym_3\symbol.css FILE18
E:\GitHub\KVM_prototype\schemtic\lib\worklib\c\sym_1\symbol.css FILE19
E:\GitHub\KVM_prototype\schemtic\lib\worklib\head2x5\sym_1\symbol.css FILE20
E:\GitHub\KVM_prototype\schemtic\lib\worklib\esd\sym_1\symbol.css FILE21
E:\GitHub\KVM_prototype\schemtic\lib\worklib\xc7s50fgga484\sym_1\symbol.css FILE22
C:/Cadence/SPB_16.6/tools/language/config.dat FILE23
temp/xxnedtmp40/concept.mkr NEWFILE24
C:/Cadence/SPB_16.6/tools/language/pack_type_rename.dat NEWFILE25
temp/xxnedtmp40/../c#20size#20page.mkr NEWFILE26
temp/xxnedtmp40/../xc7s50fgga484.mkr NEWFILE27
temp/xxnedtmp40/../r.mkr NEWFILE28
temp/xxnedtmp40/../gnd_signal.mkr NEWFILE29
temp/xxnedtmp40/../s25fl128sagmf.mkr NEWFILE30
temp/xxnedtmp40/../c.mkr NEWFILE31
temp/xxnedtmp40/../head2x5.mkr NEWFILE32
temp/xxnedtmp40/../esd.mkr NEWFILE33
E:\GitHub\KVM_prototype\schemtic\sch\worklib\kvm_prototype\sch_1\page19.csa FILE34
E:\GitHub\KVM_prototype\schemtic\sch\worklib\kvm_prototype\sch_1\page19.csv FILE35
E:/GitHub/KVM_prototype/schemtic/sch/worklib/kvm_prototype/sch_1/kvm_prototype_xcon.lck NEWFILE36
E:/GitHub/KVM_prototype/schemtic/sch/worklib/kvm_prototype/sch_1/kvm_prototype_dcf.lck NEWFILE37
temp/xxnedtmp40/csnetlister.mkr NEWFILE38
clipboard/#UNNAMED_clipboard_0.jpg NEWFILE39
clipboard/#UNNAMED_clipboard_1.jpg NEWFILE40
temp/xxnedtmp40/undo1/#UNNAMED_clipboard_0.jpg FILE41
E:\GitHub\KVM_prototype\schemtic\sch\worklib\kvm_prototype/images/clipboard_0.jpg FILE42
E:\GitHub\KVM_prototype\schemtic\sch\worklib\kvm_prototype/images/clipboard_0_0.jpg FILE43
E:\GitHub\KVM_prototype\schemtic\sch\worklib\kvm_prototype/images/clipboard_0_1.jpg NEWFILE44
D:/sys_temp/con9FE9.tmp FILE45
D:/sys_temp/conC776.tmp FILE46
E:\GitHub\KVM_prototype\schemtic\sch\worklib\kvm_prototype\sch_1\pc.db FILE47
D:/sys_temp/con2F8C.tmp FILE48
E:\GitHub\KVM_prototype\schemtic\lib\worklib\resetkey\sym_1\symbol.css FILE49
D:/sys_temp/conCF16.tmp FILE50
temp/xxnedtmp40/../resetkey.mkr NEWFILE51
E:\GitHub\KVM_prototype\schemtic\sch\worklib\kvm_prototype\sch_1\page3.csb FILE52
E:\GitHub\KVM_prototype\schemtic\sch\worklib\kvm_prototype/images/4.jpg FILE53
E:\GitHub\KVM_prototype\schemtic\sch\worklib\kvm_prototype/images/1.jpg FILE54
E:\GitHub\KVM_prototype\schemtic\sch\worklib\kvm_prototype/images/2.jpg FILE55
E:\GitHub\KVM_prototype\schemtic\sch\worklib\kvm_prototype/images/3.jpg FILE56
E:\GitHub\KVM_prototype\schemtic\sch\worklib\kvm_prototype/images/5.jpg FILE57
E:\GitHub\KVM_prototype\schemtic\sch\worklib\kvm_prototype\sch_1\page3_csb.lck NEWFILE58
E:\GitHub\KVM_prototype\schemtic\sch\worklib\kvm_prototype\sch_1\page19_csa.lck NEWFILE59
E:\GitHub\KVM_prototype\schemtic\lib\worklib\adp5053\sym_1\symbol.css FILE60
E:\GitHub\KVM_prototype\schemtic\lib\worklib\cp\sym_1\symbol.css FILE61
E:\GitHub\KVM_prototype\schemtic\lib\worklib\l\sym_1\symbol.css FILE62
E:\GitHub\KVM_prototype\schemtic\lib\worklib\fds9926a\sym_2\symbol.css FILE63
E:\GitHub\KVM_prototype\schemtic\lib\worklib\fds9926a\sym_1\symbol.css FILE64
C:\Cadence\SPB_16.6\share\library\standard\inport\sym_1\symbol.css FILE65
C:\Cadence\SPB_16.6\share\library\standard\outport\sym_1\symbol.css FILE66
E:\GitHub\KVM_prototype\schemtic\lib\worklib\led_s\sym_1\symbol.css FILE67
E:\GitHub\KVM_prototype\schemtic\lib\worklib\npn\sym_1\symbol.css FILE68
E:\GitHub\KVM_prototype\schemtic\sch\worklib\kvm_prototype\sch_1\page4.csb FILE69
E:\GitHub\KVM_prototype\schemtic\sch\worklib\kvm_prototype/images/6_0.jpg FILE70
E:\GitHub\KVM_prototype\schemtic\sch\worklib\kvm_prototype\sch_1\page4_csb.lck NEWFILE71
E:\GitHub\KVM_prototype\schemtic\sch\worklib\kvm_prototype\sch_1\page3_csa.lck NEWFILE72
E:\GitHub\KVM_prototype\schemtic\lib\worklib\ncp1529\sym_1\symbol.css FILE73
E:\GitHub\KVM_prototype\schemtic\sch\worklib\kvm_prototype\sch_1\page4_csa.lck NEWFILE74
D:/sys_temp/conD484.tmp FILE75
temp/xxnedtmp40/../led_s.mkr NEWFILE76
D:/sys_temp/conC114.tmp FILE77
