temp/xxnedtmp38/event.log NEWFILE1
temp/xxnedtmp38/text.log NEWFILE2
temp/xxnedtmp38/environ.log NEWFILE3
C:\Cadence\SPB_16.6\share\cdssetup/concept/concepthdl.scr FILE4
E:\GitHub\KVM_prototype\schemtic\sch\cds.lib FILE5
E:\GitHub\KVM_prototype\schemtic\sch\worklib\kvm_prototype\sch_1\page1.csb FILE6
E:\GitHub\KVM_prototype\schemtic\sch\worklib\kvm_prototype\sch_1\page1_csb.lck NEWFILE7
temp/xxnedtmp38/undo1.log NEWFILE8
C:\Cadence\SPB_16.6\share\library\standard\c#20size#20page\sym_1\symbol.css FILE9
E:\GitHub\KVM_prototype\schemtic\sch\worklib\kvm_prototype\sch_1\page1_csa.lck NEWFILE10
E:/GitHub/KVM_prototype/schemtic/sch/worklib/kvm_prototype/sch_1/kvm_prototype.xcon FILE11
E:/GitHub/KVM_prototype/schemtic/sch/worklib/kvm_prototype/sch_1/kvm_prototype.dcf FILE12
E:\GitHub\KVM_prototype\schemtic\sch\worklib\kvm_prototype\sch_1\page15.csb FILE13
E:\GitHub\KVM_prototype\schemtic\sch\worklib\kvm_prototype/images/14.jpg FILE14
E:\GitHub\KVM_prototype\schemtic\sch\worklib\kvm_prototype/images/clipboard_0.jpg FILE15
E:\GitHub\KVM_prototype\schemtic\sch\worklib\kvm_prototype\sch_1\page15_csb.lck FILE16
E:\GitHub\KVM_prototype\schemtic\lib\worklib\usb_a_x2\sym_1\symbol.css FILE17
C:\Cadence\SPB_16.6\share\library\standard\gnd_signal\sym_1\symbol.css FILE18
E:\GitHub\KVM_prototype\schemtic\lib\worklib\tpd4s012\sym_1\symbol.css FILE19
E:\GitHub\KVM_prototype\schemtic\lib\worklib\r\sym_1\symbol.css FILE20
E:\GitHub\KVM_prototype\schemtic\lib\worklib\head1x2_s\sym_1\symbol.css FILE21
E:\GitHub\KVM_prototype\schemtic\lib\worklib\cp\sym_1\symbol.css FILE22
E:\GitHub\KVM_prototype\schemtic\lib\worklib\lb\sym_1\symbol.css FILE23
E:\GitHub\KVM_prototype\schemtic\lib\worklib\c\sym_1\symbol.css FILE24
E:\GitHub\KVM_prototype\schemtic\lib\worklib\head1x3_s\sym_1\symbol.css FILE25
C:/Cadence/SPB_16.6/tools/language/config.dat FILE26
temp/xxnedtmp38/concept.mkr NEWFILE27
C:/Cadence/SPB_16.6/tools/language/pack_type_rename.dat NEWFILE28
temp/xxnedtmp38/../c#20size#20page.mkr NEWFILE29
temp/xxnedtmp38/../usb_a_x2.mkr NEWFILE30
temp/xxnedtmp38/../gnd_signal.mkr NEWFILE31
temp/xxnedtmp38/../tpd4s012.mkr NEWFILE32
temp/xxnedtmp38/../r.mkr NEWFILE33
temp/xxnedtmp38/../head1x2_s.mkr NEWFILE34
temp/xxnedtmp38/../cp.mkr NEWFILE35
temp/xxnedtmp38/../lb.mkr NEWFILE36
temp/xxnedtmp38/../c.mkr NEWFILE37
temp/xxnedtmp38/../head1x3_s.mkr NEWFILE38
E:\GitHub\KVM_prototype\schemtic\sch\worklib\kvm_prototype\sch_1\page15.csa FILE39
E:\GitHub\KVM_prototype\schemtic\sch\worklib\kvm_prototype\sch_1\page15.csv FILE40
E:/GitHub/KVM_prototype/schemtic/sch/worklib/kvm_prototype/sch_1/kvm_prototype_xcon.lck NEWFILE41
E:/GitHub/KVM_prototype/schemtic/sch/worklib/kvm_prototype/sch_1/kvm_prototype_dcf.lck NEWFILE42
temp/xxnedtmp38/csnetlister.mkr NEWFILE43
E:\GitHub\KVM_prototype\schemtic\sch\worklib\kvm_prototype\sch_1\page14.csb FILE44
E:\GitHub\KVM_prototype\schemtic\sch\worklib\kvm_prototype/images/11.jpg FILE45
E:\GitHub\KVM_prototype\schemtic\sch\worklib\kvm_prototype/images/12.jpg FILE46
E:\GitHub\KVM_prototype\schemtic\sch\worklib\kvm_prototype/images/13.jpg FILE47
E:\GitHub\KVM_prototype\schemtic\sch\worklib\kvm_prototype\sch_1\page14_csb.lck NEWFILE48
E:\GitHub\KVM_prototype\schemtic\sch\worklib\kvm_prototype\sch_1\page15_csa.lck NEWFILE49
E:\GitHub\KVM_prototype\schemtic\lib\worklib\eeprom#2d512k\sym_1\symbol.css FILE50
E:\GitHub\KVM_prototype\schemtic\lib\worklib\sram\sym_1\symbol.css FILE51
E:\GitHub\KVM_prototype\schemtic\lib\worklib\cy7c67300\sym_2\symbol.css FILE52
E:\GitHub\KVM_prototype\schemtic\lib\worklib\crystal\sym_1\symbol.css FILE53
E:\GitHub\KVM_prototype\schemtic\lib\worklib\cy7c67300\sym_1\symbol.css FILE54
temp/xxnedtmp38/../sram.mkr NEWFILE55
temp/xxnedtmp38/../cy7c67300.mkr NEWFILE56
temp/xxnedtmp38/../eeprom#2d512k.mkr NEWFILE57
temp/xxnedtmp38/../crystal.mkr NEWFILE58
E:\GitHub\KVM_prototype\schemtic\sch\worklib\kvm_prototype\sch_1\page14.csa FILE59
E:\GitHub\KVM_prototype\schemtic\sch\worklib\kvm_prototype\sch_1\page14.csv FILE60
E:\GitHub\KVM_prototype\schemtic\sch\worklib\kvm_prototype\sch_1\page14_csa.lck NEWFILE61
E:\GitHub\KVM_prototype\schemtic\sch\worklib\kvm_prototype\sch_1\page13.csb FILE62
E:\GitHub\KVM_prototype\schemtic\sch\worklib\kvm_prototype\sch_1\page13_csb.lck NEWFILE63
E:\GitHub\KVM_prototype\schemtic\lib\worklib\sfp_cage\sym_1\symbol.css FILE64
E:\GitHub\KVM_prototype\schemtic\lib\worklib\sfp_conn\sym_1\symbol.css FILE65
E:\GitHub\KVM_prototype\schemtic\sch\worklib\kvm_prototype\sch_1\page13_csa.lck NEWFILE66
E:\GitHub\KVM_prototype\schemtic\sch\worklib\kvm_prototype\sch_1\page16.csb NEWFILE67
E:\GitHub\KVM_prototype\schemtic\sch\worklib\kvm_prototype\sch_1\page16.csa NEWFILE68
E:\GitHub\KVM_prototype\schemtic\sch\worklib\kvm_prototype\sch_1\page16.csv NEWFILE69
E:\GitHub\KVM_prototype\schemtic\sch\worklib\kvm_prototype\sch_1\pc.db FILE70
E:\GitHub\KVM_prototype\schemtic\sch\worklib\kvm_prototype\sch_1\page16_csb.lck NEWFILE71
E:\GitHub\KVM_prototype\schemtic\sch\worklib\kvm_prototype\sch_1\page16_csa.lck NEWFILE72
