	(Comment
		(Time 11/13/17,11:20:16)
		(User 123)
		(MsgId ECO_021)
		(Text "Package XC7A200TFFG1156 added to cell")
		(Param1 "XC7A200TFFG1156")
	)
	(Comment
		(Time 11/13/17,15:36:58)
		(User 123)
		(MsgId ECO_081)
		(Text "Symbol sym_1 added to cell")
		(Param1 "sym_1")
	)
	(Comment
		(Time 11/13/17,15:36:58)
		(User 123)
		(MsgId ECO_081)
		(Text "Symbol sym_2 added to cell")
		(Param1 "sym_2")
	)
	(Comment
		(Time 11/13/17,15:36:58)
		(User 123)
		(MsgId ECO_081)
		(Text "Symbol sym_3 added to cell")
		(Param1 "sym_3")
	)
	(Comment
		(Time 11/13/17,15:36:58)
		(User 123)
		(MsgId ECO_081)
		(Text "Symbol sym_4 added to cell")
		(Param1 "sym_4")
	)
	(Comment
		(Time 11/13/17,15:36:58)
		(User 123)
		(MsgId ECO_081)
		(Text "Symbol sym_5 added to cell")
		(Param1 "sym_5")
	)
	(Comment
		(Time 11/13/17,15:36:58)
		(User 123)
		(MsgId ECO_081)
		(Text "Symbol sym_6 added to cell")
		(Param1 "sym_6")
	)
	(Comment
		(Time 11/13/17,15:36:58)
		(User 123)
		(MsgId ECO_081)
		(Text "Symbol sym_7 added to cell")
		(Param1 "sym_7")
	)
	(Comment
		(Time 11/13/17,15:36:58)
		(User 123)
		(MsgId ECO_081)
		(Text "Symbol sym_8 added to cell")
		(Param1 "sym_8")
	)
	(Comment
		(Time 11/13/17,15:36:58)
		(User 123)
		(MsgId ECO_081)
		(Text "Symbol sym_9 added to cell")
		(Param1 "sym_9")
	)
	(Comment
		(Time 11/13/17,15:36:58)
		(User 123)
		(MsgId ECO_081)
		(Text "Symbol sym_10 added to cell")
		(Param1 "sym_10")
	)
	(Comment
		(Time 11/13/17,15:36:58)
		(User 123)
		(MsgId ECO_081)
		(Text "Symbol sym_11 added to cell")
		(Param1 "sym_11")
	)
	(Comment
		(Time 11/13/17,15:36:58)
		(User 123)
		(MsgId ECO_081)
		(Text "Symbol sym_12 added to cell")
		(Param1 "sym_12")
	)
	(Comment
		(Time 11/13/17,15:36:58)
		(User 123)
		(MsgId ECO_081)
		(Text "Symbol sym_13 added to cell")
		(Param1 "sym_13")
	)
	(Comment
		(Time 11/13/17,15:36:58)
		(User 123)
		(MsgId ECO_081)
		(Text "Symbol sym_14 added to cell")
		(Param1 "sym_14")
	)
	(Comment
		(Time 11/13/17,15:36:58)
		(User 123)
		(MsgId ECO_081)
		(Text "Symbol sym_15 added to cell")
		(Param1 "sym_15")
	)
	(Comment
		(Time 11/13/17,15:36:58)
		(User 123)
		(MsgId ECO_081)
		(Text "Symbol sym_16 added to cell")
		(Param1 "sym_16")
	)
	(Comment
		(Time 11/13/17,15:36:58)
		(User 123)
		(MsgId ECO_081)
		(Text "Symbol sym_17 added to cell")
		(Param1 "sym_17")
	)
	(Comment
		(Time 11/13/17,15:36:58)
		(User 123)
		(MsgId ECO_081)
		(Text "Symbol sym_18 added to cell")
		(Param1 "sym_18")
	)
	(Comment
		(Time 11/13/17,15:36:58)
		(User 123)
		(MsgId ECO_081)
		(Text "Symbol sym_19 added to cell")
		(Param1 "sym_19")
	)
	(Comment
		(Time 11/13/17,15:36:58)
		(User 123)
		(MsgId ECO_081)
		(Text "Symbol sym_20 added to cell")
		(Param1 "sym_20")
	)
	(Comment
		(Time 11/13/17,15:36:58)
		(User 123)
		(MsgId ECO_081)
		(Text "Symbol sym_21 added to cell")
		(Param1 "sym_21")
	)
	(Comment
		(Time 11/13/17,15:36:59)
		(User 123)
		(MsgId ECO_081)
		(Text "Symbol sym_22 added to cell")
		(Param1 "sym_22")
	)
	(Comment
		(Time 11/13/17,15:36:59)
		(User 123)
		(MsgId ECO_081)
		(Text "Symbol sym_23 added to cell")
		(Param1 "sym_23")
	)
	(Comment
		(Time 11/13/17,15:36:59)
		(User 123)
		(MsgId ECO_081)
		(Text "Symbol sym_24 added to cell")
		(Param1 "sym_24")
	)
	(Comment
		(Time 11/13/17,15:36:59)
		(User 123)
		(MsgId ECO_081)
		(Text "Symbol sym_25 added to cell")
		(Param1 "sym_25")
	)
	(Comment
		(Time 11/21/17,16:27:13)
		(User 123)
		(MsgId ECO_212)
		(Text "PTF file part.ptf deleted")
		(Param1 "part.ptf")
	)
	(Comment
		(Time 11/21/17,16:27:17)
		(User 123)
		(MsgId ECO_211)
		(Text "PTF file part.ptf added")
		(Param1 "part.ptf")
	)
	(Comment
		(Time 11/21/17,16:27:34)
		(User 123)
		(MsgId ECO_212)
		(Text "PTF file part.ptf deleted")
		(Param1 "part.ptf")
	)
