
	(Comment
		(Time 01/27/05,16:15:47)
		(User tianjiejia)
		(MsgId ECO_211)
		(Text "PTF file part.ptf added")
		(Param1 part.ptf)
	)




	(Comment
		(Time 06/18/05,21:54:28)
		(User Laguna)
		(MsgId ECO_021)
		(Text "Package NPN_1 added to cell")
		(Param1 NPN_1)
	)
	(Comment
		(Time 06/18/05,21:56:48)
		(User Laguna)
		(MsgId ECO_081)
		(Text "Symbol sym_2 added to cell")
		(Param1 sym_2)
	)


	(Comment
		(Time 06/19/05,16:52:16)
		(User Laguna)
		(MsgId ECO_022)
		(Text "Package NPN_SOT223 deleted from cell")
		(Param1 NPN_SOT223)
	)
	(Comment
		(Time 06/19/05,16:52:19)
		(User Laguna)
		(MsgId ECO_082)
		(Text "Symbol sym_2 deleted from cell")
		(Param1 sym_2)
	)


