temp/xxnedtmp58/event.log NEWFILE1
temp/xxnedtmp58/text.log NEWFILE2
temp/xxnedtmp58/environ.log NEWFILE3
C:\Cadence\SPB_16.6\share\cdssetup/concept/concepthdl.scr FILE4
E:\GitHub\KVM_prototype\schemtic\sch\cds.lib FILE5
E:\GitHub\KVM_prototype\schemtic\sch\worklib\kvm_prototype\sch_1\page1.csb FILE6
E:\GitHub\KVM_prototype\schemtic\sch\worklib\kvm_prototype\sch_1\page1_csb.lck NEWFILE7
temp/xxnedtmp58/undo1.log NEWFILE8
C:\Cadence\SPB_16.6\share\library\standard\c#20size#20page\sym_1\symbol.css FILE9
E:\GitHub\KVM_prototype\schemtic\sch\worklib\kvm_prototype\sch_1\page1_csa.lck NEWFILE10
E:/GitHub/KVM_prototype/schemtic/sch/worklib/kvm_prototype/sch_1/kvm_prototype.xcon FILE11
E:/GitHub/KVM_prototype/schemtic/sch/worklib/kvm_prototype/sch_1/kvm_prototype.dcf FILE12
E:\GitHub\KVM_prototype\schemtic\sch\worklib\kvm_prototype\sch_1\page2.csb FILE13
E:\GitHub\KVM_prototype\schemtic\sch\worklib\kvm_prototype\sch_1\page2_csb.lck NEWFILE14
E:\GitHub\KVM_prototype\schemtic\lib\worklib\diode\mbrd835l\sym_1\symbol.css FILE15
C:\Cadence\SPB_16.6\share\library\standard\gnd_signal\sym_1\symbol.css FILE16
E:\GitHub\KVM_prototype\schemtic\lib\worklib\connector\6pin\sym_1\symbol.css FILE17
E:\GitHub\KVM_prototype\schemtic\lib\worklib\others\wiper#2dsw\sym_1\symbol.css FILE18
E:\GitHub\KVM_prototype\schemtic\sch\worklib\kvm_prototype\sch_1\page3.csb FILE19
E:\GitHub\KVM_prototype\schemtic\sch\worklib\kvm_prototype\sch_1\page3_csb.lck NEWFILE20
E:\GitHub\KVM_prototype\schemtic\sch\worklib\kvm_prototype\sch_1\page2_csa.lck NEWFILE21
E:\GitHub\KVM_prototype\schemtic\sch\worklib\kvm_prototype\sch_1\page3_csa.lck NEWFILE22
E:\GitHub\KVM_prototype\schemtic\sch\worklib\kvm_prototype\sch_1\page8.csb FILE23
E:\GitHub\KVM_prototype\schemtic\sch\worklib\kvm_prototype\sch_1\page8_csb.lck NEWFILE24
E:\GitHub\KVM_prototype\schemtic\lib\worklib\resistor\r\sym_1\symbol.css FILE25
E:\GitHub\KVM_prototype\schemtic\lib\worklib\diode\diode\sym_1\symbol.css FILE26
E:\GitHub\KVM_prototype\schemtic\lib\worklib\transistor\bss123lt1\sym_1\symbol.css FILE27
E:\GitHub\KVM_prototype\schemtic\lib\worklib\connector\hdmi#2da\sym_1\symbol.css FILE28
E:\GitHub\KVM_prototype\schemtic\lib\worklib\protection\rclamp0524p\sym_1\symbol.css FILE29
E:\GitHub\KVM_prototype\schemtic\sch\worklib\kvm_prototype\sch_1\page9.csb FILE30
E:\GitHub\KVM_prototype\schemtic\sch\worklib\kvm_prototype/images/8.jpg FILE31
E:\GitHub\KVM_prototype\schemtic\sch\worklib\kvm_prototype/images/7.jpg FILE32
E:\GitHub\KVM_prototype\schemtic\sch\worklib\kvm_prototype\sch_1\page9_csb.lck NEWFILE33
E:\GitHub\KVM_prototype\schemtic\sch\worklib\kvm_prototype\sch_1\page8_csa.lck NEWFILE34
E:\GitHub\KVM_prototype\schemtic\lib\worklib\capcitor\c\sym_1\symbol.css FILE35
E:\GitHub\KVM_prototype\schemtic\lib\worklib\oscillator\osc#2d12mhz\sym_1\symbol.css FILE36
E:\GitHub\KVM_prototype\schemtic\lib\worklib\inductor\lb\sym_1\symbol.css FILE37
E:\GitHub\KVM_prototype\schemtic\lib\worklib\ic\adv7511kstz\sym_1\symbol.css FILE38
E:\GitHub\KVM_prototype\schemtic\sch\worklib\kvm_prototype\sch_1\page11.csb FILE39
E:\GitHub\KVM_prototype\schemtic\sch\worklib\kvm_prototype\sch_1\page11_csb.lck NEWFILE40
E:\GitHub\KVM_prototype\schemtic\sch\worklib\kvm_prototype\sch_1\page9_csa.lck NEWFILE41
E:\GitHub\KVM_prototype\schemtic\lib\worklib\transistor\ao3400\sym_1\symbol.css FILE42
E:\GitHub\KVM_prototype\schemtic\sch\worklib\kvm_prototype\sch_1\page13.csb FILE43
E:\GitHub\KVM_prototype\schemtic\sch\worklib\kvm_prototype\sch_1\page13_csb.lck NEWFILE44
E:\GitHub\KVM_prototype\schemtic\sch\worklib\kvm_prototype\sch_1\page11_csa.lck NEWFILE45
E:\GitHub\KVM_prototype\schemtic\lib\worklib\connector\sfp_conn\sym_1\symbol.css FILE46
E:\GitHub\KVM_prototype\schemtic\lib\worklib\connector\sfp_cage\sym_1\symbol.css FILE47
E:\GitHub\KVM_prototype\schemtic\sch\worklib\kvm_prototype\sch_1\page14.csb FILE48
E:\GitHub\KVM_prototype\schemtic\sch\worklib\kvm_prototype\sch_1\page14_csb.lck NEWFILE49
E:\GitHub\KVM_prototype\schemtic\sch\worklib\kvm_prototype\sch_1\page13_csa.lck NEWFILE50
E:\GitHub\KVM_prototype\schemtic\sch\worklib\kvm_prototype\sch_1\page15.csb FILE51
E:\GitHub\KVM_prototype\schemtic\sch\worklib\kvm_prototype\sch_1\page15_csb.lck NEWFILE52
E:\GitHub\KVM_prototype\schemtic\sch\worklib\kvm_prototype\sch_1\page14_csa.lck NEWFILE53
E:\GitHub\KVM_prototype\schemtic\lib\worklib\ic\at24c02\sym_1\symbol.css FILE54
E:\GitHub\KVM_prototype\schemtic\lib\worklib\oscillator\crystal\sym_1\symbol.css FILE55
E:\GitHub\KVM_prototype\schemtic\lib\worklib\ic\cy7c68013a#2d56pvxc\sym_1\symbol.css FILE56
E:\GitHub\KVM_prototype\schemtic\sch\worklib\kvm_prototype\sch_1\page16.csb FILE57
E:\GitHub\KVM_prototype\schemtic\sch\worklib\kvm_prototype\sch_1\page16_csb.lck NEWFILE58
E:\GitHub\KVM_prototype\schemtic\sch\worklib\kvm_prototype\sch_1\page15_csa.lck NEWFILE59
E:\GitHub\KVM_prototype\schemtic\lib\worklib\protection\tpd4s012\sym_1\symbol.css FILE60
E:\GitHub\KVM_prototype\schemtic\lib\worklib\capcitor\cp\sym_1\symbol.css FILE61
E:\GitHub\KVM_prototype\schemtic\lib\worklib\connector\head1x2_s\sym_1\symbol.css FILE62
E:\GitHub\KVM_prototype\schemtic\lib\worklib\connector\usb_a_x2\sym_1\symbol.css FILE63
E:\GitHub\KVM_prototype\schemtic\sch\worklib\kvm_prototype\sch_1\page17.csb FILE64
E:\GitHub\KVM_prototype\schemtic\sch\worklib\kvm_prototype\sch_1\page17_csb.lck NEWFILE65
E:\GitHub\KVM_prototype\schemtic\sch\worklib\kvm_prototype\sch_1\page16_csa.lck NEWFILE66
E:\GitHub\KVM_prototype\schemtic\sch\worklib\kvm_prototype\sch_1\page18.csb FILE67
E:\GitHub\KVM_prototype\schemtic\sch\worklib\kvm_prototype\sch_1\page18_csb.lck NEWFILE68
E:\GitHub\KVM_prototype\schemtic\sch\worklib\kvm_prototype\sch_1\page17_csa.lck NEWFILE69
E:\GitHub\KVM_prototype\schemtic\lib\worklib\ic\mt41k512m16ha#2d125\sym_2\symbol.css FILE70
E:\GitHub\KVM_prototype\schemtic\lib\worklib\ic\mt41k512m16ha#2d125\sym_1\symbol.css FILE71
C:/Cadence/SPB_16.6/tools/language/config.dat FILE72
temp/xxnedtmp58/concept.mkr NEWFILE73
C:/Cadence/SPB_16.6/tools/language/pack_type_rename.dat NEWFILE74
temp/xxnedtmp58/../c#20size#20page.mkr NEWFILE75
temp/xxnedtmp58/../mt41k512m16ha#2d125.mkr NEWFILE76
temp/xxnedtmp58/../r.mkr NEWFILE77
temp/xxnedtmp58/../c.mkr NEWFILE78
temp/xxnedtmp58/../lb.mkr NEWFILE79
temp/xxnedtmp58/../gnd_signal.mkr NEWFILE80
E:\GitHub\KVM_prototype\schemtic\sch\worklib\kvm_prototype\sch_1\page18.csa FILE81
E:\GitHub\KVM_prototype\schemtic\sch\worklib\kvm_prototype\sch_1\page18.csv FILE82
E:\GitHub\KVM_prototype\schemtic\sch\worklib\kvm_prototype\sch_1\pc.db FILE83
E:/GitHub/KVM_prototype/schemtic/sch/worklib/kvm_prototype/sch_1/kvm_prototype_xcon.lck NEWFILE84
E:/GitHub/KVM_prototype/schemtic/sch/worklib/kvm_prototype/sch_1/kvm_prototype_dcf.lck NEWFILE85
temp/xxnedtmp58/csnetlister.mkr NEWFILE86
E:\GitHub\KVM_prototype\schemtic\sch\worklib\kvm_prototype\sch_1\page19.csb FILE87
E:\GitHub\KVM_prototype\schemtic\sch\worklib\kvm_prototype/images/clipboard_0_2.jpg FILE88
E:\GitHub\KVM_prototype\schemtic\sch\worklib\kvm_prototype/images/clipboard_0_0.jpg FILE89
E:\GitHub\KVM_prototype\schemtic\sch\worklib\kvm_prototype/images/clipboard_1.jpg FILE90
E:\GitHub\KVM_prototype\schemtic\sch\worklib\kvm_prototype\sch_1\page19_csb.lck NEWFILE91
E:\GitHub\KVM_prototype\schemtic\sch\worklib\kvm_prototype\sch_1\page18_csa.lck NEWFILE92
E:\GitHub\KVM_prototype\schemtic\sch\worklib\kvm_prototype\sch_1\page20.csb FILE93
E:\GitHub\KVM_prototype\schemtic\sch\worklib\kvm_prototype\sch_1\page20_csb.lck NEWFILE94
E:\GitHub\KVM_prototype\schemtic\sch\worklib\kvm_prototype\sch_1\page19_csa.lck NEWFILE95
E:\GitHub\KVM_prototype\schemtic\lib\worklib\ic\xc7s50fgga484\sym_9\symbol.css FILE96
E:\GitHub\KVM_prototype\schemtic\lib\worklib\ic\xc7s50fgga484\sym_10\symbol.css FILE97
E:\GitHub\KVM_prototype\schemtic\lib\worklib\ic\xc7s50fgga484\sym_11\symbol.css FILE98
E:\GitHub\KVM_prototype\schemtic\lib\worklib\ic\xc7s50fgga484\sym_1\symbol.css FILE99
temp/xxnedtmp58/../xc7s50fgga484.mkr NEWFILE100
temp/xxnedtmp58/../cp.mkr NEWFILE101
E:\GitHub\KVM_prototype\schemtic\sch\worklib\kvm_prototype\sch_1\page20.csa FILE102
E:\GitHub\KVM_prototype\schemtic\sch\worklib\kvm_prototype\sch_1\page20.csv FILE103
E:\GitHub\KVM_prototype\schemtic\sch\worklib\kvm_prototype\sch_1\page20_csa.lck NEWFILE104
temp/xxnedtmp58/../mbrd835l.mkr NEWFILE105
temp/xxnedtmp58/../wiper#2dsw.mkr NEWFILE106
temp/xxnedtmp58/../6pin.mkr NEWFILE107
E:\GitHub\KVM_prototype\schemtic\sch\worklib\kvm_prototype\sch_1\page2.csa FILE108
E:\GitHub\KVM_prototype\schemtic\sch\worklib\kvm_prototype\sch_1\page2.csv FILE109
E:\GitHub\KVM_prototype\schemtic\sch\worklib\kvm_prototype\sch_1\page3.csa FILE110
E:\GitHub\KVM_prototype\schemtic\sch\worklib\kvm_prototype\sch_1\page3.csv FILE111
E:\GitHub\KVM_prototype\schemtic\sch\worklib\kvm_prototype\sch_1\page4.csb FILE112
E:\GitHub\KVM_prototype\schemtic\sch\worklib\kvm_prototype/images/5.jpg FILE113
E:\GitHub\KVM_prototype\schemtic\sch\worklib\kvm_prototype/images/3.jpg FILE114
E:\GitHub\KVM_prototype\schemtic\sch\worklib\kvm_prototype/images/2.jpg FILE115
E:\GitHub\KVM_prototype\schemtic\sch\worklib\kvm_prototype/images/1.jpg FILE116
E:\GitHub\KVM_prototype\schemtic\sch\worklib\kvm_prototype/images/4.jpg FILE117
E:\GitHub\KVM_prototype\schemtic\sch\worklib\kvm_prototype\sch_1\page4_csb.lck NEWFILE118
E:\GitHub\KVM_prototype\schemtic\lib\worklib\power\adp5053\sym_1\symbol.css FILE119
E:\GitHub\KVM_prototype\schemtic\lib\worklib\inductor\l\sym_1\symbol.css FILE120
E:\GitHub\KVM_prototype\schemtic\lib\worklib\transistor\fds9926a\sym_1\symbol.css FILE121
C:\Cadence\SPB_16.6\share\library\standard\inport\sym_1\symbol.css FILE122
E:\GitHub\KVM_prototype\schemtic\lib\worklib\switch\resetkey\sym_1\symbol.css FILE123
C:\Cadence\SPB_16.6\share\library\standard\outport\sym_1\symbol.css FILE124
E:\GitHub\KVM_prototype\schemtic\lib\worklib\diode\led_s\sym_1\symbol.css FILE125
E:\GitHub\KVM_prototype\schemtic\lib\worklib\transistor\npn\sym_1\symbol.css FILE126
temp/xxnedtmp58/../adp5053.mkr NEWFILE127
temp/xxnedtmp58/../l.mkr NEWFILE128
temp/xxnedtmp58/../fds9926a.mkr NEWFILE129
temp/xxnedtmp58/../inport.mkr NEWFILE130
temp/xxnedtmp58/../resetkey.mkr NEWFILE131
temp/xxnedtmp58/../outport.mkr NEWFILE132
temp/xxnedtmp58/../led_s.mkr NEWFILE133
temp/xxnedtmp58/../npn.mkr NEWFILE134
E:\GitHub\KVM_prototype\schemtic\sch\worklib\kvm_prototype\sch_1\page4.csa FILE135
E:\GitHub\KVM_prototype\schemtic\sch\worklib\kvm_prototype\sch_1\page4.csv FILE136
E:\GitHub\KVM_prototype\schemtic\sch\worklib\kvm_prototype\sch_1\page5.csb FILE137
E:\GitHub\KVM_prototype\schemtic\sch\worklib\kvm_prototype/images/6_0.jpg FILE138
E:\GitHub\KVM_prototype\schemtic\sch\worklib\kvm_prototype\sch_1\page5_csb.lck NEWFILE139
E:\GitHub\KVM_prototype\schemtic\sch\worklib\kvm_prototype\sch_1\page4_csa.lck NEWFILE140
E:\GitHub\KVM_prototype\schemtic\lib\worklib\power\ncp1529\sym_1\symbol.css FILE141
temp/xxnedtmp58/../ncp1529.mkr NEWFILE142
E:\GitHub\KVM_prototype\schemtic\sch\worklib\kvm_prototype\sch_1\page5.csa FILE143
E:\GitHub\KVM_prototype\schemtic\sch\worklib\kvm_prototype\sch_1\page5.csv FILE144
E:\GitHub\KVM_prototype\schemtic\sch\worklib\kvm_prototype\sch_1\page6.csb FILE145
E:\GitHub\KVM_prototype\schemtic\sch\worklib\kvm_prototype\sch_1\page6_csb.lck NEWFILE146
E:\GitHub\KVM_prototype\schemtic\sch\worklib\kvm_prototype\sch_1\page5_csa.lck NEWFILE147
E:\GitHub\KVM_prototype\schemtic\lib\worklib\ic\adv7612bswz\sym_1\symbol.css FILE148
temp/xxnedtmp58/../crystal.mkr NEWFILE149
temp/xxnedtmp58/../adv7612bswz.mkr NEWFILE150
E:\GitHub\KVM_prototype\schemtic\sch\worklib\kvm_prototype\sch_1\page6.csa FILE151
E:\GitHub\KVM_prototype\schemtic\sch\worklib\kvm_prototype\sch_1\page6.csv FILE152
E:\GitHub\KVM_prototype\schemtic\sch\worklib\kvm_prototype\sch_1\page7.csb FILE153
E:\GitHub\KVM_prototype\schemtic\sch\worklib\kvm_prototype\sch_1\page7_csb.lck NEWFILE154
E:\GitHub\KVM_prototype\schemtic\sch\worklib\kvm_prototype\sch_1\page6_csa.lck NEWFILE155
E:\GitHub\KVM_prototype\schemtic\lib\worklib\ic\adv7612bswz\sym_2\symbol.css FILE156
E:\GitHub\KVM_prototype\schemtic\sch\worklib\kvm_prototype\sch_1\page7.csa FILE157
E:\GitHub\KVM_prototype\schemtic\sch\worklib\kvm_prototype\sch_1\page7.csv FILE158
E:\GitHub\KVM_prototype\schemtic\sch\worklib\kvm_prototype\sch_1\page7_csa.lck NEWFILE159
temp/xxnedtmp58/../rclamp0524p.mkr NEWFILE160
temp/xxnedtmp58/../hdmi#2da.mkr NEWFILE161
temp/xxnedtmp58/../diode.mkr NEWFILE162
temp/xxnedtmp58/../bss123lt1.mkr NEWFILE163
E:\GitHub\KVM_prototype\schemtic\sch\worklib\kvm_prototype\sch_1\page8.csa FILE164
E:\GitHub\KVM_prototype\schemtic\sch\worklib\kvm_prototype\sch_1\page8.csv FILE165
temp/xxnedtmp58/../osc#2d12mhz.mkr NEWFILE166
temp/xxnedtmp58/../adv7511kstz.mkr NEWFILE167
E:\GitHub\KVM_prototype\schemtic\sch\worklib\kvm_prototype\sch_1\page9.csa FILE168
E:\GitHub\KVM_prototype\schemtic\sch\worklib\kvm_prototype\sch_1\page9.csv FILE169
E:\GitHub\KVM_prototype\schemtic\sch\worklib\kvm_prototype\sch_1\page10.csb FILE170
E:\GitHub\KVM_prototype\schemtic\sch\worklib\kvm_prototype\sch_1\page10_csb.lck NEWFILE171
E:\GitHub\KVM_prototype\schemtic\lib\worklib\protection\pesd0402#2d140\sym_1\symbol.css FILE172
temp/xxnedtmp58/../pesd0402#2d140.mkr NEWFILE173
E:\GitHub\KVM_prototype\schemtic\sch\worklib\kvm_prototype\sch_1\page10.csa FILE174
E:\GitHub\KVM_prototype\schemtic\sch\worklib\kvm_prototype\sch_1\page10.csv FILE175
E:\GitHub\KVM_prototype\schemtic\sch\worklib\kvm_prototype\sch_1\page10_csa.lck NEWFILE176
temp/xxnedtmp58/../ao3400.mkr NEWFILE177
E:\GitHub\KVM_prototype\schemtic\sch\worklib\kvm_prototype\sch_1\page11.csa FILE178
E:\GitHub\KVM_prototype\schemtic\sch\worklib\kvm_prototype\sch_1\page11.csv FILE179
E:\GitHub\KVM_prototype\schemtic\sch\worklib\kvm_prototype\sch_1\page12.csb FILE180
E:\GitHub\KVM_prototype\schemtic\sch\worklib\kvm_prototype/images/9.jpg FILE181
E:\GitHub\KVM_prototype\schemtic\sch\worklib\kvm_prototype/images/10.jpg FILE182
E:\GitHub\KVM_prototype\schemtic\sch\worklib\kvm_prototype\sch_1\page12_csb.lck NEWFILE183
E:\GitHub\KVM_prototype\schemtic\lib\worklib\ic\88e1111\sym_2\symbol.css FILE184
E:\GitHub\KVM_prototype\schemtic\lib\worklib\ic\88e1111\sym_1\symbol.css FILE185
temp/xxnedtmp58/../88e1111.mkr NEWFILE186
E:\GitHub\KVM_prototype\schemtic\sch\worklib\kvm_prototype\sch_1\page12.csa FILE187
E:\GitHub\KVM_prototype\schemtic\sch\worklib\kvm_prototype\sch_1\page12.csv FILE188
E:\GitHub\KVM_prototype\schemtic\sch\worklib\kvm_prototype\sch_1\page12_csa.lck NEWFILE189
temp/xxnedtmp58/../sfp_conn.mkr NEWFILE190
temp/xxnedtmp58/../sfp_cage.mkr NEWFILE191
E:\GitHub\KVM_prototype\schemtic\sch\worklib\kvm_prototype\sch_1\page13.csa FILE192
E:\GitHub\KVM_prototype\schemtic\sch\worklib\kvm_prototype\sch_1\page13.csv FILE193
E:\GitHub\KVM_prototype\schemtic\sch\worklib\kvm_prototype\sch_1\page14.csa FILE194
E:\GitHub\KVM_prototype\schemtic\sch\worklib\kvm_prototype\sch_1\page14.csv FILE195
temp/xxnedtmp58/../at24c02.mkr NEWFILE196
temp/xxnedtmp58/../cy7c68013a#2d56pvxc.mkr NEWFILE197
E:\GitHub\KVM_prototype\schemtic\sch\worklib\kvm_prototype\sch_1\page15.csa FILE198
E:\GitHub\KVM_prototype\schemtic\sch\worklib\kvm_prototype\sch_1\page15.csv FILE199
temp/xxnedtmp58/../tpd4s012.mkr NEWFILE200
temp/xxnedtmp58/../head1x2_s.mkr NEWFILE201
temp/xxnedtmp58/../usb_a_x2.mkr NEWFILE202
E:\GitHub\KVM_prototype\schemtic\sch\worklib\kvm_prototype\sch_1\page16.csa FILE203
E:\GitHub\KVM_prototype\schemtic\sch\worklib\kvm_prototype\sch_1\page16.csv FILE204
E:\GitHub\KVM_prototype\schemtic\sch\worklib\kvm_prototype\sch_1\page17.csa FILE205
E:\GitHub\KVM_prototype\schemtic\sch\worklib\kvm_prototype\sch_1\page17.csv FILE206
E:\GitHub\KVM_prototype\schemtic\sch\worklib\kvm_prototype\sch_1\page19.csa FILE207
E:\GitHub\KVM_prototype\schemtic\sch\worklib\kvm_prototype\sch_1\page19.csv FILE208
E:\GitHub\KVM_prototype\schemtic\sch\worklib\kvm_prototype\sch_1\page21.csb FILE209
E:\GitHub\KVM_prototype\schemtic\sch\worklib\kvm_prototype\sch_1\page21_csb.lck NEWFILE210
E:\GitHub\KVM_prototype\schemtic\lib\worklib\oscillator\osc#2d4\sym_1\symbol.css FILE211
temp/xxnedtmp58/../osc#2d4.mkr NEWFILE212
E:\GitHub\KVM_prototype\schemtic\sch\worklib\kvm_prototype\sch_1\page21.csa FILE213
E:\GitHub\KVM_prototype\schemtic\sch\worklib\kvm_prototype\sch_1\page21.csv FILE214
E:\GitHub\KVM_prototype\schemtic\sch\worklib\kvm_prototype\sch_1\page22.csb FILE215
E:\GitHub\KVM_prototype\schemtic\sch\worklib\kvm_prototype/images/clipboard_0_1.jpg FILE216
E:\GitHub\KVM_prototype\schemtic\sch\worklib\kvm_prototype\sch_1\page22_csb.lck NEWFILE217
E:\GitHub\KVM_prototype\schemtic\sch\worklib\kvm_prototype\sch_1\page21_csa.lck NEWFILE218
E:\GitHub\KVM_prototype\schemtic\lib\worklib\ic\s25fl128sagmf\sym_1\symbol.css FILE219
E:\GitHub\KVM_prototype\schemtic\lib\worklib\ic\xc7s50fgga484\sym_3\symbol.css FILE220
E:\GitHub\KVM_prototype\schemtic\lib\worklib\connector\head2x5\sym_1\symbol.css FILE221
E:\GitHub\KVM_prototype\schemtic\lib\worklib\protection\esd\sym_1\symbol.css FILE222
temp/xxnedtmp58/../s25fl128sagmf.mkr NEWFILE223
temp/xxnedtmp58/../head2x5.mkr NEWFILE224
temp/xxnedtmp58/../esd.mkr NEWFILE225
E:\GitHub\KVM_prototype\schemtic\sch\worklib\kvm_prototype\sch_1\page22.csa FILE226
E:\GitHub\KVM_prototype\schemtic\sch\worklib\kvm_prototype\sch_1\page22.csv FILE227
E:\GitHub\KVM_prototype\schemtic\sch\worklib\kvm_prototype\sch_1\page23.csb FILE228
E:\GitHub\KVM_prototype\schemtic\sch\worklib\kvm_prototype\sch_1\page23_csb.lck NEWFILE229
E:\GitHub\KVM_prototype\schemtic\sch\worklib\kvm_prototype\sch_1\page22_csa.lck NEWFILE230
E:\GitHub\KVM_prototype\schemtic\lib\worklib\ic\xc7s50fgga484\sym_4\symbol.css FILE231
E:\GitHub\KVM_prototype\schemtic\sch\worklib\kvm_prototype\sch_1\page23_csa.lck NEWFILE232
D:/sys_temp/con250D.tmp FILE233
E:\GitHub\KVM_prototype\schemtic\sch\worklib\kvm_prototype\sch_1\page23.csa FILE234
E:\GitHub\KVM_prototype\schemtic\sch\worklib\kvm_prototype\sch_1\page23.csv FILE235
D:/sys_temp/con117E.tmp FILE236
E:\GitHub\KVM_prototype\schemtic\sch\worklib\kvm_prototype\sch_1\page24.csb FILE237
E:\GitHub\KVM_prototype\schemtic\sch\worklib\kvm_prototype\sch_1\page24_csb.lck NEWFILE238
E:\GitHub\KVM_prototype\schemtic\lib\worklib\ic\xc7s50fgga484\sym_5\symbol.css FILE239
E:\GitHub\KVM_prototype\schemtic\lib\worklib\ic\xc7s50fgga484\sym_5\symbol_css.lck NEWFILE240
temp/xxnedtmp58/undo2.log NEWFILE241
C:\Cadence\SPB_16.6\share\library\standard\origin\sym_1\symbol.css FILE242
E:\GitHub\KVM_prototype\schemtic\sch\worklib\kvm_prototype\sch_1\page24.csa FILE243
E:\GitHub\KVM_prototype\schemtic\sch\worklib\kvm_prototype\sch_1\page24.csv FILE244
E:\GitHub\KVM_prototype\schemtic\sch\worklib\kvm_prototype\sch_1\page25.csb FILE245
E:\GitHub\KVM_prototype\schemtic\sch\worklib\kvm_prototype\sch_1\page25_csb.lck NEWFILE246
E:\GitHub\KVM_prototype\schemtic\sch\worklib\kvm_prototype\sch_1\page24_csa.lck NEWFILE247
E:\GitHub\KVM_prototype\schemtic\lib\worklib\ic\xc7s50fgga484\sym_6\symbol.css FILE248
E:\GitHub\KVM_prototype\schemtic\sch\worklib\kvm_prototype\sch_1\page25.csa FILE249
E:\GitHub\KVM_prototype\schemtic\sch\worklib\kvm_prototype\sch_1\page25.csv FILE250
E:\GitHub\KVM_prototype\schemtic\sch\worklib\kvm_prototype\sch_1\page26.csb FILE251
E:\GitHub\KVM_prototype\schemtic\sch\worklib\kvm_prototype\sch_1\page26_csb.lck NEWFILE252
E:\GitHub\KVM_prototype\schemtic\sch\worklib\kvm_prototype\sch_1\page25_csa.lck NEWFILE253
E:\GitHub\KVM_prototype\schemtic\lib\worklib\ic\xc7s50fgga484\sym_7\symbol.css FILE254
E:\GitHub\KVM_prototype\schemtic\sch\worklib\kvm_prototype\sch_1\page26.csa FILE255
E:\GitHub\KVM_prototype\schemtic\sch\worklib\kvm_prototype\sch_1\page26.csv FILE256
E:\GitHub\KVM_prototype\schemtic\sch\worklib\kvm_prototype\sch_1\page28.csb FILE257
E:\GitHub\KVM_prototype\schemtic\sch\worklib\kvm_prototype\sch_1\page28_csb.lck NEWFILE258
E:\GitHub\KVM_prototype\schemtic\sch\worklib\kvm_prototype\sch_1\page26_csa.lck NEWFILE259
E:\GitHub\KVM_prototype\schemtic\sch\worklib\kvm_prototype\sch_1\page27.csb FILE260
E:\GitHub\KVM_prototype\schemtic\sch\worklib\kvm_prototype\sch_1\page27_csb.lck NEWFILE261
E:\GitHub\KVM_prototype\schemtic\sch\worklib\kvm_prototype\sch_1\page28_csa.lck NEWFILE262
E:\GitHub\KVM_prototype\schemtic\lib\worklib\ic\xc7s50fgga484\sym_8\symbol.css FILE263
E:\GitHub\KVM_prototype\schemtic\lib\worklib\ic\xc7s50fgga484\sym_2\symbol.css FILE264
E:\GitHub\KVM_prototype\schemtic\sch\worklib\kvm_prototype\sch_1\page27_csa.lck NEWFILE265
E:\GitHub\KVM_prototype\schemtic\sch\worklib\kvm_prototype\sch_1\page30.csb FILE266
E:\GitHub\KVM_prototype\schemtic\sch\worklib\kvm_prototype\sch_1\page30_csb.lck NEWFILE267
E:\GitHub\KVM_prototype\schemtic\lib\worklib\transistor\fds9926a\sym_2\symbol.css FILE268
E:\GitHub\KVM_prototype\schemtic\sch\worklib\kvm_prototype\sch_1\page30.csa FILE269
E:\GitHub\KVM_prototype\schemtic\sch\worklib\kvm_prototype\sch_1\page30.csv FILE270
E:\GitHub\KVM_prototype\schemtic\sch\worklib\kvm_prototype\sch_1\page29.csb FILE271
E:\GitHub\KVM_prototype\schemtic\sch\worklib\kvm_prototype/images/clipboard_2.jpg FILE272
E:\GitHub\KVM_prototype\schemtic\sch\worklib\kvm_prototype/images/clipboard_1_0.jpg FILE273
E:\GitHub\KVM_prototype\schemtic\sch\worklib\kvm_prototype\sch_1\page29_csb.lck NEWFILE274
E:\GitHub\KVM_prototype\schemtic\sch\worklib\kvm_prototype\sch_1\page30_csa.lck NEWFILE275
E:\GitHub\KVM_prototype\schemtic\lib\worklib\power\tpsm84824\sym_1\symbol.css FILE276
temp/xxnedtmp58/../tpsm84824.mkr NEWFILE277
E:\GitHub\KVM_prototype\schemtic\sch\worklib\kvm_prototype\sch_1\page29.csa FILE278
E:\GitHub\KVM_prototype\schemtic\sch\worklib\kvm_prototype\sch_1\page29.csv FILE279
E:\GitHub\KVM_prototype\schemtic\sch\worklib\kvm_prototype\sch_1\page29_csa.lck NEWFILE280
E:\GitHub\KVM_prototype\schemtic\sch\worklib\kvm_prototype\sch_1\page31.csb FILE281
E:\GitHub\KVM_prototype\schemtic\sch\worklib\kvm_prototype\sch_1\page31_csb.lck NEWFILE282
E:\GitHub\KVM_prototype\schemtic\sch\worklib\kvm_prototype\sch_1\page31.csa FILE283
E:\GitHub\KVM_prototype\schemtic\sch\worklib\kvm_prototype\sch_1\page31.csv FILE284
E:\GitHub\KVM_prototype\schemtic\sch\worklib\kvm_prototype\sch_1\page31_csa.lck NEWFILE285
E:\GitHub\KVM_prototype\schemtic\sch\worklib\kvm_prototype\sch_1\page32.csb FILE286
E:\GitHub\KVM_prototype\schemtic\sch\worklib\kvm_prototype\sch_1\page32_csb.lck NEWFILE287
E:\GitHub\KVM_prototype\schemtic\sch\worklib\kvm_prototype\sch_1\page32.csa FILE288
E:\GitHub\KVM_prototype\schemtic\sch\worklib\kvm_prototype\sch_1\page32.csv FILE289
E:\GitHub\KVM_prototype\schemtic\sch\worklib\kvm_prototype\sch_1\page33.csb FILE290
E:\GitHub\KVM_prototype\schemtic\sch\worklib\kvm_prototype\sch_1\page33_csb.lck NEWFILE291
E:\GitHub\KVM_prototype\schemtic\sch\worklib\kvm_prototype\sch_1\page32_csa.lck NEWFILE292
E:\GitHub\KVM_prototype\schemtic\sch\worklib\kvm_prototype\sch_1\page33.csa FILE293
E:\GitHub\KVM_prototype\schemtic\sch\worklib\kvm_prototype\sch_1\page33.csv FILE294
E:\GitHub\KVM_prototype\schemtic\sch\worklib\kvm_prototype\sch_1\page34.csb FILE295
E:\GitHub\KVM_prototype\schemtic\sch\worklib\kvm_prototype\sch_1\page34_csb.lck NEWFILE296
E:\GitHub\KVM_prototype\schemtic\sch\worklib\kvm_prototype\sch_1\page33_csa.lck NEWFILE297
E:\GitHub\KVM_prototype\schemtic\sch\worklib\kvm_prototype\sch_1\page34.csa FILE298
E:\GitHub\KVM_prototype\schemtic\sch\worklib\kvm_prototype\sch_1\page34.csv FILE299
E:\GitHub\KVM_prototype\schemtic\lib\worklib\protection\rclamp0524p\sym_1\symbol_css.lck NEWFILE300
D:/sys_temp/con754.tmp FILE301
D:/sys_temp/con2791.tmp FILE302
D:/sys_temp/con5057.tmp FILE303
E:\GitHub\KVM_prototype\schemtic\sch\worklib\kvm_prototype\sch_1\page34_csa.lck NEWFILE304
E:\GitHub\KVM_prototype\schemtic\sch\worklib\kvm_prototype\sch_1\page35.csb FILE305
E:\GitHub\KVM_prototype\schemtic\sch\worklib\kvm_prototype\sch_1\page35_csb.lck NEWFILE306
E:\GitHub\KVM_prototype\schemtic\sch\worklib\kvm_prototype\sch_1\page35.csa FILE307
E:\GitHub\KVM_prototype\schemtic\sch\worklib\kvm_prototype\sch_1\page35.csv FILE308
E:\GitHub\KVM_prototype\schemtic\sch\worklib\kvm_prototype\sch_1\page36.csb FILE309
E:\GitHub\KVM_prototype\schemtic\sch\worklib\kvm_prototype\sch_1\page36_csb.lck NEWFILE310
E:\GitHub\KVM_prototype\schemtic\sch\worklib\kvm_prototype\sch_1\page35_csa.lck NEWFILE311
E:\GitHub\KVM_prototype\schemtic\sch\worklib\kvm_prototype\sch_1\page36.csa FILE312
E:\GitHub\KVM_prototype\schemtic\sch\worklib\kvm_prototype\sch_1\page36.csv FILE313
E:\GitHub\KVM_prototype\schemtic\sch\worklib\kvm_prototype\sch_1\page37.csb FILE314
E:\GitHub\KVM_prototype\schemtic\sch\worklib\kvm_prototype\sch_1\page37_csb.lck NEWFILE315
E:\GitHub\KVM_prototype\schemtic\sch\worklib\kvm_prototype\sch_1\page36_csa.lck NEWFILE316
E:\GitHub\KVM_prototype\schemtic\sch\worklib\kvm_prototype\sch_1\page37.csa FILE317
E:\GitHub\KVM_prototype\schemtic\sch\worklib\kvm_prototype\sch_1\page37.csv FILE318
E:\GitHub\KVM_prototype\schemtic\sch\worklib\kvm_prototype\sch_1\page37_csa.lck NEWFILE319
E:\GitHub\KVM_prototype\schemtic\sch\worklib\kvm_prototype\sch_1\page38.csb FILE320
E:\GitHub\KVM_prototype\schemtic\sch\worklib\kvm_prototype\sch_1\page38_csb.lck NEWFILE321
E:\GitHub\KVM_prototype\schemtic\sch\worklib\kvm_prototype\sch_1\page38.csa FILE322
E:\GitHub\KVM_prototype\schemtic\sch\worklib\kvm_prototype\sch_1\page38.csv FILE323
E:\GitHub\KVM_prototype\schemtic\sch\worklib\kvm_prototype\sch_1\page38_csa.lck NEWFILE324
E:\GitHub\KVM_prototype\schemtic\sch\worklib\kvm_prototype\sch_1\page39.csb FILE325
E:\GitHub\KVM_prototype\schemtic\sch\worklib\kvm_prototype\sch_1\page39_csb.lck NEWFILE326
E:\GitHub\KVM_prototype\schemtic\lib\worklib\ic\usb3300\sym_1\symbol.css FILE327
E:\GitHub\KVM_prototype\schemtic\sch\worklib\kvm_prototype\sch_1\page39_csa.lck NEWFILE328
E:\GitHub\KVM_prototype\schemtic\sch\worklib\kvm_prototype\sch_1\page40.csb FILE329
E:\GitHub\KVM_prototype\schemtic\sch\worklib\kvm_prototype\sch_1\page40_csb.lck NEWFILE330
E:\GitHub\KVM_prototype\schemtic\lib\worklib\connector\usb_dul\sym_1\symbol.css FILE331
E:\GitHub\KVM_prototype\schemtic\lib\worklib\power\lm3526\sym_1\symbol.css FILE332
E:\GitHub\KVM_prototype\schemtic\lib\worklib\ic\gl850g\sym_1\symbol.css FILE333
temp/xxnedtmp58/../lm3526.mkr NEWFILE334
temp/xxnedtmp58/../usb_dul.mkr NEWFILE335
temp/xxnedtmp58/../gl850g.mkr NEWFILE336
E:\GitHub\KVM_prototype\schemtic\sch\worklib\kvm_prototype\sch_1\page40.csa FILE337
E:\GitHub\KVM_prototype\schemtic\sch\worklib\kvm_prototype\sch_1\page40.csv FILE338
E:\GitHub\KVM_prototype\schemtic\sch\worklib\kvm_prototype\sch_1\page41.csb FILE339
E:\GitHub\KVM_prototype\schemtic\sch\worklib\kvm_prototype\sch_1\page41_csb.lck NEWFILE340
E:\GitHub\KVM_prototype\schemtic\sch\worklib\kvm_prototype\sch_1\page40_csa.lck NEWFILE341
E:\GitHub\KVM_prototype\schemtic\sch\worklib\kvm_prototype\sch_1\page42.csb FILE342
E:\GitHub\KVM_prototype\schemtic\sch\worklib\kvm_prototype\sch_1\page42_csb.lck NEWFILE343
E:\GitHub\KVM_prototype\schemtic\sch\worklib\kvm_prototype\sch_1\page41_csa.lck NEWFILE344
E:\GitHub\KVM_prototype\schemtic\sch\worklib\kvm_prototype\sch_1\page43.csb FILE345
E:\GitHub\KVM_prototype\schemtic\sch\worklib\kvm_prototype\sch_1\page43_csb.lck NEWFILE346
E:\GitHub\KVM_prototype\schemtic\sch\worklib\kvm_prototype\sch_1\page42_csa.lck NEWFILE347
E:\GitHub\KVM_prototype\schemtic\sch\worklib\kvm_prototype\sch_1\page43.csa FILE348
E:\GitHub\KVM_prototype\schemtic\sch\worklib\kvm_prototype\sch_1\page43.csv FILE349
E:\GitHub\KVM_prototype\schemtic\sch\worklib\kvm_prototype\sch_1\page44.csb FILE350
E:\GitHub\KVM_prototype\schemtic\sch\worklib\kvm_prototype\sch_1\page44_csb.lck NEWFILE351
E:\GitHub\KVM_prototype\schemtic\sch\worklib\kvm_prototype\sch_1\page43_csa.lck NEWFILE352
E:\GitHub\KVM_prototype\schemtic\sch\worklib\kvm_prototype\sch_1\page44.csa FILE353
E:\GitHub\KVM_prototype\schemtic\sch\worklib\kvm_prototype\sch_1\page44.csv FILE354
E:\GitHub\KVM_prototype\schemtic\sch\worklib\kvm_prototype\sch_1\page45.csb FILE355
E:\GitHub\KVM_prototype\schemtic\sch\worklib\kvm_prototype\sch_1\page45_csb.lck NEWFILE356
E:\GitHub\KVM_prototype\schemtic\sch\worklib\kvm_prototype\sch_1\page44_csa.lck NEWFILE357
E:\GitHub\KVM_prototype\schemtic\sch\worklib\kvm_prototype\sch_1\page45_csa.lck NEWFILE358
E:\GitHub\KVM_prototype\schemtic\sch\worklib\kvm_prototype\sch_1\page46.csb FILE359
E:\GitHub\KVM_prototype\schemtic\sch\worklib\kvm_prototype\sch_1\page46_csb.lck NEWFILE360
E:\GitHub\KVM_prototype\schemtic\lib\worklib\connector\pcie_x16\sym_3\symbol.css FILE361
E:\GitHub\KVM_prototype\schemtic\lib\worklib\connector\pcie_x16\sym_2\symbol.css FILE362
E:\GitHub\KVM_prototype\schemtic\lib\worklib\connector\pcie_x16\sym_1\symbol.css FILE363
E:\GitHub\KVM_prototype\schemtic\sch\worklib\kvm_prototype\sch_1\page47.csb FILE364
E:\GitHub\KVM_prototype\schemtic\sch\worklib\kvm_prototype\sch_1\page47_csb.lck NEWFILE365
E:\GitHub\KVM_prototype\schemtic\sch\worklib\kvm_prototype\sch_1\page46_csa.lck NEWFILE366
E:\GitHub\KVM_prototype\schemtic\sch\worklib\kvm_prototype\sch_1\page48.csb FILE367
E:\GitHub\KVM_prototype\schemtic\sch\worklib\kvm_prototype/images/clipboard_1_1.jpg FILE368
E:\GitHub\KVM_prototype\schemtic\sch\worklib\kvm_prototype/images/clipboard_2_0.jpg FILE369
E:\GitHub\KVM_prototype\schemtic\sch\worklib\kvm_prototype/images/clipboard_0_3.jpg FILE370
E:\GitHub\KVM_prototype\schemtic\sch\worklib\kvm_prototype\sch_1\page48_csb.lck NEWFILE371
E:\GitHub\KVM_prototype\schemtic\sch\worklib\kvm_prototype\sch_1\page47_csa.lck NEWFILE372
E:\GitHub\KVM_prototype\schemtic\sch\worklib\kvm_prototype\sch_1\page49.csb FILE373
E:\GitHub\KVM_prototype\schemtic\sch\worklib\kvm_prototype\sch_1\page49_csb.lck NEWFILE374
E:\GitHub\KVM_prototype\schemtic\sch\worklib\kvm_prototype\sch_1\page48_csa.lck NEWFILE375
E:\GitHub\KVM_prototype\schemtic\lib\worklib\ic\xc7a200tffg1156\sym_19\symbol.css FILE376
E:\GitHub\KVM_prototype\schemtic\lib\worklib\ic\xc7a200tffg1156\sym_20\symbol.css FILE377
E:\GitHub\KVM_prototype\schemtic\lib\worklib\ic\xc7a200tffg1156\sym_22\symbol.css FILE378
E:\GitHub\KVM_prototype\schemtic\lib\worklib\ic\xc7a200tffg1156\sym_23\symbol.css FILE379
E:\GitHub\KVM_prototype\schemtic\lib\worklib\ic\xc7a200tffg1156\sym_25\symbol.css FILE380
E:\GitHub\KVM_prototype\schemtic\sch\worklib\kvm_prototype\sch_1\page50.csb FILE381
E:\GitHub\KVM_prototype\schemtic\sch\worklib\kvm_prototype\sch_1\page50_csb.lck NEWFILE382
E:\GitHub\KVM_prototype\schemtic\sch\worklib\kvm_prototype\sch_1\page49_csa.lck NEWFILE383
E:\GitHub\KVM_prototype\schemtic\lib\worklib\ic\xc7a200tffg1156\sym_17\symbol.css FILE384
E:\GitHub\KVM_prototype\schemtic\lib\worklib\ic\xc7a200tffg1156\sym_18\symbol.css FILE385
E:\GitHub\KVM_prototype\schemtic\lib\worklib\ic\xc7a200tffg1156\sym_21\symbol.css FILE386
E:\GitHub\KVM_prototype\schemtic\lib\worklib\ic\xc7a200tffg1156\sym_16\symbol.css FILE387
E:\GitHub\KVM_prototype\schemtic\lib\worklib\ic\xc7a200tffg1156\sym_24\symbol.css FILE388
E:\GitHub\KVM_prototype\schemtic\sch\worklib\kvm_prototype\sch_1\page51.csb FILE389
E:\GitHub\KVM_prototype\schemtic\sch\worklib\kvm_prototype\sch_1\page51_csb.lck NEWFILE390
E:\GitHub\KVM_prototype\schemtic\sch\worklib\kvm_prototype\sch_1\page50_csa.lck NEWFILE391
E:\GitHub\KVM_prototype\schemtic\lib\worklib\oscillator\osc#2d125m#2ddif\sym_1\symbol.css FILE392
E:\GitHub\KVM_prototype\schemtic\sch\worklib\kvm_prototype\sch_1\page52.csb FILE393
E:\GitHub\KVM_prototype\schemtic\sch\worklib\kvm_prototype/images/clipboard_0_4.jpg FILE394
E:\GitHub\KVM_prototype\schemtic\sch\worklib\kvm_prototype\sch_1\page52_csb.lck NEWFILE395
E:\GitHub\KVM_prototype\schemtic\sch\worklib\kvm_prototype\sch_1\page51_csa.lck NEWFILE396
E:\GitHub\KVM_prototype\schemtic\lib\worklib\ic\xc7a200tffg1156\sym_4\symbol.css FILE397
E:\GitHub\KVM_prototype\schemtic\lib\worklib\ic\xc7a200tffg1156\sym_1\symbol.css FILE398
E:\GitHub\KVM_prototype\schemtic\lib\worklib\ic\xc7a200tffg1156\sym_1\symbol_css.lck NEWFILE399
D:/sys_temp/con555.tmp FILE400
D:/sys_temp/con2F05.tmp FILE401
temp/xxnedtmp58/../xc7a200tffg1156.mkr NEWFILE402
E:\GitHub\KVM_prototype\schemtic\sch\worklib\kvm_prototype\sch_1\page52.csa FILE403
E:\GitHub\KVM_prototype\schemtic\sch\worklib\kvm_prototype\sch_1\page52.csv FILE404
E:\GitHub\KVM_prototype\schemtic\sch\worklib\kvm_prototype\sch_1\page53.csb FILE405
E:\GitHub\KVM_prototype\schemtic\sch\worklib\kvm_prototype\sch_1\page53_csb.lck NEWFILE406
E:\GitHub\KVM_prototype\schemtic\sch\worklib\kvm_prototype\sch_1\page52_csa.lck NEWFILE407
E:\GitHub\KVM_prototype\schemtic\lib\worklib\ic\xc7a200tffg1156\sym_2\symbol.css FILE408
D:/sys_temp/conC02D.tmp FILE409
D:/sys_temp/conF8F9.tmp FILE410
E:\GitHub\KVM_prototype\schemtic\sch\worklib\kvm_prototype\sch_1\page53.csa FILE411
E:\GitHub\KVM_prototype\schemtic\sch\worklib\kvm_prototype\sch_1\page53.csv FILE412
E:\GitHub\KVM_prototype\schemtic\sch\worklib\kvm_prototype\sch_1\page53_csa.lck NEWFILE413
