



    Cadence Design Systems, Inc.
    Packager-XL 16.6-p001 (v16-6-112A) WIN32 9/10/2012 12:00:00 IST
    (C) Copyright 1994, Cadence Design Systems, Inc.

    Run on Wed Apr 25 13:38:51 2018


 **********************************************
 *  Processing project file and command line  *
 **********************************************



    ANNOTATE  'BODY' 'PIN'
    COMP_DEF_PROP  'ALT_SYMBOLS' 'JEDEC_TYPE' 'NC_PINS' 'MERGE_NC_PINS'
                   'POWER_GROUP' 'POWER_PINS' 'MERGE_POWER_PINS' 'PINCOUNT'
    COMP_INST_PROP  'GROUP' 'ROOM' 'REUSE_INSTANCE' 'REUSE_ID' 'REUSE_NAME'
                    'SIGNAL_MODEL' 'DEFAULT_SIGNAL_MODEL'
                    'VOLT_TEMP_SIGNAL_MODEL' 'SYMBOL_EDITED'
                    'INCLUDE_IN_RF_TOPOLOGY' 'CDS_FSP_LIB_PART_MODEL'
                    'CDS_FSP_IS_FPGA' 'CDS_FSP_INSTANCE_NAME'
                    'CDS_FSP_INSTANCE_ID' 'NO_XNET_CONNECTION'
                    'EMBEDDED_PLACEMENT' 'ISRFELEMENT' 'RFELEMENTTYPE' 'RFLAYER'
                    'RFLAYER1' 'RFLAYER2' 'RFLAYER3' 'RFLAYER4' 'RFLAYER5'
                    'RFLAYER6' 'RFLAYER7' 'RFLAYER8' 'RFLAYER9' 'RFLAYER10'
                    'RFLAYER11' 'RFLAYER12' 'RFLAYER13' 'RFLAYER14' 'RFLAYER15'
                    'RFLAYER16' 'RFCOUPLINGMODE' 'RFFLIPMODE' 'RFANGLE'
                    'RFANGLE1' 'RFWIDTH' 'RFWIDTH1' 'RFWIDTH2' 'RFWIDTH3'
                    'RFWIDTH4' 'RFWIDTH5' 'RFWIDTH6' 'RFWIDTH7' 'RFWIDTH8'
                    'RFWIDTH9' 'RFWIDTH10' 'RFWIDTH11' 'RFWIDTH12' 'RFWIDTH13'
                    'RFWIDTH14' 'RFWIDTH15' 'RFWIDTH16' 'RFLENGTH' 'RFLENGTH1'
                    'RFLENGTH2' 'RFLENGTH3' 'RFLENGTH4' 'RFLENGTH5' 'RFLENGTH6'
                    'RFLENGTH7' 'RFLENGTH8' 'RFSPACING' 'RFSPACING1'
                    'RFSPACING2' 'RFSPACING3' 'RFSPACING4' 'RFSPACING5'
                    'RFSPACING6' 'RFSPACING7' 'RFSPACING8' 'RFSPACING9'
                    'RFSPACING10' 'RFSPACING11' 'RFSPACING12' 'RFSPACING13'
                    'RFSPACING14' 'RFSPACING15' 'RFOFFSETX' 'RFOFFSETY'
                    'RFRADIUS' 'RFDEPTH' 'RFFREQUENCY' 'RFMITERFRACTION'
                    'RFBENDMODE' 'RFNUMBERLEGS' 'RFNUMBERPAIRS' 'RFNUMBERTURNS'
                    'RFCAPACITANCE' 'RFRESISTANCE' 'RFINDUCTANCE'
                    'RFPADSTACKNAME' 'RFPADSSMNAME1' 'RFPADSSMNAME2'
                    'RFPADBEGINLAYER' 'RFPADENDLAYER' 'RFPADLINEWIDTH1'
                    'RFPADLINEWIDTH2' 'RFPADDIAMETER1' 'RFPADDIAMETER2'
                    'RFPADLENGTH1' 'RFPADLENGTH2' 'RFHOLEDIAMETER' 'RFPADANGLE'
                    'RFDRANAME' 'RFPADTYPE' 'RFUID' 'RFBLOCK' 'RFDCNET'
                    'RFGROUP'
    SUPPRESS_GLOBAL_SHORT_CHECK OFF
    DEBUG    0
    DEFAULT_PHYS_DES_PREFIX U
    FEEDBACK  'OFF'
    MAX_ERRORS 999
    NET_NAME_CHARS   @  -  !  #  %  &  (  )  *  .  /  :  ?  [  ]  ^  _  `  +
                     =  >  0  1  2  3  4  5  6  7  8  9
    NET_NAME_LENGTH 31
    NUM_OLD_VERSIONS 3
    OPTIMIZE OFF
    REUSE_REFDES ON
    OPF_OPTIMIZATION OFF
    HARD_LOC_SEC OFF
    FORCE_PTF_ENTRY OFF
    REGENERATE_PHYSICAL_NET_NAME ON
    SCH_POWER_GROUP_WINS_OVER_PPT OFF
    NULL_OPT_VALID OFF
    USE_VECTOR_NOTATION ON
    FILTER_ECS_FROM_XNET ON
    OUTPUT  'ON'
    PACKAGE_PROP  'GROUP' 'ROOM'
    PART_TYPE_LENGTH 31
    REF_DES_LENGTH 31
    REPACKAGE OFF
    ELECTRICAL_CONSTRAINTS ON
    OVERWRITE_CONSTRAINTS OFF
    RUN_DIR ./worklib/kvm_prototype/packaged/
    STRICT_PACKAGE_PROP  'REUSE_INSTANCE'
    USE_LIBRARY_PPT ON
    USE_STATE ON
    WARNINGS ON
    LIBRARY  'standard' 'kvm_prototype_lib' 'resistor' 'capcitor' 'diode' 'fuse'
             'ic' 'inductor' 'oscillator' 'others' 'power' 'protection' 'switch'
             'transistor' 'connector'
    CDSPROP_FILE 
    VIEW_PTF part_table
    VIEW_PACKAGER packaged
    VIEW_CONSTRAINTS sch_1
    DESIGN_LIBRARY kvm_prototype_lib
    DESIGN_NAME kvm_prototype
    VIEW_CONFIG_PHYSICAL cfg_package
    SD_SUFFIX_SEPARATOR _
    STOP_PST_GEN_ON_PTF_MISMATCH ON
    IGNORE_PRIM_BINDING OFF
    LOG_INST_PHYS_PATH ON
    ANNOTATE_VISIBLE_SEC OFF
    PTF_MISMATCH_EXCLUDE_INJ_PROP  'ALL'
    IMPORT_HFS_HARDSEC_ON_SWAP_PINS OFF
    ALLOW_PTFVALUE_INITIAL_BLANKS ON
    PRESERVE_UNSUBSTITUTED_MACROS OFF
    DETECT_SYS_NETSHORTS_PKG ON
    PROCESS_PIN_SHORT_PROP OFF
    STOP_PACKAGE_ON_SCHEMATIC_ERROR OFF
    LOCK_FILE_PERM 444
    LOCK_FOR_SAME_USER OFF
    ERROR_ON_MISMATCHED_INTERFACE ON
    RETAIN_ZERO_NODE_NETS OFF
    CACHE_ENABLED OFF
    CACHE_NAME cache
    PTF_NAME cache

 **************************************************************
 *  End processing project file and command line  (00:00:00)  *
 **************************************************************


Creating Configuration "cfg_package" for Design "kvm_prototype"

INFO(SPCODD-181): Loading E:\Cadence\SPB_16.6\share\cdssetup\cdsprop.tmf.
INFO(SPCODD-181): Loading E:\Cadence\SPB_16.6\share\cdssetup\cdsprop.paf.

 *********************************
 *  Loading the design database  *
 *********************************

INFO(SPCODD-181): Loading F:/Design_Projects/matrix_kvm/schemtic_backup2018040~
3/lib/worklib/capcitor/cp/part_table/part.ptf.
INFO(SPCODD-181): Loading F:/Design_Projects/matrix_kvm/schemtic_backup2018040~
3/lib/worklib/transistor/npn/part_table/part.ptf.
INFO(SPCODD-181): Loading F:/Design_Projects/matrix_kvm/schemtic_backup2018040~
3/lib/worklib/diode/led_s/part_table/part.ptf.
INFO(SPCODD-181): Loading F:/Design_Projects/matrix_kvm/schemtic_backup2018040~
3/lib/worklib/switch/resetkey/part_table/part.ptf.
INFO(SPCODD-181): Loading F:/Design_Projects/matrix_kvm/schemtic_backup2018040~
3/lib/worklib/ic/adv7612bswz/part_table/part.ptf.
INFO(SPCODD-181): Loading F:/Design_Projects/matrix_kvm/schemtic_backup2018040~
3/lib/worklib/inductor/lb/part_table/part.ptf.
INFO(SPCODD-181): Loading F:/Design_Projects/matrix_kvm/schemtic_backup2018040~
3/lib/worklib/oscillator/crystal/part_table/part.ptf.
INFO(SPCODD-181): Loading F:/Design_Projects/matrix_kvm/schemtic_backup2018040~
3/lib/worklib/ic/adv7511kstz/part_table/part.ptf.
INFO(SPCODD-181): Loading F:/Design_Projects/matrix_kvm/schemtic_backup2018040~
3/lib/worklib/connector/head1x2_s/part_table/part.ptf.
INFO(SPCODD-181): Loading F:/Design_Projects/matrix_kvm/schemtic_backup2018040~
3/lib/worklib/ic/xc7s50fgga484/part_table/part.ptf.
INFO(SPCODD-181): Loading F:/Design_Projects/matrix_kvm/schemtic_backup2018040~
3/lib/worklib/protection/esd/part_table/part.ptf.
INFO(SPCODD-181): Loading F:/Design_Projects/matrix_kvm/schemtic_backup2018040~
3/lib/worklib/connector/head2x5/part_table/part.ptf.
INFO(SPCODD-181): Loading F:/Design_Projects/matrix_kvm/schemtic_backup2018040~
3/lib/worklib/oscillator/osc#2d4/part_table/part.ptf.
INFO(SPCODD-181): Loading F:/Design_Projects/matrix_kvm/schemtic_backup2018040~
3/lib/worklib/ic/xc7a200tffg1156/part_table/part.ptf.
INFO(SPCODD-181): Loading F:/Design_Projects/matrix_kvm/schemtic_backup2018040~
3/lib/worklib/ic/xc6slx16csg324/part_table/part.ptf.
INFO(SPCODD-181): Loading F:/Design_Projects/matrix_kvm/schemtic_backup2018040~
3/lib/worklib/connector/head2x3/part_table/part.ptf.
INFO(SPCODD-181): Loading F:/Design_Projects/matrix_kvm/schemtic_backup2018040~
3/lib/worklib/resistor/rn/part_table/part.ptf.
INFO(SPCODD-181): Loading F:/Design_Projects/matrix_kvm/schemtic_backup2018040~
3/lib/worklib/ic/hy5ps121621cfp/part_table/part.ptf.
INFO(SPCODD-181): Loading F:/Design_Projects/matrix_kvm/schemtic_backup2018040~
3/lib/worklib/connector/head2x7/part_table/part.ptf.
INFO(SPCODD-181): Loading F:/Design_Projects/matrix_kvm/schemtic_backup2018040~
3/lib/worklib/ic/m25p40/part_table/part.ptf.
INFO(SPCODD-181): Loading F:/Design_Projects/matrix_kvm/schemtic_backup2018040~
3/lib/worklib/others/tp/part_table/part.ptf.
INFO(SPCODD-181): Loading F:/Design_Projects/matrix_kvm/schemtic_backup2018040~
3/lib/worklib/ic/cy22394fc/part_table/part.ptf.
INFO(SPCODD-181): Loading F:/Design_Projects/matrix_kvm/schemtic_backup2018040~
3/lib/worklib/ic/xc7z015_1clg485c/part_table/part.ptf.
INFO(SPCODD-181): Loading F:/Design_Projects/matrix_kvm/schemtic_backup2018040~
3/lib/worklib/connector/6pin/part_table/part.ptf.
INFO(SPCODD-181): Loading F:/Design_Projects/matrix_kvm/schemtic_backup2018040~
3/lib/worklib/diode/mbrd835l/part_table/part.ptf.
INFO(SPCODD-181): Loading F:/Design_Projects/matrix_kvm/schemtic_backup2018040~
3/lib/worklib/ic/usb3300/part_table/part.ptf.
INFO(SPCODD-181): Loading F:/Design_Projects/matrix_kvm/schemtic_backup2018040~
3/lib/worklib/ic/gl850g/part_table/part.ptf.
INFO(SPCODD-181): Loading F:/Design_Projects/matrix_kvm/schemtic_backup2018040~
3/lib/worklib/power/lm3526/part_table/part.ptf.
INFO(SPCODD-181): Loading F:/Design_Projects/matrix_kvm/schemtic_backup2018040~
3/lib/worklib/connector/usb_dul/part_table/part.ptf.
 #1   ERROR(SPCODD-114): Duplicate physical part name DIODE found on line 2 in~
 F:/Design_Projects/matrix_kvm/schemtic_backup20180403/lib/worklib/diode/diode~
/chips/chips.prt. Edit the chips.prt file to remove the duplicate entry from t~
he primitive name
 Packaging can not complete because the file F:/Design_Projects/matrix_kvm/sch~
emtic_backup20180403/lib/worklib/diode/diode/chips/chips.prt could not be load~
ed. There might be syntax errors in this file. Ensure that the syntax is corre~
ct before proceeding.
INFO(SPCODD-181): Loading F:/Design_Projects/matrix_kvm/schemtic_backup2018040~
3/lib/worklib/resistor/r/part_table/part.ptf.
 #2   ERROR(SPCODD-114): Duplicate physical part name C found on line 2 in F:/~
Design_Projects/matrix_kvm/schemtic_backup20180403/lib/worklib/capcitor/c/chip~
s/chips.prt. Edit the chips.prt file to remove the duplicate entry from the pr~
imitive name
 Packaging can not complete because the file F:/Design_Projects/matrix_kvm/sch~
emtic_backup20180403/lib/worklib/capcitor/c/chips/chips.prt could not be loade~
d. There might be syntax errors in this file. Ensure that the syntax is correc~
t before proceeding.
INFO(SPCODD-181): Loading F:/Design_Projects/matrix_kvm/schemtic_backup2018040~
3/lib/worklib/ic/at24c02/part_table/part.ptf.
INFO(SPCODD-181): Loading F:/Design_Projects/matrix_kvm/schemtic_backup2018040~
3/lib/worklib/inductor/l/part_table/part.ptf.
 #3   ERROR(SPCODD-114): Duplicate physical part name DIODE found on line 2 in~
 F:/Design_Projects/matrix_kvm/schemtic_backup20180403/lib/worklib/diode/diode~
/chips/chips.prt. Edit the chips.prt file to remove the duplicate entry from t~
he primitive name
 Packaging can not complete because the file F:/Design_Projects/matrix_kvm/sch~
emtic_backup20180403/lib/worklib/diode/diode/chips/chips.prt could not be load~
ed. There might be syntax errors in this file. Ensure that the syntax is corre~
ct before proceeding.
INFO(SPCOPK-1441): 3 errors detected
INFO(SPCOPK-1444): No warnings detected
INFO(SPCOPK-1448): Use Tools->Markers->Packager in ConceptHDL to highlight ins~
tances for the errors/warnings reported.
    Start time   13:38:51
    End time     13:38:57
    Elapsed time  0:00:06

 **************************************************
 *  FATAL ERROR PackagerXL exiting with status 2  *
 **************************************************

