temp/xxnedtmp49/event.log NEWFILE1
temp/xxnedtmp49/text.log NEWFILE2
temp/xxnedtmp49/environ.log NEWFILE3
C:\Cadence\SPB_16.6\share\cdssetup/concept/concepthdl.scr FILE4
E:\GitHub\KVM_prototype\schemtic\sch\cds.lib FILE5
E:\GitHub\KVM_prototype\schemtic\sch\worklib\kvm_prototype\sch_1\page1.csb FILE6
E:\GitHub\KVM_prototype\schemtic\sch\worklib\kvm_prototype\sch_1\page1_csb.lck NEWFILE7
temp/xxnedtmp49/undo1.log NEWFILE8
C:\Cadence\SPB_16.6\share\library\standard\c#20size#20page\sym_1\symbol.css FILE9
E:\GitHub\KVM_prototype\schemtic\sch\worklib\kvm_prototype\sch_1\page1_csa.lck NEWFILE10
E:/GitHub/KVM_prototype/schemtic/sch/worklib/kvm_prototype/sch_1/kvm_prototype.xcon FILE11
E:/GitHub/KVM_prototype/schemtic/sch/worklib/kvm_prototype/sch_1/kvm_prototype.dcf FILE12
E:\GitHub\KVM_prototype\schemtic\sch\worklib\kvm_prototype\sch_1\page5.csb FILE13
E:\GitHub\KVM_prototype\schemtic\sch\worklib\kvm_prototype\sch_1\page5_csb.lck FILE14
E:\GitHub\KVM_prototype\schemtic\lib\worklib\c\sym_1\symbol.css FILE15
E:\GitHub\KVM_prototype\schemtic\lib\worklib\r\sym_1\symbol.css FILE16
C:\Cadence\SPB_16.6\share\library\standard\gnd_signal\sym_1\symbol.css FILE17
E:\GitHub\KVM_prototype\schemtic\lib\worklib\crystal\sym_1\symbol.css FILE18
E:\GitHub\KVM_prototype\schemtic\lib\worklib\lb\sym_1\symbol.css FILE19
E:\GitHub\KVM_prototype\schemtic\lib\worklib\adv7612bswz\sym_1\symbol.css FILE20
C:/Cadence/SPB_16.6/tools/language/config.dat FILE21
temp/xxnedtmp49/concept.mkr NEWFILE22
C:/Cadence/SPB_16.6/tools/language/pack_type_rename.dat NEWFILE23
temp/xxnedtmp49/../r.mkr NEWFILE24
temp/xxnedtmp49/../c#20size#20page.mkr NEWFILE25
temp/xxnedtmp49/../c.mkr NEWFILE26
temp/xxnedtmp49/../gnd_signal.mkr NEWFILE27
temp/xxnedtmp49/../crystal.mkr NEWFILE28
temp/xxnedtmp49/../lb.mkr NEWFILE29
temp/xxnedtmp49/../adv7612bswz.mkr NEWFILE30
E:\GitHub\KVM_prototype\schemtic\sch\worklib\kvm_prototype\sch_1\page5.csa FILE31
E:\GitHub\KVM_prototype\schemtic\sch\worklib\kvm_prototype\sch_1\page5.csv FILE32
E:/GitHub/KVM_prototype/schemtic/sch/worklib/kvm_prototype/sch_1/kvm_prototype_xcon.lck NEWFILE33
E:/GitHub/KVM_prototype/schemtic/sch/worklib/kvm_prototype/sch_1/kvm_prototype_dcf.lck NEWFILE34
temp/xxnedtmp49/csnetlister.mkr NEWFILE35
