	(Comment
		(Time 01/15/18,19:31:54)
		(User cpp8013)
		(MsgId ECO_021)
		(Text "Package OSC-12MHZ added to cell")
		(Param1 "OSC-12MHZ")
	)
	(Comment
		(Time 01/15/18,19:34:17)
		(User cpp8013)
		(MsgId ECO_081)
		(Text "Symbol sym_1 added to cell")
		(Param1 "sym_1")
	)
	(Comment
		(Time 05/09/18,13:58:32)
		(User cdj)
		(MsgId ECO_151)
		(Text "Verilog wrapper vlog_model added to cell")
		(Param1 "vlog_model")
	)
	(Comment
		(Time 05/09/18,14:01:45)
		(User cdj)
		(MsgId ECO_211)
		(Text "PTF file part.ptf added")
		(Param1 "part.ptf")
	)
