	(Comment
		(Time 01/02/18,20:34:04)
		(User Administrator)
		(MsgId ECO_021)
		(Text "Package BSS123LT1 added to cell")
		(Param1 "BSS123LT1")
	)
	(Comment
		(Time 01/02/18,20:34:51)
		(User Administrator)
		(MsgId ECO_081)
		(Text "Symbol sym_1 added to cell")
		(Param1 "sym_1")
	)
	(Comment
		(Time 05/07/18,11:39:31)
		(User cdj)
		(MsgId ECO_151)
		(Text "Verilog wrapper vlog_model added to cell")
		(Param1 "vlog_model")
	)
	(Comment
		(Time 05/15/18,15:28:54)
		(User cpp8013)
		(MsgId ECO_211)
		(Text "PTF file part.ptf added")
		(Param1 "part.ptf")
	)
