	(Comment
		(Time 03/20/18,16:07:58)
		(User cpp8013)
		(MsgId ECO_021)
		(Text "Package WIPER-SW added to cell")
		(Param1 "WIPER-SW")
	)
	(Comment
		(Time 03/20/18,16:08:24)
		(User cpp8013)
		(MsgId ECO_081)
		(Text "Symbol sym_1 added to cell")
		(Param1 "sym_1")
	)
	(Comment
		(Time 05/13/18,20:26:41)
		(User Administrator)
		(MsgId ECO_211)
		(Text "PTF file part.ptf added")
		(Param1 "part.ptf")
	)
	(Comment
		(Time 05/15/18,14:46:12)
		(User cdj)
		(MsgId ECO_151)
		(Text "Verilog wrapper vlog_model added to cell")
		(Param1 "vlog_model")
	)
