temp/xxnedtmp33/event.log NEWFILE1
temp/xxnedtmp33/text.log NEWFILE2
temp/xxnedtmp33/environ.log NEWFILE3
C:\Cadence\SPB_16.6\share\cdssetup/concept/concepthdl.scr FILE4
E:\GitHub\KVM_prototype\schemtic\sch\cds.lib FILE5
E:\GitHub\KVM_prototype\schemtic\sch\worklib\kvm_prototype\sch_1\page1.csb FILE6
E:\GitHub\KVM_prototype\schemtic\sch\worklib\kvm_prototype\sch_1\page1_csb.lck NEWFILE7
temp/xxnedtmp33/undo1.log NEWFILE8
C:\Cadence\SPB_16.6\share\library\standard\c#20size#20page\sym_1\symbol.css FILE9
E:\GitHub\KVM_prototype\schemtic\sch\worklib\kvm_prototype\sch_1\page1_csa.lck NEWFILE10
E:/GitHub/KVM_prototype/schemtic/sch/worklib/kvm_prototype/sch_1/kvm_prototype.xcon FILE11
E:/GitHub/KVM_prototype/schemtic/sch/worklib/kvm_prototype/sch_1/kvm_prototype.dcf FILE12
E:\GitHub\KVM_prototype\schemtic\sch\worklib\kvm_prototype\sch_1\page15.csb FILE13
E:\GitHub\KVM_prototype\schemtic\sch\worklib\kvm_prototype/images/14.jpg FILE14
E:\GitHub\KVM_prototype\schemtic\sch\worklib\kvm_prototype\sch_1\page15_csb.lck NEWFILE15
E:\GitHub\KVM_prototype\schemtic\lib\worklib\usb_a_x2\sym_1\symbol.css FILE16
C:\Cadence\SPB_16.6\share\library\standard\gnd_signal\sym_1\symbol.css FILE17
E:\GitHub\KVM_prototype\schemtic\lib\worklib\tpd4s012\sym_1\symbol.css FILE18
E:\GitHub\KVM_prototype\schemtic\lib\worklib\head1x2_s\sym_1\symbol.css FILE19
E:\GitHub\KVM_prototype\schemtic\lib\worklib\lb\sym_1\symbol.css FILE20
E:\GitHub\KVM_prototype\schemtic\sch\worklib\kvm_prototype\sch_1\page3.csb FILE21
E:\GitHub\KVM_prototype\schemtic\sch\worklib\kvm_prototype/images/4.jpg FILE22
E:\GitHub\KVM_prototype\schemtic\sch\worklib\kvm_prototype/images/1.jpg FILE23
E:\GitHub\KVM_prototype\schemtic\sch\worklib\kvm_prototype/images/2.jpg FILE24
E:\GitHub\KVM_prototype\schemtic\sch\worklib\kvm_prototype/images/3.jpg FILE25
E:\GitHub\KVM_prototype\schemtic\sch\worklib\kvm_prototype/images/5.jpg FILE26
E:\GitHub\KVM_prototype\schemtic\sch\worklib\kvm_prototype\sch_1\page3_csb.lck NEWFILE27
E:\GitHub\KVM_prototype\schemtic\sch\worklib\kvm_prototype\sch_1\page15_csa.lck NEWFILE28
E:\GitHub\KVM_prototype\schemtic\lib\worklib\r\sym_1\symbol.css FILE29
E:\GitHub\KVM_prototype\schemtic\lib\worklib\adp5053\sym_1\symbol.css FILE30
E:\GitHub\KVM_prototype\schemtic\lib\worklib\c\sym_1\symbol.css FILE31
E:\GitHub\KVM_prototype\schemtic\lib\worklib\cp\sym_1\symbol.css FILE32
E:\GitHub\KVM_prototype\schemtic\lib\worklib\l\sym_1\symbol.css FILE33
E:\GitHub\KVM_prototype\schemtic\lib\worklib\fds9926a\sym_2\symbol.css FILE34
E:\GitHub\KVM_prototype\schemtic\lib\worklib\fds9926a\sym_1\symbol.css FILE35
C:\Cadence\SPB_16.6\share\library\standard\inport\sym_1\symbol.css FILE36
E:\GitHub\KVM_prototype\schemtic\lib\worklib\resetkey\sym_1\symbol.css FILE37
C:\Cadence\SPB_16.6\share\library\standard\outport\sym_1\symbol.css FILE38
E:\GitHub\KVM_prototype\schemtic\lib\worklib\led_s\sym_1\symbol.css FILE39
E:\GitHub\KVM_prototype\schemtic\lib\worklib\npn\sym_1\symbol.css FILE40
D:/sys_temp/con85D1.tmp FILE41
E:\GitHub\KVM_prototype\schemtic\sch\worklib\kvm_prototype\sch_1\page3_csa.lck NEWFILE42
D:/sys_temp/conDDC1.tmp FILE43
C:/Cadence/SPB_16.6/tools/language/config.dat FILE44
temp/xxnedtmp33/concept.mkr NEWFILE45
C:/Cadence/SPB_16.6/tools/language/pack_type_rename.dat NEWFILE46
temp/xxnedtmp33/../r.mkr NEWFILE47
temp/xxnedtmp33/../gnd_signal.mkr NEWFILE48
temp/xxnedtmp33/../c.mkr NEWFILE49
temp/xxnedtmp33/../c#20size#20page.mkr NEWFILE50
temp/xxnedtmp33/../usb_a_x2.mkr NEWFILE51
temp/xxnedtmp33/../tpd4s012.mkr NEWFILE52
temp/xxnedtmp33/../head1x2_s.mkr NEWFILE53
temp/xxnedtmp33/../lb.mkr NEWFILE54
E:\GitHub\KVM_prototype\schemtic\sch\worklib\kvm_prototype\sch_1\page15.csa FILE55
E:\GitHub\KVM_prototype\schemtic\sch\worklib\kvm_prototype\sch_1\page15.csv FILE56
E:\GitHub\KVM_prototype\schemtic\sch\worklib\kvm_prototype\sch_1\pc.db FILE57
E:/GitHub/KVM_prototype/schemtic/sch/worklib/kvm_prototype/sch_1/kvm_prototype_xcon.lck NEWFILE58
E:/GitHub/KVM_prototype/schemtic/sch/worklib/kvm_prototype/sch_1/kvm_prototype_dcf.lck NEWFILE59
temp/xxnedtmp33/csnetlister.mkr NEWFILE60
D:/sys_temp/conD9FB.tmp FILE61
D:/sys_temp/conDE7F.tmp FILE62
temp/xxnedtmp33/../cp.mkr NEWFILE63
D:/sys_temp/con3891.tmp FILE64
D:/sys_temp/con4954.tmp FILE65
E:\GitHub\KVM_prototype\schemtic\sch\worklib\kvm_prototype\sch_1\page14.csb FILE66
E:\GitHub\KVM_prototype\schemtic\sch\worklib\kvm_prototype/images/11.jpg FILE67
E:\GitHub\KVM_prototype\schemtic\sch\worklib\kvm_prototype/images/12.jpg FILE68
E:\GitHub\KVM_prototype\schemtic\sch\worklib\kvm_prototype/images/13.jpg FILE69
E:\GitHub\KVM_prototype\schemtic\sch\worklib\kvm_prototype\sch_1\page14_csb.lck NEWFILE70
E:\GitHub\KVM_prototype\schemtic\lib\worklib\eeprom#2d512k\sym_1\symbol.css FILE71
E:\GitHub\KVM_prototype\schemtic\lib\worklib\sram\sym_1\symbol.css FILE72
E:\GitHub\KVM_prototype\schemtic\lib\worklib\cy7c67300\sym_2\symbol.css FILE73
E:\GitHub\KVM_prototype\schemtic\lib\worklib\crystal\sym_1\symbol.css FILE74
E:\GitHub\KVM_prototype\schemtic\lib\worklib\cy7c67300\sym_1\symbol.css FILE75
E:\GitHub\KVM_prototype\schemtic\sch\worklib\kvm_prototype\sch_1\page14_csa.lck NEWFILE76
D:/sys_temp/con9736.tmp FILE77
D:/sys_temp/conAF87.tmp FILE78
temp/xxnedtmp33/../cy7c67300.mkr NEWFILE79
temp/xxnedtmp33/../crystal.mkr NEWFILE80
temp/xxnedtmp33/../eeprom#2d512k.mkr NEWFILE81
temp/xxnedtmp33/../sram.mkr NEWFILE82
E:\GitHub\KVM_prototype\schemtic\sch\worklib\kvm_prototype\sch_1\page14.csa FILE83
E:\GitHub\KVM_prototype\schemtic\sch\worklib\kvm_prototype\sch_1\page14.csv FILE84
E:\GitHub\KVM_prototype\schemtic\lib\worklib\head1x3_s\sym_1\symbol.css FILE85
temp/xxnedtmp33/../head1x3_s.mkr NEWFILE86
D:/sys_temp/conE335.tmp FILE87
clipboard/#UNNAMED_clipboard_0.jpg NEWFILE88
clipboard/#UNNAMED_clipboard_1.jpg NEWFILE89
E:\GitHub\KVM_prototype\schemtic\sch\worklib\kvm_prototype/images/clipboard_0.jpg NEWFILE90
D:/sys_temp/con59DC.tmp FILE91
D:/sys_temp/con7B61.tmp FILE92
D:/sys_temp/con7856.tmp FILE93
D:/sys_temp/conB086.tmp FILE94
D:/sys_temp/conD1DC.tmp FILE95
D:/sys_temp/conE953.tmp FILE96
D:/sys_temp/tmpB2F9.tmp FILE97
