	(Comment
		(Time 12/14/17,11:36:59)
		(User cpp8013)
		(MsgId ECO_021)
		(Text "Package W25Q128 added to cell")
		(Param1 "W25Q128")
	)
	(Comment
		(Time 12/14/17,11:38:18)
		(User cpp8013)
		(MsgId ECO_081)
		(Text "Symbol sym_1 added to cell")
		(Param1 "sym_1")
	)
	(Comment
		(Time 12/14/17,11:45:05)
		(User cpp8013)
		(MsgId ECO_081)
		(Text "Symbol sym_2 added to cell")
		(Param1 "sym_2")
	)
	(Comment
		(Time 12/14/17,11:45:18)
		(User cpp8013)
		(MsgId ECO_082)
		(Text "Symbol sym_2 deleted from cell")
		(Param1 "sym_2")
	)
