	(Comment
		(Time 01/02/18,20:34:04)
		(User Administrator)
		(MsgId ECO_021)
		(Text "Package BSS123LT1 added to cell")
		(Param1 "BSS123LT1")
	)
	(Comment
		(Time 01/02/18,20:34:51)
		(User Administrator)
		(MsgId ECO_081)
		(Text "Symbol sym_1 added to cell")
		(Param1 "sym_1")
	)
	(Comment
		(Time 01/16/18,16:41:43)
		(User cpp8013)
		(MsgId ECO_022)
		(Text "Package BSS123LT1 deleted from cell")
		(Param1 "BSS123LT1")
	)
	(Comment
		(Time 01/16/18,16:41:57)
		(User cpp8013)
		(MsgId ECO_021)
		(Text "Package AO3400 added to cell")
		(Param1 "AO3400")
	)
