temp/xxnedtmp14/event.log NEWFILE1
temp/xxnedtmp14/text.log NEWFILE2
temp/xxnedtmp14/environ.log NEWFILE3
C:\Cadence\SPB_16.6\share\cdssetup/concept/concepthdl.scr FILE4
D:\GitHub\KVM\KVM_prototype\schemtic\sch\cds.lib FILE5
D:\GitHub\KVM\KVM_prototype\schemtic\sch\worklib\kvm_prototype\sch_1\page1.csb FILE6
D:\GitHub\KVM\KVM_prototype\schemtic\sch\worklib\kvm_prototype\sch_1\page1_csb.lck NEWFILE7
temp/xxnedtmp14/undo1.log NEWFILE8
C:\Cadence\SPB_16.6\share\library\standard\c#20size#20page\sym_1\symbol.css FILE9
D:\GitHub\KVM\KVM_prototype\schemtic\sch\worklib\kvm_prototype\sch_1\page1_csa.lck NEWFILE10
D:/GitHub/KVM/KVM_prototype/schemtic/sch/worklib/kvm_prototype/sch_1/kvm_prototype.xcon FILE11
D:/GitHub/KVM/KVM_prototype/schemtic/sch/worklib/kvm_prototype/sch_1/kvm_prototype.dcf FILE12
D:\GitHub\KVM\KVM_prototype\schemtic\sch\worklib\kvm_prototype\sch_1\page9.csb FILE13
D:\GitHub\KVM\KVM_prototype\schemtic\sch\worklib\kvm_prototype\sch_1\page9_csb.lck NEWFILE14
C:\Cadence\SPB_16.6\share\library\standard\gnd_signal\sym_1\symbol.css FILE15
D:\GitHub\KVM\KVM_prototype\schemtic\lib\worklib\rclamp0524p\sym_1\symbol.css FILE16
D:\GitHub\KVM\KVM_prototype\schemtic\lib\worklib\r\sym_1\symbol.css FILE17
D:\GitHub\KVM\KVM_prototype\schemtic\lib\worklib\c\sym_1\symbol.css FILE18
D:\GitHub\KVM\KVM_prototype\schemtic\lib\worklib\pesd0402#2d140\sym_1\symbol.css FILE19
D:\GitHub\KVM\KVM_prototype\schemtic\lib\worklib\diode\sym_1\symbol.css FILE20
D:\GitHub\KVM\KVM_prototype\schemtic\lib\worklib\lb\sym_1\symbol.css FILE21
D:\GitHub\KVM\KVM_prototype\schemtic\lib\worklib\hdmi#2da\sym_1\symbol.css FILE22
D:\GitHub\KVM\KVM_prototype\schemtic\sch\worklib\kvm_prototype\sch_1\page8.csb FILE23
D:\GitHub\KVM\KVM_prototype\schemtic\sch\worklib\kvm_prototype/images/7.jpg FILE24
D:\GitHub\KVM\KVM_prototype\schemtic\sch\worklib\kvm_prototype\sch_1\page8_csb.lck NEWFILE25
D:\GitHub\KVM\KVM_prototype\schemtic\sch\worklib\kvm_prototype\sch_1\page9_csa.lck NEWFILE26
D:\GitHub\KVM\KVM_prototype\schemtic\lib\worklib\adv7511kstz\sym_1\symbol.css FILE27
D:\GitHub\KVM\KVM_prototype\schemtic\lib\worklib\osc#2d12mhz\sym_1\symbol.css FILE28
D:\GitHub\KVM\KVM_prototype\schemtic\sch\worklib\kvm_prototype\sch_1\page6.csb FILE29
D:\GitHub\KVM\KVM_prototype\schemtic\sch\worklib\kvm_prototype\sch_1\page6_csb.lck NEWFILE30
temp/xxnedtmp14/undo2.log NEWFILE31
D:\GitHub\KVM\KVM_prototype\schemtic\lib\worklib\adv7612bswz\sym_2\symbol.css FILE32
D:\GitHub\KVM\KVM_prototype\schemtic\sch\worklib\kvm_prototype\sch_1\page6_csa.lck NEWFILE33
D:\GitHub\KVM\KVM_prototype\schemtic\sch\worklib\kvm_prototype\sch_1\page7.csb FILE34
D:\GitHub\KVM\KVM_prototype\schemtic\sch\worklib\kvm_prototype\sch_1\page7_csb.lck NEWFILE35
D:\GitHub\KVM\KVM_prototype\schemtic\lib\worklib\bss123lt1\sym_1\symbol.css FILE36
D:\GitHub\KVM\KVM_prototype\schemtic\sch\worklib\kvm_prototype\sch_1\page7_csa.lck NEWFILE37
D:\GitHub\KVM\KVM_prototype\schemtic\sch\worklib\kvm_prototype\sch_1\page5.csb FILE38
D:\GitHub\KVM\KVM_prototype\schemtic\sch\worklib\kvm_prototype\sch_1\page5_csb.lck NEWFILE39
D:\GitHub\KVM\KVM_prototype\schemtic\lib\worklib\crystal\sym_1\symbol.css FILE40
D:\GitHub\KVM\KVM_prototype\schemtic\lib\worklib\adv7612bswz\sym_1\symbol.css FILE41
C:/Users/cpp8013/AppData/Local/Temp/conB86D.tmp FILE42
D:\GitHub\KVM\KVM_prototype\schemtic\sch\worklib\kvm_prototype\sch_1\page5_csa.lck NEWFILE43
C:/Users/cpp8013/AppData/Local/Temp/con1C10.tmp FILE44
C:/Cadence/SPB_16.6/tools/language/config.dat FILE45
temp/xxnedtmp14/concept.mkr NEWFILE46
C:/Cadence/SPB_16.6/tools/language/pack_type_rename.dat NEWFILE47
temp/xxnedtmp14/../c.mkr NEWFILE48
temp/xxnedtmp14/../osc#2d12mhz.mkr NEWFILE49
temp/xxnedtmp14/../gnd_signal.mkr NEWFILE50
temp/xxnedtmp14/../adv7511kstz.mkr NEWFILE51
temp/xxnedtmp14/../c#20size#20page.mkr NEWFILE52
temp/xxnedtmp14/../lb.mkr NEWFILE53
D:\GitHub\KVM\KVM_prototype\schemtic\sch\worklib\kvm_prototype\sch_1\page8.csa FILE54
D:\GitHub\KVM\KVM_prototype\schemtic\sch\worklib\kvm_prototype\sch_1\page8.csv FILE55
D:\GitHub\KVM\KVM_prototype\schemtic\sch\worklib\kvm_prototype\sch_1\pc.db FILE56
D:/GitHub/KVM/KVM_prototype/schemtic/sch/worklib/kvm_prototype/sch_1/kvm_prototype_xcon.lck NEWFILE57
D:/GitHub/KVM/KVM_prototype/schemtic/sch/worklib/kvm_prototype/sch_1/kvm_prototype_dcf.lck NEWFILE58
temp/xxnedtmp14/csnetlister.mkr NEWFILE59
D:\GitHub\KVM\KVM_prototype\schemtic\sch\worklib\kvm_prototype\sch_1\page8_csa.lck NEWFILE60
C:/Users/cpp8013/AppData/Local/Temp/con90E3.tmp FILE61
C:/Users/cpp8013/AppData/Local/Temp/tmp586.tmp FILE62
D:\GitHub\KVM\KVM_prototype\schemtic\sch\worklib\kvm_prototype\sch_1\page3.csb FILE63
D:\GitHub\KVM\KVM_prototype\schemtic\sch\worklib\kvm_prototype/images/5.jpg FILE64
D:\GitHub\KVM\KVM_prototype\schemtic\sch\worklib\kvm_prototype/images/3.jpg FILE65
D:\GitHub\KVM\KVM_prototype\schemtic\sch\worklib\kvm_prototype/images/4.jpg FILE66
D:\GitHub\KVM\KVM_prototype\schemtic\sch\worklib\kvm_prototype/images/1.jpg FILE67
D:\GitHub\KVM\KVM_prototype\schemtic\sch\worklib\kvm_prototype/images/2.jpg FILE68
D:\GitHub\KVM\KVM_prototype\schemtic\sch\worklib\kvm_prototype\sch_1\page3_csb.lck NEWFILE69
D:\GitHub\KVM\KVM_prototype\schemtic\lib\worklib\adp5053\sym_1\symbol.css FILE70
D:\GitHub\KVM\KVM_prototype\schemtic\lib\worklib\cp\sym_1\symbol.css FILE71
D:\GitHub\KVM\KVM_prototype\schemtic\lib\worklib\l\sym_1\symbol.css FILE72
D:\GitHub\KVM\KVM_prototype\schemtic\lib\worklib\fds9926a\sym_2\symbol.css FILE73
D:\GitHub\KVM\KVM_prototype\schemtic\lib\worklib\fds9926a\sym_1\symbol.css FILE74
C:\Cadence\SPB_16.6\share\library\standard\inport\sym_1\symbol.css FILE75
D:\GitHub\KVM\KVM_prototype\schemtic\lib\worklib\resetkey\sym_1\symbol.css FILE76
C:\Cadence\SPB_16.6\share\library\standard\outport\sym_1\symbol.css FILE77
D:\GitHub\KVM\KVM_prototype\schemtic\lib\worklib\led_s\sym_1\symbol.css FILE78
D:\GitHub\KVM\KVM_prototype\schemtic\lib\worklib\npn\sym_1\symbol.css FILE79
D:\GitHub\KVM\KVM_prototype\schemtic\sch\worklib\kvm_prototype\sch_1\page3_csa.lck NEWFILE80
C:/Users/cpp8013/AppData/Local/Temp/tmpEAB.tmp FILE81
C:/Users/cpp8013/AppData/Local/Temp/tmp20E5.tmp FILE82
C:/Users/cpp8013/AppData/Local/Temp/tmp43E0.tmp FILE83
temp/xxnedtmp14/../r.mkr NEWFILE84
C:/Users/cpp8013/AppData/Local/Temp/con8E78.tmp FILE85
