temp/xxnedtmp35/event.log NEWFILE1
temp/xxnedtmp35/text.log NEWFILE2
temp/xxnedtmp35/environ.log NEWFILE3
C:\Cadence\SPB_16.6\share\cdssetup/concept/concepthdl.scr FILE4
E:\GitHub\KVM_prototype\schemtic\sch\cds.lib FILE5
E:\GitHub\KVM_prototype\schemtic\sch\worklib\kvm_prototype\sch_1\page1.csb FILE6
E:\GitHub\KVM_prototype\schemtic\sch\worklib\kvm_prototype\sch_1\page1_csb.lck NEWFILE7
temp/xxnedtmp35/undo1.log NEWFILE8
C:\Cadence\SPB_16.6\share\library\standard\c#20size#20page\sym_1\symbol.css FILE9
E:\GitHub\KVM_prototype\schemtic\sch\worklib\kvm_prototype\sch_1\page1_csa.lck NEWFILE10
E:/GitHub/KVM_prototype/schemtic/sch/worklib/kvm_prototype/sch_1/kvm_prototype.xcon FILE11
E:/GitHub/KVM_prototype/schemtic/sch/worklib/kvm_prototype/sch_1/kvm_prototype.dcf FILE12
E:\GitHub\KVM_prototype\schemtic\sch\worklib\kvm_prototype\sch_1\page15.csb FILE13
E:\GitHub\KVM_prototype\schemtic\sch\worklib\kvm_prototype/images/14.jpg FILE14
E:\GitHub\KVM_prototype\schemtic\sch\worklib\kvm_prototype/images/clipboard_0.jpg FILE15
E:\GitHub\KVM_prototype\schemtic\sch\worklib\kvm_prototype\sch_1\page15_csb.lck NEWFILE16
E:\GitHub\KVM_prototype\schemtic\lib\worklib\usb_a_x2\sym_1\symbol.css FILE17
C:\Cadence\SPB_16.6\share\library\standard\gnd_signal\sym_1\symbol.css FILE18
E:\GitHub\KVM_prototype\schemtic\lib\worklib\tpd4s012\sym_1\symbol.css FILE19
E:\GitHub\KVM_prototype\schemtic\lib\worklib\r\sym_1\symbol.css FILE20
E:\GitHub\KVM_prototype\schemtic\lib\worklib\head1x2_s\sym_1\symbol.css FILE21
E:\GitHub\KVM_prototype\schemtic\lib\worklib\cp\sym_1\symbol.css FILE22
E:\GitHub\KVM_prototype\schemtic\lib\worklib\lb\sym_1\symbol.css FILE23
E:\GitHub\KVM_prototype\schemtic\lib\worklib\c\sym_1\symbol.css FILE24
E:\GitHub\KVM_prototype\schemtic\lib\worklib\head1x3_s\sym_1\symbol.css FILE25
E:\GitHub\KVM_prototype\schemtic\sch\worklib\kvm_prototype\sch_1\page14.csb FILE26
E:\GitHub\KVM_prototype\schemtic\sch\worklib\kvm_prototype/images/11.jpg FILE27
E:\GitHub\KVM_prototype\schemtic\sch\worklib\kvm_prototype/images/12.jpg FILE28
E:\GitHub\KVM_prototype\schemtic\sch\worklib\kvm_prototype/images/13.jpg FILE29
E:\GitHub\KVM_prototype\schemtic\sch\worklib\kvm_prototype\sch_1\page14_csb.lck FILE30
E:\GitHub\KVM_prototype\schemtic\sch\worklib\kvm_prototype\sch_1\page15_csa.lck NEWFILE31
E:\GitHub\KVM_prototype\schemtic\lib\worklib\eeprom#2d512k\sym_1\symbol.css FILE32
E:\GitHub\KVM_prototype\schemtic\lib\worklib\sram\sym_1\symbol.css FILE33
E:\GitHub\KVM_prototype\schemtic\lib\worklib\cy7c67300\sym_2\symbol.css FILE34
E:\GitHub\KVM_prototype\schemtic\lib\worklib\crystal\sym_1\symbol.css FILE35
E:\GitHub\KVM_prototype\schemtic\lib\worklib\cy7c67300\sym_1\symbol.css FILE36
C:/Cadence/SPB_16.6/tools/language/config.dat FILE37
temp/xxnedtmp35/concept.mkr NEWFILE38
C:/Cadence/SPB_16.6/tools/language/pack_type_rename.dat NEWFILE39
temp/xxnedtmp35/../r.mkr NEWFILE40
temp/xxnedtmp35/../cy7c67300.mkr NEWFILE41
temp/xxnedtmp35/../c#20size#20page.mkr NEWFILE42
temp/xxnedtmp35/../gnd_signal.mkr NEWFILE43
temp/xxnedtmp35/../head1x2_s.mkr NEWFILE44
temp/xxnedtmp35/../c.mkr NEWFILE45
temp/xxnedtmp35/../eeprom#2d512k.mkr NEWFILE46
temp/xxnedtmp35/../sram.mkr NEWFILE47
temp/xxnedtmp35/../lb.mkr NEWFILE48
temp/xxnedtmp35/../crystal.mkr NEWFILE49
E:\GitHub\KVM_prototype\schemtic\sch\worklib\kvm_prototype\sch_1\page14.csa FILE50
E:\GitHub\KVM_prototype\schemtic\sch\worklib\kvm_prototype\sch_1\page14.csv FILE51
E:/GitHub/KVM_prototype/schemtic/sch/worklib/kvm_prototype/sch_1/kvm_prototype_xcon.lck NEWFILE52
E:/GitHub/KVM_prototype/schemtic/sch/worklib/kvm_prototype/sch_1/kvm_prototype_dcf.lck NEWFILE53
temp/xxnedtmp35/csnetlister.mkr NEWFILE54
E:\GitHub\KVM_prototype\schemtic\sch\worklib\kvm_prototype\sch_1\page14_csa.lck NEWFILE55
D:/sys_temp/conF8FF.tmp FILE56
D:/sys_temp/con687.tmp FILE57
temp/xxnedtmp35/../tpd4s012.mkr NEWFILE58
temp/xxnedtmp35/../usb_a_x2.mkr NEWFILE59
temp/xxnedtmp35/../cp.mkr NEWFILE60
temp/xxnedtmp35/../head1x3_s.mkr NEWFILE61
E:\GitHub\KVM_prototype\schemtic\sch\worklib\kvm_prototype\sch_1\page15.csa FILE62
E:\GitHub\KVM_prototype\schemtic\sch\worklib\kvm_prototype\sch_1\page15.csv FILE63
