temp/xxnedtmp41/event.log NEWFILE1
temp/xxnedtmp41/text.log NEWFILE2
temp/xxnedtmp41/environ.log NEWFILE3
C:\Cadence\SPB_16.6\share\cdssetup/concept/concepthdl.scr FILE4
D:\GitHub\KVM\KVM_prototype\schemtic\sch\cds.lib FILE5
D:\GitHub\KVM\KVM_prototype\schemtic\sch\worklib\kvm_prototype\sch_1\page1.csb FILE6
D:\GitHub\KVM\KVM_prototype\schemtic\sch\worklib\kvm_prototype\sch_1\page1_csb.lck NEWFILE7
temp/xxnedtmp41/undo1.log NEWFILE8
C:\Cadence\SPB_16.6\share\library\standard\c#20size#20page\sym_1\symbol.css FILE9
D:\GitHub\KVM\KVM_prototype\schemtic\sch\worklib\kvm_prototype\sch_1\page1_csa.lck NEWFILE10
D:/GitHub/KVM/KVM_prototype/schemtic/sch/worklib/kvm_prototype/sch_1/kvm_prototype.xcon FILE11
D:/GitHub/KVM/KVM_prototype/schemtic/sch/worklib/kvm_prototype/sch_1/kvm_prototype.dcf FILE12
D:\GitHub\KVM\KVM_prototype\schemtic\sch\worklib\kvm_prototype\sch_1\page19.csb FILE13
D:\GitHub\KVM\KVM_prototype\schemtic\sch\worklib\kvm_prototype\sch_1\page19_csb.lck NEWFILE14
D:\GitHub\KVM\KVM_prototype\schemtic\lib\worklib\c\sym_1\symbol.css FILE15
D:\GitHub\KVM\KVM_prototype\schemtic\lib\worklib\cp\sym_1\symbol.css FILE16
C:\Cadence\SPB_16.6\share\library\standard\gnd_signal\sym_1\symbol.css FILE17
D:\GitHub\KVM\KVM_prototype\schemtic\lib\worklib\xc7s50fgga484\sym_9\symbol.css FILE18
D:\GitHub\KVM\KVM_prototype\schemtic\lib\worklib\lb\sym_1\symbol.css FILE19
D:\GitHub\KVM\KVM_prototype\schemtic\lib\worklib\xc7s50fgga484\sym_10\symbol.css FILE20
D:\GitHub\KVM\KVM_prototype\schemtic\lib\worklib\xc7s50fgga484\sym_11\symbol.css FILE21
C:/Cadence/SPB_16.6/tools/language/config.dat FILE22
temp/xxnedtmp41/concept.mkr NEWFILE23
C:/Cadence/SPB_16.6/tools/language/pack_type_rename.dat NEWFILE24
temp/xxnedtmp41/../xc7s50fgga484.mkr NEWFILE25
temp/xxnedtmp41/../c#20size#20page.mkr NEWFILE26
temp/xxnedtmp41/../c.mkr NEWFILE27
temp/xxnedtmp41/../cp.mkr NEWFILE28
temp/xxnedtmp41/../gnd_signal.mkr NEWFILE29
temp/xxnedtmp41/../lb.mkr NEWFILE30
D:\GitHub\KVM\KVM_prototype\schemtic\sch\worklib\kvm_prototype\sch_1\page19.csa FILE31
D:\GitHub\KVM\KVM_prototype\schemtic\sch\worklib\kvm_prototype\sch_1\page19.csv FILE32
D:/GitHub/KVM/KVM_prototype/schemtic/sch/worklib/kvm_prototype/sch_1/kvm_prototype_xcon.lck NEWFILE33
D:/GitHub/KVM/KVM_prototype/schemtic/sch/worklib/kvm_prototype/sch_1/kvm_prototype_dcf.lck NEWFILE34
temp/xxnedtmp41/csnetlister.mkr NEWFILE35
D:\GitHub\KVM\KVM_prototype\schemtic\sch\worklib\kvm_prototype\sch_1\page3.csb FILE36
D:\GitHub\KVM\KVM_prototype\schemtic\sch\worklib\kvm_prototype/images/4.jpg FILE37
D:\GitHub\KVM\KVM_prototype\schemtic\sch\worklib\kvm_prototype/images/1.jpg FILE38
D:\GitHub\KVM\KVM_prototype\schemtic\sch\worklib\kvm_prototype/images/2.jpg FILE39
D:\GitHub\KVM\KVM_prototype\schemtic\sch\worklib\kvm_prototype/images/3.jpg FILE40
D:\GitHub\KVM\KVM_prototype\schemtic\sch\worklib\kvm_prototype/images/5.jpg FILE41
D:\GitHub\KVM\KVM_prototype\schemtic\sch\worklib\kvm_prototype\sch_1\page3_csb.lck NEWFILE42
D:\GitHub\KVM\KVM_prototype\schemtic\sch\worklib\kvm_prototype\sch_1\page19_csa.lck NEWFILE43
D:\GitHub\KVM\KVM_prototype\schemtic\lib\worklib\r\sym_1\symbol.css FILE44
D:\GitHub\KVM\KVM_prototype\schemtic\lib\worklib\adp5053\sym_1\symbol.css FILE45
D:\GitHub\KVM\KVM_prototype\schemtic\lib\worklib\l\sym_1\symbol.css FILE46
D:\GitHub\KVM\KVM_prototype\schemtic\lib\worklib\fds9926a\sym_2\symbol.css FILE47
D:\GitHub\KVM\KVM_prototype\schemtic\lib\worklib\fds9926a\sym_1\symbol.css FILE48
C:\Cadence\SPB_16.6\share\library\standard\inport\sym_1\symbol.css FILE49
D:\GitHub\KVM\KVM_prototype\schemtic\lib\worklib\resetkey\sym_1\symbol.css FILE50
C:\Cadence\SPB_16.6\share\library\standard\outport\sym_1\symbol.css FILE51
D:\GitHub\KVM\KVM_prototype\schemtic\lib\worklib\led_s\sym_1\symbol.css FILE52
D:\GitHub\KVM\KVM_prototype\schemtic\lib\worklib\npn\sym_1\symbol.css FILE53
D:\GitHub\KVM\KVM_prototype\schemtic\sch\worklib\kvm_prototype\sch_1\page20.csb FILE54
D:\GitHub\KVM\KVM_prototype\schemtic\sch\worklib\kvm_prototype/images/clipboard_0_1.jpg FILE55
D:\GitHub\KVM\KVM_prototype\schemtic\sch\worklib\kvm_prototype\sch_1\page20_csb.lck NEWFILE56
D:\GitHub\KVM\KVM_prototype\schemtic\sch\worklib\kvm_prototype\sch_1\page3_csa.lck NEWFILE57
D:\GitHub\KVM\KVM_prototype\schemtic\lib\worklib\s25fl128sagmf\sym_1\symbol.css FILE58
D:\GitHub\KVM\KVM_prototype\schemtic\lib\worklib\xc7s50fgga484\sym_3\symbol.css FILE59
D:\GitHub\KVM\KVM_prototype\schemtic\lib\worklib\head2x5\sym_1\symbol.css FILE60
D:\GitHub\KVM\KVM_prototype\schemtic\lib\worklib\esd\sym_1\symbol.css FILE61
D:\GitHub\KVM\KVM_prototype\schemtic\lib\worklib\xc7s50fgga484\sym_1\symbol.css FILE62
D:\GitHub\KVM\KVM_prototype\schemtic\sch\worklib\kvm_prototype\sch_1\page20_csa.lck NEWFILE63
C:/Users/cpp8013/AppData/Local/Temp/con5AD3.tmp FILE64
C:/Users/cpp8013/AppData/Local/Temp/con689A.tmp FILE65
C:/Users/cpp8013/AppData/Local/Temp/con78C1.tmp FILE66
C:/Users/cpp8013/AppData/Local/Temp/conE5A7.tmp FILE67
C:/Users/cpp8013/AppData/Local/Temp/con1F3E.tmp FILE68
C:/Users/cpp8013/AppData/Local/Temp/con275A.tmp FILE69
C:/Users/cpp8013/AppData/Local/Temp/con2F09.tmp FILE70
C:/Users/cpp8013/AppData/Local/Temp/con4ED9.tmp FILE71
C:/Users/cpp8013/AppData/Local/Temp/con79D0.tmp FILE72
D:\GitHub\KVM\KVM_prototype\schemtic\sch\worklib\kvm_prototype\sch_1\pc.db FILE73
D:\GitHub\KVM\KVM_prototype\schemtic\sch\worklib\kvm_prototype\sch_1\page12.csb FILE74
D:\GitHub\KVM\KVM_prototype\schemtic\sch\worklib\kvm_prototype\sch_1\page12_csb.lck NEWFILE75
D:\GitHub\KVM\KVM_prototype\schemtic\lib\worklib\sfp_conn\sym_1\symbol.css FILE76
D:\GitHub\KVM\KVM_prototype\schemtic\lib\worklib\sfp_cage\sym_1\symbol.css FILE77
D:\GitHub\KVM\KVM_prototype\schemtic\sch\worklib\kvm_prototype\sch_1\page12_csa.lck NEWFILE78
C:/Users/cpp8013/AppData/Local/Temp/conC18A.tmp FILE79
C:/Users/cpp8013/AppData/Local/Temp/con69DB.tmp FILE80
C:/Users/cpp8013/AppData/Local/Temp/con99E1.tmp FILE81
D:\GitHub\KVM\KVM_prototype\schemtic\sch\worklib\kvm_prototype\sch_1\page18.csb FILE82
D:\GitHub\KVM\KVM_prototype\schemtic\sch\worklib\kvm_prototype/images/clipboard_0_0.jpg FILE83
D:\GitHub\KVM\KVM_prototype\schemtic\sch\worklib\kvm_prototype\sch_1\page18_csb.lck NEWFILE84
D:\GitHub\KVM\KVM_prototype\schemtic\sch\worklib\kvm_prototype\sch_1\page18.csa FILE85
D:\GitHub\KVM\KVM_prototype\schemtic\sch\worklib\kvm_prototype\sch_1\page18.csv FILE86
D:\GitHub\KVM\KVM_prototype\schemtic\sch\worklib\kvm_prototype\sch_1\page18_csa.lck NEWFILE87
C:/Users/cpp8013/AppData/Local/Temp/tmpA6BE.tmp FILE88
C:/Users/cpp8013/AppData/Local/Temp/conE12F.tmp FILE89
C:/Users/cpp8013/AppData/Local/Temp/conF3B6.tmp FILE90
C:/Users/cpp8013/AppData/Local/Temp/con850.tmp FILE91
C:/Users/cpp8013/AppData/Local/Temp/con48AB.tmp FILE92
C:/Users/cpp8013/AppData/Local/Temp/con6476.tmp FILE93
C:/Users/cpp8013/AppData/Local/Temp/con9FF0.tmp FILE94
C:/Users/cpp8013/AppData/Local/Temp/conA722.tmp FILE95
C:/Users/cpp8013/AppData/Local/Temp/conB076.tmp FILE96
