	(Comment
		(Time 12/28/17,10:02:37)
		(User cpp8013)
		(MsgId ECO_021)
		(Text "Package NCP1529 added to cell")
		(Param1 "NCP1529")
	)
	(Comment
		(Time 12/28/17,10:03:00)
		(User cpp8013)
		(MsgId ECO_081)
		(Text "Symbol sym_1 added to cell")
		(Param1 "sym_1")
	)
	(Comment
		(Time 05/07/18,11:28:54)
		(User cdj)
		(MsgId ECO_151)
		(Text "Verilog wrapper vlog_model added to cell")
		(Param1 "vlog_model")
	)
	(Comment
		(Time 05/15/18,15:52:22)
		(User cdj)
		(MsgId ECO_151)
		(Text "Verilog wrapper vlog_model added to cell")
		(Param1 "vlog_model")
	)
