temp/xxnedtmp65/event.log NEWFILE1
temp/xxnedtmp65/text.log NEWFILE2
temp/xxnedtmp65/environ.log NEWFILE3
E:\Cadence\SPB_16.6\share\cdssetup/concept/concepthdl.scr FILE4
F:\Design_Projects\matrix_kvm\schemtic_backup20180514\sch\cds.lib FILE5
F:\Design_Projects\matrix_kvm\schemtic_backup20180514\sch\worklib\kvm_prototype\sch_1\page1.csb FILE6
F:\Design_Projects\matrix_kvm\schemtic_backup20180514\sch\worklib\kvm_prototype\sch_1\page1_csb.lck NEWFILE7
temp/xxnedtmp65/undo1.log NEWFILE8
E:\Cadence\SPB_16.6\share\library\standard\c#20size#20page\sym_1\symbol.css FILE9
F:\Design_Projects\matrix_kvm\schemtic_backup20180514\sch\worklib\kvm_prototype\sch_1\page1_csa.lck NEWFILE10
F:/Design_Projects/matrix_kvm/schemtic_backup20180514/sch/worklib/kvm_prototype/sch_1/kvm_prototype.xcon FILE11
F:/Design_Projects/matrix_kvm/schemtic_backup20180514/sch/worklib/kvm_prototype/sch_1/kvm_prototype.dcf FILE12
F:\Design_Projects\matrix_kvm\schemtic_backup20180514\sch\worklib\kvm_prototype\sch_1\page8.csb FILE13
F:\Design_Projects\matrix_kvm\schemtic_backup20180514\sch\worklib\kvm_prototype\sch_1\page8_csb.lck NEWFILE14
F:\Design_Projects\matrix_kvm\schemtic_backup20180514\lib\worklib\ic\adv7612bswz\sym_2\symbol.css FILE15
E:\Cadence\SPB_16.6\share\library\standard\gnd_signal\sym_1\symbol.css FILE16
F:\Design_Projects\matrix_kvm\schemtic_backup20180514\sch\worklib\kvm_prototype\sch_1\page7.csb FILE17
F:\Design_Projects\matrix_kvm\schemtic_backup20180514\sch\worklib\kvm_prototype\sch_1\page7_csb.lck NEWFILE18
F:\Design_Projects\matrix_kvm\schemtic_backup20180514\sch\worklib\kvm_prototype\sch_1\page8_csa.lck NEWFILE19
F:\Design_Projects\matrix_kvm\schemtic_backup20180514\lib\worklib\inductor\lb\sym_1\symbol.css FILE20
F:\Design_Projects\matrix_kvm\schemtic_backup20180514\lib\worklib\capcitor\c\sym_1\symbol.css FILE21
F:\Design_Projects\matrix_kvm\schemtic_backup20180514\lib\worklib\ic\adv7612bswz\sym_1\symbol.css FILE22
F:\Design_Projects\matrix_kvm\schemtic_backup20180514\lib\worklib\resistor\r\sym_1\symbol.css FILE23
F:\Design_Projects\matrix_kvm\schemtic_backup20180514\lib\worklib\oscillator\crystal\sym_1\symbol.css FILE24
F:\Design_Projects\matrix_kvm\schemtic_backup20180514\sch\worklib\kvm_prototype\sch_1\page7_csa.lck NEWFILE25
F:\Design_Projects\matrix_kvm\schemtic_backup20180514\sch\worklib\kvm_prototype\sch_1\page6.csb FILE26
F:\Design_Projects\matrix_kvm\schemtic_backup20180514\sch\worklib\kvm_prototype/images/6_0.jpg FILE27
F:\Design_Projects\matrix_kvm\schemtic_backup20180514\sch\worklib\kvm_prototype\sch_1\page6_csb.lck NEWFILE28
F:\Design_Projects\matrix_kvm\schemtic_backup20180514\lib\worklib\power\ncp1529\sym_1\symbol.css FILE29
F:\Design_Projects\matrix_kvm\schemtic_backup20180514\lib\worklib\inductor\l\sym_1\symbol.css FILE30
F:\Design_Projects\matrix_kvm\schemtic_backup20180514\sch\worklib\kvm_prototype\sch_1\page5.csb FILE31
F:\Design_Projects\matrix_kvm\schemtic_backup20180514\sch\worklib\kvm_prototype/images/2.jpg FILE32
F:\Design_Projects\matrix_kvm\schemtic_backup20180514\sch\worklib\kvm_prototype/images/1.jpg FILE33
F:\Design_Projects\matrix_kvm\schemtic_backup20180514\sch\worklib\kvm_prototype/images/5.jpg FILE34
F:\Design_Projects\matrix_kvm\schemtic_backup20180514\sch\worklib\kvm_prototype/images/3.jpg FILE35
F:\Design_Projects\matrix_kvm\schemtic_backup20180514\sch\worklib\kvm_prototype/images/4.jpg FILE36
F:\Design_Projects\matrix_kvm\schemtic_backup20180514\sch\worklib\kvm_prototype\sch_1\page5_csb.lck NEWFILE37
F:\Design_Projects\matrix_kvm\schemtic_backup20180514\sch\worklib\kvm_prototype\sch_1\page6_csa.lck NEWFILE38
F:\Design_Projects\matrix_kvm\schemtic_backup20180514\lib\worklib\transistor\fds9926a\sym_1\symbol.css FILE39
F:\Design_Projects\matrix_kvm\schemtic_backup20180514\lib\worklib\transistor\fds9926a\sym_2\symbol.css FILE40
E:\Cadence\SPB_16.6\share\library\standard\inport\sym_1\symbol.css FILE41
F:\Design_Projects\matrix_kvm\schemtic_backup20180514\lib\worklib\capcitor\cp\sym_1\symbol.css FILE42
F:\Design_Projects\matrix_kvm\schemtic_backup20180514\lib\worklib\switch\resetkey\sym_1\symbol.css FILE43
F:\Design_Projects\matrix_kvm\schemtic_backup20180514\lib\worklib\power\adp5053\sym_1\symbol.css FILE44
F:\Design_Projects\matrix_kvm\schemtic_backup20180514\lib\worklib\transistor\npn\sym_1\symbol.css FILE45
F:\Design_Projects\matrix_kvm\schemtic_backup20180514\lib\worklib\diode1\led_s\sym_1\symbol.css FILE46
F:\Design_Projects\matrix_kvm\schemtic_backup20180514\sch\worklib\kvm_prototype\sch_1\page4.csb FILE47
F:\Design_Projects\matrix_kvm\schemtic_backup20180514\sch\worklib\kvm_prototype/images/clipboard_2.jpg FILE48
F:\Design_Projects\matrix_kvm\schemtic_backup20180514\sch\worklib\kvm_prototype/images/clipboard_1_0.jpg FILE49
F:\Design_Projects\matrix_kvm\schemtic_backup20180514\sch\worklib\kvm_prototype\sch_1\page4_csb.lck NEWFILE50
F:\Design_Projects\matrix_kvm\schemtic_backup20180514\sch\worklib\kvm_prototype\sch_1\page5_csa.lck NEWFILE51
F:\Design_Projects\matrix_kvm\schemtic_backup20180514\lib\worklib\power\tpsm84824\sym_1\symbol.css FILE52
F:\Design_Projects\matrix_kvm\schemtic_backup20180514\sch\worklib\kvm_prototype\sch_1\page4_csa.lck NEWFILE53
F:\Design_Projects\matrix_kvm\schemtic_backup20180514\sch\worklib\kvm_prototype\sch_1\page2.csb FILE54
F:\Design_Projects\matrix_kvm\schemtic_backup20180514\sch\worklib\kvm_prototype\sch_1\page2_csb.lck NEWFILE55
F:\Design_Projects\matrix_kvm\schemtic_backup20180514\lib\worklib\diode1\mbrd835l\sym_1\symbol.css FILE56
F:\Design_Projects\matrix_kvm\schemtic_backup20180514\lib\worklib\connector\6pin\sym_1\symbol.css FILE57
F:\Design_Projects\matrix_kvm\schemtic_backup20180514\lib\worklib\others\wiper#2dsw\sym_1\symbol.css FILE58
F:\Design_Projects\matrix_kvm\schemtic_backup20180514\sch\worklib\kvm_prototype\sch_1\page3.csb FILE59
F:\Design_Projects\matrix_kvm\schemtic_backup20180514\sch\worklib\kvm_prototype\sch_1\page3_csb.lck NEWFILE60
F:\Design_Projects\matrix_kvm\schemtic_backup20180514\sch\worklib\kvm_prototype\sch_1\page2_csa.lck NEWFILE61
F:\Design_Projects\matrix_kvm\schemtic_backup20180514\sch\worklib\kvm_prototype\sch_1\page3_csa.lck NEWFILE62
F:\Design_Projects\matrix_kvm\schemtic_backup20180514\sch\worklib\kvm_prototype\sch_1\page9.csb FILE63
F:\Design_Projects\matrix_kvm\schemtic_backup20180514\sch\worklib\kvm_prototype\sch_1\page9_csb.lck NEWFILE64
F:\Design_Projects\matrix_kvm\schemtic_backup20180514\lib\worklib\protection\rclamp0524p\sym_1\symbol.css FILE65
F:\Design_Projects\matrix_kvm\schemtic_backup20180514\lib\worklib\connector\hdmi#2da\sym_1\symbol.css FILE66
F:\Design_Projects\matrix_kvm\schemtic_backup20180514\lib\worklib\transistor\bss123lt1\sym_1\symbol.css FILE67
F:\Design_Projects\matrix_kvm\schemtic_backup20180514\lib\worklib\diode1\diode\sym_1\symbol.css FILE68
F:\Design_Projects\matrix_kvm\schemtic_backup20180514\sch\worklib\kvm_prototype\sch_1\page10.csb FILE69
F:\Design_Projects\matrix_kvm\schemtic_backup20180514\sch\worklib\kvm_prototype/images/8.jpg FILE70
F:\Design_Projects\matrix_kvm\schemtic_backup20180514\sch\worklib\kvm_prototype/images/7.jpg FILE71
F:\Design_Projects\matrix_kvm\schemtic_backup20180514\sch\worklib\kvm_prototype\sch_1\page10_csb.lck NEWFILE72
F:\Design_Projects\matrix_kvm\schemtic_backup20180514\sch\worklib\kvm_prototype\sch_1\page9_csa.lck NEWFILE73
F:\Design_Projects\matrix_kvm\schemtic_backup20180514\lib\worklib\ic\adv7511kstz\sym_1\symbol.css FILE74
F:\Design_Projects\matrix_kvm\schemtic_backup20180514\lib\worklib\oscillator\osc#2d12mhz\sym_1\symbol.css FILE75
F:\Design_Projects\matrix_kvm\schemtic_backup20180514\sch\worklib\kvm_prototype\sch_1\page11.csb FILE76
F:\Design_Projects\matrix_kvm\schemtic_backup20180514\sch\worklib\kvm_prototype\sch_1\page11_csb.lck NEWFILE77
F:\Design_Projects\matrix_kvm\schemtic_backup20180514\sch\worklib\kvm_prototype\sch_1\page10_csa.lck NEWFILE78
F:\Design_Projects\matrix_kvm\schemtic_backup20180514\lib\worklib\protection\pesd0402#2d140\sym_1\symbol.css FILE79
F:\Design_Projects\matrix_kvm\schemtic_backup20180514\sch\worklib\kvm_prototype\sch_1\page12.csb FILE80
F:\Design_Projects\matrix_kvm\schemtic_backup20180514\sch\worklib\kvm_prototype\sch_1\page12_csb.lck NEWFILE81
F:\Design_Projects\matrix_kvm\schemtic_backup20180514\sch\worklib\kvm_prototype\sch_1\page11_csa.lck NEWFILE82
F:\Design_Projects\matrix_kvm\schemtic_backup20180514\sch\worklib\kvm_prototype\sch_1\page13.csb FILE83
F:\Design_Projects\matrix_kvm\schemtic_backup20180514\sch\worklib\kvm_prototype\sch_1\page13_csb.lck NEWFILE84
F:\Design_Projects\matrix_kvm\schemtic_backup20180514\sch\worklib\kvm_prototype\sch_1\page12_csa.lck NEWFILE85
F:\Design_Projects\matrix_kvm\schemtic_backup20180514\sch\worklib\kvm_prototype\sch_1\page14.csb FILE86
F:\Design_Projects\matrix_kvm\schemtic_backup20180514\sch\worklib\kvm_prototype\sch_1\page14_csb.lck NEWFILE87
F:\Design_Projects\matrix_kvm\schemtic_backup20180514\sch\worklib\kvm_prototype\sch_1\page13_csa.lck NEWFILE88
F:\Design_Projects\matrix_kvm\schemtic_backup20180514\lib\worklib\ic\usb3300\sym_1\symbol.css FILE89
F:\Design_Projects\matrix_kvm\schemtic_backup20180514\sch\worklib\kvm_prototype\sch_1\page15.csb FILE90
F:\Design_Projects\matrix_kvm\schemtic_backup20180514\sch\worklib\kvm_prototype\sch_1\page15_csb.lck NEWFILE91
F:\Design_Projects\matrix_kvm\schemtic_backup20180514\sch\worklib\kvm_prototype\sch_1\page14_csa.lck NEWFILE92
F:\Design_Projects\matrix_kvm\schemtic_backup20180514\lib\worklib\connector\usb_dul\sym_1\symbol.css FILE93
F:\Design_Projects\matrix_kvm\schemtic_backup20180514\lib\worklib\power\lm3526\sym_1\symbol.css FILE94
F:\Design_Projects\matrix_kvm\schemtic_backup20180514\lib\worklib\ic\gl850g\sym_1\symbol.css FILE95
F:\Design_Projects\matrix_kvm\schemtic_backup20180514\sch\worklib\kvm_prototype\sch_1\page16.csb FILE96
F:\Design_Projects\matrix_kvm\schemtic_backup20180514\sch\worklib\kvm_prototype\sch_1\page16_csb.lck NEWFILE97
F:\Design_Projects\matrix_kvm\schemtic_backup20180514\sch\worklib\kvm_prototype\sch_1\page15_csa.lck NEWFILE98
F:\Design_Projects\matrix_kvm\schemtic_backup20180514\lib\worklib\connector\head1x2_s\sym_1\symbol.css FILE99
F:\Design_Projects\matrix_kvm\schemtic_backup20180514\lib\worklib\protection\tpd4s012\sym_1\symbol.css FILE100
F:\Design_Projects\matrix_kvm\schemtic_backup20180514\sch\worklib\kvm_prototype\sch_1\page17.csb FILE101
F:\Design_Projects\matrix_kvm\schemtic_backup20180514\sch\worklib\kvm_prototype\sch_1\page17_csb.lck NEWFILE102
F:\Design_Projects\matrix_kvm\schemtic_backup20180514\sch\worklib\kvm_prototype\sch_1\page16_csa.lck NEWFILE103
F:\Design_Projects\matrix_kvm\schemtic_backup20180514\lib\worklib\connector\sfp_cage\sym_1\symbol.css FILE104
F:\Design_Projects\matrix_kvm\schemtic_backup20180514\lib\worklib\connector\sfp_conn\sym_1\symbol.css FILE105
F:\Design_Projects\matrix_kvm\schemtic_backup20180514\sch\worklib\kvm_prototype\sch_1\page18.csb FILE106
F:\Design_Projects\matrix_kvm\schemtic_backup20180514\sch\worklib\kvm_prototype\sch_1\page18_csb.lck NEWFILE107
F:\Design_Projects\matrix_kvm\schemtic_backup20180514\sch\worklib\kvm_prototype\sch_1\page17_csa.lck NEWFILE108
F:\Design_Projects\matrix_kvm\schemtic_backup20180514\sch\worklib\kvm_prototype\sch_1\page19.csb FILE109
F:\Design_Projects\matrix_kvm\schemtic_backup20180514\sch\worklib\kvm_prototype\sch_1\page19_csb.lck NEWFILE110
F:\Design_Projects\matrix_kvm\schemtic_backup20180514\sch\worklib\kvm_prototype\sch_1\page18_csa.lck NEWFILE111
F:\Design_Projects\matrix_kvm\schemtic_backup20180514\sch\worklib\kvm_prototype\sch_1\page20.csb FILE112
F:\Design_Projects\matrix_kvm\schemtic_backup20180514\sch\worklib\kvm_prototype\sch_1\page20_csb.lck NEWFILE113
F:\Design_Projects\matrix_kvm\schemtic_backup20180514\sch\worklib\kvm_prototype\sch_1\page19_csa.lck NEWFILE114
F:\Design_Projects\matrix_kvm\schemtic_backup20180514\sch\worklib\kvm_prototype\sch_1\page21.csb FILE115
F:\Design_Projects\matrix_kvm\schemtic_backup20180514\sch\worklib\kvm_prototype\sch_1\page21_csb.lck NEWFILE116
F:\Design_Projects\matrix_kvm\schemtic_backup20180514\sch\worklib\kvm_prototype\sch_1\page20_csa.lck NEWFILE117
F:\Design_Projects\matrix_kvm\schemtic_backup20180514\lib\worklib\connector\pcie_x16\sym_3\symbol.css FILE118
F:\Design_Projects\matrix_kvm\schemtic_backup20180514\lib\worklib\connector\pcie_x16\sym_2\symbol.css FILE119
F:\Design_Projects\matrix_kvm\schemtic_backup20180514\lib\worklib\connector\pcie_x16\sym_1\symbol.css FILE120
F:\Design_Projects\matrix_kvm\schemtic_backup20180514\sch\worklib\kvm_prototype\sch_1\page22.csb FILE121
F:\Design_Projects\matrix_kvm\schemtic_backup20180514\sch\worklib\kvm_prototype\sch_1\page22_csb.lck NEWFILE122
F:\Design_Projects\matrix_kvm\schemtic_backup20180514\sch\worklib\kvm_prototype\sch_1\page21_csa.lck NEWFILE123
F:\Design_Projects\matrix_kvm\schemtic_backup20180514\lib\worklib\ic\mt41k512m16ha#2d125\sym_1\symbol.css FILE124
F:\Design_Projects\matrix_kvm\schemtic_backup20180514\lib\worklib\ic\mt41k512m16ha#2d125\sym_2\symbol.css FILE125
F:\Design_Projects\matrix_kvm\schemtic_backup20180514\sch\worklib\kvm_prototype\sch_1\page23.csb FILE126
F:\Design_Projects\matrix_kvm\schemtic_backup20180514\sch\worklib\kvm_prototype/images/clipboard_1_1.jpg FILE127
F:\Design_Projects\matrix_kvm\schemtic_backup20180514\sch\worklib\kvm_prototype/images/clipboard_2_0.jpg FILE128
F:\Design_Projects\matrix_kvm\schemtic_backup20180514\sch\worklib\kvm_prototype/images/clipboard_0_3.jpg FILE129
F:\Design_Projects\matrix_kvm\schemtic_backup20180514\sch\worklib\kvm_prototype\sch_1\page23_csb.lck NEWFILE130
F:\Design_Projects\matrix_kvm\schemtic_backup20180514\sch\worklib\kvm_prototype\sch_1\page22_csa.lck NEWFILE131
F:\Design_Projects\matrix_kvm\schemtic_backup20180514\sch\worklib\kvm_prototype\sch_1\page24.csb FILE132
F:\Design_Projects\matrix_kvm\schemtic_backup20180514\sch\worklib\kvm_prototype\sch_1\page24_csb.lck NEWFILE133
F:\Design_Projects\matrix_kvm\schemtic_backup20180514\sch\worklib\kvm_prototype\sch_1\page23_csa.lck NEWFILE134
F:\Design_Projects\matrix_kvm\schemtic_backup20180514\lib\worklib\ic\xc7a200tffg1156\sym_19\symbol.css FILE135
F:\Design_Projects\matrix_kvm\schemtic_backup20180514\lib\worklib\ic\xc7a200tffg1156\sym_20\symbol.css FILE136
F:\Design_Projects\matrix_kvm\schemtic_backup20180514\lib\worklib\ic\xc7a200tffg1156\sym_22\symbol.css FILE137
F:\Design_Projects\matrix_kvm\schemtic_backup20180514\lib\worklib\ic\xc7a200tffg1156\sym_23\symbol.css FILE138
F:\Design_Projects\matrix_kvm\schemtic_backup20180514\lib\worklib\ic\xc7a200tffg1156\sym_25\symbol.css FILE139
F:\Design_Projects\matrix_kvm\schemtic_backup20180514\sch\worklib\kvm_prototype\sch_1\page25.csb FILE140
F:\Design_Projects\matrix_kvm\schemtic_backup20180514\sch\worklib\kvm_prototype\sch_1\page25_csb.lck NEWFILE141
F:\Design_Projects\matrix_kvm\schemtic_backup20180514\sch\worklib\kvm_prototype\sch_1\page24_csa.lck NEWFILE142
F:\Design_Projects\matrix_kvm\schemtic_backup20180514\lib\worklib\ic\xc7a200tffg1156\sym_17\symbol.css FILE143
F:\Design_Projects\matrix_kvm\schemtic_backup20180514\lib\worklib\ic\xc7a200tffg1156\sym_18\symbol.css FILE144
F:\Design_Projects\matrix_kvm\schemtic_backup20180514\lib\worklib\ic\xc7a200tffg1156\sym_21\symbol.css FILE145
F:\Design_Projects\matrix_kvm\schemtic_backup20180514\lib\worklib\ic\xc7a200tffg1156\sym_16\symbol.css FILE146
F:\Design_Projects\matrix_kvm\schemtic_backup20180514\lib\worklib\ic\xc7a200tffg1156\sym_24\symbol.css FILE147
F:\Design_Projects\matrix_kvm\schemtic_backup20180514\sch\worklib\kvm_prototype\sch_1\page26.csb FILE148
F:\Design_Projects\matrix_kvm\schemtic_backup20180514\sch\worklib\kvm_prototype\sch_1\page26_csb.lck NEWFILE149
F:\Design_Projects\matrix_kvm\schemtic_backup20180514\sch\worklib\kvm_prototype\sch_1\page25_csa.lck NEWFILE150
F:\Design_Projects\matrix_kvm\schemtic_backup20180514\lib\worklib\oscillator\osc#2d125m#2ddif\sym_1\symbol.css FILE151
F:\Design_Projects\matrix_kvm\schemtic_backup20180514\lib\worklib\oscillator\osc#2d4\sym_1\symbol.css FILE152
F:\Design_Projects\matrix_kvm\schemtic_backup20180514\sch\worklib\kvm_prototype\sch_1\page27.csb FILE153
F:\Design_Projects\matrix_kvm\schemtic_backup20180514\sch\worklib\kvm_prototype/images/clipboard_0_1.jpg FILE154
F:\Design_Projects\matrix_kvm\schemtic_backup20180514\sch\worklib\kvm_prototype/images/clipboard_0_4.jpg FILE155
F:\Design_Projects\matrix_kvm\schemtic_backup20180514\sch\worklib\kvm_prototype\sch_1\page27_csb.lck NEWFILE156
F:\Design_Projects\matrix_kvm\schemtic_backup20180514\sch\worklib\kvm_prototype\sch_1\page26_csa.lck NEWFILE157
F:\Design_Projects\matrix_kvm\schemtic_backup20180514\lib\worklib\ic\xc7a200tffg1156\sym_1\symbol.css FILE158
F:\Design_Projects\matrix_kvm\schemtic_backup20180514\lib\worklib\ic\xc7a200tffg1156\sym_4\symbol.css FILE159
F:\Design_Projects\matrix_kvm\schemtic_backup20180514\lib\worklib\ic\s25fl128sagmf\sym_1\symbol.css FILE160
F:\Design_Projects\matrix_kvm\schemtic_backup20180514\lib\worklib\connector\head2x5\sym_1\symbol.css FILE161
F:\Design_Projects\matrix_kvm\schemtic_backup20180514\lib\worklib\protection\esd\sym_1\symbol.css FILE162
F:\Design_Projects\matrix_kvm\schemtic_backup20180514\sch\worklib\kvm_prototype\sch_1\page28.csb FILE163
F:\Design_Projects\matrix_kvm\schemtic_backup20180514\sch\worklib\kvm_prototype\sch_1\page28_csb.lck NEWFILE164
F:\Design_Projects\matrix_kvm\schemtic_backup20180514\sch\worklib\kvm_prototype\sch_1\page27_csa.lck NEWFILE165
F:\Design_Projects\matrix_kvm\schemtic_backup20180514\lib\worklib\ic\xc7a200tffg1156\sym_2\symbol.css FILE166
F:\Design_Projects\matrix_kvm\schemtic_backup20180514\sch\worklib\kvm_prototype\sch_1\page29.csb FILE167
F:\Design_Projects\matrix_kvm\schemtic_backup20180514\sch\worklib\kvm_prototype\sch_1\page29_csb.lck NEWFILE168
F:\Design_Projects\matrix_kvm\schemtic_backup20180514\sch\worklib\kvm_prototype\sch_1\page28_csa.lck NEWFILE169
F:\Design_Projects\matrix_kvm\schemtic_backup20180514\lib\worklib\ic\xc7a200tffg1156\sym_3\symbol.css FILE170
F:\Design_Projects\matrix_kvm\schemtic_backup20180514\sch\worklib\kvm_prototype\sch_1\page30.csb FILE171
F:\Design_Projects\matrix_kvm\schemtic_backup20180514\sch\worklib\kvm_prototype\sch_1\page30_csb.lck NEWFILE172
F:\Design_Projects\matrix_kvm\schemtic_backup20180514\sch\worklib\kvm_prototype\sch_1\page29_csa.lck NEWFILE173
F:\Design_Projects\matrix_kvm\schemtic_backup20180514\lib\worklib\ic\xc7a200tffg1156\sym_5\symbol.css FILE174
F:\Design_Projects\matrix_kvm\schemtic_backup20180514\sch\worklib\kvm_prototype\sch_1\page31.csb FILE175
F:\Design_Projects\matrix_kvm\schemtic_backup20180514\sch\worklib\kvm_prototype\sch_1\page31_csb.lck NEWFILE176
F:\Design_Projects\matrix_kvm\schemtic_backup20180514\sch\worklib\kvm_prototype\sch_1\page30_csa.lck NEWFILE177
F:\Design_Projects\matrix_kvm\schemtic_backup20180514\lib\worklib\ic\xc7a200tffg1156\sym_8\symbol.css FILE178
F:\Design_Projects\matrix_kvm\schemtic_backup20180514\sch\worklib\kvm_prototype\sch_1\page32.csb FILE179
F:\Design_Projects\matrix_kvm\schemtic_backup20180514\sch\worklib\kvm_prototype\sch_1\page32_csb.lck NEWFILE180
F:\Design_Projects\matrix_kvm\schemtic_backup20180514\sch\worklib\kvm_prototype\sch_1\page31_csa.lck NEWFILE181
F:\Design_Projects\matrix_kvm\schemtic_backup20180514\lib\worklib\ic\xc7a200tffg1156\sym_13\symbol.css FILE182
F:\Design_Projects\matrix_kvm\schemtic_backup20180514\lib\worklib\ic\xc7a200tffg1156\sym_7\symbol.css FILE183
F:\Design_Projects\matrix_kvm\schemtic_backup20180514\sch\worklib\kvm_prototype\sch_1\page33.csb FILE184
F:\Design_Projects\matrix_kvm\schemtic_backup20180514\sch\worklib\kvm_prototype\sch_1\page33_csb.lck NEWFILE185
F:\Design_Projects\matrix_kvm\schemtic_backup20180514\sch\worklib\kvm_prototype\sch_1\page32_csa.lck NEWFILE186
F:\Design_Projects\matrix_kvm\schemtic_backup20180514\sch\worklib\kvm_prototype\sch_1\page34.csb FILE187
F:\Design_Projects\matrix_kvm\schemtic_backup20180514\sch\worklib\kvm_prototype\sch_1\page34_csb.lck NEWFILE188
F:\Design_Projects\matrix_kvm\schemtic_backup20180514\sch\worklib\kvm_prototype\sch_1\page33_csa.lck NEWFILE189
F:\Design_Projects\matrix_kvm\schemtic_backup20180514\lib\worklib\ic\xc7a200tffg1156\sym_9\symbol.css FILE190
F:\Design_Projects\matrix_kvm\schemtic_backup20180514\sch\worklib\kvm_prototype\sch_1\page35.csb FILE191
F:\Design_Projects\matrix_kvm\schemtic_backup20180514\sch\worklib\kvm_prototype\sch_1\page35_csb.lck NEWFILE192
F:\Design_Projects\matrix_kvm\schemtic_backup20180514\sch\worklib\kvm_prototype\sch_1\page34_csa.lck NEWFILE193
F:\Design_Projects\matrix_kvm\schemtic_backup20180514\lib\worklib\ic\xc7a200tffg1156\sym_10\symbol.css FILE194
F:\Design_Projects\matrix_kvm\schemtic_backup20180514\sch\worklib\kvm_prototype\sch_1\page36.csb FILE195
F:\Design_Projects\matrix_kvm\schemtic_backup20180514\sch\worklib\kvm_prototype\sch_1\page36_csb.lck NEWFILE196
F:\Design_Projects\matrix_kvm\schemtic_backup20180514\sch\worklib\kvm_prototype\sch_1\page35_csa.lck NEWFILE197
F:\Design_Projects\matrix_kvm\schemtic_backup20180514\lib\worklib\ic\xc7a200tffg1156\sym_11\symbol.css FILE198
F:\Design_Projects\matrix_kvm\schemtic_backup20180514\sch\worklib\kvm_prototype\sch_1\page37.csb FILE199
F:\Design_Projects\matrix_kvm\schemtic_backup20180514\sch\worklib\kvm_prototype\sch_1\page37_csb.lck NEWFILE200
F:\Design_Projects\matrix_kvm\schemtic_backup20180514\sch\worklib\kvm_prototype\sch_1\page36_csa.lck NEWFILE201
F:\Design_Projects\matrix_kvm\schemtic_backup20180514\lib\worklib\ic\xc7a200tffg1156\sym_12\symbol.css FILE202
F:\Design_Projects\matrix_kvm\schemtic_backup20180514\sch\worklib\kvm_prototype\sch_1\page38.csb FILE203
F:\Design_Projects\matrix_kvm\schemtic_backup20180514\sch\worklib\kvm_prototype\sch_1\page38_csb.lck NEWFILE204
F:\Design_Projects\matrix_kvm\schemtic_backup20180514\sch\worklib\kvm_prototype\sch_1\page37_csa.lck NEWFILE205
F:\Design_Projects\matrix_kvm\schemtic_backup20180514\lib\worklib\ic\xc7a200tffg1156\sym_14\symbol.css FILE206
F:\Design_Projects\matrix_kvm\schemtic_backup20180514\sch\worklib\kvm_prototype\sch_1\page39.csb FILE207
F:\Design_Projects\matrix_kvm\schemtic_backup20180514\sch\worklib\kvm_prototype\sch_1\page39_csb.lck NEWFILE208
F:\Design_Projects\matrix_kvm\schemtic_backup20180514\sch\worklib\kvm_prototype\sch_1\page38_csa.lck NEWFILE209
F:\Design_Projects\matrix_kvm\schemtic_backup20180514\lib\worklib\ic\xc7a200tffg1156\sym_15\symbol.css FILE210
F:\Design_Projects\matrix_kvm\schemtic_backup20180514\sch\worklib\kvm_prototype\sch_1\page40.csb FILE211
F:\Design_Projects\matrix_kvm\schemtic_backup20180514\sch\worklib\kvm_prototype\sch_1\page40_csb.lck NEWFILE212
F:\Design_Projects\matrix_kvm\schemtic_backup20180514\sch\worklib\kvm_prototype\sch_1\page39_csa.lck NEWFILE213
F:\Design_Projects\matrix_kvm\schemtic_backup20180514\sch\worklib\kvm_prototype\sch_1\page41.csb FILE214
F:\Design_Projects\matrix_kvm\schemtic_backup20180514\sch\worklib\kvm_prototype\sch_1\page41_csb.lck NEWFILE215
F:\Design_Projects\matrix_kvm\schemtic_backup20180514\sch\worklib\kvm_prototype\sch_1\page40_csa.lck NEWFILE216
F:\Design_Projects\matrix_kvm\schemtic_backup20180514\sch\worklib\kvm_prototype\sch_1\page42.csb FILE217
F:\Design_Projects\matrix_kvm\schemtic_backup20180514\sch\worklib\kvm_prototype\sch_1\page42_csb.lck NEWFILE218
F:\Design_Projects\matrix_kvm\schemtic_backup20180514\sch\worklib\kvm_prototype\sch_1\page41_csa.lck NEWFILE219
E:\Cadence\SPB_16.6\share\library\standard\outport\sym_1\symbol.css FILE220
F:\Design_Projects\matrix_kvm\schemtic_backup20180514\sch\worklib\kvm_prototype\sch_1\page43.csb FILE221
F:\Design_Projects\matrix_kvm\schemtic_backup20180514\sch\worklib\kvm_prototype\sch_1\page43_csb.lck NEWFILE222
F:\Design_Projects\matrix_kvm\schemtic_backup20180514\sch\worklib\kvm_prototype\sch_1\page42_csa.lck NEWFILE223
F:\Design_Projects\matrix_kvm\schemtic_backup20180514\sch\worklib\kvm_prototype\sch_1\page44.csb FILE224
F:\Design_Projects\matrix_kvm\schemtic_backup20180514\sch\worklib\kvm_prototype\sch_1\page44_csb.lck NEWFILE225
F:\Design_Projects\matrix_kvm\schemtic_backup20180514\sch\worklib\kvm_prototype\sch_1\page43_csa.lck NEWFILE226
F:\Design_Projects\matrix_kvm\schemtic_backup20180514\sch\worklib\kvm_prototype\sch_1\page45.csb FILE227
F:\Design_Projects\matrix_kvm\schemtic_backup20180514\sch\worklib\kvm_prototype\sch_1\page45_csb.lck NEWFILE228
F:\Design_Projects\matrix_kvm\schemtic_backup20180514\sch\worklib\kvm_prototype\sch_1\page44_csa.lck NEWFILE229
F:\Design_Projects\matrix_kvm\schemtic_backup20180514\sch\worklib\kvm_prototype\sch_1\page46.csb FILE230
F:\Design_Projects\matrix_kvm\schemtic_backup20180514\sch\worklib\kvm_prototype\sch_1\page46_csb.lck NEWFILE231
F:\Design_Projects\matrix_kvm\schemtic_backup20180514\sch\worklib\kvm_prototype\sch_1\page45_csa.lck NEWFILE232
F:\Design_Projects\matrix_kvm\schemtic_backup20180514\sch\worklib\kvm_prototype\sch_1\page47.csb FILE233
F:\Design_Projects\matrix_kvm\schemtic_backup20180514\sch\worklib\kvm_prototype\sch_1\page47_csb.lck NEWFILE234
F:\Design_Projects\matrix_kvm\schemtic_backup20180514\sch\worklib\kvm_prototype\sch_1\page46_csa.lck NEWFILE235
F:\Design_Projects\matrix_kvm\schemtic_backup20180514\sch\worklib\kvm_prototype\sch_1\page48.csb FILE236
F:\Design_Projects\matrix_kvm\schemtic_backup20180514\sch\worklib\kvm_prototype\sch_1\page48_csb.lck NEWFILE237
F:\Design_Projects\matrix_kvm\schemtic_backup20180514\sch\worklib\kvm_prototype\sch_1\page47_csa.lck NEWFILE238
F:\Design_Projects\matrix_kvm\schemtic_backup20180514\sch\worklib\kvm_prototype\sch_1\page49.csb FILE239
F:\Design_Projects\matrix_kvm\schemtic_backup20180514\sch\worklib\kvm_prototype\sch_1\page49_csb.lck NEWFILE240
F:\Design_Projects\matrix_kvm\schemtic_backup20180514\sch\worklib\kvm_prototype\sch_1\page48_csa.lck NEWFILE241
F:\Design_Projects\matrix_kvm\schemtic_backup20180514\sch\worklib\kvm_prototype\sch_1\page50.csb FILE242
F:\Design_Projects\matrix_kvm\schemtic_backup20180514\sch\worklib\kvm_prototype\sch_1\page50_csb.lck NEWFILE243
F:\Design_Projects\matrix_kvm\schemtic_backup20180514\sch\worklib\kvm_prototype\sch_1\page49_csa.lck NEWFILE244
F:\Design_Projects\matrix_kvm\schemtic_backup20180514\sch\worklib\kvm_prototype\sch_1\page51.csb FILE245
F:\Design_Projects\matrix_kvm\schemtic_backup20180514\sch\worklib\kvm_prototype\sch_1\page51_csb.lck NEWFILE246
F:\Design_Projects\matrix_kvm\schemtic_backup20180514\sch\worklib\kvm_prototype\sch_1\page50_csa.lck NEWFILE247
F:\Design_Projects\matrix_kvm\schemtic_backup20180514\sch\worklib\kvm_prototype\sch_1\page52.csb FILE248
F:\Design_Projects\matrix_kvm\schemtic_backup20180514\sch\worklib\kvm_prototype\sch_1\page52_csb.lck NEWFILE249
F:\Design_Projects\matrix_kvm\schemtic_backup20180514\sch\worklib\kvm_prototype\sch_1\page51_csa.lck NEWFILE250
F:\Design_Projects\matrix_kvm\schemtic_backup20180514\sch\worklib\kvm_prototype\sch_1\page53.csb FILE251
F:\Design_Projects\matrix_kvm\schemtic_backup20180514\sch\worklib\kvm_prototype\sch_1\page53_csb.lck NEWFILE252
F:\Design_Projects\matrix_kvm\schemtic_backup20180514\sch\worklib\kvm_prototype\sch_1\page52_csa.lck NEWFILE253
F:\Design_Projects\matrix_kvm\schemtic_backup20180514\sch\worklib\kvm_prototype\sch_1\page54.csb FILE254
F:\Design_Projects\matrix_kvm\schemtic_backup20180514\sch\worklib\kvm_prototype\sch_1\page54_csb.lck NEWFILE255
F:\Design_Projects\matrix_kvm\schemtic_backup20180514\sch\worklib\kvm_prototype\sch_1\page53_csa.lck NEWFILE256
F:\Design_Projects\matrix_kvm\schemtic_backup20180514\lib\worklib\ic\mtfc8gacaaam#2d1m\sym_3\symbol.css FILE257
F:\Design_Projects\matrix_kvm\schemtic_backup20180514\lib\worklib\ic\mtfc8gacaaam#2d1m\sym_2\symbol.css FILE258
F:\Design_Projects\matrix_kvm\schemtic_backup20180514\lib\worklib\ic\mtfc8gacaaam#2d1m\sym_1\symbol.css FILE259
F:\Design_Projects\matrix_kvm\schemtic_backup20180514\sch\worklib\kvm_prototype\sch_1\page55.csb FILE260
F:\Design_Projects\matrix_kvm\schemtic_backup20180514\sch\worklib\kvm_prototype/images/clipboard_0_9.jpg FILE261
F:\Design_Projects\matrix_kvm\schemtic_backup20180514\sch\worklib\kvm_prototype/images/clipboard_0_8.jpg FILE262
F:\Design_Projects\matrix_kvm\schemtic_backup20180514\sch\worklib\kvm_prototype\sch_1\page55_csb.lck NEWFILE263
F:\Design_Projects\matrix_kvm\schemtic_backup20180514\sch\worklib\kvm_prototype\sch_1\page54_csa.lck NEWFILE264
F:\Design_Projects\matrix_kvm\schemtic_backup20180514\lib\worklib\ic\rtl8211e#2dvl#2dcg\sym_1\symbol.css FILE265
F:\Design_Projects\matrix_kvm\schemtic_backup20180514\sch\worklib\kvm_prototype\sch_1\page56.csb FILE266
F:\Design_Projects\matrix_kvm\schemtic_backup20180514\sch\worklib\kvm_prototype\sch_1\page56_csb.lck NEWFILE267
F:\Design_Projects\matrix_kvm\schemtic_backup20180514\sch\worklib\kvm_prototype\sch_1\page55_csa.lck NEWFILE268
F:\Design_Projects\matrix_kvm\schemtic_backup20180514\lib\worklib\connector\rj45#2dge#2dmagnetics\sym_1\symbol.css FILE269
F:\Design_Projects\matrix_kvm\schemtic_backup20180514\sch\worklib\kvm_prototype\sch_1\page57.csb FILE270
F:\Design_Projects\matrix_kvm\schemtic_backup20180514\sch\worklib\kvm_prototype\sch_1\page57_csb.lck NEWFILE271
F:\Design_Projects\matrix_kvm\schemtic_backup20180514\sch\worklib\kvm_prototype\sch_1\page56_csa.lck NEWFILE272
F:\Design_Projects\matrix_kvm\schemtic_backup20180514\lib\worklib\ic\xc6slx16csg324\sym_1\symbol.css FILE273
F:\Design_Projects\matrix_kvm\schemtic_backup20180514\sch\worklib\kvm_prototype\sch_1\page58.csb FILE274
F:\Design_Projects\matrix_kvm\schemtic_backup20180514\sch\worklib\kvm_prototype\sch_1\page58_csb.lck NEWFILE275
F:\Design_Projects\matrix_kvm\schemtic_backup20180514\sch\worklib\kvm_prototype\sch_1\page57_csa.lck NEWFILE276
F:\Design_Projects\matrix_kvm\schemtic_backup20180514\lib\worklib\ic\xc6slx16csg324\sym_2\symbol.css FILE277
F:\Design_Projects\matrix_kvm\schemtic_backup20180514\sch\worklib\kvm_prototype\sch_1\page59.csb FILE278
F:\Design_Projects\matrix_kvm\schemtic_backup20180514\sch\worklib\kvm_prototype\sch_1\page59_csb.lck NEWFILE279
F:\Design_Projects\matrix_kvm\schemtic_backup20180514\sch\worklib\kvm_prototype\sch_1\page58_csa.lck NEWFILE280
F:\Design_Projects\matrix_kvm\schemtic_backup20180514\lib\worklib\resistor\rn\sym_2\symbol.css FILE281
F:\Design_Projects\matrix_kvm\schemtic_backup20180514\lib\worklib\connector\head2x7\sym_1\symbol.css FILE282
F:\Design_Projects\matrix_kvm\schemtic_backup20180514\lib\worklib\ic\xc6slx16csg324\sym_3\symbol.css FILE283
E:\Cadence\SPB_16.6\share\library\standard\ioport\sym_1\symbol.css FILE284
F:\Design_Projects\matrix_kvm\schemtic_backup20180514\lib\worklib\connector\head2x3\sym_1\symbol.css FILE285
F:\Design_Projects\matrix_kvm\schemtic_backup20180514\lib\worklib\ic\m25p40\sym_1\symbol.css FILE286
F:\Design_Projects\matrix_kvm\schemtic_backup20180514\sch\worklib\kvm_prototype\sch_1\page60.csb FILE287
F:\Design_Projects\matrix_kvm\schemtic_backup20180514\sch\worklib\kvm_prototype\sch_1\page60_csb.lck NEWFILE288
F:\Design_Projects\matrix_kvm\schemtic_backup20180514\sch\worklib\kvm_prototype\sch_1\page59_csa.lck NEWFILE289
F:\Design_Projects\matrix_kvm\schemtic_backup20180514\lib\worklib\ic\xc6slx16csg324\sym_4\symbol.css FILE290
F:\Design_Projects\matrix_kvm\schemtic_backup20180514\sch\worklib\kvm_prototype\sch_1\page61.csb FILE291
F:\Design_Projects\matrix_kvm\schemtic_backup20180514\sch\worklib\kvm_prototype\sch_1\page61_csb.lck NEWFILE292
F:\Design_Projects\matrix_kvm\schemtic_backup20180514\sch\worklib\kvm_prototype\sch_1\page60_csa.lck NEWFILE293
F:\Design_Projects\matrix_kvm\schemtic_backup20180514\lib\worklib\ic\xc6slx16csg324\sym_5\symbol.css FILE294
F:\Design_Projects\matrix_kvm\schemtic_backup20180514\sch\worklib\kvm_prototype\sch_1\page62.csb FILE295
F:\Design_Projects\matrix_kvm\schemtic_backup20180514\sch\worklib\kvm_prototype\sch_1\page62_csb.lck NEWFILE296
F:\Design_Projects\matrix_kvm\schemtic_backup20180514\sch\worklib\kvm_prototype\sch_1\page61_csa.lck NEWFILE297
F:\Design_Projects\matrix_kvm\schemtic_backup20180514\lib\worklib\others\tp\sym_1\symbol.css FILE298
F:\Design_Projects\matrix_kvm\schemtic_backup20180514\lib\worklib\ic\cy22394fc\sym_1\symbol.css FILE299
F:\Design_Projects\matrix_kvm\schemtic_backup20180514\sch\worklib\kvm_prototype\sch_1\page63.csb FILE300
F:\Design_Projects\matrix_kvm\schemtic_backup20180514\sch\worklib\kvm_prototype\sch_1\page63_csb.lck NEWFILE301
F:\Design_Projects\matrix_kvm\schemtic_backup20180514\sch\worklib\kvm_prototype\sch_1\page62_csa.lck NEWFILE302
F:\Design_Projects\matrix_kvm\schemtic_backup20180514\lib\worklib\ic\hy5ps121621cfp\sym_1\symbol.css FILE303
F:\Design_Projects\matrix_kvm\schemtic_backup20180514\sch\worklib\kvm_prototype\sch_1\page64.csb FILE304
F:\Design_Projects\matrix_kvm\schemtic_backup20180514\sch\worklib\kvm_prototype/images/clipboard_0_5.jpg FILE305
F:\Design_Projects\matrix_kvm\schemtic_backup20180514\sch\worklib\kvm_prototype/images/clipboard_1_2.jpg FILE306
F:\Design_Projects\matrix_kvm\schemtic_backup20180514\sch\worklib\kvm_prototype/images/clipboard_2_1.jpg FILE307
F:\Design_Projects\matrix_kvm\schemtic_backup20180514\sch\worklib\kvm_prototype\sch_1\page64_csb.lck NEWFILE308
F:\Design_Projects\matrix_kvm\schemtic_backup20180514\sch\worklib\kvm_prototype\sch_1\page63_csa.lck NEWFILE309
F:\Design_Projects\matrix_kvm\schemtic_backup20180514\sch\worklib\kvm_prototype\sch_1\page65.csb FILE310
F:\Design_Projects\matrix_kvm\schemtic_backup20180514\sch\worklib\kvm_prototype\sch_1\page65_csb.lck NEWFILE311
F:\Design_Projects\matrix_kvm\schemtic_backup20180514\sch\worklib\kvm_prototype\sch_1\page64_csa.lck NEWFILE312
F:\Design_Projects\matrix_kvm\schemtic_backup20180514\lib\worklib\ic\xc7z015_1clg485c\sym_8\symbol.css FILE313
F:\Design_Projects\matrix_kvm\schemtic_backup20180514\lib\worklib\ic\xc7z015_1clg485c\sym_9\symbol.css FILE314
F:\Design_Projects\matrix_kvm\schemtic_backup20180514\sch\worklib\kvm_prototype\sch_1\page66.csb FILE315
F:\Design_Projects\matrix_kvm\schemtic_backup20180514\sch\worklib\kvm_prototype\sch_1\page66_csb.lck NEWFILE316
F:\Design_Projects\matrix_kvm\schemtic_backup20180514\sch\worklib\kvm_prototype\sch_1\page65_csa.lck NEWFILE317
F:\Design_Projects\matrix_kvm\schemtic_backup20180514\sch\worklib\kvm_prototype\sch_1\page67.csb FILE318
F:\Design_Projects\matrix_kvm\schemtic_backup20180514\sch\worklib\kvm_prototype\sch_1\page67_csb.lck NEWFILE319
F:\Design_Projects\matrix_kvm\schemtic_backup20180514\sch\worklib\kvm_prototype\sch_1\page66_csa.lck NEWFILE320
F:\Design_Projects\matrix_kvm\schemtic_backup20180514\lib\worklib\ic\xc7z015_1clg485c\sym_1\symbol.css FILE321
F:\Design_Projects\matrix_kvm\schemtic_backup20180514\sch\worklib\kvm_prototype\sch_1\page68.csb FILE322
F:\Design_Projects\matrix_kvm\schemtic_backup20180514\sch\worklib\kvm_prototype\sch_1\page68_csb.lck NEWFILE323
F:\Design_Projects\matrix_kvm\schemtic_backup20180514\sch\worklib\kvm_prototype\sch_1\page67_csa.lck NEWFILE324
F:\Design_Projects\matrix_kvm\schemtic_backup20180514\lib\worklib\ic\xc7z015_1clg485c\sym_2\symbol.css FILE325
F:\Design_Projects\matrix_kvm\schemtic_backup20180514\sch\worklib\kvm_prototype\sch_1\page69.csb FILE326
F:\Design_Projects\matrix_kvm\schemtic_backup20180514\sch\worklib\kvm_prototype\sch_1\page69_csb.lck NEWFILE327
F:\Design_Projects\matrix_kvm\schemtic_backup20180514\sch\worklib\kvm_prototype\sch_1\page68_csa.lck NEWFILE328
F:\Design_Projects\matrix_kvm\schemtic_backup20180514\lib\worklib\ic\xc7z015_1clg485c\sym_3\symbol.css FILE329
F:\Design_Projects\matrix_kvm\schemtic_backup20180514\sch\worklib\kvm_prototype\sch_1\page70.csb FILE330
F:\Design_Projects\matrix_kvm\schemtic_backup20180514\sch\worklib\kvm_prototype\sch_1\page70_csb.lck NEWFILE331
F:\Design_Projects\matrix_kvm\schemtic_backup20180514\sch\worklib\kvm_prototype\sch_1\page69_csa.lck NEWFILE332
F:\Design_Projects\matrix_kvm\schemtic_backup20180514\lib\worklib\ic\xc7z015_1clg485c\sym_4\symbol.css FILE333
F:\Design_Projects\matrix_kvm\schemtic_backup20180514\sch\worklib\kvm_prototype\sch_1\page71.csb FILE334
F:\Design_Projects\matrix_kvm\schemtic_backup20180514\sch\worklib\kvm_prototype\sch_1\page71_csb.lck NEWFILE335
F:\Design_Projects\matrix_kvm\schemtic_backup20180514\sch\worklib\kvm_prototype\sch_1\page70_csa.lck NEWFILE336
F:\Design_Projects\matrix_kvm\schemtic_backup20180514\lib\worklib\ic\xc7z015_1clg485c\sym_5\symbol.css FILE337
F:\Design_Projects\matrix_kvm\schemtic_backup20180514\sch\worklib\kvm_prototype\sch_1\page72.csb FILE338
F:\Design_Projects\matrix_kvm\schemtic_backup20180514\sch\worklib\kvm_prototype/images/clipboard_0_6.jpg FILE339
F:\Design_Projects\matrix_kvm\schemtic_backup20180514\sch\worklib\kvm_prototype/images/clipboard_0_7.jpg FILE340
F:\Design_Projects\matrix_kvm\schemtic_backup20180514\sch\worklib\kvm_prototype\sch_1\page72_csb.lck NEWFILE341
F:\Design_Projects\matrix_kvm\schemtic_backup20180514\sch\worklib\kvm_prototype\sch_1\page71_csa.lck NEWFILE342
F:\Design_Projects\matrix_kvm\schemtic_backup20180514\lib\worklib\ic\xc7z015_1clg485c\sym_6\symbol.css FILE343
F:\Design_Projects\matrix_kvm\schemtic_backup20180514\sch\worklib\kvm_prototype\sch_1\page73.csb FILE344
F:\Design_Projects\matrix_kvm\schemtic_backup20180514\sch\worklib\kvm_prototype\sch_1\page73_csb.lck NEWFILE345
F:\Design_Projects\matrix_kvm\schemtic_backup20180514\sch\worklib\kvm_prototype\sch_1\page72_csa.lck NEWFILE346
F:\Design_Projects\matrix_kvm\schemtic_backup20180514\lib\worklib\ic\xc7z015_1clg485c\sym_7\symbol.css FILE347
F:\Design_Projects\matrix_kvm\schemtic_backup20180514\sch\worklib\kvm_prototype\sch_1\page73_csa.lck NEWFILE348
temp/xxnedtmp65/concept.mkr NEWFILE349
E:/Cadence/SPB_16.6/tools/language/config.dat FILE350
E:/Cadence/SPB_16.6/tools/language/pack_type_rename.dat NEWFILE351
temp/xxnedtmp65/../crystal.mkr NEWFILE352
temp/xxnedtmp65/../c#20size#20page.mkr NEWFILE353
temp/xxnedtmp65/../r.mkr NEWFILE354
temp/xxnedtmp65/../gnd_signal.mkr NEWFILE355
temp/xxnedtmp65/../c.mkr NEWFILE356
temp/xxnedtmp65/../usb_dul.mkr NEWFILE357
temp/xxnedtmp65/../cp.mkr NEWFILE358
temp/xxnedtmp65/../led_s.mkr NEWFILE359
temp/xxnedtmp65/../lb.mkr NEWFILE360
temp/xxnedtmp65/../lm3526.mkr NEWFILE361
temp/xxnedtmp65/../gl850g.mkr NEWFILE362
F:\Design_Projects\matrix_kvm\schemtic_backup20180514\sch\worklib\kvm_prototype\sch_1\page50.csa FILE363
F:\Design_Projects\matrix_kvm\schemtic_backup20180514\sch\worklib\kvm_prototype\sch_1\page50.csv FILE364
F:/Design_Projects/matrix_kvm/schemtic_backup20180514/sch/worklib/kvm_prototype/sch_1/kvm_prototype_xcon.lck NEWFILE365
F:/Design_Projects/matrix_kvm/schemtic_backup20180514/sch/worklib/kvm_prototype/sch_1/kvm_prototype_dcf.lck NEWFILE366
temp/xxnedtmp65/csnetlister.mkr NEWFILE367
