	(Comment
		(Time 01/22/18,16:56:43)
		(User cpp8013)
		(MsgId ECO_021)
		(Text "Package TPD4S012 added to cell")
		(Param1 "TPD4S012")
	)
	(Comment
		(Time 01/22/18,16:57:07)
		(User cpp8013)
		(MsgId ECO_081)
		(Text "Symbol sym_1 added to cell")
		(Param1 "sym_1")
	)
	(Comment
		(Time 05/07/18,16:06:55)
		(User cdj)
		(MsgId ECO_151)
		(Text "Verilog wrapper vlog_model added to cell")
		(Param1 "vlog_model")
	)
	(Comment
		(Time 05/08/18,14:08:31)
		(User cdj)
		(MsgId ECO_151)
		(Text "Verilog wrapper vlog_model added to cell")
		(Param1 "vlog_model")
	)
	(Comment
		(Time 05/08/18,16:04:32)
		(User cdj)
		(MsgId ECO_151)
		(Text "Verilog wrapper vlog_model added to cell")
		(Param1 "vlog_model")
	)
