	(Comment
		(Time 01/01/18,16:01:31)
		(User Administrator)
		(MsgId ECO_021)
		(Text "Package RCLAMP0524P added to cell")
		(Param1 "RCLAMP0524P")
	)
	(Comment
		(Time 01/01/18,16:02:36)
		(User Administrator)
		(MsgId ECO_081)
		(Text "Symbol sym_1 added to cell")
		(Param1 "sym_1")
	)
	(Comment
		(Time 05/07/18,11:35:00)
		(User cdj)
		(MsgId ECO_151)
		(Text "Verilog wrapper vlog_model added to cell")
		(Param1 "vlog_model")
	)
	(Comment
		(Time 05/08/18,19:37:20)
		(User cdj)
		(MsgId ECO_151)
		(Text "Verilog wrapper vlog_model added to cell")
		(Param1 "vlog_model")
	)
	(Comment
		(Time 05/08/18,16:21:30)
		(User cdj)
		(MsgId ECO_151)
		(Text "Verilog wrapper vlog_model added to cell")
		(Param1 "vlog_model")
	)
	(Comment
		(Time 05/09/18,11:02:38)
		(User cdj)
		(MsgId ECO_151)
		(Text "Verilog wrapper vlog_model1 added to cell")
		(Param1 "vlog_model1")
	)
