temp/xxnedtmp26/event.log NEWFILE1
temp/xxnedtmp26/text.log NEWFILE2
temp/xxnedtmp26/environ.log NEWFILE3
C:\Cadence\SPB_16.6\share\cdssetup/concept/concepthdl.scr FILE4
D:\GitHub\KVM\KVM_prototype\schemtic\sch\cds.lib FILE5
D:\GitHub\KVM\KVM_prototype\schemtic\sch\worklib\kvm_prototype\sch_1\page1.csb FILE6
D:\GitHub\KVM\KVM_prototype\schemtic\sch\worklib\kvm_prototype\sch_1\page1_csb.lck NEWFILE7
temp/xxnedtmp26/undo1.log NEWFILE8
C:\Cadence\SPB_16.6\share\library\standard\c#20size#20page\sym_1\symbol.css FILE9
D:\GitHub\KVM\KVM_prototype\schemtic\sch\worklib\kvm_prototype\sch_1\page1_csa.lck NEWFILE10
D:/GitHub/KVM/KVM_prototype/schemtic/sch/worklib/kvm_prototype/sch_1/kvm_prototype.xcon FILE11
D:/GitHub/KVM/KVM_prototype/schemtic/sch/worklib/kvm_prototype/sch_1/kvm_prototype.dcf FILE12
D:\GitHub\KVM\KVM_prototype\schemtic\sch\worklib\kvm_prototype\sch_1\page12.csb FILE13
D:\GitHub\KVM\KVM_prototype\schemtic\sch\worklib\kvm_prototype\sch_1\page12_csb.lck FILE14
D:\GitHub\KVM\KVM_prototype\schemtic\lib\worklib\c\sym_1\symbol.css FILE15
D:\GitHub\KVM\KVM_prototype\schemtic\lib\worklib\lb\sym_1\symbol.css FILE16
C:\Cadence\SPB_16.6\share\library\standard\gnd_signal\sym_1\symbol.css FILE17
D:\GitHub\KVM\KVM_prototype\schemtic\lib\worklib\r\sym_1\symbol.css FILE18
D:\GitHub\KVM\KVM_prototype\schemtic\lib\worklib\sfp_conn\sym_1\symbol.css FILE19
D:\GitHub\KVM\KVM_prototype\schemtic\lib\worklib\sfp_cage\sym_1\symbol.css FILE20
C:/Cadence/SPB_16.6/tools/language/config.dat FILE21
temp/xxnedtmp26/concept.mkr NEWFILE22
C:/Cadence/SPB_16.6/tools/language/pack_type_rename.dat NEWFILE23
temp/xxnedtmp26/../c#20size#20page.mkr NEWFILE24
temp/xxnedtmp26/../c.mkr NEWFILE25
temp/xxnedtmp26/../lb.mkr NEWFILE26
temp/xxnedtmp26/../gnd_signal.mkr NEWFILE27
temp/xxnedtmp26/../r.mkr NEWFILE28
temp/xxnedtmp26/../sfp_conn.mkr NEWFILE29
temp/xxnedtmp26/../sfp_cage.mkr NEWFILE30
D:\GitHub\KVM\KVM_prototype\schemtic\sch\worklib\kvm_prototype\sch_1\page12.csa FILE31
D:\GitHub\KVM\KVM_prototype\schemtic\sch\worklib\kvm_prototype\sch_1\page12.csv FILE32
D:/GitHub/KVM/KVM_prototype/schemtic/sch/worklib/kvm_prototype/sch_1/kvm_prototype_xcon.lck NEWFILE33
D:/GitHub/KVM/KVM_prototype/schemtic/sch/worklib/kvm_prototype/sch_1/kvm_prototype_dcf.lck NEWFILE34
temp/xxnedtmp26/csnetlister.mkr NEWFILE35
C:/Users/cpp8013/AppData/Local/Temp/conBF42.tmp FILE36
D:\GitHub\KVM\KVM_prototype\schemtic\sch\worklib\kvm_prototype\sch_1\pc.db FILE37
