temp/xxnedtmp36/event.log NEWFILE1
temp/xxnedtmp36/text.log NEWFILE2
temp/xxnedtmp36/environ.log NEWFILE3
C:\Cadence\SPB_16.6\share\cdssetup/concept/concepthdl.scr FILE4
E:\GitHub\KVM_prototype\schemtic\sch\cds.lib FILE5
E:\GitHub\KVM_prototype\schemtic\sch\worklib\kvm_prototype\sch_1\page1.csb FILE6
E:\GitHub\KVM_prototype\schemtic\sch\worklib\kvm_prototype\sch_1\page1_csb.lck NEWFILE7
temp/xxnedtmp36/undo1.log NEWFILE8
C:\Cadence\SPB_16.6\share\library\standard\c#20size#20page\sym_1\symbol.css FILE9
E:\GitHub\KVM_prototype\schemtic\sch\worklib\kvm_prototype\sch_1\page1_csa.lck NEWFILE10
E:/GitHub/KVM_prototype/schemtic/sch/worklib/kvm_prototype/sch_1/kvm_prototype.xcon FILE11
E:/GitHub/KVM_prototype/schemtic/sch/worklib/kvm_prototype/sch_1/kvm_prototype.dcf FILE12
E:\GitHub\KVM_prototype\schemtic\sch\worklib\kvm_prototype\sch_1\page15.csb FILE13
E:\GitHub\KVM_prototype\schemtic\sch\worklib\kvm_prototype/images/clipboard_0.jpg FILE14
E:\GitHub\KVM_prototype\schemtic\sch\worklib\kvm_prototype/images/14.jpg FILE15
E:\GitHub\KVM_prototype\schemtic\sch\worklib\kvm_prototype\sch_1\page15_csb.lck FILE16
E:\GitHub\KVM_prototype\schemtic\lib\worklib\usb_a_x2\sym_1\symbol.css FILE17
C:\Cadence\SPB_16.6\share\library\standard\gnd_signal\sym_1\symbol.css FILE18
E:\GitHub\KVM_prototype\schemtic\lib\worklib\tpd4s012\sym_1\symbol.css FILE19
E:\GitHub\KVM_prototype\schemtic\lib\worklib\r\sym_1\symbol.css FILE20
E:\GitHub\KVM_prototype\schemtic\lib\worklib\head1x2_s\sym_1\symbol.css FILE21
E:\GitHub\KVM_prototype\schemtic\lib\worklib\cp\sym_1\symbol.css FILE22
E:\GitHub\KVM_prototype\schemtic\lib\worklib\lb\sym_1\symbol.css FILE23
E:\GitHub\KVM_prototype\schemtic\lib\worklib\c\sym_1\symbol.css FILE24
E:\GitHub\KVM_prototype\schemtic\lib\worklib\head1x3_s\sym_1\symbol.css FILE25
C:/Cadence/SPB_16.6/tools/language/config.dat FILE26
temp/xxnedtmp36/concept.mkr NEWFILE27
C:/Cadence/SPB_16.6/tools/language/pack_type_rename.dat NEWFILE28
temp/xxnedtmp36/../gnd_signal.mkr NEWFILE29
temp/xxnedtmp36/../tpd4s012.mkr NEWFILE30
temp/xxnedtmp36/../usb_a_x2.mkr NEWFILE31
temp/xxnedtmp36/../c#20size#20page.mkr NEWFILE32
temp/xxnedtmp36/../r.mkr NEWFILE33
temp/xxnedtmp36/../head1x2_s.mkr NEWFILE34
temp/xxnedtmp36/../cp.mkr NEWFILE35
temp/xxnedtmp36/../lb.mkr NEWFILE36
temp/xxnedtmp36/../c.mkr NEWFILE37
temp/xxnedtmp36/../head1x3_s.mkr NEWFILE38
E:\GitHub\KVM_prototype\schemtic\sch\worklib\kvm_prototype\sch_1\page15.csa FILE39
E:\GitHub\KVM_prototype\schemtic\sch\worklib\kvm_prototype\sch_1\page15.csv FILE40
E:/GitHub/KVM_prototype/schemtic/sch/worklib/kvm_prototype/sch_1/kvm_prototype_xcon.lck NEWFILE41
E:/GitHub/KVM_prototype/schemtic/sch/worklib/kvm_prototype/sch_1/kvm_prototype_dcf.lck NEWFILE42
temp/xxnedtmp36/csnetlister.mkr NEWFILE43
