	(Comment
		(Time 01/09/17,14:12:25)
		(User hzbts)
		(MsgId ECO_081)
		(Text "Symbol sym_1 added to cell")
		(Param1 "sym_1")
	)
	(Comment
		(Time 01/09/17,14:19:54)
		(User hzbts)
		(MsgId ECO_021)
		(Text "Package DPY added to cell")
		(Param1 "DPY")
	)
	(Comment
		(Time 01/09/17,14:20:41)
		(User hzbts)
		(MsgId ECO_211)
		(Text "PTF file part.ptf added")
		(Param1 "part.ptf")
	)
	(Comment
		(Time 02/04/17,15:44:13)
		(User hzbts)
		(MsgId ECO_151)
		(Text "Verilog wrapper vlog_model added to cell")
		(Param1 "vlog_model")
	)
	(Comment
		(Time 02/04/17,15:47:17)
		(User hzbts)
		(MsgId ECO_151)
		(Text "Verilog wrapper vlog_model added to cell")
		(Param1 "vlog_model")
	)
	(Comment
		(Time 02/13/17,09:22:26)
		(User hzbts)
		(MsgId ECO_151)
		(Text "Verilog wrapper vlog_model added to cell")
		(Param1 "vlog_model")
	)
