temp/xxnedtmp3/event.log NEWFILE1
temp/xxnedtmp3/text.log NEWFILE2
temp/xxnedtmp3/environ.log NEWFILE3
C:\Cadence\SPB_16.6\share\cdssetup/concept/concepthdl.scr FILE4
D:\GitHub\KVM\KVM_prototype\schemtic\sch\cds.lib FILE5
D:\GitHub\KVM\KVM_prototype\schemtic\sch\worklib\kvm_prototype\sch_1\page1.csb FILE6
D:\GitHub\KVM\KVM_prototype\schemtic\sch\worklib\kvm_prototype\sch_1\page1_csb.lck NEWFILE7
temp/xxnedtmp3/undo1.log NEWFILE8
C:\Cadence\SPB_16.6\share\library\standard\c#20size#20page\sym_1\symbol.css FILE9
D:\GitHub\KVM\KVM_prototype\schemtic\sch\worklib\kvm_prototype\sch_1\page1_csa.lck NEWFILE10
D:/GitHub/KVM/KVM_prototype/schemtic/sch/worklib/kvm_prototype/sch_1/kvm_prototype.xcon FILE11
D:/GitHub/KVM/KVM_prototype/schemtic/sch/worklib/kvm_prototype/sch_1/kvm_prototype.dcf FILE12
D:\GitHub\KVM\KVM_prototype\schemtic\sch\worklib\kvm_prototype\sch_1\page3.csb FILE13
D:\GitHub\KVM\KVM_prototype\schemtic\sch\worklib\kvm_prototype/images/2.jpg FILE14
D:\GitHub\KVM\KVM_prototype\schemtic\sch\worklib\kvm_prototype/images/1.jpg FILE15
D:\GitHub\KVM\KVM_prototype\schemtic\sch\worklib\kvm_prototype/images/3.jpg FILE16
D:\GitHub\KVM\KVM_prototype\schemtic\sch\worklib\kvm_prototype/images/4.jpg FILE17
D:\GitHub\KVM\KVM_prototype\schemtic\sch\worklib\kvm_prototype\sch_1\page3_csb.lck NEWFILE18
C:\Cadence\SPB_16.6\share\library\standard\gnd_signal\sym_1\symbol.css FILE19
D:\GitHub\KVM\KVM_prototype\schemtic\lib\worklib\r\sym_1\symbol.css FILE20
D:\GitHub\KVM\KVM_prototype\schemtic\lib\worklib\adp5053\sym_1\symbol.css FILE21
D:\GitHub\KVM\KVM_prototype\schemtic\lib\worklib\c\sym_1\symbol.css FILE22
D:\GitHub\KVM\KVM_prototype\schemtic\lib\worklib\cp\sym_1\symbol.css FILE23
D:\GitHub\KVM\KVM_prototype\schemtic\lib\worklib\l\sym_1\symbol.css FILE24
D:\GitHub\KVM\KVM_prototype\schemtic\lib\worklib\fds9926a\sym_2\symbol.css FILE25
D:\GitHub\KVM\KVM_prototype\schemtic\lib\worklib\fds9926a\sym_1\symbol.css FILE26
D:/GitHub/KVM/KVM_prototype/schemtic/mux/5.jpg FILE27
temp/xxnedtmp3/undo1/#UNNAMED_5.jpg FILE28
C:/Cadence/SPB_16.6/tools/language/config.dat FILE29
temp/xxnedtmp3/concept.mkr NEWFILE30
C:/Cadence/SPB_16.6/tools/language/pack_type_rename.dat NEWFILE31
temp/xxnedtmp3/../c#20size#20page.mkr NEWFILE32
temp/xxnedtmp3/../gnd_signal.mkr NEWFILE33
temp/xxnedtmp3/../r.mkr NEWFILE34
temp/xxnedtmp3/../adp5053.mkr NEWFILE35
temp/xxnedtmp3/../c.mkr NEWFILE36
temp/xxnedtmp3/../cp.mkr NEWFILE37
temp/xxnedtmp3/../l.mkr NEWFILE38
temp/xxnedtmp3/../fds9926a.mkr NEWFILE39
D:\GitHub\KVM\KVM_prototype\schemtic\sch\worklib\kvm_prototype/images/5.jpg NEWFILE40
D:\GitHub\KVM\KVM_prototype\schemtic\sch\worklib\kvm_prototype\sch_1\page3.csa FILE41
D:\GitHub\KVM\KVM_prototype\schemtic\sch\worklib\kvm_prototype\sch_1\page3.csv FILE42
D:/GitHub/KVM/KVM_prototype/schemtic/sch/worklib/kvm_prototype/sch_1/kvm_prototype_xcon.lck NEWFILE43
D:/GitHub/KVM/KVM_prototype/schemtic/sch/worklib/kvm_prototype/sch_1/kvm_prototype_dcf.lck NEWFILE44
temp/xxnedtmp3/csnetlister.mkr NEWFILE45
C:/Users/cpp8013/AppData/Local/Temp/conA827.tmp FILE46
C:/Users/cpp8013/AppData/Local/Temp/conBD5D.tmp FILE47
C:/Users/cpp8013/AppData/Local/Temp/conDD4C.tmp FILE48
D:\GitHub\KVM\KVM_prototype\schemtic\sch\worklib\kvm_prototype\sch_1\pc.db FILE49
C:/Users/cpp8013/AppData/Local/Temp/conC950.tmp FILE50
C:/Users/cpp8013/AppData/Local/Temp/conA6.tmp FILE51
C:/Users/cpp8013/AppData/Local/Temp/conC888.tmp FILE52
C:/Users/cpp8013/AppData/Local/Temp/con3465.tmp FILE53
