temp/xxnedtmp32/event.log NEWFILE1
temp/xxnedtmp32/text.log NEWFILE2
temp/xxnedtmp32/environ.log NEWFILE3
C:\Cadence\SPB_16.6\share\cdssetup/concept/concepthdl.scr FILE4
E:\GitHub\KVM_prototype\schemtic\sch\cds.lib FILE5
E:\GitHub\KVM_prototype\schemtic\sch\worklib\kvm_prototype\sch_1\page1.csb FILE6
E:\GitHub\KVM_prototype\schemtic\sch\worklib\kvm_prototype\sch_1\page1_csb.lck NEWFILE7
temp/xxnedtmp32/undo1.log NEWFILE8
C:\Cadence\SPB_16.6\share\library\standard\c#20size#20page\sym_1\symbol.css FILE9
E:\GitHub\KVM_prototype\schemtic\sch\worklib\kvm_prototype\sch_1\page1_csa.lck NEWFILE10
E:/GitHub/KVM_prototype/schemtic/sch/worklib/kvm_prototype/sch_1/kvm_prototype.xcon FILE11
E:/GitHub/KVM_prototype/schemtic/sch/worklib/kvm_prototype/sch_1/kvm_prototype.dcf FILE12
E:\GitHub\KVM_prototype\schemtic\sch\worklib\kvm_prototype\sch_1\page14.csb FILE13
E:\GitHub\KVM_prototype\schemtic\sch\worklib\kvm_prototype/images/11.jpg FILE14
E:\GitHub\KVM_prototype\schemtic\sch\worklib\kvm_prototype\sch_1\page14_csb.lck NEWFILE15
E:\GitHub\KVM_prototype\schemtic\lib\worklib\r\sym_1\symbol.css FILE16
C:\Cadence\SPB_16.6\share\library\standard\gnd_signal\sym_1\symbol.css FILE17
E:\GitHub\KVM_prototype\schemtic\lib\worklib\c\sym_1\symbol.css FILE18
E:\GitHub\KVM_prototype\schemtic\lib\worklib\sram\sym_1\symbol.css FILE19
E:\GitHub\KVM_prototype\schemtic\lib\worklib\lb\sym_1\symbol.css FILE20
E:\GitHub\KVM_prototype\schemtic\lib\worklib\cy7c67300\sym_2\symbol.css FILE21
E:\GitHub\KVM_prototype\schemtic\lib\worklib\crystal\sym_1\symbol.css FILE22
E:\GitHub\KVM_prototype\schemtic\lib\worklib\cy7c67300\sym_1\symbol.css FILE23
temp/xxnedtmp32/concept.mkr NEWFILE24
C:/Cadence/SPB_16.6/tools/language/config.dat FILE25
C:/Cadence/SPB_16.6/tools/language/pack_type_rename.dat NEWFILE26
temp/xxnedtmp32/../sram.mkr NEWFILE27
temp/xxnedtmp32/../c#20size#20page.mkr NEWFILE28
temp/xxnedtmp32/../cy7c67300.mkr NEWFILE29
temp/xxnedtmp32/../r.mkr NEWFILE30
temp/xxnedtmp32/../gnd_signal.mkr NEWFILE31
temp/xxnedtmp32/../c.mkr NEWFILE32
temp/xxnedtmp32/../lb.mkr NEWFILE33
temp/xxnedtmp32/../crystal.mkr NEWFILE34
E:\GitHub\KVM_prototype\schemtic\sch\worklib\kvm_prototype\sch_1\page14.csa FILE35
E:\GitHub\KVM_prototype\schemtic\sch\worklib\kvm_prototype\sch_1\page14.csv FILE36
E:/GitHub/KVM_prototype/schemtic/sch/worklib/kvm_prototype/sch_1/kvm_prototype_xcon.lck NEWFILE37
E:/GitHub/KVM_prototype/schemtic/sch/worklib/kvm_prototype/sch_1/kvm_prototype_dcf.lck NEWFILE38
temp/xxnedtmp32/csnetlister.mkr NEWFILE39
E:\GitHub\KVM_prototype\schemtic\sch\worklib\kvm_prototype\sch_1\page13.csb FILE40
E:\GitHub\KVM_prototype\schemtic\sch\worklib\kvm_prototype\sch_1\page13_csb.lck NEWFILE41
E:\GitHub\KVM_prototype\schemtic\sch\worklib\kvm_prototype\sch_1\page14_csa.lck NEWFILE42
E:\GitHub\KVM_prototype\schemtic\lib\worklib\sfp_cage\sym_1\symbol.css FILE43
E:\GitHub\KVM_prototype\schemtic\lib\worklib\sfp_conn\sym_1\symbol.css FILE44
D:/sys_temp/conF3D.tmp FILE45
temp/xxnedtmp32/../sfp_conn.mkr NEWFILE46
temp/xxnedtmp32/../sfp_cage.mkr NEWFILE47
E:\GitHub\KVM_prototype\schemtic\sch\worklib\kvm_prototype\sch_1\page13.csa FILE48
E:\GitHub\KVM_prototype\schemtic\sch\worklib\kvm_prototype\sch_1\page13.csv FILE49
E:\GitHub\KVM_prototype\schemtic\sch\worklib\kvm_prototype\sch_1\page13_csa.lck NEWFILE50
D:/sys_temp/con45E7.tmp FILE51
E:\GitHub\KVM_prototype\schemtic\sch\worklib\kvm_prototype\sch_1\pc.db FILE52
D:/sys_temp/conB492.tmp FILE53
D:/sys_temp/con81EF.tmp FILE54
D:/sys_temp/con8D17.tmp FILE55
