temp/xxnedtmp56/event.log NEWFILE1
temp/xxnedtmp56/text.log NEWFILE2
temp/xxnedtmp56/environ.log NEWFILE3
C:\Cadence\SPB_16.6\share\cdssetup/concept/concepthdl.scr FILE4
E:\GitHub\KVM_prototype\schemtic\sch\cds.lib FILE5
E:\GitHub\KVM_prototype\schemtic\sch\worklib\kvm_prototype\sch_1\page1.csb FILE6
E:\GitHub\KVM_prototype\schemtic\sch\worklib\kvm_prototype\sch_1\page1_csb.lck NEWFILE7
temp/xxnedtmp56/undo1.log NEWFILE8
C:\Cadence\SPB_16.6\share\library\standard\c#20size#20page\sym_1\symbol.css FILE9
E:\GitHub\KVM_prototype\schemtic\sch\worklib\kvm_prototype\sch_1\page1_csa.lck NEWFILE10
E:/GitHub/KVM_prototype/schemtic/sch/worklib/kvm_prototype/sch_1/kvm_prototype.xcon FILE11
E:/GitHub/KVM_prototype/schemtic/sch/worklib/kvm_prototype/sch_1/kvm_prototype.dcf FILE12
E:\GitHub\KVM_prototype\schemtic\sch\worklib\kvm_prototype\sch_1\page48.csb FILE13
E:\GitHub\KVM_prototype\schemtic\sch\worklib\kvm_prototype\sch_1\page48_csb.lck NEWFILE14
C:\Cadence\SPB_16.6\share\library\standard\gnd_signal\sym_1\symbol.css FILE15
E:\GitHub\KVM_prototype\schemtic\lib\worklib\xc7a200tffg1156\sym_17\symbol.css FILE16
E:\GitHub\KVM_prototype\schemtic\lib\worklib\xc7a200tffg1156\sym_18\symbol.css FILE17
E:\GitHub\KVM_prototype\schemtic\lib\worklib\xc7a200tffg1156\sym_21\symbol.css FILE18
E:\GitHub\KVM_prototype\schemtic\lib\worklib\xc7a200tffg1156\sym_16\symbol.css FILE19
E:\GitHub\KVM_prototype\schemtic\lib\worklib\xc7a200tffg1156\sym_24\symbol.css FILE20
E:\GitHub\KVM_prototype\schemtic\sch\worklib\kvm_prototype\sch_1\page47.csb FILE21
E:\GitHub\KVM_prototype\schemtic\sch\worklib\kvm_prototype\sch_1\page47_csb.lck NEWFILE22
E:\GitHub\KVM_prototype\schemtic\sch\worklib\kvm_prototype\sch_1\page48_csa.lck NEWFILE23
E:\GitHub\KVM_prototype\schemtic\lib\worklib\cp\sym_1\symbol.css FILE24
E:\GitHub\KVM_prototype\schemtic\lib\worklib\c\sym_1\symbol.css FILE25
E:\GitHub\KVM_prototype\schemtic\lib\worklib\xc7a200tffg1156\sym_19\symbol.css FILE26
E:\GitHub\KVM_prototype\schemtic\lib\worklib\lb\sym_1\symbol.css FILE27
E:\GitHub\KVM_prototype\schemtic\lib\worklib\xc7a200tffg1156\sym_20\symbol.css FILE28
E:\GitHub\KVM_prototype\schemtic\lib\worklib\xc7a200tffg1156\sym_22\symbol.css FILE29
E:\GitHub\KVM_prototype\schemtic\lib\worklib\xc7a200tffg1156\sym_23\symbol.css FILE30
E:\GitHub\KVM_prototype\schemtic\lib\worklib\xc7a200tffg1156\sym_25\symbol.css FILE31
E:\GitHub\KVM_prototype\schemtic\sch\worklib\kvm_prototype\sch_1\page47_csa.lck NEWFILE32
C:/Cadence/SPB_16.6/tools/language/config.dat FILE33
temp/xxnedtmp56/concept.mkr NEWFILE34
C:/Cadence/SPB_16.6/tools/language/pack_type_rename.dat NEWFILE35
temp/xxnedtmp56/../xc7a200tffg1156.mkr NEWFILE36
temp/xxnedtmp56/../c#20size#20page.mkr NEWFILE37
temp/xxnedtmp56/../gnd_signal.mkr NEWFILE38
E:\GitHub\KVM_prototype\schemtic\sch\worklib\kvm_prototype\sch_1\page48.csa FILE39
E:\GitHub\KVM_prototype\schemtic\sch\worklib\kvm_prototype\sch_1\page48.csv FILE40
E:/GitHub/KVM_prototype/schemtic/sch/worklib/kvm_prototype/sch_1/kvm_prototype_xcon.lck NEWFILE41
E:/GitHub/KVM_prototype/schemtic/sch/worklib/kvm_prototype/sch_1/kvm_prototype_dcf.lck NEWFILE42
temp/xxnedtmp56/csnetlister.mkr NEWFILE43
E:\GitHub\KVM_prototype\schemtic\sch\worklib\kvm_prototype\sch_1\page3.csb FILE44
E:\GitHub\KVM_prototype\schemtic\sch\worklib\kvm_prototype\sch_1\page3_csb.lck NEWFILE45
E:\GitHub\KVM_prototype\schemtic\sch\worklib\kvm_prototype\sch_1\page4.csb FILE46
E:\GitHub\KVM_prototype\schemtic\sch\worklib\kvm_prototype/images/4.jpg FILE47
E:\GitHub\KVM_prototype\schemtic\sch\worklib\kvm_prototype/images/1.jpg FILE48
E:\GitHub\KVM_prototype\schemtic\sch\worklib\kvm_prototype/images/2.jpg FILE49
E:\GitHub\KVM_prototype\schemtic\sch\worklib\kvm_prototype/images/5.jpg FILE50
E:\GitHub\KVM_prototype\schemtic\sch\worklib\kvm_prototype/images/3.jpg FILE51
E:\GitHub\KVM_prototype\schemtic\sch\worklib\kvm_prototype\sch_1\page4_csb.lck NEWFILE52
E:\GitHub\KVM_prototype\schemtic\sch\worklib\kvm_prototype\sch_1\page3_csa.lck NEWFILE53
E:\GitHub\KVM_prototype\schemtic\lib\worklib\r\sym_1\symbol.css FILE54
E:\GitHub\KVM_prototype\schemtic\lib\worklib\adp5053\sym_1\symbol.css FILE55
E:\GitHub\KVM_prototype\schemtic\lib\worklib\l\sym_1\symbol.css FILE56
E:\GitHub\KVM_prototype\schemtic\lib\worklib\fds9926a\sym_2\symbol.css FILE57
E:\GitHub\KVM_prototype\schemtic\lib\worklib\fds9926a\sym_1\symbol.css FILE58
C:\Cadence\SPB_16.6\share\library\standard\inport\sym_1\symbol.css FILE59
E:\GitHub\KVM_prototype\schemtic\lib\worklib\resetkey\sym_1\symbol.css FILE60
C:\Cadence\SPB_16.6\share\library\standard\outport\sym_1\symbol.css FILE61
E:\GitHub\KVM_prototype\schemtic\lib\worklib\led_s\sym_1\symbol.css FILE62
E:\GitHub\KVM_prototype\schemtic\lib\worklib\npn\sym_1\symbol.css FILE63
D:/sys_temp/conD1F7.tmp FILE64
E:\GitHub\KVM_prototype\schemtic\sch\worklib\kvm_prototype\sch_1\page4_csa.lck NEWFILE65
temp/xxnedtmp56/undo2.log NEWFILE66
D:/sys_temp/con3405.tmp FILE67
E:\GitHub\KVM_prototype\schemtic\sch\worklib\kvm_prototype\sch_1\page40.csb FILE68
E:\GitHub\KVM_prototype\schemtic\sch\worklib\kvm_prototype\sch_1\page40_csb.lck NEWFILE69
E:\GitHub\KVM_prototype\schemtic\lib\worklib\sfp_cage\sym_1\symbol.css FILE70
E:\GitHub\KVM_prototype\schemtic\lib\worklib\sfp_conn\sym_1\symbol.css FILE71
E:\GitHub\KVM_prototype\schemtic\sch\worklib\kvm_prototype\sch_1\page39.csb FILE72
E:\GitHub\KVM_prototype\schemtic\sch\worklib\kvm_prototype\sch_1\page39_csb.lck NEWFILE73
E:\GitHub\KVM_prototype\schemtic\sch\worklib\kvm_prototype\sch_1\page40_csa.lck NEWFILE74
E:\GitHub\KVM_prototype\schemtic\lib\worklib\head1x2_s\sym_1\symbol.css FILE75
E:\GitHub\KVM_prototype\schemtic\lib\worklib\tpd4s012\sym_1\symbol.css FILE76
E:\GitHub\KVM_prototype\schemtic\lib\worklib\usb_a_x2\sym_1\symbol.css FILE77
E:\GitHub\KVM_prototype\schemtic\sch\worklib\kvm_prototype\sch_1\page37.csb FILE78
E:\GitHub\KVM_prototype\schemtic\sch\worklib\kvm_prototype\sch_1\page37_csb.lck NEWFILE79
E:\GitHub\KVM_prototype\schemtic\sch\worklib\kvm_prototype\sch_1\page39_csa.lck NEWFILE80
E:\GitHub\KVM_prototype\schemtic\lib\worklib\hdmi#2da\sym_1\symbol.css FILE81
E:\GitHub\KVM_prototype\schemtic\lib\worklib\rclamp0524p\sym_1\symbol.css FILE82
E:\GitHub\KVM_prototype\schemtic\lib\worklib\diode\sym_1\symbol.css FILE83
E:\GitHub\KVM_prototype\schemtic\lib\worklib\ao3400\sym_1\symbol.css FILE84
E:\GitHub\KVM_prototype\schemtic\sch\worklib\kvm_prototype\sch_1\page36.csb FILE85
E:\GitHub\KVM_prototype\schemtic\sch\worklib\kvm_prototype\sch_1\page36_csb.lck NEWFILE86
E:\GitHub\KVM_prototype\schemtic\sch\worklib\kvm_prototype\sch_1\page37_csa.lck NEWFILE87
E:\GitHub\KVM_prototype\schemtic\lib\worklib\pesd0402#2d140\sym_1\symbol.css FILE88
E:\GitHub\KVM_prototype\schemtic\sch\worklib\kvm_prototype\sch_1\page35.csb FILE89
E:\GitHub\KVM_prototype\schemtic\sch\worklib\kvm_prototype/images/7.jpg FILE90
E:\GitHub\KVM_prototype\schemtic\sch\worklib\kvm_prototype/images/8.jpg FILE91
E:\GitHub\KVM_prototype\schemtic\sch\worklib\kvm_prototype\sch_1\page35_csb.lck NEWFILE92
E:\GitHub\KVM_prototype\schemtic\sch\worklib\kvm_prototype\sch_1\page36_csa.lck NEWFILE93
E:\GitHub\KVM_prototype\schemtic\lib\worklib\adv7511kstz\sym_1\symbol.css FILE94
E:\GitHub\KVM_prototype\schemtic\lib\worklib\osc#2d12mhz\sym_1\symbol.css FILE95
E:\GitHub\KVM_prototype\schemtic\sch\worklib\kvm_prototype\sch_1\page33.csb FILE96
E:\GitHub\KVM_prototype\schemtic\sch\worklib\kvm_prototype\sch_1\page33_csb.lck NEWFILE97
E:\GitHub\KVM_prototype\schemtic\sch\worklib\kvm_prototype\sch_1\page35_csa.lck NEWFILE98
E:\GitHub\KVM_prototype\schemtic\lib\worklib\adv7612bswz\sym_2\symbol.css FILE99
E:\GitHub\KVM_prototype\schemtic\sch\worklib\kvm_prototype\sch_1\page32.csb FILE100
E:\GitHub\KVM_prototype\schemtic\sch\worklib\kvm_prototype\sch_1\page32_csb.lck NEWFILE101
E:\GitHub\KVM_prototype\schemtic\sch\worklib\kvm_prototype\sch_1\page33_csa.lck NEWFILE102
E:\GitHub\KVM_prototype\schemtic\lib\worklib\crystal\sym_1\symbol.css FILE103
E:\GitHub\KVM_prototype\schemtic\lib\worklib\adv7612bswz\sym_1\symbol.css FILE104
E:\GitHub\KVM_prototype\schemtic\sch\worklib\kvm_prototype\sch_1\page31.csb FILE105
E:\GitHub\KVM_prototype\schemtic\sch\worklib\kvm_prototype/images/6_0.jpg FILE106
E:\GitHub\KVM_prototype\schemtic\sch\worklib\kvm_prototype\sch_1\page31_csb.lck NEWFILE107
E:\GitHub\KVM_prototype\schemtic\sch\worklib\kvm_prototype\sch_1\page32_csa.lck NEWFILE108
E:\GitHub\KVM_prototype\schemtic\lib\worklib\ncp1529\sym_1\symbol.css FILE109
E:\GitHub\KVM_prototype\schemtic\sch\worklib\kvm_prototype\sch_1\page29.csb FILE110
E:\GitHub\KVM_prototype\schemtic\sch\worklib\kvm_prototype/images/clipboard_2.jpg FILE111
E:\GitHub\KVM_prototype\schemtic\sch\worklib\kvm_prototype/images/clipboard_1_0.jpg FILE112
E:\GitHub\KVM_prototype\schemtic\sch\worklib\kvm_prototype\sch_1\page29_csb.lck NEWFILE113
E:\GitHub\KVM_prototype\schemtic\sch\worklib\kvm_prototype\sch_1\page31_csa.lck NEWFILE114
E:\GitHub\KVM_prototype\schemtic\lib\worklib\tpsm84824\sym_1\symbol.css FILE115
E:\GitHub\KVM_prototype\schemtic\sch\worklib\kvm_prototype\sch_1\page30.csb FILE116
E:\GitHub\KVM_prototype\schemtic\sch\worklib\kvm_prototype\sch_1\page30_csb.lck NEWFILE117
E:\GitHub\KVM_prototype\schemtic\sch\worklib\kvm_prototype\sch_1\page29_csa.lck NEWFILE118
temp/xxnedtmp56/../adp5053.mkr NEWFILE119
temp/xxnedtmp56/../r.mkr NEWFILE120
temp/xxnedtmp56/../c.mkr NEWFILE121
temp/xxnedtmp56/../fds9926a.mkr NEWFILE122
temp/xxnedtmp56/../outport.mkr NEWFILE123
temp/xxnedtmp56/../inport.mkr NEWFILE124
temp/xxnedtmp56/../cp.mkr NEWFILE125
temp/xxnedtmp56/../l.mkr NEWFILE126
temp/xxnedtmp56/../resetkey.mkr NEWFILE127
temp/xxnedtmp56/../npn.mkr NEWFILE128
temp/xxnedtmp56/../led_s.mkr NEWFILE129
E:\GitHub\KVM_prototype\schemtic\sch\worklib\kvm_prototype\sch_1\page30.csa FILE130
E:\GitHub\KVM_prototype\schemtic\sch\worklib\kvm_prototype\sch_1\page30.csv FILE131
E:\GitHub\KVM_prototype\schemtic\sch\worklib\kvm_prototype\sch_1\pc.db FILE132
E:\GitHub\KVM_prototype\schemtic\sch\worklib\kvm_prototype\sch_1\page30_csa.lck NEWFILE133
D:/sys_temp/con2FD1.tmp FILE134
D:/sys_temp/con551D.tmp FILE135
D:/sys_temp/con78C5.tmp FILE136
D:/sys_temp/con9598.tmp FILE137
D:/sys_temp/conF3A2.tmp FILE138
D:/sys_temp/con58CB.tmp FILE139
D:/sys_temp/con7D0E.tmp FILE140
D:/sys_temp/conB425.tmp FILE141
D:/sys_temp/con4AAB.tmp FILE142
D:/sys_temp/con81A3.tmp FILE143
D:/sys_temp/con4B78.tmp FILE144
D:/sys_temp/conB35F.tmp FILE145
D:/sys_temp/con50B7.tmp FILE146
E:\GitHub\KVM_prototype\schemtic\sch\worklib\kvm_prototype\sch_1\page8.csb FILE147
E:\GitHub\KVM_prototype\schemtic\sch\worklib\kvm_prototype\sch_1\page8_csb.lck NEWFILE148
E:\GitHub\KVM_prototype\schemtic\lib\worklib\bss123lt1\sym_1\symbol.css FILE149
E:\GitHub\KVM_prototype\schemtic\sch\worklib\kvm_prototype\sch_1\page17.csb FILE150
E:\GitHub\KVM_prototype\schemtic\sch\worklib\kvm_prototype\sch_1\page17_csb.lck NEWFILE151
E:\GitHub\KVM_prototype\schemtic\sch\worklib\kvm_prototype\sch_1\page8_csa.lck NEWFILE152
E:\GitHub\KVM_prototype\schemtic\sch\worklib\kvm_prototype\sch_1\page18.csb FILE153
E:\GitHub\KVM_prototype\schemtic\sch\worklib\kvm_prototype\sch_1\page18_csb.lck NEWFILE154
E:\GitHub\KVM_prototype\schemtic\sch\worklib\kvm_prototype\sch_1\page17_csa.lck NEWFILE155
E:\GitHub\KVM_prototype\schemtic\lib\worklib\mt41k512m16ha#2d125\sym_2\symbol.css FILE156
E:\GitHub\KVM_prototype\schemtic\lib\worklib\mt41k512m16ha#2d125\sym_1\symbol.css FILE157
E:\GitHub\KVM_prototype\schemtic\sch\worklib\kvm_prototype\sch_1\page19.csb FILE158
E:\GitHub\KVM_prototype\schemtic\sch\worklib\kvm_prototype/images/clipboard_0_2.jpg FILE159
E:\GitHub\KVM_prototype\schemtic\sch\worklib\kvm_prototype/images/clipboard_0_0.jpg FILE160
E:\GitHub\KVM_prototype\schemtic\sch\worklib\kvm_prototype/images/clipboard_1.jpg FILE161
E:\GitHub\KVM_prototype\schemtic\sch\worklib\kvm_prototype\sch_1\page19_csb.lck NEWFILE162
E:\GitHub\KVM_prototype\schemtic\sch\worklib\kvm_prototype\sch_1\page18_csa.lck NEWFILE163
E:\GitHub\KVM_prototype\schemtic\sch\worklib\kvm_prototype\sch_1\page23.csb FILE164
E:\GitHub\KVM_prototype\schemtic\sch\worklib\kvm_prototype\sch_1\page23_csb.lck NEWFILE165
E:\GitHub\KVM_prototype\schemtic\sch\worklib\kvm_prototype\sch_1\page19_csa.lck NEWFILE166
E:\GitHub\KVM_prototype\schemtic\lib\worklib\xc7s50fgga484\sym_4\symbol.css FILE167
E:\GitHub\KVM_prototype\schemtic\sch\worklib\kvm_prototype\sch_1\page25.csb FILE168
E:\GitHub\KVM_prototype\schemtic\sch\worklib\kvm_prototype\sch_1\page25_csb.lck NEWFILE169
E:\GitHub\KVM_prototype\schemtic\sch\worklib\kvm_prototype\sch_1\page23_csa.lck NEWFILE170
E:\GitHub\KVM_prototype\schemtic\lib\worklib\xc7s50fgga484\sym_6\symbol.css FILE171
E:\GitHub\KVM_prototype\schemtic\sch\worklib\kvm_prototype\sch_1\page20.csb FILE172
E:\GitHub\KVM_prototype\schemtic\sch\worklib\kvm_prototype\sch_1\page20_csb.lck NEWFILE173
E:\GitHub\KVM_prototype\schemtic\sch\worklib\kvm_prototype\sch_1\page25_csa.lck NEWFILE174
E:\GitHub\KVM_prototype\schemtic\lib\worklib\xc7s50fgga484\sym_9\symbol.css FILE175
E:\GitHub\KVM_prototype\schemtic\lib\worklib\xc7s50fgga484\sym_10\symbol.css FILE176
E:\GitHub\KVM_prototype\schemtic\lib\worklib\xc7s50fgga484\sym_11\symbol.css FILE177
D:/sys_temp/con9D9.tmp FILE178
E:\GitHub\KVM_prototype\schemtic\sch\worklib\kvm_prototype\sch_1\page20_csa.lck NEWFILE179
D:/sys_temp/con63AD.tmp FILE180
temp/xxnedtmp56/../lb.mkr NEWFILE181
E:\GitHub\KVM_prototype\schemtic\sch\worklib\kvm_prototype\sch_1\page7.csb FILE182
E:\GitHub\KVM_prototype\schemtic\sch\worklib\kvm_prototype\sch_1\page7_csb.lck NEWFILE183
E:\GitHub\KVM_prototype\schemtic\sch\worklib\kvm_prototype\sch_1\page7_csa.lck NEWFILE184
D:/sys_temp/conCD39.tmp FILE185
D:/sys_temp/con4A46.tmp FILE186
D:/sys_temp/conC5AD.tmp FILE187
D:/sys_temp/con26A2.tmp FILE188
D:/sys_temp/con3801.tmp FILE189
D:/sys_temp/con5D0F.tmp FILE190
E:\GitHub\KVM_prototype\schemtic\sch\worklib\kvm_prototype\sch_1\page46.csb FILE191
E:\GitHub\KVM_prototype\schemtic\sch\worklib\kvm_prototype/images/clipboard_1_1.jpg FILE192
E:\GitHub\KVM_prototype\schemtic\sch\worklib\kvm_prototype/images/clipboard_2_0.jpg FILE193
E:\GitHub\KVM_prototype\schemtic\sch\worklib\kvm_prototype/images/clipboard_0_3.jpg FILE194
E:\GitHub\KVM_prototype\schemtic\sch\worklib\kvm_prototype\sch_1\page46_csb.lck NEWFILE195
E:\GitHub\KVM_prototype\schemtic\sch\worklib\kvm_prototype\sch_1\page46.csa FILE196
E:\GitHub\KVM_prototype\schemtic\sch\worklib\kvm_prototype\sch_1\page46.csv FILE197
E:\GitHub\KVM_prototype\schemtic\sch\worklib\kvm_prototype\sch_1\page46_csa.lck NEWFILE198
E:\GitHub\KVM_prototype\schemtic\sch\worklib\kvm_prototype\sch_1\page42.csb FILE199
E:\GitHub\KVM_prototype\schemtic\sch\worklib\kvm_prototype\sch_1\page42_csb.lck NEWFILE200
E:\GitHub\KVM_prototype\schemtic\sch\worklib\kvm_prototype\sch_1\page43.csb FILE201
E:\GitHub\KVM_prototype\schemtic\sch\worklib\kvm_prototype\sch_1\page43_csb.lck NEWFILE202
E:\GitHub\KVM_prototype\schemtic\sch\worklib\kvm_prototype\sch_1\page42_csa.lck NEWFILE203
E:\GitHub\KVM_prototype\schemtic\sch\worklib\kvm_prototype\sch_1\page43_csa.lck NEWFILE204
temp/xxnedtmp56/../xc7s50fgga484.mkr NEWFILE205
E:\GitHub\KVM_prototype\schemtic\sch\worklib\kvm_prototype\sch_1\page20.csa FILE206
E:\GitHub\KVM_prototype\schemtic\sch\worklib\kvm_prototype\sch_1\page20.csv FILE207
D:/sys_temp/tmp236A.tmp FILE208
D:/sys_temp/conBF4C.tmp FILE209
