Allegro Design Entry HDL 16.6-p007 (v16-6-112F) 10/10/2012
Copyright 2011 Cadence Design Systems, Inc

WARNING(SPCOCN-1474): You must specify a window that contains a drawing.
WARNING(SPCOCN-1474): You must specify a window that contains a drawing.
WARNING(SPCOCN-1474): You must specify a window that contains a drawing.
WARNING(SPCOCN-1474): You must specify a window that contains a drawing.
WARNING(SPCOCN-1474): You must specify a window that contains a drawing.
WARNING(SPCOCN-1474): You must specify a window that contains a drawing.
WARNING(SPCOCN-1474): You must specify a window that contains a drawing.
WARNING(SPCOCN-2040): Specify the command "page forcereset all" to reset logical page numbers of all pages of this block.
WARNING(SPCOCN-1523): Invalid set option: <search_history_count>
INFO(SPCOCN-1177): Unexpected text: <5>
WARNING(SPCOCN-1523): Invalid set option: <search_history>
WARNING(SPCOCN-1523): Invalid set option: <search_toolbar_lookin>
INFO(SPCOCN-1177): Unexpected text: <PAGE>
WARNING(SPCOCN-1523): Invalid set option: <modify_quick_reset_filters>
INFO(SPCOCN-1177): Unexpected text: <OFF>
WARNING(SPCOCN-1523): Invalid set option: <hss_distribute_ports_count>
INFO(SPCOCN-1177): Unexpected text: <25>
WARNING(SPCOCN-1523): Invalid set option: <hss_distribute_port_pattern>
WARNING(SPCOCN-1523): Invalid set option: <hss_distribute_property_name>
WARNING(SPCOCN-1474): You must specify a window that contains a drawing.
WARNING(SPCOCN-1474): You must specify a window that contains a drawing.
WARNING(SPCOCN-1474): You must specify a window that contains a drawing.
WARNING(SPCOCN-1474): You must specify a window that contains a drawing.
WARNING(SPCOCN-1474): You must specify a window that contains a drawing.
WARNING(SPCOCN-1474): You must specify a window that contains a drawing.
INFO(SPCOCN-1737): Reading E:\GitHub\KVM_prototype\schemtic\sch\cds.lib file.
WARNING(SPCOCN-674): Error(s) in E:\GitHub\KVM_prototype\schemtic\sch\cds.lib
WARNING(SPCOCN-675):   No such file: D:\GitHub\KVM\KVM_prototype\schemtic\lib\cds.lib on line 4.
WARNING(SPCOCN-675):   No such file: D:\GitHub\KVM_prototype\schemtic\lib\cds.lib on line 5.
WARNING(SPCOCN-1474): You must specify a window that contains a drawing.
INFO(SPCOCN-1445): Reading KVM_PROTOTYPE.SCH.1.1 into drawing #1.
INFO(SPCOCN-195): The following file will be used to identify the list of modules to be excluded: 'C:\Cadence\SPB_16.6\share\cdssetup\xmodules.dat'.
INFO(SPCOCN-1445): Reading KVM_PROTOTYPE.SCH.1.1 into drawing #1.
INFO(SPCOCN-1445): Reading KVM_PROTOTYPE.SCH.1.48 into drawing #1.
INFO(SPCOCN-1445): Reading KVM_PROTOTYPE.SCH.1.47 into drawing #1.
INFO(SPCOCN-1445): Reading KVM_PROTOTYPE.SCH.1.48 into drawing #1.
INFO(SPCOCN-1070): Checking drawing...
INFO(SPCOCN-1028): writing <kvm_prototype_lib>KVM_PROTOTYPE.SCH.1.48:
INFO(SPCOCN-1044): writing binary file...
INFO(SPCOCN-1049): writing ASCII file...
INFO(SPCOCN-1727): Appending master.tag page27.csa with page48.csa
INFO(SPCOCN-1053): writing connectivity file...
INFO(SPCOCN-1054): ...written

CSDirect 16.6-p007 (v16-6-112F)

Netlisting block kvm_prototype

Processing page 48

No netlisting errors found. 

INFO(SPCOCN-1640): writing occurrence data...
INFO(SPCOCN-1054): ...written
INFO(SPCOCN-1070): Checking drawing...
INFO(SPCOCN-1028): writing <kvm_prototype_lib>KVM_PROTOTYPE.SCH.1.48:
INFO(SPCOCN-1044): writing binary file...
INFO(SPCOCN-1049): writing ASCII file...
INFO(SPCOCN-1727): Appending master.tag page27.csa with page48.csa
INFO(SPCOCN-1053): writing connectivity file...
INFO(SPCOCN-1054): ...written

CSDirect 16.6-p007 (v16-6-112F)

Netlisting block kvm_prototype

Processing page 48

No netlisting errors found. 

INFO(SPCOCN-1640): writing occurrence data...
INFO(SPCOCN-1054): ...written
INFO(SPCOCN-1195): Group contains:   1 bodies   2 properties   0 notes   0 wires   0 dots   0 images
INFO(SPCOCN-1070): Checking drawing...
INFO(SPCOCN-1028): writing <kvm_prototype_lib>KVM_PROTOTYPE.SCH.1.48:
INFO(SPCOCN-1044): writing binary file...
INFO(SPCOCN-1049): writing ASCII file...
INFO(SPCOCN-1727): Appending master.tag page27.csa with page48.csa
INFO(SPCOCN-1053): writing connectivity file...
INFO(SPCOCN-1054): ...written

CSDirect 16.6-p007 (v16-6-112F)

Netlisting block kvm_prototype

Processing page 48

No netlisting errors found. 

INFO(SPCOCN-1640): writing occurrence data...
INFO(SPCOCN-1054): ...written
INFO(SPCOCN-1070): Checking drawing...
INFO(SPCOCN-1028): writing <kvm_prototype_lib>KVM_PROTOTYPE.SCH.1.48:
INFO(SPCOCN-1044): writing binary file...
INFO(SPCOCN-1049): writing ASCII file...
INFO(SPCOCN-1727): Appending master.tag page27.csa with page48.csa
INFO(SPCOCN-1053): writing connectivity file...
INFO(SPCOCN-1054): ...written

CSDirect 16.6-p007 (v16-6-112F)

Netlisting block kvm_prototype

Processing page 48

No netlisting errors found. 

INFO(SPCOCN-1640): writing occurrence data...
INFO(SPCOCN-1054): ...written
INFO(SPCOCN-1445): Reading KVM_PROTOTYPE.SCH.1.47 into drawing #1.
INFO(SPCOCN-1445): Reading KVM_PROTOTYPE.SCH.1.48 into drawing #1.
INFO(SPCOCN-1445): Reading KVM_PROTOTYPE.SCH.1.3 into drawing #1.
INFO(SPCOCN-1445): Reading KVM_PROTOTYPE.SCH.1.4 into drawing #1.
INFO(SPCOCN-1001): Component: I68 selected.
INFO(SPCOCN-1445): Reading KVM_PROTOTYPE.SCH.1.48 into drawing #1.
INFO(SPCOCN-1854): The drawing KVM_PROTOTYPE.SCH.1.49
INFO(SPCOCN-578): will be retained as drawing #1.
INFO(SPCOCN-1445): Reading KVM_PROTOTYPE.SCH.1.47 into drawing #2.
INFO(SPCOCN-1001): Component: I58 selected.
INFO(SPCOCN-1443): KVM_PROTOTYPE.SCH.1.48 has been previously edited as drawing #1.
INFO(SPCOCN-1001): Component: I8 selected.
INFO(SPCOCN-1001): Component: I8 selected.
INFO(SPCOCN-1001): Component: I8 selected.
INFO(SPCOCN-1507): Adding version 1 of part C from library kvm_matrix_lib
INFO(SPCOCN-1854): The drawing KVM_PROTOTYPE.SCH.1.49
INFO(SPCOCN-578): will be retained as drawing #1.
INFO(SPCOCN-1445): Reading KVM_PROTOTYPE.SCH.1.40 into drawing #2.
INFO(SPCOCN-1445): Reading KVM_PROTOTYPE.SCH.1.39 into drawing #2.
INFO(SPCOCN-1445): Reading KVM_PROTOTYPE.SCH.1.37 into drawing #2.
INFO(SPCOCN-1445): Reading KVM_PROTOTYPE.SCH.1.36 into drawing #2.
INFO(SPCOCN-1445): Reading KVM_PROTOTYPE.SCH.1.35 into drawing #2.
INFO(SPCOCN-1445): Reading KVM_PROTOTYPE.SCH.1.33 into drawing #2.
INFO(SPCOCN-1445): Reading KVM_PROTOTYPE.SCH.1.32 into drawing #2.
INFO(SPCOCN-1445): Reading KVM_PROTOTYPE.SCH.1.31 into drawing #2.
INFO(SPCOCN-1445): Reading KVM_PROTOTYPE.SCH.1.29 into drawing #2.
INFO(SPCOCN-1445): Reading KVM_PROTOTYPE.SCH.1.30 into drawing #2.
INFO(SPCOCN-999): Signal: V_A7_1V2_MGTAVTT selected.
INFO(SPCOCN-1070): Checking drawing...
INFO(SPCOCN-1028): writing <kvm_prototype_lib>KVM_PROTOTYPE.SCH.1.30:
INFO(SPCOCN-1044): writing binary file...
INFO(SPCOCN-1049): writing ASCII file...
INFO(SPCOCN-1727): Appending master.tag page27.csa with page30.csa
INFO(SPCOCN-1053): writing connectivity file...
INFO(SPCOCN-1054): ...written

CSDirect 16.6-p007 (v16-6-112F)

Netlisting block kvm_prototype

Processing page 30

INFO(SPCOCN-1640): writing occurrence data...
INFO(SPCOCN-1054): ...written
INFO(SPCOCN-1445): Reading KVM_PROTOTYPE.SCH.1.47 into drawing #2.
INFO(SPCOCN-1443): KVM_PROTOTYPE.SCH.1.48 has been previously edited as drawing #1.
INFO(SPCOCN-1001): Component: I10 selected.
INFO(SPCOCN-1001): Component: I10 selected.
INFO(SPCOCN-1195): Group contains:   2 bodies   4 properties   0 notes   0 wires   0 dots   0 images
INFO(SPCOCN-1195): Group contains:   2 bodies   4 properties   0 notes   0 wires   0 dots   0 images
INFO(SPCOCN-1195): Group contains:   4 bodies   8 properties   0 notes   0 wires   0 dots   0 images
INFO(SPCOCN-1195): Group contains:   8 bodies   16 properties   0 notes   0 wires   0 dots   0 images
INFO(SPCOCN-1070): Checking drawing...
INFO(SPCOCN-1028): writing <kvm_prototype_lib>KVM_PROTOTYPE.SCH.1.48:
INFO(SPCOCN-1044): writing binary file...
INFO(SPCOCN-1049): writing ASCII file...
INFO(SPCOCN-1727): Appending master.tag page27.csa with page48.csa
INFO(SPCOCN-1053): writing connectivity file...
INFO(SPCOCN-1054): ...written

CSDirect 16.6-p007 (v16-6-112F)

Netlisting block kvm_prototype

Processing page 48

No netlisting errors found. 

INFO(SPCOCN-1640): writing occurrence data...
INFO(SPCOCN-1054): ...written
INFO(SPCOCN-1070): Checking drawing...
INFO(SPCOCN-1028): writing <kvm_prototype_lib>KVM_PROTOTYPE.SCH.1.48:
INFO(SPCOCN-1044): writing binary file...
INFO(SPCOCN-1049): writing ASCII file...
INFO(SPCOCN-1727): Appending master.tag page27.csa with page48.csa
INFO(SPCOCN-1053): writing connectivity file...
INFO(SPCOCN-1054): ...written

CSDirect 16.6-p007 (v16-6-112F)

Netlisting block kvm_prototype

Processing page 48

No netlisting errors found. 

INFO(SPCOCN-1640): writing occurrence data...
INFO(SPCOCN-1054): ...written
INFO(SPCOCN-999): Signal: GND_SIGNAL selected.
INFO(SPCOCN-1070): Checking drawing...
INFO(SPCOCN-1028): writing <kvm_prototype_lib>KVM_PROTOTYPE.SCH.1.48:
INFO(SPCOCN-1044): writing binary file...
INFO(SPCOCN-1049): writing ASCII file...
INFO(SPCOCN-1727): Appending master.tag page27.csa with page48.csa
INFO(SPCOCN-1053): writing connectivity file...
INFO(SPCOCN-1054): ...written

CSDirect 16.6-p007 (v16-6-112F)

Netlisting block kvm_prototype

Processing page 48

No netlisting errors found. 

INFO(SPCOCN-1640): writing occurrence data...
INFO(SPCOCN-1054): ...written
INFO(SPCOCN-999): Signal: UN$49$C$I21$1 selected.
INFO(SPCOCN-1070): Checking drawing...
INFO(SPCOCN-1028): writing <kvm_prototype_lib>KVM_PROTOTYPE.SCH.1.48:
INFO(SPCOCN-1044): writing binary file...
INFO(SPCOCN-1049): writing ASCII file...
INFO(SPCOCN-1727): Appending master.tag page27.csa with page48.csa
INFO(SPCOCN-1053): writing connectivity file...
INFO(SPCOCN-1054): ...written

CSDirect 16.6-p007 (v16-6-112F)

Netlisting block kvm_prototype

Processing page 48

No netlisting errors found. 

INFO(SPCOCN-1640): writing occurrence data...
INFO(SPCOCN-1054): ...written
INFO(SPCOCN-999): Signal: UN$49$C$I21$1 selected.
INFO(SPCOCN-999): Signal: UN$49$C$I21$1 selected.
INFO(SPCOCN-999): Signal: UN$49$C$I21$1 selected.
INFO(SPCOCN-999): Signal: UN$49$C$I21$1 selected.
INFO(SPCOCN-999): Signal: UN$49$C$I21$1 selected.
INFO(SPCOCN-999): Signal: UN$49$C$I21$1 selected.
INFO(SPCOCN-999): Signal: UN$49$C$I21$1 selected.
INFO(SPCOCN-1070): Checking drawing...
INFO(SPCOCN-1028): writing <kvm_prototype_lib>KVM_PROTOTYPE.SCH.1.48:
INFO(SPCOCN-1044): writing binary file...
INFO(SPCOCN-1049): writing ASCII file...
INFO(SPCOCN-1727): Appending master.tag page27.csa with page48.csa
INFO(SPCOCN-1053): writing connectivity file...
INFO(SPCOCN-1054): ...written

CSDirect 16.6-p007 (v16-6-112F)

Netlisting block kvm_prototype

Processing page 48

No netlisting errors found. 

INFO(SPCOCN-1640): writing occurrence data...
INFO(SPCOCN-1054): ...written
INFO(SPCOCN-1001): Component: I9 selected.
INFO(SPCOCN-1070): Checking drawing...
INFO(SPCOCN-1028): writing <kvm_prototype_lib>KVM_PROTOTYPE.SCH.1.48:
INFO(SPCOCN-1044): writing binary file...
INFO(SPCOCN-1049): writing ASCII file...
INFO(SPCOCN-1727): Appending master.tag page27.csa with page48.csa
INFO(SPCOCN-1053): writing connectivity file...
INFO(SPCOCN-1054): ...written

CSDirect 16.6-p007 (v16-6-112F)

Netlisting block kvm_prototype

Processing page 48

No netlisting errors found. 

INFO(SPCOCN-1640): writing occurrence data...
INFO(SPCOCN-1054): ...written
INFO(SPCOCN-1195): Group contains:   18 bodies   36 properties   0 notes   67 wires   31 dots   0 images
INFO(SPCOCN-1070): Checking drawing...
INFO(SPCOCN-1028): writing <kvm_prototype_lib>KVM_PROTOTYPE.SCH.1.48:
INFO(SPCOCN-1044): writing binary file...
INFO(SPCOCN-1049): writing ASCII file...
INFO(SPCOCN-1727): Appending master.tag page27.csa with page48.csa
INFO(SPCOCN-1053): writing connectivity file...
INFO(SPCOCN-1054): ...written

CSDirect 16.6-p007 (v16-6-112F)

Netlisting block kvm_prototype

Processing page 48

No netlisting errors found. 

INFO(SPCOCN-1640): writing occurrence data...
INFO(SPCOCN-1054): ...written
INFO(SPCOCN-1001): Component: I28 selected.
INFO(SPCOCN-1001): Component: I29 selected.
INFO(SPCOCN-1001): Component: I30 selected.
INFO(SPCOCN-1001): Component: I31 selected.
INFO(SPCOCN-1001): Component: I32 selected.
INFO(SPCOCN-1001): Component: I33 selected.
INFO(SPCOCN-999): Signal: UN$49$C$I27$1 selected.
INFO(SPCOCN-999): Signal: UN$49$C$I27$1 selected.
INFO(SPCOCN-999): Signal: GND_SIGNAL selected.
INFO(SPCOCN-999): Signal: GND_SIGNAL selected.
INFO(SPCOCN-999): Signal: GND_SIGNAL selected.
INFO(SPCOCN-999): Signal: UN$49$C$I27$1 selected.
INFO(SPCOCN-999): Signal: UN$49$C$I27$1 selected.
INFO(SPCOCN-999): Signal: GND_SIGNAL selected.
INFO(SPCOCN-999): Signal: GND_SIGNAL selected.
INFO(SPCOCN-999): Signal: UN$49$C$I27$1 selected.
INFO(SPCOCN-999): Signal: UN$49$C$I27$1 selected.
INFO(SPCOCN-999): Signal: GND_SIGNAL selected.
INFO(SPCOCN-1070): Checking drawing...
INFO(SPCOCN-1028): writing <kvm_prototype_lib>KVM_PROTOTYPE.SCH.1.48:
INFO(SPCOCN-1044): writing binary file...
INFO(SPCOCN-1049): writing ASCII file...
INFO(SPCOCN-1727): Appending master.tag page27.csa with page48.csa
INFO(SPCOCN-1053): writing connectivity file...
INFO(SPCOCN-1054): ...written

CSDirect 16.6-p007 (v16-6-112F)

Netlisting block kvm_prototype

Processing page 48

No netlisting errors found. 

INFO(SPCOCN-1640): writing occurrence data...
INFO(SPCOCN-1054): ...written
INFO(SPCOCN-1195): Group contains:   24 bodies   48 properties   0 notes   91 wires   43 dots   0 images
INFO(SPCOCN-1070): Checking drawing...
INFO(SPCOCN-1028): writing <kvm_prototype_lib>KVM_PROTOTYPE.SCH.1.48:
INFO(SPCOCN-1044): writing binary file...
INFO(SPCOCN-1049): writing ASCII file...
INFO(SPCOCN-1727): Appending master.tag page27.csa with page48.csa
INFO(SPCOCN-1053): writing connectivity file...
INFO(SPCOCN-1054): ...written

CSDirect 16.6-p007 (v16-6-112F)

Netlisting block kvm_prototype

Processing page 48

No netlisting errors found. 

INFO(SPCOCN-1640): writing occurrence data...
INFO(SPCOCN-1054): ...written
INFO(SPCOCN-1070): Checking drawing...
INFO(SPCOCN-1028): writing <kvm_prototype_lib>KVM_PROTOTYPE.SCH.1.48:
INFO(SPCOCN-1044): writing binary file...
INFO(SPCOCN-1049): writing ASCII file...
INFO(SPCOCN-1727): Appending master.tag page27.csa with page48.csa
INFO(SPCOCN-1053): writing connectivity file...
INFO(SPCOCN-1054): ...written

CSDirect 16.6-p007 (v16-6-112F)

Netlisting block kvm_prototype

Processing page 48

No netlisting errors found. 

INFO(SPCOCN-1640): writing occurrence data...
INFO(SPCOCN-1054): ...written
INFO(SPCOCN-1001): Component: ??? selected.
INFO(SPCOCN-1070): Checking drawing...
INFO(SPCOCN-1028): writing <kvm_prototype_lib>KVM_PROTOTYPE.SCH.1.48:
INFO(SPCOCN-1044): writing binary file...
INFO(SPCOCN-1049): writing ASCII file...
INFO(SPCOCN-1727): Appending master.tag page27.csa with page48.csa
INFO(SPCOCN-1053): writing connectivity file...
INFO(SPCOCN-1054): ...written

CSDirect 16.6-p007 (v16-6-112F)

Netlisting block kvm_prototype

Processing page 48

No netlisting errors found. 

INFO(SPCOCN-1640): writing occurrence data...
INFO(SPCOCN-1054): ...written
INFO(SPCOCN-1445): Reading KVM_PROTOTYPE.SCH.1.8 into drawing #1.
INFO(SPCOCN-1445): Reading KVM_PROTOTYPE.SCH.1.17 into drawing #1.
INFO(SPCOCN-1445): Reading KVM_PROTOTYPE.SCH.1.18 into drawing #1.
INFO(SPCOCN-1445): Reading KVM_PROTOTYPE.SCH.1.19 into drawing #1.
INFO(SPCOCN-1445): Reading KVM_PROTOTYPE.SCH.1.23 into drawing #1.
INFO(SPCOCN-1445): Reading KVM_PROTOTYPE.SCH.1.25 into drawing #1.
INFO(SPCOCN-1445): Reading KVM_PROTOTYPE.SCH.1.20 into drawing #1.
INFO(SPCOCN-1001): Component: I66 selected.
INFO(SPCOCN-1445): Reading KVM_PROTOTYPE.SCH.1.48 into drawing #1.
INFO(SPCOCN-1001): Component: I75 selected.
INFO(SPCOCN-999): Signal: V_A7_1V35_DDR selected.
INFO(SPCOCN-999): Signal: V_A7_1V35_DDR selected.
INFO(SPCOCN-1070): Checking drawing...
INFO(SPCOCN-1028): writing <kvm_prototype_lib>KVM_PROTOTYPE.SCH.1.48:
INFO(SPCOCN-1044): writing binary file...
INFO(SPCOCN-1049): writing ASCII file...
INFO(SPCOCN-1727): Appending master.tag page27.csa with page48.csa
INFO(SPCOCN-1053): writing connectivity file...
INFO(SPCOCN-1054): ...written

CSDirect 16.6-p007 (v16-6-112F)

Netlisting block kvm_prototype

Processing page 48

No netlisting errors found. 

INFO(SPCOCN-1640): writing occurrence data...
INFO(SPCOCN-1054): ...written
INFO(SPCOCN-1445): Reading KVM_PROTOTYPE.SCH.1.7 into drawing #1.
INFO(SPCOCN-1445): Reading KVM_PROTOTYPE.SCH.1.20 into drawing #1.
INFO(SPCOCN-1445): Reading KVM_PROTOTYPE.SCH.1.48 into drawing #1.
INFO(SPCOCN-999): Signal: V_A7_1V35_DDR selected.
INFO(SPCOCN-999): Signal: V_A7_1V35_VCCO selected.
INFO(SPCOCN-1070): Checking drawing...
INFO(SPCOCN-1028): writing <kvm_prototype_lib>KVM_PROTOTYPE.SCH.1.48:
INFO(SPCOCN-1044): writing binary file...
INFO(SPCOCN-1049): writing ASCII file...
INFO(SPCOCN-1727): Appending master.tag page27.csa with page48.csa
INFO(SPCOCN-1053): writing connectivity file...
INFO(SPCOCN-1054): ...written

CSDirect 16.6-p007 (v16-6-112F)

Netlisting block kvm_prototype

Processing page 48

No netlisting errors found. 

INFO(SPCOCN-1640): writing occurrence data...
INFO(SPCOCN-1054): ...written
INFO(SPCOCN-1445): Reading KVM_PROTOTYPE.SCH.1.20 into drawing #1.
INFO(SPCOCN-1001): Component: I22 selected.
INFO(SPCOCN-1001): Component: I23 selected.
INFO(SPCOCN-1001): Component: I24 selected.
INFO(SPCOCN-1445): Reading KVM_PROTOTYPE.SCH.1.48 into drawing #1.
INFO(SPCOCN-1001): Component: I76 selected.
INFO(SPCOCN-1001): Component: I77 selected.
INFO(SPCOCN-1195): Group contains:   3 bodies   6 properties   0 notes   0 wires   0 dots   0 images
INFO(SPCOCN-1001): Component: I78 selected.
INFO(SPCOCN-1001): Component: I78 selected.
INFO(SPCOCN-1195): Group contains:   2 bodies   4 properties   0 notes   0 wires   0 dots   0 images
INFO(SPCOCN-1070): Checking drawing...
INFO(SPCOCN-1028): writing <kvm_prototype_lib>KVM_PROTOTYPE.SCH.1.48:
INFO(SPCOCN-1044): writing binary file...
INFO(SPCOCN-1049): writing ASCII file...
INFO(SPCOCN-1727): Appending master.tag page27.csa with page48.csa
INFO(SPCOCN-1053): writing connectivity file...
INFO(SPCOCN-1054): ...written

CSDirect 16.6-p007 (v16-6-112F)

Netlisting block kvm_prototype

Processing page 48

No netlisting errors found. 

INFO(SPCOCN-1640): writing occurrence data...
INFO(SPCOCN-1054): ...written
INFO(SPCOCN-999): Signal: GND_SIGNAL selected.
INFO(SPCOCN-1070): Checking drawing...
INFO(SPCOCN-1028): writing <kvm_prototype_lib>KVM_PROTOTYPE.SCH.1.48:
INFO(SPCOCN-1044): writing binary file...
INFO(SPCOCN-1049): writing ASCII file...
INFO(SPCOCN-1727): Appending master.tag page27.csa with page48.csa
INFO(SPCOCN-1053): writing connectivity file...
INFO(SPCOCN-1054): ...written

CSDirect 16.6-p007 (v16-6-112F)

Netlisting block kvm_prototype

Processing page 48

No netlisting errors found. 

INFO(SPCOCN-1640): writing occurrence data...
INFO(SPCOCN-1054): ...written
INFO(SPCOCN-1070): Checking drawing...
INFO(SPCOCN-1028): writing <kvm_prototype_lib>KVM_PROTOTYPE.SCH.1.48:
INFO(SPCOCN-1044): writing binary file...
INFO(SPCOCN-1049): writing ASCII file...
INFO(SPCOCN-1727): Appending master.tag page27.csa with page48.csa
INFO(SPCOCN-1053): writing connectivity file...
INFO(SPCOCN-1054): ...written

CSDirect 16.6-p007 (v16-6-112F)

Netlisting block kvm_prototype

Processing page 48

No netlisting errors found. 

INFO(SPCOCN-1640): writing occurrence data...
INFO(SPCOCN-1054): ...written
INFO(SPCOCN-1070): Checking drawing...
INFO(SPCOCN-1028): writing <kvm_prototype_lib>KVM_PROTOTYPE.SCH.1.48:
INFO(SPCOCN-1044): writing binary file...
INFO(SPCOCN-1049): writing ASCII file...
INFO(SPCOCN-1727): Appending master.tag page27.csa with page48.csa
INFO(SPCOCN-1053): writing connectivity file...
INFO(SPCOCN-1054): ...written

CSDirect 16.6-p007 (v16-6-112F)

Netlisting block kvm_prototype

Processing page 48

No netlisting errors found. 

INFO(SPCOCN-1640): writing occurrence data...
INFO(SPCOCN-1054): ...written
INFO(SPCOCN-1070): Checking drawing...
INFO(SPCOCN-1028): writing <kvm_prototype_lib>KVM_PROTOTYPE.SCH.1.48:
INFO(SPCOCN-1044): writing binary file...
INFO(SPCOCN-1049): writing ASCII file...
INFO(SPCOCN-1727): Appending master.tag page27.csa with page48.csa
INFO(SPCOCN-1053): writing connectivity file...
INFO(SPCOCN-1054): ...written

CSDirect 16.6-p007 (v16-6-112F)

Netlisting block kvm_prototype

Processing page 48

No netlisting errors found. 

INFO(SPCOCN-1640): writing occurrence data...
INFO(SPCOCN-1054): ...written
INFO(SPCOCN-1443): KVM_PROTOTYPE.SCH.1.47 has been previously edited as drawing #2.
INFO(SPCOCN-1445): Reading KVM_PROTOTYPE.SCH.1.46 into drawing #2.
INFO(SPCOCN-1070): Checking drawing...
INFO(SPCOCN-1028): writing <kvm_prototype_lib>KVM_PROTOTYPE.SCH.1.46:
INFO(SPCOCN-1044): writing binary file...
INFO(SPCOCN-1049): writing ASCII file...
INFO(SPCOCN-1727): Appending master.tag page27.csa with page46.csa
INFO(SPCOCN-1053): writing connectivity file...
INFO(SPCOCN-1054): ...written

CSDirect 16.6-p007 (v16-6-112F)

Netlisting block kvm_prototype

Processing page 46

No netlisting errors found. 

INFO(SPCOCN-1640): writing occurrence data...
INFO(SPCOCN-1054): ...written
INFO(SPCOCN-1070): Checking drawing...
INFO(SPCOCN-1028): writing <kvm_prototype_lib>KVM_PROTOTYPE.SCH.1.46:
INFO(SPCOCN-1044): writing binary file...
INFO(SPCOCN-1049): writing ASCII file...
INFO(SPCOCN-1727): Appending master.tag page27.csa with page46.csa
INFO(SPCOCN-1053): writing connectivity file...
INFO(SPCOCN-1054): ...written

CSDirect 16.6-p007 (v16-6-112F)

Netlisting block kvm_prototype

Processing page 46

No netlisting errors found. 

INFO(SPCOCN-1640): writing occurrence data...
INFO(SPCOCN-1054): ...written
INFO(SPCOCN-1070): Checking drawing...
INFO(SPCOCN-1028): writing <kvm_prototype_lib>KVM_PROTOTYPE.SCH.1.46:
INFO(SPCOCN-1044): writing binary file...
INFO(SPCOCN-1049): writing ASCII file...
INFO(SPCOCN-1727): Appending master.tag page27.csa with page46.csa
INFO(SPCOCN-1053): writing connectivity file...
INFO(SPCOCN-1054): ...written

CSDirect 16.6-p007 (v16-6-112F)

Netlisting block kvm_prototype

Processing page 46

No netlisting errors found. 

INFO(SPCOCN-1640): writing occurrence data...
INFO(SPCOCN-1054): ...written
INFO(SPCOCN-1070): Checking drawing...
INFO(SPCOCN-1028): writing <kvm_prototype_lib>KVM_PROTOTYPE.SCH.1.46:
INFO(SPCOCN-1044): writing binary file...
INFO(SPCOCN-1049): writing ASCII file...
INFO(SPCOCN-1727): Appending master.tag page27.csa with page46.csa
INFO(SPCOCN-1053): writing connectivity file...
INFO(SPCOCN-1054): ...written

CSDirect 16.6-p007 (v16-6-112F)

Netlisting block kvm_prototype

Processing page 46

No netlisting errors found. 

INFO(SPCOCN-1640): writing occurrence data...
INFO(SPCOCN-1054): ...written
INFO(SPCOCN-1070): Checking drawing...
INFO(SPCOCN-1028): writing <kvm_prototype_lib>KVM_PROTOTYPE.SCH.1.46:
INFO(SPCOCN-1044): writing binary file...
INFO(SPCOCN-1049): writing ASCII file...
INFO(SPCOCN-1727): Appending master.tag page27.csa with page46.csa
INFO(SPCOCN-1053): writing connectivity file...
INFO(SPCOCN-1054): ...written

CSDirect 16.6-p007 (v16-6-112F)

Netlisting block kvm_prototype

Processing page 46

No netlisting errors found. 

INFO(SPCOCN-1640): writing occurrence data...
INFO(SPCOCN-1054): ...written
INFO(SPCOCN-1070): Checking drawing...
INFO(SPCOCN-1028): writing <kvm_prototype_lib>KVM_PROTOTYPE.SCH.1.46:
INFO(SPCOCN-1044): writing binary file...
INFO(SPCOCN-1049): writing ASCII file...
INFO(SPCOCN-1727): Appending master.tag page27.csa with page46.csa
INFO(SPCOCN-1053): writing connectivity file...
INFO(SPCOCN-1054): ...written

CSDirect 16.6-p007 (v16-6-112F)

Netlisting block kvm_prototype

Processing page 46

No netlisting errors found. 

INFO(SPCOCN-1640): writing occurrence data...
INFO(SPCOCN-1054): ...written
INFO(SPCOCN-1070): Checking drawing...
INFO(SPCOCN-1028): writing <kvm_prototype_lib>KVM_PROTOTYPE.SCH.1.46:
INFO(SPCOCN-1044): writing binary file...
INFO(SPCOCN-1049): writing ASCII file...
INFO(SPCOCN-1727): Appending master.tag page27.csa with page46.csa
INFO(SPCOCN-1053): writing connectivity file...
INFO(SPCOCN-1054): ...written

CSDirect 16.6-p007 (v16-6-112F)

Netlisting block kvm_prototype

Processing page 46

No netlisting errors found. 

INFO(SPCOCN-1640): writing occurrence data...
INFO(SPCOCN-1054): ...written
INFO(SPCOCN-1195): Group contains:   0 bodies   0 properties   5 notes   0 wires   0 dots   0 images
INFO(SPCOCN-1070): Checking drawing...
INFO(SPCOCN-1028): writing <kvm_prototype_lib>KVM_PROTOTYPE.SCH.1.46:
INFO(SPCOCN-1044): writing binary file...
INFO(SPCOCN-1049): writing ASCII file...
INFO(SPCOCN-1727): Appending master.tag page27.csa with page46.csa
INFO(SPCOCN-1053): writing connectivity file...
INFO(SPCOCN-1054): ...written

CSDirect 16.6-p007 (v16-6-112F)

Netlisting block kvm_prototype

Processing page 46

No netlisting errors found. 

INFO(SPCOCN-1640): writing occurrence data...
INFO(SPCOCN-1054): ...written
INFO(SPCOCN-1070): Checking drawing...
INFO(SPCOCN-1028): writing <kvm_prototype_lib>KVM_PROTOTYPE.SCH.1.46:
INFO(SPCOCN-1044): writing binary file...
INFO(SPCOCN-1049): writing ASCII file...
INFO(SPCOCN-1727): Appending master.tag page27.csa with page46.csa
INFO(SPCOCN-1053): writing connectivity file...
INFO(SPCOCN-1054): ...written

CSDirect 16.6-p007 (v16-6-112F)

Netlisting block kvm_prototype

Processing page 46

No netlisting errors found. 

INFO(SPCOCN-1640): writing occurrence data...
INFO(SPCOCN-1054): ...written
INFO(SPCOCN-1443): KVM_PROTOTYPE.SCH.1.48 has been previously edited as drawing #1.
INFO(SPCOCN-1445): Reading KVM_PROTOTYPE.SCH.1.47 into drawing #1.
INFO(SPCOCN-1445): Reading KVM_PROTOTYPE.SCH.1.48 into drawing #1.
INFO(SPCOCN-1445): Reading KVM_PROTOTYPE.SCH.1.47 into drawing #1.
INFO(SPCOCN-1445): Reading KVM_PROTOTYPE.SCH.1.48 into drawing #1.
INFO(SPCOCN-1445): Reading KVM_PROTOTYPE.SCH.1.42 into drawing #1.
INFO(SPCOCN-1445): Reading KVM_PROTOTYPE.SCH.1.43 into drawing #1.
INFO(SPCOCN-1445): Reading KVM_PROTOTYPE.SCH.1.20 into drawing #1.
INFO(SPCOCN-1070): Checking drawing...
INFO(SPCOCN-1028): writing <kvm_prototype_lib>KVM_PROTOTYPE.SCH.1.20:
INFO(SPCOCN-1044): writing binary file...
INFO(SPCOCN-1049): writing ASCII file...
INFO(SPCOCN-1727): Appending master.tag page27.csa with page20.csa
INFO(SPCOCN-1053): writing connectivity file...
INFO(SPCOCN-1054): ...written

CSDirect 16.6-p007 (v16-6-112F)

Netlisting block kvm_prototype

Processing page 20

No netlisting errors found. 

INFO(SPCOCN-1640): writing occurrence data...
INFO(SPCOCN-1054): ...written
INFO(SPCOCN-1445): Reading KVM_PROTOTYPE.SCH.1.48 into drawing #1.
INFO(SPCOCN-1070): Checking drawing...
INFO(SPCOCN-1028): writing <kvm_prototype_lib>KVM_PROTOTYPE.SCH.1.48:
INFO(SPCOCN-1044): writing binary file...
INFO(SPCOCN-1049): writing ASCII file...
INFO(SPCOCN-1727): Appending master.tag page27.csa with page48.csa
INFO(SPCOCN-1053): writing connectivity file...
INFO(SPCOCN-1054): ...written

CSDirect 16.6-p007 (v16-6-112F)

Netlisting block kvm_prototype

Processing page 48

No netlisting errors found. 

INFO(SPCOCN-1640): writing occurrence data...
INFO(SPCOCN-1054): ...written
INFO(SPCOCN-1001): Component: I76 selected.
INFO(SPCOCN-999): Signal: V_A7_1V35_VCCO selected.
INFO(SPCOCN-999): Signal: GND_SIGNAL selected.
INFO(SPCOCN-999): Signal: GND_SIGNAL selected.
INFO(SPCOCN-999): Signal: GND_SIGNAL selected.
INFO(SPCOCN-999): Signal: GND_SIGNAL selected.
INFO(SPCOCN-1001): Component: I77 selected.
INFO(SPCOCN-999): Signal: V_A7_1V35_VCCO selected.
INFO(SPCOCN-999): Signal: V_A7_1V35_VCCO selected.
INFO(SPCOCN-1001): Component: I79 selected.
INFO(SPCOCN-999): Signal: GND_SIGNAL selected.
INFO(SPCOCN-999): Signal: GND_SIGNAL selected.
INFO(SPCOCN-999): Signal: GND_SIGNAL selected.
INFO(SPCOCN-999): Signal: GND_SIGNAL selected.
INFO(SPCOCN-1001): Component: I78 selected.
INFO(SPCOCN-999): Signal: V_A7_1V35_VCCO selected.
INFO(SPCOCN-999): Signal: V_A7_1V35_VCCO selected.
INFO(SPCOCN-999): Signal: GND_SIGNAL selected.
INFO(SPCOCN-999): Signal: GND_SIGNAL selected.
INFO(SPCOCN-999): Signal: GND_SIGNAL selected.
INFO(SPCOCN-999): Signal: GND_SIGNAL selected.
INFO(SPCOCN-1001): Component: I80 selected.
INFO(SPCOCN-1001): Component: I81 selected.
INFO(SPCOCN-999): Signal: V_A7_1V35_VCCO selected.
INFO(SPCOCN-999): Signal: V_A7_1V35_VCCO selected.
INFO(SPCOCN-1001): Component: I82 selected.
INFO(SPCOCN-999): Signal: GND_SIGNAL selected.
INFO(SPCOCN-999): Signal: GND_SIGNAL selected.
WARNING(SPCOCN-1455): Cutting a component/block from one schematic page and pasting it to another schematic page 
affects the packaging information of the design. If you paste the component/block 
on a different schematic page, you would need to regenerate the packaging information.
WARNING(SPCOCN-982): The operation could not be performed because no object on the drawing was selected.
INFO(SPCOCN-1070): Checking drawing...
INFO(SPCOCN-1028): writing <kvm_prototype_lib>KVM_PROTOTYPE.SCH.1.48:
INFO(SPCOCN-1044): writing binary file...
INFO(SPCOCN-1049): writing ASCII file...
INFO(SPCOCN-1727): Appending master.tag page27.csa with page48.csa
INFO(SPCOCN-1053): writing connectivity file...
INFO(SPCOCN-1054): ...written

CSDirect 16.6-p007 (v16-6-112F)

Netlisting block kvm_prototype

Processing page 48

No netlisting errors found. 

INFO(SPCOCN-1640): writing occurrence data...
INFO(SPCOCN-1054): ...written
INFO(SPCOCN-1070): Checking drawing...
INFO(SPCOCN-1028): writing <kvm_prototype_lib>KVM_PROTOTYPE.SCH.1.48:
INFO(SPCOCN-1044): writing binary file...
INFO(SPCOCN-1049): writing ASCII file...
INFO(SPCOCN-1727): Appending master.tag page27.csa with page48.csa
INFO(SPCOCN-1053): writing connectivity file...
INFO(SPCOCN-1054): ...written

CSDirect 16.6-p007 (v16-6-112F)

Netlisting block kvm_prototype

Processing page 48

No netlisting errors found. 

INFO(SPCOCN-1640): writing occurrence data...
INFO(SPCOCN-1054): ...written
INFO(SPCOCN-1195): Group contains:   8 bodies   15 properties   1 notes   27 wires   11 dots   0 images
INFO(SPCOCN-1070): Checking drawing...
INFO(SPCOCN-1028): writing <kvm_prototype_lib>KVM_PROTOTYPE.SCH.1.48:
INFO(SPCOCN-1044): writing binary file...
INFO(SPCOCN-1049): writing ASCII file...
INFO(SPCOCN-1727): Appending master.tag page27.csa with page48.csa
INFO(SPCOCN-1053): writing connectivity file...
INFO(SPCOCN-1054): ...written

CSDirect 16.6-p007 (v16-6-112F)

Netlisting block kvm_prototype

Processing page 48

No netlisting errors found. 

INFO(SPCOCN-1640): writing occurrence data...
INFO(SPCOCN-1054): ...written
INFO(SPCOCN-1019): Save All completed.
INFO(SPCOCN-1070): Checking drawing...
INFO(SPCOCN-1028): writing <kvm_prototype_lib>KVM_PROTOTYPE.SCH.1.48:
INFO(SPCOCN-1044): writing binary file...
INFO(SPCOCN-1049): writing ASCII file...
INFO(SPCOCN-1727): Appending master.tag page27.csa with page48.csa
INFO(SPCOCN-1053): writing connectivity file...
INFO(SPCOCN-1054): ...written

CSDirect 16.6-p007 (v16-6-112F)

Netlisting block kvm_prototype

Processing page 48

No netlisting errors found. 

INFO(SPCOCN-1640): writing occurrence data...
INFO(SPCOCN-1054): ...written
