temp/xxnedtmp17/event.log NEWFILE1
temp/xxnedtmp17/text.log NEWFILE2
temp/xxnedtmp17/environ.log NEWFILE3
C:\Cadence\SPB_16.6\share\cdssetup/concept/concepthdl.scr FILE4
D:\GitHub\KVM\KVM_prototype\schemtic\sch\cds.lib FILE5
D:\GitHub\KVM\KVM_prototype\schemtic\sch\worklib\kvm_prototype\sch_1\page1.csb FILE6
D:\GitHub\KVM\KVM_prototype\schemtic\sch\worklib\kvm_prototype\sch_1\page1_csb.lck NEWFILE7
temp/xxnedtmp17/undo1.log NEWFILE8
C:\Cadence\SPB_16.6\share\library\standard\c#20size#20page\sym_1\symbol.css FILE9
D:\GitHub\KVM\KVM_prototype\schemtic\sch\worklib\kvm_prototype\sch_1\page1_csa.lck NEWFILE10
D:/GitHub/KVM/KVM_prototype/schemtic/sch/worklib/kvm_prototype/sch_1/kvm_prototype.xcon FILE11
D:/GitHub/KVM/KVM_prototype/schemtic/sch/worklib/kvm_prototype/sch_1/kvm_prototype.dcf FILE12
D:\GitHub\KVM\KVM_prototype\schemtic\sch\worklib\kvm_prototype\sch_1\page11.csb FILE13
D:\GitHub\KVM\KVM_prototype\schemtic\sch\worklib\kvm_prototype/images/9.jpg FILE14
D:\GitHub\KVM\KVM_prototype\schemtic\sch\worklib\kvm_prototype\sch_1\page11_csb.lck NEWFILE15
D:\GitHub\KVM\KVM_prototype\schemtic\lib\worklib\c\sym_1\symbol.css FILE16
D:\GitHub\KVM\KVM_prototype\schemtic\lib\worklib\lb\sym_1\symbol.css FILE17
C:\Cadence\SPB_16.6\share\library\standard\gnd_signal\sym_1\symbol.css FILE18
D:\GitHub\KVM\KVM_prototype\schemtic\lib\worklib\88e1111\sym_2\symbol.css FILE19
D:\GitHub\KVM\KVM_prototype\schemtic\lib\worklib\88e1111\sym_1\symbol.css FILE20
C:/Cadence/SPB_16.6/tools/language/config.dat FILE21
temp/xxnedtmp17/concept.mkr NEWFILE22
C:/Cadence/SPB_16.6/tools/language/pack_type_rename.dat NEWFILE23
temp/xxnedtmp17/../88e1111.mkr NEWFILE24
temp/xxnedtmp17/../c#20size#20page.mkr NEWFILE25
temp/xxnedtmp17/../c.mkr NEWFILE26
temp/xxnedtmp17/../lb.mkr NEWFILE27
temp/xxnedtmp17/../gnd_signal.mkr NEWFILE28
D:\GitHub\KVM\KVM_prototype\schemtic\sch\worklib\kvm_prototype\sch_1\page11.csa FILE29
D:\GitHub\KVM\KVM_prototype\schemtic\sch\worklib\kvm_prototype\sch_1\page11.csv FILE30
D:/GitHub/KVM/KVM_prototype/schemtic/sch/worklib/kvm_prototype/sch_1/kvm_prototype_xcon.lck NEWFILE31
D:/GitHub/KVM/KVM_prototype/schemtic/sch/worklib/kvm_prototype/sch_1/kvm_prototype_dcf.lck NEWFILE32
temp/xxnedtmp17/csnetlister.mkr NEWFILE33
D:\GitHub\KVM\KVM_prototype\schemtic\lib\worklib\crystal\sym_1\symbol.css FILE34
temp/xxnedtmp17/../crystal.mkr NEWFILE35
D:\GitHub\KVM\KVM_prototype\schemtic\sch\worklib\kvm_prototype\sch_1\pc.db FILE36
C:/Users/cpp8013/AppData/Local/Temp/con3BCE.tmp FILE37
D:\GitHub\KVM\KVM_prototype\schemtic\sch\worklib\kvm_prototype\sch_1\page10.csb FILE38
D:\GitHub\KVM\KVM_prototype\schemtic\sch\worklib\kvm_prototype\sch_1\page10_csb.lck NEWFILE39
D:\GitHub\KVM\KVM_prototype\schemtic\sch\worklib\kvm_prototype\sch_1\page11_csa.lck NEWFILE40
D:\GitHub\KVM\KVM_prototype\schemtic\lib\worklib\rclamp0524p\sym_1\symbol.css FILE41
D:\GitHub\KVM\KVM_prototype\schemtic\lib\worklib\diode\sym_1\symbol.css FILE42
D:\GitHub\KVM\KVM_prototype\schemtic\lib\worklib\r\sym_1\symbol.css FILE43
D:\GitHub\KVM\KVM_prototype\schemtic\lib\worklib\ao3400\sym_1\symbol.css FILE44
D:\GitHub\KVM\KVM_prototype\schemtic\lib\worklib\hdmi#2da\sym_1\symbol.css FILE45
D:\GitHub\KVM\KVM_prototype\schemtic\sch\worklib\kvm_prototype\sch_1\page10_csa.lck NEWFILE46
C:/Users/cpp8013/AppData/Local/Temp/tmpC92F.tmp FILE47
D:/GitHub/KVM/KVM_prototype/schemtic/mux/10.jpg FILE48
D:\GitHub\KVM\KVM_prototype\schemtic\sch\worklib\kvm_prototype/images/10.jpg NEWFILE49
