temp/xxnedtmp42/event.log NEWFILE1
temp/xxnedtmp42/text.log NEWFILE2
temp/xxnedtmp42/environ.log NEWFILE3
C:\Cadence\SPB_16.6\share\cdssetup/concept/concepthdl.scr FILE4
E:\GitHub\KVM_prototype\schemtic\sch\cds.lib FILE5
E:\GitHub\KVM_prototype\schemtic\sch\worklib\kvm_prototype\sch_1\page1.csb FILE6
E:\GitHub\KVM_prototype\schemtic\sch\worklib\kvm_prototype\sch_1\page1_csb.lck NEWFILE7
temp/xxnedtmp42/undo1.log NEWFILE8
C:\Cadence\SPB_16.6\share\library\standard\c#20size#20page\sym_1\symbol.css FILE9
E:\GitHub\KVM_prototype\schemtic\sch\worklib\kvm_prototype\sch_1\page1_csa.lck NEWFILE10
E:/GitHub/KVM_prototype/schemtic/sch/worklib/kvm_prototype/sch_1/kvm_prototype.xcon FILE11
E:/GitHub/KVM_prototype/schemtic/sch/worklib/kvm_prototype/sch_1/kvm_prototype.dcf FILE12
E:\GitHub\KVM_prototype\schemtic\sch\worklib\kvm_prototype\sch_1\page20.csb FILE13
E:\GitHub\KVM_prototype\schemtic\sch\worklib\kvm_prototype/images/clipboard_0_1.jpg FILE14
E:\GitHub\KVM_prototype\schemtic\sch\worklib\kvm_prototype\sch_1\page20_csb.lck NEWFILE15
C:\Cadence\SPB_16.6\share\library\standard\gnd_signal\sym_1\symbol.css FILE16
E:\GitHub\KVM_prototype\schemtic\lib\worklib\r\sym_1\symbol.css FILE17
E:\GitHub\KVM_prototype\schemtic\lib\worklib\c\sym_1\symbol.css FILE18
E:\GitHub\KVM_prototype\schemtic\lib\worklib\s25fl128sagmf\sym_1\symbol.css FILE19
E:\GitHub\KVM_prototype\schemtic\lib\worklib\led_s\sym_1\symbol.css FILE20
E:\GitHub\KVM_prototype\schemtic\lib\worklib\resetkey\sym_1\symbol.css FILE21
E:\GitHub\KVM_prototype\schemtic\lib\worklib\xc7s50fgga484\sym_3\symbol.css FILE22
E:\GitHub\KVM_prototype\schemtic\lib\worklib\head2x5\sym_1\symbol.css FILE23
E:\GitHub\KVM_prototype\schemtic\lib\worklib\esd\sym_1\symbol.css FILE24
E:\GitHub\KVM_prototype\schemtic\lib\worklib\xc7s50fgga484\sym_1\symbol.css FILE25
E:\GitHub\KVM_prototype\schemtic\sch\worklib\kvm_prototype\sch_1\page19.csb FILE26
E:\GitHub\KVM_prototype\schemtic\sch\worklib\kvm_prototype\sch_1\page19_csb.lck NEWFILE27
E:\GitHub\KVM_prototype\schemtic\sch\worklib\kvm_prototype\sch_1\page20_csa.lck NEWFILE28
E:\GitHub\KVM_prototype\schemtic\lib\worklib\cp\sym_1\symbol.css FILE29
E:\GitHub\KVM_prototype\schemtic\lib\worklib\lb\sym_1\symbol.css FILE30
E:\GitHub\KVM_prototype\schemtic\lib\worklib\xc7s50fgga484\sym_9\symbol.css FILE31
E:\GitHub\KVM_prototype\schemtic\lib\worklib\xc7s50fgga484\sym_10\symbol.css FILE32
E:\GitHub\KVM_prototype\schemtic\lib\worklib\xc7s50fgga484\sym_11\symbol.css FILE33
E:\GitHub\KVM_prototype\schemtic\sch\worklib\kvm_prototype\sch_1\page18.csb FILE34
E:\GitHub\KVM_prototype\schemtic\sch\worklib\kvm_prototype/images/clipboard_0_0.jpg FILE35
E:\GitHub\KVM_prototype\schemtic\sch\worklib\kvm_prototype\sch_1\page18_csb.lck NEWFILE36
E:\GitHub\KVM_prototype\schemtic\sch\worklib\kvm_prototype\sch_1\page19_csa.lck NEWFILE37
E:\GitHub\KVM_prototype\schemtic\sch\worklib\kvm_prototype\sch_1\page18_csa.lck NEWFILE38
temp/xxnedtmp42/concept.mkr NEWFILE39
C:/Cadence/SPB_16.6/tools/language/pack_type_rename.dat NEWFILE40
temp/xxnedtmp42/../c#20size#20page.mkr NEWFILE41
E:\GitHub\KVM_prototype\schemtic\sch\worklib\kvm_prototype\sch_1\page21.csb NEWFILE42
E:\GitHub\KVM_prototype\schemtic\sch\worklib\kvm_prototype\sch_1\page21.csa NEWFILE43
E:\GitHub\KVM_prototype\schemtic\sch\worklib\kvm_prototype\sch_1\page21.csv NEWFILE44
E:\GitHub\KVM_prototype\schemtic\sch\worklib\kvm_prototype\sch_1\pc.db FILE45
E:\GitHub\KVM_prototype\schemtic\sch\worklib\kvm_prototype\sch_1\page21_csb.lck NEWFILE46
E:/GitHub/KVM_prototype/schemtic/sch/worklib/kvm_prototype/sch_1/kvm_prototype_xcon.lck NEWFILE47
E:/GitHub/KVM_prototype/schemtic/sch/worklib/kvm_prototype/sch_1/kvm_prototype_dcf.lck NEWFILE48
temp/xxnedtmp42/csnetlister.mkr NEWFILE49
E:\GitHub\KVM_prototype\schemtic\sch\worklib\kvm_prototype\sch_1\page21_csa.lck NEWFILE50
D:/sys_temp/tmp33FB.tmp FILE51
E:/GitHub/KVM_prototype/schemtic/sch/worklib/kvm_prototype/sch_1/page1_csa.lck NEWFILE52
E:/GitHub/KVM_prototype/schemtic/sch/worklib/kvm_prototype/sch_1/page1_csb.lck NEWFILE53
E:/GitHub/KVM_prototype/schemtic/sch/worklib/kvm_prototype/sch_1/page10_csa.lck NEWFILE54
E:/GitHub/KVM_prototype/schemtic/sch/worklib/kvm_prototype/sch_1/page10_csb.lck NEWFILE55
E:/GitHub/KVM_prototype/schemtic/sch/worklib/kvm_prototype/sch_1/page11_csa.lck NEWFILE56
E:/GitHub/KVM_prototype/schemtic/sch/worklib/kvm_prototype/sch_1/page11_csb.lck NEWFILE57
E:/GitHub/KVM_prototype/schemtic/sch/worklib/kvm_prototype/sch_1/page12_csa.lck NEWFILE58
E:/GitHub/KVM_prototype/schemtic/sch/worklib/kvm_prototype/sch_1/page12_csb.lck NEWFILE59
E:/GitHub/KVM_prototype/schemtic/sch/worklib/kvm_prototype/sch_1/page13_csa.lck NEWFILE60
E:/GitHub/KVM_prototype/schemtic/sch/worklib/kvm_prototype/sch_1/page13_csb.lck NEWFILE61
E:/GitHub/KVM_prototype/schemtic/sch/worklib/kvm_prototype/sch_1/page14_csa.lck NEWFILE62
E:/GitHub/KVM_prototype/schemtic/sch/worklib/kvm_prototype/sch_1/page14_csb.lck NEWFILE63
E:/GitHub/KVM_prototype/schemtic/sch/worklib/kvm_prototype/sch_1/page15_csa.lck NEWFILE64
E:/GitHub/KVM_prototype/schemtic/sch/worklib/kvm_prototype/sch_1/page15_csb.lck NEWFILE65
E:/GitHub/KVM_prototype/schemtic/sch/worklib/kvm_prototype/sch_1/page16_csa.lck NEWFILE66
E:/GitHub/KVM_prototype/schemtic/sch/worklib/kvm_prototype/sch_1/page16_csb.lck NEWFILE67
E:/GitHub/KVM_prototype/schemtic/sch/worklib/kvm_prototype/sch_1/page17_csa.lck NEWFILE68
E:/GitHub/KVM_prototype/schemtic/sch/worklib/kvm_prototype/sch_1/page17_csb.lck NEWFILE69
E:/GitHub/KVM_prototype/schemtic/sch/worklib/kvm_prototype/sch_1/page18_csa.lck NEWFILE70
E:/GitHub/KVM_prototype/schemtic/sch/worklib/kvm_prototype/sch_1/page18_csb.lck NEWFILE71
E:/GitHub/KVM_prototype/schemtic/sch/worklib/kvm_prototype/sch_1/page19_csa.lck NEWFILE72
E:/GitHub/KVM_prototype/schemtic/sch/worklib/kvm_prototype/sch_1/page19_csb.lck NEWFILE73
E:/GitHub/KVM_prototype/schemtic/sch/worklib/kvm_prototype/sch_1/page2_csa.lck NEWFILE74
E:/GitHub/KVM_prototype/schemtic/sch/worklib/kvm_prototype/sch_1/page2_csb.lck NEWFILE75
E:/GitHub/KVM_prototype/schemtic/sch/worklib/kvm_prototype/sch_1/page20_csa.lck NEWFILE76
E:/GitHub/KVM_prototype/schemtic/sch/worklib/kvm_prototype/sch_1/page20_csb.lck FILE77
E:/GitHub/KVM_prototype/schemtic/sch/worklib/kvm_prototype/sch_1/page21_csa.lck NEWFILE78
E:/GitHub/KVM_prototype/schemtic/sch/worklib/kvm_prototype/sch_1/page21_csb.lck NEWFILE79
E:/GitHub/KVM_prototype/schemtic/sch/worklib/kvm_prototype/sch_1/page3_csa.lck NEWFILE80
E:/GitHub/KVM_prototype/schemtic/sch/worklib/kvm_prototype/sch_1/page3_csb.lck NEWFILE81
E:/GitHub/KVM_prototype/schemtic/sch/worklib/kvm_prototype/sch_1/page4_csa.lck NEWFILE82
E:/GitHub/KVM_prototype/schemtic/sch/worklib/kvm_prototype/sch_1/page4_csb.lck NEWFILE83
E:/GitHub/KVM_prototype/schemtic/sch/worklib/kvm_prototype/sch_1/page5_csa.lck NEWFILE84
E:/GitHub/KVM_prototype/schemtic/sch/worklib/kvm_prototype/sch_1/page5_csb.lck NEWFILE85
E:/GitHub/KVM_prototype/schemtic/sch/worklib/kvm_prototype/sch_1/page6_csa.lck NEWFILE86
E:/GitHub/KVM_prototype/schemtic/sch/worklib/kvm_prototype/sch_1/page6_csb.lck NEWFILE87
E:/GitHub/KVM_prototype/schemtic/sch/worklib/kvm_prototype/sch_1/page7_csa.lck NEWFILE88
E:/GitHub/KVM_prototype/schemtic/sch/worklib/kvm_prototype/sch_1/page7_csb.lck NEWFILE89
E:/GitHub/KVM_prototype/schemtic/sch/worklib/kvm_prototype/sch_1/page8_csa.lck NEWFILE90
E:/GitHub/KVM_prototype/schemtic/sch/worklib/kvm_prototype/sch_1/page8_csb.lck NEWFILE91
E:/GitHub/KVM_prototype/schemtic/sch/worklib/kvm_prototype/sch_1/page9_csa.lck NEWFILE92
E:/GitHub/KVM_prototype/schemtic/sch/worklib/kvm_prototype/sch_1/page9_csb.lck NEWFILE93
E:/GitHub/KVM_prototype/schemtic/sch/worklib/kvm_prototype/sch_1/page21_csa,p.lck NEWFILE94
E:/GitHub/KVM_prototype/schemtic/sch/worklib/kvm_prototype/sch_1/page21_csb,p.lck NEWFILE95
E:/GitHub/KVM_prototype/schemtic/sch/worklib/kvm_prototype/sch_1/page22_csa.lck NEWFILE96
E:/GitHub/KVM_prototype/schemtic/sch/worklib/kvm_prototype/sch_1/page22_csb.lck NEWFILE97
E:/GitHub/KVM_prototype/schemtic/sch/worklib/kvm_prototype/sch_1/page20_csa,p.lck NEWFILE98
E:/GitHub/KVM_prototype/schemtic/sch/worklib/kvm_prototype/sch_1/page20_csb,p.lck NEWFILE99
E:\GitHub\KVM_prototype\schemtic\sch\worklib\kvm_prototype\sch_1\page22.csb NEWFILE100
E:\GitHub\KVM_prototype\schemtic\sch\worklib\kvm_prototype\sch_1\page22.csa NEWFILE101
E:\GitHub\KVM_prototype\schemtic\sch\worklib\kvm_prototype\sch_1\page22.csv NEWFILE102
E:\GitHub\KVM_prototype\schemtic\sch\worklib\kvm_prototype\sch_1\page22_csb.lck NEWFILE103
E:\GitHub\KVM_prototype\schemtic\sch\worklib\kvm_prototype\sch_1\page22_csa.lck NEWFILE104
D:/sys_temp/tmp8871.tmp FILE105
clipboard/#UNNAMED_clipboard_0.jpg NEWFILE106
E:\GitHub\KVM_prototype\schemtic\sch\worklib\kvm_prototype/images/clipboard_0.jpg FILE107
E:\GitHub\KVM_prototype\schemtic\sch\worklib\kvm_prototype/images/clipboard_0_2.jpg NEWFILE108
E:\GitHub\KVM_prototype\schemtic\sch\worklib\kvm_prototype\sch_1\page18.csa FILE109
E:\GitHub\KVM_prototype\schemtic\sch\worklib\kvm_prototype\sch_1\page18.csv FILE110
clipboard/#UNNAMED_clipboard_1.jpg NEWFILE111
E:\GitHub\KVM_prototype\schemtic\sch\worklib\kvm_prototype/images/clipboard_1.jpg NEWFILE112
E:\GitHub\KVM_prototype\schemtic\sch\worklib\kvm_prototype\sch_1\page7.csb FILE113
E:\GitHub\KVM_prototype\schemtic\sch\worklib\kvm_prototype\sch_1\page7_csb.lck NEWFILE114
E:\GitHub\KVM_prototype\schemtic\lib\worklib\diode\sym_1\symbol.css FILE115
E:\GitHub\KVM_prototype\schemtic\lib\worklib\bss123lt1\sym_1\symbol.css FILE116
E:\GitHub\KVM_prototype\schemtic\lib\worklib\hdmi#2da\sym_1\symbol.css FILE117
E:\GitHub\KVM_prototype\schemtic\lib\worklib\rclamp0524p\sym_1\symbol.css FILE118
E:\GitHub\KVM_prototype\schemtic\sch\worklib\kvm_prototype\sch_1\page8.csb FILE119
E:\GitHub\KVM_prototype\schemtic\sch\worklib\kvm_prototype/images/7.jpg FILE120
E:\GitHub\KVM_prototype\schemtic\sch\worklib\kvm_prototype/images/8.jpg FILE121
E:\GitHub\KVM_prototype\schemtic\sch\worklib\kvm_prototype\sch_1\page8_csb.lck NEWFILE122
E:\GitHub\KVM_prototype\schemtic\sch\worklib\kvm_prototype\sch_1\page7_csa.lck NEWFILE123
E:\GitHub\KVM_prototype\schemtic\lib\worklib\osc#2d12mhz\sym_1\symbol.css FILE124
E:\GitHub\KVM_prototype\schemtic\lib\worklib\adv7511kstz\sym_1\symbol.css FILE125
E:\GitHub\KVM_prototype\schemtic\sch\worklib\kvm_prototype\sch_1\page8_csa.lck NEWFILE126
E:\GitHub\KVM_prototype\schemtic\sch\worklib\kvm_prototype\sch_1\page6.csb FILE127
E:\GitHub\KVM_prototype\schemtic\sch\worklib\kvm_prototype\sch_1\page6_csb.lck NEWFILE128
E:\GitHub\KVM_prototype\schemtic\lib\worklib\adv7612bswz\sym_2\symbol.css FILE129
E:\GitHub\KVM_prototype\schemtic\sch\worklib\kvm_prototype\sch_1\page5.csb FILE130
E:\GitHub\KVM_prototype\schemtic\sch\worklib\kvm_prototype\sch_1\page5_csb.lck NEWFILE131
E:\GitHub\KVM_prototype\schemtic\sch\worklib\kvm_prototype\sch_1\page6_csa.lck NEWFILE132
E:\GitHub\KVM_prototype\schemtic\lib\worklib\crystal\sym_1\symbol.css FILE133
E:\GitHub\KVM_prototype\schemtic\lib\worklib\adv7612bswz\sym_1\symbol.css FILE134
E:\GitHub\KVM_prototype\schemtic\sch\worklib\kvm_prototype\sch_1\page4.csb FILE135
E:\GitHub\KVM_prototype\schemtic\sch\worklib\kvm_prototype/images/6_0.jpg FILE136
E:\GitHub\KVM_prototype\schemtic\sch\worklib\kvm_prototype\sch_1\page4_csb.lck NEWFILE137
E:\GitHub\KVM_prototype\schemtic\sch\worklib\kvm_prototype\sch_1\page5_csa.lck NEWFILE138
E:\GitHub\KVM_prototype\schemtic\lib\worklib\l\sym_1\symbol.css FILE139
E:\GitHub\KVM_prototype\schemtic\lib\worklib\ncp1529\sym_1\symbol.css FILE140
E:\GitHub\KVM_prototype\schemtic\sch\worklib\kvm_prototype\sch_1\page4_csa.lck NEWFILE141
E:\GitHub\KVM_prototype\schemtic\sch\worklib\kvm_prototype\sch_1\page9.csb FILE142
E:\GitHub\KVM_prototype\schemtic\sch\worklib\kvm_prototype\sch_1\page9_csb.lck NEWFILE143
E:\GitHub\KVM_prototype\schemtic\lib\worklib\pesd0402#2d140\sym_1\symbol.css FILE144
E:\GitHub\KVM_prototype\schemtic\sch\worklib\kvm_prototype\sch_1\page10.csb FILE145
E:\GitHub\KVM_prototype\schemtic\sch\worklib\kvm_prototype\sch_1\page10_csb.lck NEWFILE146
E:\GitHub\KVM_prototype\schemtic\sch\worklib\kvm_prototype\sch_1\page9_csa.lck NEWFILE147
E:\GitHub\KVM_prototype\schemtic\lib\worklib\ao3400\sym_1\symbol.css FILE148
E:\GitHub\KVM_prototype\schemtic\sch\worklib\kvm_prototype\sch_1\page11.csb FILE149
E:\GitHub\KVM_prototype\schemtic\sch\worklib\kvm_prototype/images/10.jpg FILE150
E:\GitHub\KVM_prototype\schemtic\sch\worklib\kvm_prototype/images/9.jpg FILE151
E:\GitHub\KVM_prototype\schemtic\sch\worklib\kvm_prototype\sch_1\page11_csb.lck NEWFILE152
E:\GitHub\KVM_prototype\schemtic\sch\worklib\kvm_prototype\sch_1\page10_csa.lck NEWFILE153
E:\GitHub\KVM_prototype\schemtic\lib\worklib\88e1111\sym_2\symbol.css FILE154
E:\GitHub\KVM_prototype\schemtic\lib\worklib\88e1111\sym_1\symbol.css FILE155
E:\GitHub\KVM_prototype\schemtic\sch\worklib\kvm_prototype\sch_1\page12.csb FILE156
E:\GitHub\KVM_prototype\schemtic\sch\worklib\kvm_prototype\sch_1\page12_csb.lck NEWFILE157
E:\GitHub\KVM_prototype\schemtic\sch\worklib\kvm_prototype\sch_1\page11_csa.lck NEWFILE158
E:\GitHub\KVM_prototype\schemtic\lib\worklib\sfp_conn\sym_1\symbol.css FILE159
E:\GitHub\KVM_prototype\schemtic\lib\worklib\sfp_cage\sym_1\symbol.css FILE160
E:\GitHub\KVM_prototype\schemtic\sch\worklib\kvm_prototype\sch_1\page13.csb FILE161
E:\GitHub\KVM_prototype\schemtic\sch\worklib\kvm_prototype\sch_1\page13_csb.lck NEWFILE162
E:\GitHub\KVM_prototype\schemtic\sch\worklib\kvm_prototype\sch_1\page12_csa.lck NEWFILE163
E:\GitHub\KVM_prototype\schemtic\sch\worklib\kvm_prototype\sch_1\page14.csb FILE164
E:\GitHub\KVM_prototype\schemtic\sch\worklib\kvm_prototype/images/12.jpg FILE165
E:\GitHub\KVM_prototype\schemtic\sch\worklib\kvm_prototype/images/13.jpg FILE166
E:\GitHub\KVM_prototype\schemtic\sch\worklib\kvm_prototype/images/11.jpg FILE167
E:\GitHub\KVM_prototype\schemtic\sch\worklib\kvm_prototype\sch_1\page14_csb.lck NEWFILE168
E:\GitHub\KVM_prototype\schemtic\sch\worklib\kvm_prototype\sch_1\page13_csa.lck NEWFILE169
E:\GitHub\KVM_prototype\schemtic\lib\worklib\head1x2_s\sym_1\symbol.css FILE170
E:\GitHub\KVM_prototype\schemtic\lib\worklib\eeprom#2d512k\sym_1\symbol.css FILE171
E:\GitHub\KVM_prototype\schemtic\lib\worklib\sram\sym_1\symbol.css FILE172
E:\GitHub\KVM_prototype\schemtic\lib\worklib\cy7c67300\sym_2\symbol.css FILE173
E:\GitHub\KVM_prototype\schemtic\lib\worklib\cy7c67300\sym_1\symbol.css FILE174
E:\GitHub\KVM_prototype\schemtic\sch\worklib\kvm_prototype\sch_1\page15.csb FILE175
E:\GitHub\KVM_prototype\schemtic\sch\worklib\kvm_prototype/images/14.jpg FILE176
E:\GitHub\KVM_prototype\schemtic\sch\worklib\kvm_prototype\sch_1\page15_csb.lck NEWFILE177
E:\GitHub\KVM_prototype\schemtic\sch\worklib\kvm_prototype\sch_1\page14_csa.lck NEWFILE178
E:\GitHub\KVM_prototype\schemtic\lib\worklib\usb_a_x2\sym_1\symbol.css FILE179
E:\GitHub\KVM_prototype\schemtic\lib\worklib\tpd4s012\sym_1\symbol.css FILE180
E:\GitHub\KVM_prototype\schemtic\lib\worklib\head1x3_s\sym_1\symbol.css FILE181
E:\GitHub\KVM_prototype\schemtic\sch\worklib\kvm_prototype\sch_1\page16.csb FILE182
E:\GitHub\KVM_prototype\schemtic\sch\worklib\kvm_prototype\sch_1\page16_csb.lck NEWFILE183
E:\GitHub\KVM_prototype\schemtic\sch\worklib\kvm_prototype\sch_1\page15_csa.lck NEWFILE184
E:\GitHub\KVM_prototype\schemtic\sch\worklib\kvm_prototype\sch_1\page17.csb FILE185
E:\GitHub\KVM_prototype\schemtic\sch\worklib\kvm_prototype\sch_1\page17_csb.lck NEWFILE186
E:\GitHub\KVM_prototype\schemtic\sch\worklib\kvm_prototype\sch_1\page16_csa.lck NEWFILE187
E:\GitHub\KVM_prototype\schemtic\lib\worklib\mt41k512m16ha#2d125\sym_2\symbol.css FILE188
E:\GitHub\KVM_prototype\schemtic\lib\worklib\mt41k512m16ha#2d125\sym_1\symbol.css FILE189
E:\GitHub\KVM_prototype\schemtic\sch\worklib\kvm_prototype\sch_1\page17_csa.lck NEWFILE190
E:\GitHub\KVM_prototype\schemtic\sch\worklib\kvm_prototype\sch_1\page3.csb FILE191
E:\GitHub\KVM_prototype\schemtic\sch\worklib\kvm_prototype/images/4.jpg FILE192
E:\GitHub\KVM_prototype\schemtic\sch\worklib\kvm_prototype/images/1.jpg FILE193
E:\GitHub\KVM_prototype\schemtic\sch\worklib\kvm_prototype/images/2.jpg FILE194
E:\GitHub\KVM_prototype\schemtic\sch\worklib\kvm_prototype/images/3.jpg FILE195
E:\GitHub\KVM_prototype\schemtic\sch\worklib\kvm_prototype/images/5.jpg FILE196
E:\GitHub\KVM_prototype\schemtic\sch\worklib\kvm_prototype\sch_1\page3_csb.lck NEWFILE197
E:\GitHub\KVM_prototype\schemtic\lib\worklib\adp5053\sym_1\symbol.css FILE198
E:\GitHub\KVM_prototype\schemtic\lib\worklib\fds9926a\sym_2\symbol.css FILE199
E:\GitHub\KVM_prototype\schemtic\lib\worklib\fds9926a\sym_1\symbol.css FILE200
C:\Cadence\SPB_16.6\share\library\standard\inport\sym_1\symbol.css FILE201
C:\Cadence\SPB_16.6\share\library\standard\outport\sym_1\symbol.css FILE202
E:\GitHub\KVM_prototype\schemtic\lib\worklib\npn\sym_1\symbol.css FILE203
E:\GitHub\KVM_prototype\schemtic\sch\worklib\kvm_prototype\sch_1\page3_csa.lck NEWFILE204
E:\GitHub\KVM_prototype\schemtic\sch\worklib\kvm_prototype\sch_1\page2.csb FILE205
E:\GitHub\KVM_prototype\schemtic\sch\worklib\kvm_prototype\sch_1\page2_csb.lck NEWFILE206
E:\GitHub\KVM_prototype\schemtic\sch\worklib\kvm_prototype\sch_1\page2_csa.lck NEWFILE207
