temp/xxnedtmp59/event.log NEWFILE1
temp/xxnedtmp59/text.log NEWFILE2
temp/xxnedtmp59/environ.log NEWFILE3
E:\Cadence\SPB_16.6\share\cdssetup/concept/concepthdl.scr FILE4
F:\Design_Projects\matrix_kvm\schemtic_backup20180504\sch\cds.lib FILE5
F:\Design_Projects\matrix_kvm\schemtic_backup20180504\sch\worklib\kvm_prototype\sch_1\page1.csb FILE6
F:\Design_Projects\matrix_kvm\schemtic_backup20180504\sch\worklib\kvm_prototype\sch_1\page1_csb.lck NEWFILE7
temp/xxnedtmp59/undo1.log NEWFILE8
E:\Cadence\SPB_16.6\share\library\standard\c#20size#20page\sym_1\symbol.css FILE9
F:\Design_Projects\matrix_kvm\schemtic_backup20180504\sch\worklib\kvm_prototype\sch_1\page1_csa.lck NEWFILE10
F:/Design_Projects/matrix_kvm/schemtic_backup20180504/sch/worklib/kvm_prototype/sch_1/kvm_prototype.xcon FILE11
F:/Design_Projects/matrix_kvm/schemtic_backup20180504/sch/worklib/kvm_prototype/sch_1/kvm_prototype.dcf FILE12
F:\Design_Projects\matrix_kvm\schemtic_backup20180504\sch\worklib\kvm_prototype\sch_1\page10.csb FILE13
F:\Design_Projects\matrix_kvm\schemtic_backup20180504\sch\worklib\kvm_prototype/images/8.jpg FILE14
F:\Design_Projects\matrix_kvm\schemtic_backup20180504\sch\worklib\kvm_prototype/images/7.jpg FILE15
F:\Design_Projects\matrix_kvm\schemtic_backup20180504\sch\worklib\kvm_prototype\sch_1\page10_csb.lck NEWFILE16
F:\Design_Projects\matrix_kvm\schemtic_backup20180504\lib\worklib\capcitor\c\sym_1\symbol.css FILE17
F:\Design_Projects\matrix_kvm\schemtic_backup20180504\lib\worklib\ic\adv7511kstz\sym_1\symbol.css FILE18
E:\Cadence\SPB_16.6\share\library\standard\gnd_signal\sym_1\symbol.css FILE19
F:\Design_Projects\matrix_kvm\schemtic_backup20180504\lib\worklib\resistor\r\sym_1\symbol.css FILE20
F:\Design_Projects\matrix_kvm\schemtic_backup20180504\lib\worklib\oscillator\osc#2d12mhz\sym_1\symbol.css FILE21
F:\Design_Projects\matrix_kvm\schemtic_backup20180504\lib\worklib\inductor\lb\sym_1\symbol.css FILE22
F:\Design_Projects\matrix_kvm\schemtic_backup20180504\sch\worklib\kvm_prototype\sch_1\page7.csb FILE23
F:\Design_Projects\matrix_kvm\schemtic_backup20180504\sch\worklib\kvm_prototype\sch_1\page7_csb.lck NEWFILE24
F:\Design_Projects\matrix_kvm\schemtic_backup20180504\sch\worklib\kvm_prototype\sch_1\page10_csa.lck NEWFILE25
F:\Design_Projects\matrix_kvm\schemtic_backup20180504\lib\worklib\oscillator\crystal\sym_1\symbol.css FILE26
F:\Design_Projects\matrix_kvm\schemtic_backup20180504\lib\worklib\ic\adv7612bswz\sym_1\symbol.css FILE27
E:/Cadence/SPB_16.6/tools/language/config.dat FILE28
temp/xxnedtmp59/concept.mkr NEWFILE29
E:/Cadence/SPB_16.6/tools/language/pack_type_rename.dat NEWFILE30
temp/xxnedtmp59/../adv7612bswz.mkr NEWFILE31
temp/xxnedtmp59/../c#20size#20page.mkr NEWFILE32
temp/xxnedtmp59/../gnd_signal.mkr NEWFILE33
temp/xxnedtmp59/../lb.mkr NEWFILE34
temp/xxnedtmp59/../c.mkr NEWFILE35
temp/xxnedtmp59/../r.mkr NEWFILE36
temp/xxnedtmp59/../crystal.mkr NEWFILE37
F:\Design_Projects\matrix_kvm\schemtic_backup20180504\sch\worklib\kvm_prototype\sch_1\page7.csa FILE38
F:\Design_Projects\matrix_kvm\schemtic_backup20180504\sch\worklib\kvm_prototype\sch_1\page7.csv FILE39
F:/Design_Projects/matrix_kvm/schemtic_backup20180504/sch/worklib/kvm_prototype/sch_1/kvm_prototype_xcon.lck NEWFILE40
F:/Design_Projects/matrix_kvm/schemtic_backup20180504/sch/worklib/kvm_prototype/sch_1/kvm_prototype_dcf.lck NEWFILE41
temp/xxnedtmp59/csnetlister.mkr NEWFILE42
F:\Design_Projects\matrix_kvm\schemtic_backup20180504\sch\worklib\kvm_prototype\sch_1\page8.csb FILE43
F:\Design_Projects\matrix_kvm\schemtic_backup20180504\sch\worklib\kvm_prototype\sch_1\page8_csb.lck NEWFILE44
F:\Design_Projects\matrix_kvm\schemtic_backup20180504\sch\worklib\kvm_prototype\sch_1\page7_csa.lck NEWFILE45
F:\Design_Projects\matrix_kvm\schemtic_backup20180504\lib\worklib\ic\adv7612bswz\sym_2\symbol.css FILE46
F:\Design_Projects\matrix_kvm\schemtic_backup20180504\sch\worklib\kvm_prototype\sch_1\page8.csa FILE47
F:\Design_Projects\matrix_kvm\schemtic_backup20180504\sch\worklib\kvm_prototype\sch_1\page8.csv FILE48
F:\Design_Projects\matrix_kvm\schemtic_backup20180504\sch\worklib\kvm_prototype\sch_1\page8_csa.lck NEWFILE49
