Allegro Design Entry HDL 16.6-p007 (v16-6-112F) 10/10/2012
Copyright 2011 Cadence Design Systems, Inc

WARNING(SPCOCN-1474): You must specify a window that contains a drawing.
WARNING(SPCOCN-1474): You must specify a window that contains a drawing.
WARNING(SPCOCN-1474): You must specify a window that contains a drawing.
WARNING(SPCOCN-1474): You must specify a window that contains a drawing.
WARNING(SPCOCN-1474): You must specify a window that contains a drawing.
WARNING(SPCOCN-1474): You must specify a window that contains a drawing.
WARNING(SPCOCN-1474): You must specify a window that contains a drawing.
WARNING(SPCOCN-2040): Specify the command "page forcereset all" to reset logical page numbers of all pages of this block.
WARNING(SPCOCN-1523): Invalid set option: <search_history_count>
INFO(SPCOCN-1177): Unexpected text: <5>
WARNING(SPCOCN-1523): Invalid set option: <search_history>
WARNING(SPCOCN-1523): Invalid set option: <search_toolbar_lookin>
INFO(SPCOCN-1177): Unexpected text: <PAGE>
WARNING(SPCOCN-1523): Invalid set option: <modify_quick_reset_filters>
INFO(SPCOCN-1177): Unexpected text: <OFF>
WARNING(SPCOCN-1523): Invalid set option: <hss_distribute_ports_count>
INFO(SPCOCN-1177): Unexpected text: <25>
WARNING(SPCOCN-1523): Invalid set option: <hss_distribute_port_pattern>
WARNING(SPCOCN-1523): Invalid set option: <hss_distribute_property_name>
WARNING(SPCOCN-1474): You must specify a window that contains a drawing.
WARNING(SPCOCN-1474): You must specify a window that contains a drawing.
WARNING(SPCOCN-1474): You must specify a window that contains a drawing.
WARNING(SPCOCN-1474): You must specify a window that contains a drawing.
WARNING(SPCOCN-1474): You must specify a window that contains a drawing.
WARNING(SPCOCN-1474): You must specify a window that contains a drawing.
INFO(SPCOCN-1737): Reading F:\Design_Projects\matrix_kvm\schemtic_backup20180504\sch\cds.lib file.
WARNING(SPCOCN-1474): You must specify a window that contains a drawing.
INFO(SPCOCN-1445): Reading KVM_PROTOTYPE.SCH.1.1 into drawing #1.
INFO(SPCOCN-195): The following file will be used to identify the list of modules to be excluded: 'E:\Cadence\SPB_16.6\share\cdssetup\xmodules.dat'.
INFO(SPCOCN-1445): Reading KVM_PROTOTYPE.SCH.1.1 into drawing #1.
INFO(SPCOCN-1445): Reading KVM_PROTOTYPE.SCH.1.10 into drawing #1.
INFO(SPCOCN-1445): Reading KVM_PROTOTYPE.SCH.1.7 into drawing #1.
INFO(SPCOCN-542): The default property VALUE with value ADV7612BSWZ has been deleted from the component ADV7612BSWZ.
INFO(SPCOCN-545): To turn the deleted default properties into non-default properties, type SET STICKY_ON; GET; SET STICKY_OFF in the console window.
INFO(SPCOCN-1001): Component: I42 selected.
INFO(SPCOCN-1070): Checking drawing...
INFO(SPCOCN-1028): writing <kvm_prototype_lib>KVM_PROTOTYPE.SCH.1.7:
INFO(SPCOCN-1044): writing binary file...
INFO(SPCOCN-1049): writing ASCII file...
INFO(SPCOCN-1727): Appending master.tag page2.csa with page7.csa
INFO(SPCOCN-1053): writing connectivity file...
INFO(SPCOCN-1054): ...written

CSDirect 16.6-p007 (v16-6-112F)

Netlisting block kvm_prototype

Processing page 7

No netlisting errors found. 

INFO(SPCOCN-1640): writing occurrence data...
INFO(SPCOCN-1054): ...written
INFO(SPCOCN-1445): Reading KVM_PROTOTYPE.SCH.1.8 into drawing #1.
INFO(SPCOCN-542): The default property VALUE with value ? has been deleted from the component ADV7612BSWZ.
INFO(SPCOCN-545): To turn the deleted default properties into non-default properties, type SET STICKY_ON; GET; SET STICKY_OFF in the console window.
INFO(SPCOCN-1070): Checking drawing...
INFO(SPCOCN-1028): writing <kvm_prototype_lib>KVM_PROTOTYPE.SCH.1.8:
INFO(SPCOCN-1044): writing binary file...
INFO(SPCOCN-1049): writing ASCII file...
INFO(SPCOCN-1727): Appending master.tag page2.csa with page8.csa
INFO(SPCOCN-1053): writing connectivity file...
INFO(SPCOCN-1054): ...written

CSDirect 16.6-p007 (v16-6-112F)

Netlisting block kvm_prototype

Processing page 8

No netlisting errors found. 

INFO(SPCOCN-1640): writing occurrence data...
INFO(SPCOCN-1054): ...written
INFO(SPCOCN-1445): Reading KVM_PROTOTYPE.SCH.1.7 into drawing #1.
INFO(SPCOCN-1445): Reading KVM_PROTOTYPE.SCH.1.8 into drawing #1.
INFO(SPCOCN-1445): Reading KVM_PROTOTYPE.SCH.1.7 into drawing #1.
INFO(SPCOCN-1001): Component: I42 selected.
INFO(SPCOCN-1445): Reading KVM_PROTOTYPE.SCH.1.8 into drawing #1.
INFO(SPCOCN-1070): Checking drawing...
INFO(SPCOCN-1028): writing <kvm_prototype_lib>KVM_PROTOTYPE.SCH.1.8:
INFO(SPCOCN-1044): writing binary file...
INFO(SPCOCN-1049): writing ASCII file...
INFO(SPCOCN-1727): Appending master.tag page2.csa with page8.csa
INFO(SPCOCN-1053): writing connectivity file...
INFO(SPCOCN-1054): ...written

CSDirect 16.6-p007 (v16-6-112F)

Netlisting block kvm_prototype

Processing page 8

No netlisting errors found. 

INFO(SPCOCN-1640): writing occurrence data...
INFO(SPCOCN-1054): ...written
INFO(SPCOCN-1445): Reading KVM_PROTOTYPE.SCH.1.7 into drawing #1.
INFO(SPCOCN-1001): Component: I42 selected.
INFO(SPCOCN-1001): Component: I42 selected.
INFO(SPCOCN-1070): Checking drawing...
INFO(SPCOCN-1028): writing <kvm_prototype_lib>KVM_PROTOTYPE.SCH.1.7:
INFO(SPCOCN-1044): writing binary file...
INFO(SPCOCN-1049): writing ASCII file...
INFO(SPCOCN-1727): Appending master.tag page2.csa with page7.csa
INFO(SPCOCN-1053): writing connectivity file...
INFO(SPCOCN-1054): ...written

CSDirect 16.6-p007 (v16-6-112F)

Netlisting block kvm_prototype

Processing page 7

No netlisting errors found. 

INFO(SPCOCN-1640): writing occurrence data...
INFO(SPCOCN-1054): ...written
INFO(SPCOCN-1001): Component: I42 selected.
INFO(SPCOCN-1001): Component: I42 selected.
INFO(SPCOCN-1001): Component: I42 selected.
