FILE_TYPE=LIBRARY_PARTS;
primitive 'DIODE';
  pin
    'A':
      PIN_NUMBER='(1)';
      BIDIRECTIONAL='TRUE';
      INPUT_LOAD='(-0.01,0.01)';
      OUTPUT_LOAD='(1.0,-1.0)';
    'K':
      PIN_NUMBER='(2)';
      BIDIRECTIONAL='TRUE';
      CLASS='DISCRETE';
      LEVEL='STD';
      PARTS='1';
      PKG_TYPE='UNKNOWN';
      INPUT_LOAD='(-0.01,0.01)';
      OUTPUT_LOAD='(1.0,-1.0)';
  end_pin;
  body
    PART_NAME='DIODE';
    BODY_NAME='DIODE';
    PHYS_DES_PREFIX='D';
    CLASS='DISCRETE';
  end_body;
end_primitive;

END.
