	(Comment
		(Time 01/21/18,16:00:27)
		(User Administrator)
		(MsgId ECO_021)
		(Text "Package CY7C67300 added to cell")
		(Param1 "CY7C67300")
	)
	(Comment
		(Time 01/21/18,16:12:45)
		(User Administrator)
		(MsgId ECO_081)
		(Text "Symbol sym_1 added to cell")
		(Param1 "sym_1")
	)
	(Comment
		(Time 01/21/18,16:12:45)
		(User Administrator)
		(MsgId ECO_081)
		(Text "Symbol sym_2 added to cell")
		(Param1 "sym_2")
	)
	(Comment
		(Time 04/23/18,23:07:26)
		(User Administrator)
		(MsgId ECO_211)
		(Text "PTF file part.ptf added")
		(Param1 "part.ptf")
	)
