temp/xxnedtmp6/event.log NEWFILE1
temp/xxnedtmp6/text.log NEWFILE2
temp/xxnedtmp6/environ.log NEWFILE3
C:\Cadence\SPB_16.6\share\cdssetup/concept/concepthdl.scr FILE4
D:\GitHub\KVM\KVM_prototype\schemtic\sch\cds.lib FILE5
D:\GitHub\KVM\KVM_prototype\schemtic\sch\worklib\kvm_prototype\sch_1\page1.csb FILE6
D:\GitHub\KVM\KVM_prototype\schemtic\sch\worklib\kvm_prototype\sch_1\page1_csb.lck NEWFILE7
temp/xxnedtmp6/undo1.log NEWFILE8
C:\Cadence\SPB_16.6\share\library\standard\c#20size#20page\sym_1\symbol.css FILE9
D:\GitHub\KVM\KVM_prototype\schemtic\sch\worklib\kvm_prototype\sch_1\page1_csa.lck NEWFILE10
D:/GitHub/KVM/KVM_prototype/schemtic/sch/worklib/kvm_prototype/sch_1/kvm_prototype.xcon FILE11
D:/GitHub/KVM/KVM_prototype/schemtic/sch/worklib/kvm_prototype/sch_1/kvm_prototype.dcf FILE12
D:\GitHub\KVM\KVM_prototype\schemtic\sch\worklib\kvm_prototype\sch_1\page3.csb FILE13
D:\GitHub\KVM\KVM_prototype\schemtic\sch\worklib\kvm_prototype/images/1.jpg FILE14
D:\GitHub\KVM\KVM_prototype\schemtic\sch\worklib\kvm_prototype/images/2.jpg FILE15
D:\GitHub\KVM\KVM_prototype\schemtic\sch\worklib\kvm_prototype/images/4.jpg FILE16
D:\GitHub\KVM\KVM_prototype\schemtic\sch\worklib\kvm_prototype/images/3.jpg FILE17
D:\GitHub\KVM\KVM_prototype\schemtic\sch\worklib\kvm_prototype/images/5.jpg FILE18
D:\GitHub\KVM\KVM_prototype\schemtic\sch\worklib\kvm_prototype\sch_1\page3_csb.lck FILE19
C:\Cadence\SPB_16.6\share\library\standard\gnd_signal\sym_1\symbol.css FILE20
D:\GitHub\KVM\KVM_prototype\schemtic\lib\worklib\r\sym_1\symbol.css FILE21
D:\GitHub\KVM\KVM_prototype\schemtic\lib\worklib\adp5053\sym_1\symbol.css FILE22
D:\GitHub\KVM\KVM_prototype\schemtic\lib\worklib\c\sym_1\symbol.css FILE23
D:\GitHub\KVM\KVM_prototype\schemtic\lib\worklib\cp\sym_1\symbol.css FILE24
D:\GitHub\KVM\KVM_prototype\schemtic\lib\worklib\l\sym_1\symbol.css FILE25
D:\GitHub\KVM\KVM_prototype\schemtic\lib\worklib\fds9926a\sym_2\symbol.css FILE26
D:\GitHub\KVM\KVM_prototype\schemtic\lib\worklib\fds9926a\sym_1\symbol.css FILE27
C:\Cadence\SPB_16.6\share\library\standard\inport\sym_1\symbol.css FILE28
D:\GitHub\KVM\KVM_prototype\schemtic\lib\worklib\resetkey\sym_1\symbol.css FILE29
C:\Cadence\SPB_16.6\share\library\standard\outport\sym_1\symbol.css FILE30
D:\GitHub\KVM\KVM_prototype\schemtic\lib\worklib\led_s\sym_1\symbol.css FILE31
D:\GitHub\KVM\KVM_prototype\schemtic\lib\worklib\npn\sym_1\symbol.css FILE32
C:/Users/cpp8013/AppData/Local/Temp/con2240.tmp FILE33
C:/Cadence/SPB_16.6/tools/language/config.dat FILE34
temp/xxnedtmp6/concept.mkr NEWFILE35
C:/Cadence/SPB_16.6/tools/language/pack_type_rename.dat NEWFILE36
temp/xxnedtmp6/../r.mkr NEWFILE37
temp/xxnedtmp6/../inport.mkr NEWFILE38
temp/xxnedtmp6/../gnd_signal.mkr NEWFILE39
temp/xxnedtmp6/../resetkey.mkr NEWFILE40
temp/xxnedtmp6/../adp5053.mkr NEWFILE41
temp/xxnedtmp6/../cp.mkr NEWFILE42
temp/xxnedtmp6/../c.mkr NEWFILE43
temp/xxnedtmp6/../c#20size#20page.mkr NEWFILE44
temp/xxnedtmp6/../l.mkr NEWFILE45
temp/xxnedtmp6/../fds9926a.mkr NEWFILE46
temp/xxnedtmp6/../outport.mkr NEWFILE47
temp/xxnedtmp6/../led_s.mkr NEWFILE48
temp/xxnedtmp6/../npn.mkr NEWFILE49
D:\GitHub\KVM\KVM_prototype\schemtic\sch\worklib\kvm_prototype\sch_1\page3.csa FILE50
D:\GitHub\KVM\KVM_prototype\schemtic\sch\worklib\kvm_prototype\sch_1\page3.csv FILE51
D:/GitHub/KVM/KVM_prototype/schemtic/sch/worklib/kvm_prototype/sch_1/kvm_prototype_xcon.lck NEWFILE52
D:/GitHub/KVM/KVM_prototype/schemtic/sch/worklib/kvm_prototype/sch_1/kvm_prototype_dcf.lck NEWFILE53
temp/xxnedtmp6/csnetlister.mkr NEWFILE54
