temp/xxnedtmp52/event.log NEWFILE1
temp/xxnedtmp52/text.log NEWFILE2
temp/xxnedtmp52/environ.log NEWFILE3
C:\Cadence\SPB_16.6\share\cdssetup/concept/concepthdl.scr FILE4
E:\GitHub\KVM_prototype\schemtic\sch\cds.lib FILE5
E:\GitHub\KVM_prototype\schemtic\sch\worklib\kvm_prototype\sch_1\page1.csb FILE6
E:\GitHub\KVM_prototype\schemtic\sch\worklib\kvm_prototype\sch_1\page1_csb.lck NEWFILE7
temp/xxnedtmp52/undo1.log NEWFILE8
C:\Cadence\SPB_16.6\share\library\standard\c#20size#20page\sym_1\symbol.css FILE9
E:\GitHub\KVM_prototype\schemtic\sch\worklib\kvm_prototype\sch_1\page1_csa.lck NEWFILE10
E:/GitHub/KVM_prototype/schemtic/sch/worklib/kvm_prototype/sch_1/kvm_prototype.xcon FILE11
E:/GitHub/KVM_prototype/schemtic/sch/worklib/kvm_prototype/sch_1/kvm_prototype.dcf FILE12
E:\GitHub\KVM_prototype\schemtic\sch\worklib\kvm_prototype\sch_1\page27.csb FILE13
E:\GitHub\KVM_prototype\schemtic\sch\worklib\kvm_prototype\sch_1\page27_csb.lck NEWFILE14
E:\GitHub\KVM_prototype\schemtic\lib\worklib\xc7s50fgga484\sym_8\symbol.css FILE15
E:\GitHub\KVM_prototype\schemtic\lib\worklib\xc7s50fgga484\sym_2\symbol.css FILE16
E:\GitHub\KVM_prototype\schemtic\sch\worklib\kvm_prototype\sch_1\page27_csa.lck NEWFILE17
temp/xxnedtmp52/concept.mkr NEWFILE18
C:/Cadence/SPB_16.6/tools/language/pack_type_rename.dat NEWFILE19
temp/xxnedtmp52/../c#20size#20page.mkr NEWFILE20
E:/GitHub/KVM_prototype/schemtic/sch/worklib/kvm_prototype/sch_1/kvm_prototype_xcon.lck NEWFILE21
E:/GitHub/KVM_prototype/schemtic/sch/worklib/kvm_prototype/sch_1/kvm_prototype_dcf.lck NEWFILE22
E:\GitHub\KVM_prototype\schemtic\sch\worklib\kvm_prototype\sch_1\page28.csb NEWFILE23
E:\GitHub\KVM_prototype\schemtic\sch\worklib\kvm_prototype\sch_1\page28.csa NEWFILE24
E:\GitHub\KVM_prototype\schemtic\sch\worklib\kvm_prototype\sch_1\page28.csv NEWFILE25
E:\GitHub\KVM_prototype\schemtic\sch\worklib\kvm_prototype\sch_1\pc.db FILE26
E:\GitHub\KVM_prototype\schemtic\sch\worklib\kvm_prototype\sch_1\page28_csb.lck NEWFILE27
temp/xxnedtmp52/csnetlister.mkr NEWFILE28
E:\GitHub\KVM_prototype\schemtic\sch\worklib\kvm_prototype\sch_1\page28_csa.lck NEWFILE29
E:\GitHub\KVM_prototype\schemtic\sch\worklib\kvm_prototype\sch_1\page2.csb FILE30
E:\GitHub\KVM_prototype\schemtic\sch\worklib\kvm_prototype\sch_1\page2_csb.lck NEWFILE31
E:\GitHub\KVM_prototype\schemtic\sch\worklib\kvm_prototype\sch_1\page3.csb FILE32
E:\GitHub\KVM_prototype\schemtic\sch\worklib\kvm_prototype\sch_1\page3_csb.lck NEWFILE33
E:\GitHub\KVM_prototype\schemtic\sch\worklib\kvm_prototype\sch_1\page2_csa.lck NEWFILE34
E:\GitHub\KVM_prototype\schemtic\sch\worklib\kvm_prototype\sch_1\page3.csa FILE35
E:\GitHub\KVM_prototype\schemtic\sch\worklib\kvm_prototype\sch_1\page3.csv FILE36
E:\GitHub\KVM_prototype\schemtic\sch\worklib\kvm_prototype\sch_1\page3_csa.lck NEWFILE37
D:/sys_temp/tmp11FA.tmp FILE38
E:\GitHub\KVM_prototype\schemtic\sch\worklib\kvm_prototype\sch_1\page4.csb FILE39
E:\GitHub\KVM_prototype\schemtic\sch\worklib\kvm_prototype/images/4.jpg FILE40
E:\GitHub\KVM_prototype\schemtic\sch\worklib\kvm_prototype/images/1.jpg FILE41
E:\GitHub\KVM_prototype\schemtic\sch\worklib\kvm_prototype/images/2.jpg FILE42
E:\GitHub\KVM_prototype\schemtic\sch\worklib\kvm_prototype/images/3.jpg FILE43
E:\GitHub\KVM_prototype\schemtic\sch\worklib\kvm_prototype/images/5.jpg FILE44
E:\GitHub\KVM_prototype\schemtic\sch\worklib\kvm_prototype\sch_1\page4_csb.lck NEWFILE45
C:\Cadence\SPB_16.6\share\library\standard\gnd_signal\sym_1\symbol.css FILE46
E:\GitHub\KVM_prototype\schemtic\lib\worklib\r\sym_1\symbol.css FILE47
E:\GitHub\KVM_prototype\schemtic\lib\worklib\adp5053\sym_1\symbol.css FILE48
E:\GitHub\KVM_prototype\schemtic\lib\worklib\c\sym_1\symbol.css FILE49
E:\GitHub\KVM_prototype\schemtic\lib\worklib\cp\sym_1\symbol.css FILE50
E:\GitHub\KVM_prototype\schemtic\lib\worklib\l\sym_1\symbol.css FILE51
E:\GitHub\KVM_prototype\schemtic\lib\worklib\fds9926a\sym_2\symbol.css FILE52
E:\GitHub\KVM_prototype\schemtic\lib\worklib\fds9926a\sym_1\symbol.css FILE53
C:\Cadence\SPB_16.6\share\library\standard\inport\sym_1\symbol.css FILE54
E:\GitHub\KVM_prototype\schemtic\lib\worklib\resetkey\sym_1\symbol.css FILE55
C:\Cadence\SPB_16.6\share\library\standard\outport\sym_1\symbol.css FILE56
E:\GitHub\KVM_prototype\schemtic\lib\worklib\led_s\sym_1\symbol.css FILE57
E:\GitHub\KVM_prototype\schemtic\lib\worklib\npn\sym_1\symbol.css FILE58
E:\GitHub\KVM_prototype\schemtic\sch\worklib\kvm_prototype\sch_1\page4_csa.lck NEWFILE59
E:\GitHub\KVM_prototype\schemtic\sch\worklib\kvm_prototype\sch_1\page5.csb FILE60
E:\GitHub\KVM_prototype\schemtic\sch\worklib\kvm_prototype/images/6_0.jpg FILE61
E:\GitHub\KVM_prototype\schemtic\sch\worklib\kvm_prototype\sch_1\page5_csb.lck NEWFILE62
E:\GitHub\KVM_prototype\schemtic\lib\worklib\ncp1529\sym_1\symbol.css FILE63
E:\GitHub\KVM_prototype\schemtic\sch\worklib\kvm_prototype\sch_1\page5_csa.lck NEWFILE64
E:\GitHub\KVM_prototype\schemtic\sch\worklib\kvm_prototype\sch_1\page29.csb NEWFILE65
E:\GitHub\KVM_prototype\schemtic\sch\worklib\kvm_prototype\sch_1\page29.csa NEWFILE66
E:\GitHub\KVM_prototype\schemtic\sch\worklib\kvm_prototype\sch_1\page29.csv NEWFILE67
E:\GitHub\KVM_prototype\schemtic\sch\worklib\kvm_prototype\sch_1\page29_csb.lck NEWFILE68
E:\GitHub\KVM_prototype\schemtic\sch\worklib\kvm_prototype\sch_1\page29_csa.lck NEWFILE69
D:/sys_temp/tmp9B2.tmp FILE70
temp/xxnedtmp52/undo2.log NEWFILE71
E:\GitHub\KVM_prototype\schemtic\lib\worklib\tpsm84824\sym_1\symbol.css FILE72
temp/xxnedtmp52/../tpsm84824.mkr NEWFILE73
C:/Cadence/SPB_16.6/tools/language/config.dat FILE74
D:/sys_temp/con45B9.tmp FILE75
temp/xxnedtmp52/../gnd_signal.mkr NEWFILE76
temp/xxnedtmp52/../c.mkr NEWFILE77
temp/xxnedtmp52/../r.mkr NEWFILE78
temp/xxnedtmp52/../l.mkr NEWFILE79
temp/xxnedtmp52/../ncp1529.mkr NEWFILE80
E:\GitHub\KVM_prototype\schemtic\sch\worklib\kvm_prototype\sch_1\page5.csa FILE81
E:\GitHub\KVM_prototype\schemtic\sch\worklib\kvm_prototype\sch_1\page5.csv FILE82
D:/sys_temp/con911B.tmp FILE83
D:/sys_temp/con27B0.tmp FILE84
D:/sys_temp/con3AC4.tmp FILE85
D:/sys_temp/conA2DA.tmp FILE86
D:/sys_temp/conC105.tmp FILE87
D:/sys_temp/conE4DB.tmp FILE88
D:/sys_temp/con613C.tmp FILE89
D:/sys_temp/con71C1.tmp FILE90
temp/xxnedtmp52/../cp.mkr NEWFILE91
D:/sys_temp/con163A.tmp FILE92
D:/sys_temp/con886E.tmp FILE93
D:/sys_temp/con9A4A.tmp FILE94
D:/sys_temp/conB06A.tmp FILE95
D:/sys_temp/con9C5E.tmp FILE96
D:/sys_temp/conA999.tmp FILE97
D:/sys_temp/con1DEE.tmp FILE98
D:/sys_temp/con5093.tmp FILE99
temp/xxnedtmp52/../adp5053.mkr NEWFILE100
temp/xxnedtmp52/../fds9926a.mkr NEWFILE101
temp/xxnedtmp52/../inport.mkr NEWFILE102
temp/xxnedtmp52/../resetkey.mkr NEWFILE103
temp/xxnedtmp52/../outport.mkr NEWFILE104
temp/xxnedtmp52/../led_s.mkr NEWFILE105
temp/xxnedtmp52/../npn.mkr NEWFILE106
E:\GitHub\KVM_prototype\schemtic\sch\worklib\kvm_prototype\sch_1\page4.csa FILE107
E:\GitHub\KVM_prototype\schemtic\sch\worklib\kvm_prototype\sch_1\page4.csv FILE108
D:/sys_temp/conB0CD.tmp FILE109
D:/sys_temp/conDC7F.tmp FILE110
D:/sys_temp/con44A5.tmp FILE111
clipboard/#UNNAMED_clipboard_0.jpg NEWFILE112
clipboard/#UNNAMED_clipboard_1.jpg NEWFILE113
E:\GitHub\KVM_prototype\schemtic\sch\worklib\kvm_prototype/images/clipboard_1.jpg FILE114
E:\GitHub\KVM_prototype\schemtic\sch\worklib\kvm_prototype/images/clipboard_1_0.jpg NEWFILE115
clipboard/#UNNAMED_clipboard_2.jpg NEWFILE116
E:\GitHub\KVM_prototype\schemtic\sch\worklib\kvm_prototype/images/clipboard_2.jpg NEWFILE117
D:/sys_temp/conD705.tmp FILE118
D:/sys_temp/conED44.tmp FILE119
D:/sys_temp/con8FF.tmp FILE120
E:\GitHub\KVM_prototype\schemtic\sch\worklib\kvm_prototype\sch_1\page26.csb FILE121
E:\GitHub\KVM_prototype\schemtic\sch\worklib\kvm_prototype\sch_1\page26_csb.lck NEWFILE122
E:\GitHub\KVM_prototype\schemtic\lib\worklib\xc7s50fgga484\sym_7\symbol.css FILE123
E:\GitHub\KVM_prototype\schemtic\sch\worklib\kvm_prototype\sch_1\page25.csb FILE124
E:\GitHub\KVM_prototype\schemtic\sch\worklib\kvm_prototype\sch_1\page25_csb.lck NEWFILE125
E:\GitHub\KVM_prototype\schemtic\sch\worklib\kvm_prototype\sch_1\page26_csa.lck NEWFILE126
E:\GitHub\KVM_prototype\schemtic\lib\worklib\xc7s50fgga484\sym_6\symbol.css FILE127
E:\GitHub\KVM_prototype\schemtic\sch\worklib\kvm_prototype\sch_1\page24.csb FILE128
E:\GitHub\KVM_prototype\schemtic\sch\worklib\kvm_prototype\sch_1\page24_csb.lck NEWFILE129
E:\GitHub\KVM_prototype\schemtic\sch\worklib\kvm_prototype\sch_1\page25_csa.lck NEWFILE130
E:\GitHub\KVM_prototype\schemtic\lib\worklib\xc7s50fgga484\sym_5\symbol.css FILE131
E:\GitHub\KVM_prototype\schemtic\sch\worklib\kvm_prototype\sch_1\page23.csb FILE132
E:\GitHub\KVM_prototype\schemtic\sch\worklib\kvm_prototype\sch_1\page23_csb.lck NEWFILE133
E:\GitHub\KVM_prototype\schemtic\sch\worklib\kvm_prototype\sch_1\page24_csa.lck NEWFILE134
E:\GitHub\KVM_prototype\schemtic\lib\worklib\xc7s50fgga484\sym_4\symbol.css FILE135
E:\GitHub\KVM_prototype\schemtic\sch\worklib\kvm_prototype\sch_1\page22.csb FILE136
E:\GitHub\KVM_prototype\schemtic\sch\worklib\kvm_prototype/images/clipboard_0_1.jpg FILE137
E:\GitHub\KVM_prototype\schemtic\sch\worklib\kvm_prototype\sch_1\page22_csb.lck NEWFILE138
E:\GitHub\KVM_prototype\schemtic\sch\worklib\kvm_prototype\sch_1\page23_csa.lck NEWFILE139
E:\GitHub\KVM_prototype\schemtic\lib\worklib\s25fl128sagmf\sym_1\symbol.css FILE140
E:\GitHub\KVM_prototype\schemtic\lib\worklib\xc7s50fgga484\sym_3\symbol.css FILE141
E:\GitHub\KVM_prototype\schemtic\lib\worklib\head2x5\sym_1\symbol.css FILE142
E:\GitHub\KVM_prototype\schemtic\lib\worklib\esd\sym_1\symbol.css FILE143
E:\GitHub\KVM_prototype\schemtic\lib\worklib\xc7s50fgga484\sym_1\symbol.css FILE144
