temp/xxnedtmp63/event.log NEWFILE1
temp/xxnedtmp63/text.log NEWFILE2
temp/xxnedtmp63/environ.log NEWFILE3
E:\Cadence\SPB_16.6\share\cdssetup/concept/concepthdl.scr FILE4
F:\Design_Projects\matrix_kvm\schemtic_backup20180504\sch\cds.lib FILE5
F:\Design_Projects\matrix_kvm\schemtic_backup20180504\sch\worklib\kvm_prototype\sch_1\page1.csb FILE6
F:\Design_Projects\matrix_kvm\schemtic_backup20180504\sch\worklib\kvm_prototype\sch_1\page1_csb.lck NEWFILE7
temp/xxnedtmp63/undo1.log NEWFILE8
E:\Cadence\SPB_16.6\share\library\standard\c#20size#20page\sym_1\symbol.css FILE9
F:\Design_Projects\matrix_kvm\schemtic_backup20180504\sch\worklib\kvm_prototype\sch_1\page1_csa.lck NEWFILE10
F:/Design_Projects/matrix_kvm/schemtic_backup20180504/sch/worklib/kvm_prototype/sch_1/kvm_prototype.xcon FILE11
F:/Design_Projects/matrix_kvm/schemtic_backup20180504/sch/worklib/kvm_prototype/sch_1/kvm_prototype.dcf FILE12
F:\Design_Projects\matrix_kvm\schemtic_backup20180504\sch\worklib\kvm_prototype\sch_1\page9.csb FILE13
F:\Design_Projects\matrix_kvm\schemtic_backup20180504\sch\worklib\kvm_prototype\sch_1\page9_csb.lck NEWFILE14
F:\Design_Projects\matrix_kvm\schemtic_backup20180504\lib\worklib\resistor\r\sym_1\symbol.css FILE15
E:\Cadence\SPB_16.6\share\library\standard\gnd_signal\sym_1\symbol.css FILE16
F:\Design_Projects\matrix_kvm\schemtic_backup20180504\lib\worklib\protection\rclamp0524p\sym_1\symbol.css FILE17
F:\Design_Projects\matrix_kvm\schemtic_backup20180504\lib\worklib\connector\hdmi#2da\sym_1\symbol.css FILE18
F:\Design_Projects\matrix_kvm\schemtic_backup20180504\lib\worklib\transistor\bss123lt1\sym_1\symbol.css FILE19
F:\Design_Projects\matrix_kvm\schemtic_backup20180504\lib\worklib\diode1\diode\sym_1\symbol.css FILE20
F:\Design_Projects\matrix_kvm\schemtic_backup20180504\sch\worklib\kvm_prototype\sch_1\page45.csb FILE21
F:\Design_Projects\matrix_kvm\schemtic_backup20180504\sch\worklib\kvm_prototype\sch_1\page45_csb.lck NEWFILE22
F:\Design_Projects\matrix_kvm\schemtic_backup20180504\sch\worklib\kvm_prototype\sch_1\page9_csa.lck NEWFILE23
F:\Design_Projects\matrix_kvm\schemtic_backup20180504\lib\worklib\inductor\lb\sym_1\symbol.css FILE24
F:\Design_Projects\matrix_kvm\schemtic_backup20180504\lib\worklib\capcitor\c\sym_1\symbol.css FILE25
F:\Design_Projects\matrix_kvm\schemtic_backup20180504\lib\worklib\protection\pesd0402#2d140\sym_1\symbol.css FILE26
F:\Design_Projects\matrix_kvm\schemtic_backup20180504\sch\worklib\kvm_prototype\sch_1\page25.csb FILE27
F:\Design_Projects\matrix_kvm\schemtic_backup20180504\sch\worklib\kvm_prototype\sch_1\page25_csb.lck NEWFILE28
F:\Design_Projects\matrix_kvm\schemtic_backup20180504\sch\worklib\kvm_prototype\sch_1\page45_csa.lck NEWFILE29
F:\Design_Projects\matrix_kvm\schemtic_backup20180504\lib\worklib\capcitor\cp\sym_1\symbol.css FILE30
F:\Design_Projects\matrix_kvm\schemtic_backup20180504\lib\worklib\ic\xc7a200tffg1156\sym_17\symbol.css FILE31
F:\Design_Projects\matrix_kvm\schemtic_backup20180504\lib\worklib\ic\xc7a200tffg1156\sym_18\symbol.css FILE32
F:\Design_Projects\matrix_kvm\schemtic_backup20180504\lib\worklib\ic\xc7a200tffg1156\sym_21\symbol.css FILE33
F:\Design_Projects\matrix_kvm\schemtic_backup20180504\lib\worklib\ic\xc7a200tffg1156\sym_16\symbol.css FILE34
F:\Design_Projects\matrix_kvm\schemtic_backup20180504\lib\worklib\ic\xc7a200tffg1156\sym_24\symbol.css FILE35
F:\Design_Projects\matrix_kvm\schemtic_backup20180504\sch\worklib\kvm_prototype\sch_1\page25_csa.lck NEWFILE36
F:\Design_Projects\matrix_kvm\schemtic_backup20180504\sch\worklib\kvm_prototype\sch_1\page28.csb FILE37
F:\Design_Projects\matrix_kvm\schemtic_backup20180504\sch\worklib\kvm_prototype\sch_1\page28_csb.lck NEWFILE38
F:\Design_Projects\matrix_kvm\schemtic_backup20180504\lib\worklib\ic\xc7a200tffg1156\sym_2\symbol.css FILE39
F:\Design_Projects\matrix_kvm\schemtic_backup20180504\sch\worklib\kvm_prototype\sch_1\page31.csb FILE40
F:\Design_Projects\matrix_kvm\schemtic_backup20180504\sch\worklib\kvm_prototype\sch_1\page31_csb.lck NEWFILE41
F:\Design_Projects\matrix_kvm\schemtic_backup20180504\sch\worklib\kvm_prototype\sch_1\page28_csa.lck NEWFILE42
F:\Design_Projects\matrix_kvm\schemtic_backup20180504\lib\worklib\ic\xc7a200tffg1156\sym_8\symbol.css FILE43
F:\Design_Projects\matrix_kvm\schemtic_backup20180504\sch\worklib\kvm_prototype\sch_1\page34.csb FILE44
F:\Design_Projects\matrix_kvm\schemtic_backup20180504\sch\worklib\kvm_prototype\sch_1\page34_csb.lck NEWFILE45
F:\Design_Projects\matrix_kvm\schemtic_backup20180504\sch\worklib\kvm_prototype\sch_1\page31_csa.lck NEWFILE46
F:\Design_Projects\matrix_kvm\schemtic_backup20180504\lib\worklib\ic\xc7a200tffg1156\sym_9\symbol.css FILE47
F:\Design_Projects\matrix_kvm\schemtic_backup20180504\sch\worklib\kvm_prototype\sch_1\page37.csb FILE48
F:\Design_Projects\matrix_kvm\schemtic_backup20180504\sch\worklib\kvm_prototype\sch_1\page37_csb.lck NEWFILE49
F:\Design_Projects\matrix_kvm\schemtic_backup20180504\sch\worklib\kvm_prototype\sch_1\page34_csa.lck NEWFILE50
F:\Design_Projects\matrix_kvm\schemtic_backup20180504\lib\worklib\ic\xc7a200tffg1156\sym_12\symbol.css FILE51
F:\Design_Projects\matrix_kvm\schemtic_backup20180504\sch\worklib\kvm_prototype\sch_1\page39.csb FILE52
F:\Design_Projects\matrix_kvm\schemtic_backup20180504\sch\worklib\kvm_prototype\sch_1\page39_csb.lck NEWFILE53
F:\Design_Projects\matrix_kvm\schemtic_backup20180504\sch\worklib\kvm_prototype\sch_1\page37_csa.lck NEWFILE54
F:\Design_Projects\matrix_kvm\schemtic_backup20180504\lib\worklib\ic\xc7a200tffg1156\sym_15\symbol.css FILE55
F:\Design_Projects\matrix_kvm\schemtic_backup20180504\sch\worklib\kvm_prototype\sch_1\page39_csa.lck NEWFILE56
F:\Design_Projects\matrix_kvm\schemtic_backup20180504\sch\worklib\kvm_prototype\sch_1\page43.csb FILE57
F:\Design_Projects\matrix_kvm\schemtic_backup20180504\sch\worklib\kvm_prototype/images/6_0.jpg FILE58
F:\Design_Projects\matrix_kvm\schemtic_backup20180504\sch\worklib\kvm_prototype\sch_1\page43_csb.lck NEWFILE59
F:\Design_Projects\matrix_kvm\schemtic_backup20180504\lib\worklib\power\ncp1529\sym_1\symbol.css FILE60
F:\Design_Projects\matrix_kvm\schemtic_backup20180504\lib\worklib\inductor\l\sym_1\symbol.css FILE61
F:\Design_Projects\matrix_kvm\schemtic_backup20180504\sch\worklib\kvm_prototype\sch_1\page48.csb FILE62
F:\Design_Projects\matrix_kvm\schemtic_backup20180504\sch\worklib\kvm_prototype\sch_1\page48_csb.lck NEWFILE63
F:\Design_Projects\matrix_kvm\schemtic_backup20180504\sch\worklib\kvm_prototype\sch_1\page43_csa.lck NEWFILE64
F:\Design_Projects\matrix_kvm\schemtic_backup20180504\lib\worklib\connector\head1x2_s\sym_1\symbol.css FILE65
F:\Design_Projects\matrix_kvm\schemtic_backup20180504\lib\worklib\protection\tpd4s012\sym_1\symbol.css FILE66
F:\Design_Projects\matrix_kvm\schemtic_backup20180504\lib\worklib\connector\usb_dul\sym_1\symbol.css FILE67
F:\Design_Projects\matrix_kvm\schemtic_backup20180504\sch\worklib\kvm_prototype\sch_1\page50.csb FILE68
F:\Design_Projects\matrix_kvm\schemtic_backup20180504\sch\worklib\kvm_prototype\sch_1\page50_csb.lck NEWFILE69
F:\Design_Projects\matrix_kvm\schemtic_backup20180504\sch\worklib\kvm_prototype\sch_1\page48_csa.lck NEWFILE70
F:\Design_Projects\matrix_kvm\schemtic_backup20180504\lib\worklib\diode1\led_s\sym_1\symbol.css FILE71
F:\Design_Projects\matrix_kvm\schemtic_backup20180504\lib\worklib\power\lm3526\sym_1\symbol.css FILE72
F:\Design_Projects\matrix_kvm\schemtic_backup20180504\lib\worklib\oscillator\crystal\sym_1\symbol.css FILE73
F:\Design_Projects\matrix_kvm\schemtic_backup20180504\lib\worklib\ic\gl850g\sym_1\symbol.css FILE74
F:\Design_Projects\matrix_kvm\schemtic_backup20180504\sch\worklib\kvm_prototype\sch_1\page56.csb FILE75
F:\Design_Projects\matrix_kvm\schemtic_backup20180504\sch\worklib\kvm_prototype\sch_1\page56_csb.lck NEWFILE76
F:\Design_Projects\matrix_kvm\schemtic_backup20180504\sch\worklib\kvm_prototype\sch_1\page50_csa.lck NEWFILE77
F:\Design_Projects\matrix_kvm\schemtic_backup20180504\lib\worklib\connector\rj45#2dge#2dmagnetics\sym_1\symbol.css FILE78
F:\Design_Projects\matrix_kvm\schemtic_backup20180504\sch\worklib\kvm_prototype\sch_1\page55.csb FILE79
F:\Design_Projects\matrix_kvm\schemtic_backup20180504\sch\worklib\kvm_prototype/images/clipboard_0_9.jpg FILE80
F:\Design_Projects\matrix_kvm\schemtic_backup20180504\sch\worklib\kvm_prototype/images/clipboard_0_8.jpg FILE81
F:\Design_Projects\matrix_kvm\schemtic_backup20180504\sch\worklib\kvm_prototype\sch_1\page55_csb.lck NEWFILE82
F:\Design_Projects\matrix_kvm\schemtic_backup20180504\sch\worklib\kvm_prototype\sch_1\page56_csa.lck NEWFILE83
F:\Design_Projects\matrix_kvm\schemtic_backup20180504\lib\worklib\ic\rtl8211e#2dvl#2dcg\sym_1\symbol.css FILE84
F:\Design_Projects\matrix_kvm\schemtic_backup20180504\sch\worklib\kvm_prototype\sch_1\page53.csb FILE85
F:\Design_Projects\matrix_kvm\schemtic_backup20180504\sch\worklib\kvm_prototype\sch_1\page53_csb.lck NEWFILE86
F:\Design_Projects\matrix_kvm\schemtic_backup20180504\sch\worklib\kvm_prototype\sch_1\page55_csa.lck NEWFILE87
F:\Design_Projects\matrix_kvm\schemtic_backup20180504\lib\worklib\ic\mt41k512m16ha#2d125\sym_1\symbol.css FILE88
F:\Design_Projects\matrix_kvm\schemtic_backup20180504\lib\worklib\ic\mt41k512m16ha#2d125\sym_2\symbol.css FILE89
F:\Design_Projects\matrix_kvm\schemtic_backup20180504\sch\worklib\kvm_prototype\sch_1\page61.csb FILE90
F:\Design_Projects\matrix_kvm\schemtic_backup20180504\sch\worklib\kvm_prototype\sch_1\page61_csb.lck NEWFILE91
F:\Design_Projects\matrix_kvm\schemtic_backup20180504\sch\worklib\kvm_prototype\sch_1\page53_csa.lck NEWFILE92
F:\Design_Projects\matrix_kvm\schemtic_backup20180504\lib\worklib\ic\xc6slx16csg324\sym_5\symbol.css FILE93
F:\Design_Projects\matrix_kvm\schemtic_backup20180504\sch\worklib\kvm_prototype\sch_1\page58.csb FILE94
F:\Design_Projects\matrix_kvm\schemtic_backup20180504\sch\worklib\kvm_prototype\sch_1\page58_csb.lck NEWFILE95
F:\Design_Projects\matrix_kvm\schemtic_backup20180504\sch\worklib\kvm_prototype\sch_1\page61_csa.lck NEWFILE96
F:\Design_Projects\matrix_kvm\schemtic_backup20180504\lib\worklib\ic\xc6slx16csg324\sym_2\symbol.css FILE97
F:\Design_Projects\matrix_kvm\schemtic_backup20180504\lib\worklib\oscillator\osc#2d4\sym_1\symbol.css FILE98
F:\Design_Projects\matrix_kvm\schemtic_backup20180504\sch\worklib\kvm_prototype\sch_1\page57.csb FILE99
F:\Design_Projects\matrix_kvm\schemtic_backup20180504\sch\worklib\kvm_prototype\sch_1\page57_csb.lck NEWFILE100
F:\Design_Projects\matrix_kvm\schemtic_backup20180504\sch\worklib\kvm_prototype\sch_1\page58_csa.lck NEWFILE101
F:\Design_Projects\matrix_kvm\schemtic_backup20180504\lib\worklib\ic\xc6slx16csg324\sym_1\symbol.css FILE102
F:\Design_Projects\matrix_kvm\schemtic_backup20180504\sch\worklib\kvm_prototype\sch_1\page63.csb FILE103
F:\Design_Projects\matrix_kvm\schemtic_backup20180504\sch\worklib\kvm_prototype\sch_1\page63_csb.lck NEWFILE104
F:\Design_Projects\matrix_kvm\schemtic_backup20180504\sch\worklib\kvm_prototype\sch_1\page57_csa.lck NEWFILE105
F:\Design_Projects\matrix_kvm\schemtic_backup20180504\lib\worklib\resistor\rn\sym_2\symbol.css FILE106
F:\Design_Projects\matrix_kvm\schemtic_backup20180504\lib\worklib\others\tp\sym_1\symbol.css FILE107
F:\Design_Projects\matrix_kvm\schemtic_backup20180504\lib\worklib\ic\hy5ps121621cfp\sym_1\symbol.css FILE108
F:\Design_Projects\matrix_kvm\schemtic_backup20180504\sch\worklib\kvm_prototype\sch_1\page65.csb FILE109
F:\Design_Projects\matrix_kvm\schemtic_backup20180504\sch\worklib\kvm_prototype\sch_1\page65_csb.lck NEWFILE110
F:\Design_Projects\matrix_kvm\schemtic_backup20180504\sch\worklib\kvm_prototype\sch_1\page63_csa.lck NEWFILE111
F:\Design_Projects\matrix_kvm\schemtic_backup20180504\lib\worklib\ic\xc7z015_1clg485c\sym_8\symbol.css FILE112
F:\Design_Projects\matrix_kvm\schemtic_backup20180504\lib\worklib\ic\xc7z015_1clg485c\sym_9\symbol.css FILE113
F:\Design_Projects\matrix_kvm\schemtic_backup20180504\sch\worklib\kvm_prototype\sch_1\page67.csb FILE114
F:\Design_Projects\matrix_kvm\schemtic_backup20180504\sch\worklib\kvm_prototype\sch_1\page67_csb.lck NEWFILE115
F:\Design_Projects\matrix_kvm\schemtic_backup20180504\sch\worklib\kvm_prototype\sch_1\page65_csa.lck NEWFILE116
F:\Design_Projects\matrix_kvm\schemtic_backup20180504\lib\worklib\protection\esd\sym_1\symbol.css FILE117
F:\Design_Projects\matrix_kvm\schemtic_backup20180504\lib\worklib\switch\resetkey\sym_1\symbol.css FILE118
F:\Design_Projects\matrix_kvm\schemtic_backup20180504\lib\worklib\connector\head2x5\sym_1\symbol.css FILE119
F:\Design_Projects\matrix_kvm\schemtic_backup20180504\lib\worklib\ic\xc7z015_1clg485c\sym_1\symbol.css FILE120
F:\Design_Projects\matrix_kvm\schemtic_backup20180504\sch\worklib\kvm_prototype\sch_1\page69.csb FILE121
F:\Design_Projects\matrix_kvm\schemtic_backup20180504\sch\worklib\kvm_prototype\sch_1\page69_csb.lck NEWFILE122
F:\Design_Projects\matrix_kvm\schemtic_backup20180504\sch\worklib\kvm_prototype\sch_1\page67_csa.lck NEWFILE123
F:\Design_Projects\matrix_kvm\schemtic_backup20180504\lib\worklib\ic\xc7z015_1clg485c\sym_3\symbol.css FILE124
F:\Design_Projects\matrix_kvm\schemtic_backup20180504\sch\worklib\kvm_prototype\sch_1\page71.csb FILE125
F:\Design_Projects\matrix_kvm\schemtic_backup20180504\sch\worklib\kvm_prototype\sch_1\page71_csb.lck NEWFILE126
F:\Design_Projects\matrix_kvm\schemtic_backup20180504\sch\worklib\kvm_prototype\sch_1\page69_csa.lck NEWFILE127
F:\Design_Projects\matrix_kvm\schemtic_backup20180504\lib\worklib\ic\xc7z015_1clg485c\sym_5\symbol.css FILE128
F:\Design_Projects\matrix_kvm\schemtic_backup20180504\sch\worklib\kvm_prototype\sch_1\page73.csb FILE129
F:\Design_Projects\matrix_kvm\schemtic_backup20180504\sch\worklib\kvm_prototype\sch_1\page73_csb.lck NEWFILE130
F:\Design_Projects\matrix_kvm\schemtic_backup20180504\sch\worklib\kvm_prototype\sch_1\page71_csa.lck NEWFILE131
F:\Design_Projects\matrix_kvm\schemtic_backup20180504\lib\worklib\ic\xc7z015_1clg485c\sym_7\symbol.css FILE132
F:\Design_Projects\matrix_kvm\schemtic_backup20180504\sch\worklib\kvm_prototype\sch_1\page19.csb FILE133
F:\Design_Projects\matrix_kvm\schemtic_backup20180504\sch\worklib\kvm_prototype\sch_1\page19_csb.lck NEWFILE134
F:\Design_Projects\matrix_kvm\schemtic_backup20180504\sch\worklib\kvm_prototype\sch_1\page73_csa.lck NEWFILE135
F:\Design_Projects\matrix_kvm\schemtic_backup20180504\lib\worklib\connector\sfp_cage\sym_1\symbol.css FILE136
F:\Design_Projects\matrix_kvm\schemtic_backup20180504\lib\worklib\connector\sfp_conn\sym_1\symbol.css FILE137
F:\Design_Projects\matrix_kvm\schemtic_backup20180504\sch\worklib\kvm_prototype\sch_1\page15.csb FILE138
F:\Design_Projects\matrix_kvm\schemtic_backup20180504\sch\worklib\kvm_prototype\sch_1\page15_csb.lck NEWFILE139
F:\Design_Projects\matrix_kvm\schemtic_backup20180504\sch\worklib\kvm_prototype\sch_1\page19_csa.lck NEWFILE140
F:\Design_Projects\matrix_kvm\schemtic_backup20180504\sch\worklib\kvm_prototype\sch_1\page13.csb FILE141
F:\Design_Projects\matrix_kvm\schemtic_backup20180504\sch\worklib\kvm_prototype\sch_1\page13_csb.lck NEWFILE142
F:\Design_Projects\matrix_kvm\schemtic_backup20180504\sch\worklib\kvm_prototype\sch_1\page15_csa.lck NEWFILE143
F:\Design_Projects\matrix_kvm\schemtic_backup20180504\sch\worklib\kvm_prototype\sch_1\page13_csa.lck NEWFILE144
F:\Design_Projects\matrix_kvm\schemtic_backup20180504\sch\worklib\kvm_prototype\sch_1\page5.csb FILE145
F:\Design_Projects\matrix_kvm\schemtic_backup20180504\sch\worklib\kvm_prototype/images/2.jpg FILE146
F:\Design_Projects\matrix_kvm\schemtic_backup20180504\sch\worklib\kvm_prototype/images/1.jpg FILE147
F:\Design_Projects\matrix_kvm\schemtic_backup20180504\sch\worklib\kvm_prototype/images/5.jpg FILE148
F:\Design_Projects\matrix_kvm\schemtic_backup20180504\sch\worklib\kvm_prototype/images/3.jpg FILE149
F:\Design_Projects\matrix_kvm\schemtic_backup20180504\sch\worklib\kvm_prototype/images/4.jpg FILE150
F:\Design_Projects\matrix_kvm\schemtic_backup20180504\sch\worklib\kvm_prototype\sch_1\page5_csb.lck NEWFILE151
F:\Design_Projects\matrix_kvm\schemtic_backup20180504\lib\worklib\transistor\fds9926a\sym_1\symbol.css FILE152
E:\Cadence\SPB_16.6\share\library\standard\inport\sym_1\symbol.css FILE153
F:\Design_Projects\matrix_kvm\schemtic_backup20180504\lib\worklib\power\adp5053\sym_1\symbol.css FILE154
F:\Design_Projects\matrix_kvm\schemtic_backup20180504\lib\worklib\transistor\npn\sym_1\symbol.css FILE155
F:\Design_Projects\matrix_kvm\schemtic_backup20180504\sch\worklib\kvm_prototype\sch_1\page8.csb FILE156
F:\Design_Projects\matrix_kvm\schemtic_backup20180504\sch\worklib\kvm_prototype\sch_1\page8_csb.lck NEWFILE157
F:\Design_Projects\matrix_kvm\schemtic_backup20180504\sch\worklib\kvm_prototype\sch_1\page5_csa.lck NEWFILE158
F:\Design_Projects\matrix_kvm\schemtic_backup20180504\lib\worklib\ic\adv7612bswz\sym_2\symbol.css FILE159
F:\Design_Projects\matrix_kvm\schemtic_backup20180504\sch\worklib\kvm_prototype\sch_1\page8_csa.lck NEWFILE160
F:\Design_Projects\matrix_kvm\schemtic_backup20180504\sch\worklib\kvm_prototype\sch_1\page11.csb FILE161
F:\Design_Projects\matrix_kvm\schemtic_backup20180504\sch\worklib\kvm_prototype\sch_1\page11_csb.lck NEWFILE162
F:\Design_Projects\matrix_kvm\schemtic_backup20180504\sch\worklib\kvm_prototype\sch_1\page11_csa.lck NEWFILE163
F:\Design_Projects\matrix_kvm\schemtic_backup20180504\sch\worklib\kvm_prototype\sch_1\page18.csb FILE164
F:\Design_Projects\matrix_kvm\schemtic_backup20180504\sch\worklib\kvm_prototype\sch_1\page18_csb.lck NEWFILE165
F:\Design_Projects\matrix_kvm\schemtic_backup20180504\sch\worklib\kvm_prototype\sch_1\page18_csa.lck NEWFILE166
F:\Design_Projects\matrix_kvm\schemtic_backup20180504\sch\worklib\kvm_prototype\sch_1\page21.csb FILE167
F:\Design_Projects\matrix_kvm\schemtic_backup20180504\sch\worklib\kvm_prototype\sch_1\page21_csb.lck NEWFILE168
F:\Design_Projects\matrix_kvm\schemtic_backup20180504\lib\worklib\connector\pcie_x16\sym_3\symbol.css FILE169
F:\Design_Projects\matrix_kvm\schemtic_backup20180504\lib\worklib\connector\pcie_x16\sym_2\symbol.css FILE170
F:\Design_Projects\matrix_kvm\schemtic_backup20180504\lib\worklib\connector\pcie_x16\sym_1\symbol.css FILE171
F:\Design_Projects\matrix_kvm\schemtic_backup20180504\sch\worklib\kvm_prototype\sch_1\page22.csb FILE172
F:\Design_Projects\matrix_kvm\schemtic_backup20180504\sch\worklib\kvm_prototype\sch_1\page22_csb.lck NEWFILE173
F:\Design_Projects\matrix_kvm\schemtic_backup20180504\sch\worklib\kvm_prototype\sch_1\page21_csa.lck NEWFILE174
F:\Design_Projects\matrix_kvm\schemtic_backup20180504\sch\worklib\kvm_prototype\sch_1\page22_csa.lck NEWFILE175
F:\Design_Projects\matrix_kvm\schemtic_backup20180504\sch\worklib\kvm_prototype\sch_1\page2.csb FILE176
F:\Design_Projects\matrix_kvm\schemtic_backup20180504\sch\worklib\kvm_prototype\sch_1\page2_csb.lck NEWFILE177
F:\Design_Projects\matrix_kvm\schemtic_backup20180504\lib\worklib\diode1\mbrd835l\sym_1\symbol.css FILE178
F:\Design_Projects\matrix_kvm\schemtic_backup20180504\lib\worklib\connector\6pin\sym_1\symbol.css FILE179
F:\Design_Projects\matrix_kvm\schemtic_backup20180504\lib\worklib\others\wiper#2dsw\sym_1\symbol.css FILE180
F:\Design_Projects\matrix_kvm\schemtic_backup20180504\sch\worklib\kvm_prototype\sch_1\page3.csb FILE181
F:\Design_Projects\matrix_kvm\schemtic_backup20180504\sch\worklib\kvm_prototype\sch_1\page3_csb.lck NEWFILE182
F:\Design_Projects\matrix_kvm\schemtic_backup20180504\sch\worklib\kvm_prototype\sch_1\page2_csa.lck NEWFILE183
F:\Design_Projects\matrix_kvm\schemtic_backup20180504\sch\worklib\kvm_prototype\sch_1\page4.csb FILE184
F:\Design_Projects\matrix_kvm\schemtic_backup20180504\sch\worklib\kvm_prototype/images/clipboard_2.jpg FILE185
F:\Design_Projects\matrix_kvm\schemtic_backup20180504\sch\worklib\kvm_prototype/images/clipboard_1_0.jpg FILE186
F:\Design_Projects\matrix_kvm\schemtic_backup20180504\sch\worklib\kvm_prototype\sch_1\page4_csb.lck NEWFILE187
F:\Design_Projects\matrix_kvm\schemtic_backup20180504\sch\worklib\kvm_prototype\sch_1\page3_csa.lck NEWFILE188
F:\Design_Projects\matrix_kvm\schemtic_backup20180504\lib\worklib\power\tpsm84824\sym_1\symbol.css FILE189
F:\Design_Projects\matrix_kvm\schemtic_backup20180504\sch\worklib\kvm_prototype\sch_1\page4_csa.lck NEWFILE190
F:\Design_Projects\matrix_kvm\schemtic_backup20180504\sch\worklib\kvm_prototype\sch_1\page6.csb FILE191
F:\Design_Projects\matrix_kvm\schemtic_backup20180504\sch\worklib\kvm_prototype\sch_1\page6_csb.lck NEWFILE192
F:\Design_Projects\matrix_kvm\schemtic_backup20180504\sch\worklib\kvm_prototype\sch_1\page7.csb FILE193
F:\Design_Projects\matrix_kvm\schemtic_backup20180504\sch\worklib\kvm_prototype\sch_1\page7_csb.lck NEWFILE194
F:\Design_Projects\matrix_kvm\schemtic_backup20180504\sch\worklib\kvm_prototype\sch_1\page6_csa.lck NEWFILE195
F:\Design_Projects\matrix_kvm\schemtic_backup20180504\lib\worklib\ic\adv7612bswz\sym_1\symbol.css FILE196
F:\Design_Projects\matrix_kvm\schemtic_backup20180504\sch\worklib\kvm_prototype\sch_1\page7_csa.lck NEWFILE197
F:\Design_Projects\matrix_kvm\schemtic_backup20180504\sch\worklib\kvm_prototype\sch_1\page10.csb FILE198
F:\Design_Projects\matrix_kvm\schemtic_backup20180504\sch\worklib\kvm_prototype/images/8.jpg FILE199
F:\Design_Projects\matrix_kvm\schemtic_backup20180504\sch\worklib\kvm_prototype/images/7.jpg FILE200
F:\Design_Projects\matrix_kvm\schemtic_backup20180504\sch\worklib\kvm_prototype\sch_1\page10_csb.lck NEWFILE201
F:\Design_Projects\matrix_kvm\schemtic_backup20180504\lib\worklib\ic\adv7511kstz\sym_1\symbol.css FILE202
F:\Design_Projects\matrix_kvm\schemtic_backup20180504\lib\worklib\oscillator\osc#2d12mhz\sym_1\symbol.css FILE203
F:\Design_Projects\matrix_kvm\schemtic_backup20180504\sch\worklib\kvm_prototype\sch_1\page10_csa.lck NEWFILE204
F:\Design_Projects\matrix_kvm\schemtic_backup20180504\sch\worklib\kvm_prototype\sch_1\page12.csb FILE205
F:\Design_Projects\matrix_kvm\schemtic_backup20180504\sch\worklib\kvm_prototype\sch_1\page12_csb.lck NEWFILE206
F:\Design_Projects\matrix_kvm\schemtic_backup20180504\sch\worklib\kvm_prototype\sch_1\page12_csa.lck NEWFILE207
F:\Design_Projects\matrix_kvm\schemtic_backup20180504\sch\worklib\kvm_prototype\sch_1\page14.csb FILE208
F:\Design_Projects\matrix_kvm\schemtic_backup20180504\sch\worklib\kvm_prototype\sch_1\page14_csb.lck NEWFILE209
F:\Design_Projects\matrix_kvm\schemtic_backup20180504\lib\worklib\ic\usb3300\sym_1\symbol.css FILE210
F:\Design_Projects\matrix_kvm\schemtic_backup20180504\sch\worklib\kvm_prototype\sch_1\page14_csa.lck NEWFILE211
F:\Design_Projects\matrix_kvm\schemtic_backup20180504\sch\worklib\kvm_prototype\sch_1\page16.csb FILE212
F:\Design_Projects\matrix_kvm\schemtic_backup20180504\sch\worklib\kvm_prototype\sch_1\page16_csb.lck NEWFILE213
F:\Design_Projects\matrix_kvm\schemtic_backup20180504\sch\worklib\kvm_prototype\sch_1\page17.csb FILE214
F:\Design_Projects\matrix_kvm\schemtic_backup20180504\sch\worklib\kvm_prototype\sch_1\page17_csb.lck NEWFILE215
F:\Design_Projects\matrix_kvm\schemtic_backup20180504\sch\worklib\kvm_prototype\sch_1\page16_csa.lck NEWFILE216
F:\Design_Projects\matrix_kvm\schemtic_backup20180504\sch\worklib\kvm_prototype\sch_1\page17_csa.lck NEWFILE217
F:\Design_Projects\matrix_kvm\schemtic_backup20180504\sch\worklib\kvm_prototype\sch_1\page20.csb FILE218
F:\Design_Projects\matrix_kvm\schemtic_backup20180504\sch\worklib\kvm_prototype\sch_1\page20_csb.lck NEWFILE219
F:\Design_Projects\matrix_kvm\schemtic_backup20180504\sch\worklib\kvm_prototype\sch_1\page20_csa.lck NEWFILE220
F:\Design_Projects\matrix_kvm\schemtic_backup20180504\sch\worklib\kvm_prototype\sch_1\page23.csb FILE221
F:\Design_Projects\matrix_kvm\schemtic_backup20180504\sch\worklib\kvm_prototype/images/clipboard_1_1.jpg FILE222
F:\Design_Projects\matrix_kvm\schemtic_backup20180504\sch\worklib\kvm_prototype/images/clipboard_2_0.jpg FILE223
F:\Design_Projects\matrix_kvm\schemtic_backup20180504\sch\worklib\kvm_prototype/images/clipboard_0_3.jpg FILE224
F:\Design_Projects\matrix_kvm\schemtic_backup20180504\sch\worklib\kvm_prototype\sch_1\page23_csb.lck NEWFILE225
F:\Design_Projects\matrix_kvm\schemtic_backup20180504\sch\worklib\kvm_prototype\sch_1\page24.csb FILE226
F:\Design_Projects\matrix_kvm\schemtic_backup20180504\sch\worklib\kvm_prototype\sch_1\page24_csb.lck NEWFILE227
F:\Design_Projects\matrix_kvm\schemtic_backup20180504\sch\worklib\kvm_prototype\sch_1\page23_csa.lck NEWFILE228
F:\Design_Projects\matrix_kvm\schemtic_backup20180504\lib\worklib\ic\xc7a200tffg1156\sym_19\symbol.css FILE229
F:\Design_Projects\matrix_kvm\schemtic_backup20180504\lib\worklib\ic\xc7a200tffg1156\sym_20\symbol.css FILE230
F:\Design_Projects\matrix_kvm\schemtic_backup20180504\lib\worklib\ic\xc7a200tffg1156\sym_22\symbol.css FILE231
F:\Design_Projects\matrix_kvm\schemtic_backup20180504\lib\worklib\ic\xc7a200tffg1156\sym_23\symbol.css FILE232
F:\Design_Projects\matrix_kvm\schemtic_backup20180504\lib\worklib\ic\xc7a200tffg1156\sym_25\symbol.css FILE233
F:\Design_Projects\matrix_kvm\schemtic_backup20180504\sch\worklib\kvm_prototype\sch_1\page24_csa.lck NEWFILE234
F:\Design_Projects\matrix_kvm\schemtic_backup20180504\sch\worklib\kvm_prototype\sch_1\page26.csb FILE235
F:\Design_Projects\matrix_kvm\schemtic_backup20180504\sch\worklib\kvm_prototype\sch_1\page26_csb.lck NEWFILE236
F:\Design_Projects\matrix_kvm\schemtic_backup20180504\lib\worklib\oscillator\osc#2d125m#2ddif\sym_1\symbol.css FILE237
F:\Design_Projects\matrix_kvm\schemtic_backup20180504\sch\worklib\kvm_prototype\sch_1\page27.csb FILE238
F:\Design_Projects\matrix_kvm\schemtic_backup20180504\sch\worklib\kvm_prototype/images/clipboard_0_1.jpg FILE239
F:\Design_Projects\matrix_kvm\schemtic_backup20180504\sch\worklib\kvm_prototype/images/clipboard_0_4.jpg FILE240
F:\Design_Projects\matrix_kvm\schemtic_backup20180504\sch\worklib\kvm_prototype\sch_1\page27_csb.lck NEWFILE241
F:\Design_Projects\matrix_kvm\schemtic_backup20180504\sch\worklib\kvm_prototype\sch_1\page26_csa.lck NEWFILE242
F:\Design_Projects\matrix_kvm\schemtic_backup20180504\lib\worklib\ic\xc7a200tffg1156\sym_1\symbol.css FILE243
F:\Design_Projects\matrix_kvm\schemtic_backup20180504\lib\worklib\ic\xc7a200tffg1156\sym_4\symbol.css FILE244
F:\Design_Projects\matrix_kvm\schemtic_backup20180504\lib\worklib\ic\s25fl128sagmf\sym_1\symbol.css FILE245
F:\Design_Projects\matrix_kvm\schemtic_backup20180504\sch\worklib\kvm_prototype\sch_1\page27_csa.lck NEWFILE246
F:\Design_Projects\matrix_kvm\schemtic_backup20180504\sch\worklib\kvm_prototype\sch_1\page29.csb FILE247
F:\Design_Projects\matrix_kvm\schemtic_backup20180504\sch\worklib\kvm_prototype\sch_1\page29_csb.lck NEWFILE248
F:\Design_Projects\matrix_kvm\schemtic_backup20180504\lib\worklib\ic\xc7a200tffg1156\sym_3\symbol.css FILE249
F:\Design_Projects\matrix_kvm\schemtic_backup20180504\sch\worklib\kvm_prototype\sch_1\page30.csb FILE250
F:\Design_Projects\matrix_kvm\schemtic_backup20180504\sch\worklib\kvm_prototype\sch_1\page30_csb.lck NEWFILE251
F:\Design_Projects\matrix_kvm\schemtic_backup20180504\sch\worklib\kvm_prototype\sch_1\page29_csa.lck NEWFILE252
F:\Design_Projects\matrix_kvm\schemtic_backup20180504\lib\worklib\ic\xc7a200tffg1156\sym_5\symbol.css FILE253
F:\Design_Projects\matrix_kvm\schemtic_backup20180504\sch\worklib\kvm_prototype\sch_1\page30_csa.lck NEWFILE254
F:\Design_Projects\matrix_kvm\schemtic_backup20180504\sch\worklib\kvm_prototype\sch_1\page32.csb FILE255
F:\Design_Projects\matrix_kvm\schemtic_backup20180504\sch\worklib\kvm_prototype\sch_1\page32_csb.lck NEWFILE256
F:\Design_Projects\matrix_kvm\schemtic_backup20180504\lib\worklib\ic\xc7a200tffg1156\sym_13\symbol.css FILE257
F:\Design_Projects\matrix_kvm\schemtic_backup20180504\lib\worklib\ic\xc7a200tffg1156\sym_7\symbol.css FILE258
F:\Design_Projects\matrix_kvm\schemtic_backup20180504\sch\worklib\kvm_prototype\sch_1\page33.csb FILE259
F:\Design_Projects\matrix_kvm\schemtic_backup20180504\sch\worklib\kvm_prototype\sch_1\page33_csb.lck NEWFILE260
F:\Design_Projects\matrix_kvm\schemtic_backup20180504\sch\worklib\kvm_prototype\sch_1\page32_csa.lck NEWFILE261
F:\Design_Projects\matrix_kvm\schemtic_backup20180504\sch\worklib\kvm_prototype\sch_1\page33_csa.lck NEWFILE262
F:\Design_Projects\matrix_kvm\schemtic_backup20180504\sch\worklib\kvm_prototype\sch_1\page35.csb FILE263
F:\Design_Projects\matrix_kvm\schemtic_backup20180504\sch\worklib\kvm_prototype\sch_1\page35_csb.lck NEWFILE264
F:\Design_Projects\matrix_kvm\schemtic_backup20180504\lib\worklib\ic\xc7a200tffg1156\sym_10\symbol.css FILE265
F:\Design_Projects\matrix_kvm\schemtic_backup20180504\sch\worklib\kvm_prototype\sch_1\page36.csb FILE266
F:\Design_Projects\matrix_kvm\schemtic_backup20180504\sch\worklib\kvm_prototype\sch_1\page36_csb.lck NEWFILE267
F:\Design_Projects\matrix_kvm\schemtic_backup20180504\sch\worklib\kvm_prototype\sch_1\page35_csa.lck NEWFILE268
F:\Design_Projects\matrix_kvm\schemtic_backup20180504\lib\worklib\ic\xc7a200tffg1156\sym_11\symbol.css FILE269
F:\Design_Projects\matrix_kvm\schemtic_backup20180504\sch\worklib\kvm_prototype\sch_1\page36_csa.lck NEWFILE270
F:\Design_Projects\matrix_kvm\schemtic_backup20180504\sch\worklib\kvm_prototype\sch_1\page38.csb FILE271
F:\Design_Projects\matrix_kvm\schemtic_backup20180504\sch\worklib\kvm_prototype\sch_1\page38_csb.lck NEWFILE272
F:\Design_Projects\matrix_kvm\schemtic_backup20180504\lib\worklib\ic\xc7a200tffg1156\sym_14\symbol.css FILE273
F:\Design_Projects\matrix_kvm\schemtic_backup20180504\sch\worklib\kvm_prototype\sch_1\page38_csa.lck NEWFILE274
F:\Design_Projects\matrix_kvm\schemtic_backup20180504\sch\worklib\kvm_prototype\sch_1\page40.csb FILE275
F:\Design_Projects\matrix_kvm\schemtic_backup20180504\sch\worklib\kvm_prototype\sch_1\page40_csb.lck NEWFILE276
F:\Design_Projects\matrix_kvm\schemtic_backup20180504\sch\worklib\kvm_prototype\sch_1\page41.csb FILE277
F:\Design_Projects\matrix_kvm\schemtic_backup20180504\sch\worklib\kvm_prototype\sch_1\page41_csb.lck NEWFILE278
F:\Design_Projects\matrix_kvm\schemtic_backup20180504\sch\worklib\kvm_prototype\sch_1\page40_csa.lck NEWFILE279
F:\Design_Projects\matrix_kvm\schemtic_backup20180504\sch\worklib\kvm_prototype\sch_1\page42.csb FILE280
F:\Design_Projects\matrix_kvm\schemtic_backup20180504\sch\worklib\kvm_prototype\sch_1\page42_csb.lck NEWFILE281
F:\Design_Projects\matrix_kvm\schemtic_backup20180504\sch\worklib\kvm_prototype\sch_1\page41_csa.lck NEWFILE282
E:\Cadence\SPB_16.6\share\library\standard\outport\sym_1\symbol.css FILE283
F:\Design_Projects\matrix_kvm\schemtic_backup20180504\sch\worklib\kvm_prototype\sch_1\page42_csa.lck NEWFILE284
F:\Design_Projects\matrix_kvm\schemtic_backup20180504\sch\worklib\kvm_prototype\sch_1\page44.csb FILE285
F:\Design_Projects\matrix_kvm\schemtic_backup20180504\sch\worklib\kvm_prototype\sch_1\page44_csb.lck NEWFILE286
F:\Design_Projects\matrix_kvm\schemtic_backup20180504\sch\worklib\kvm_prototype\sch_1\page44_csa.lck NEWFILE287
F:\Design_Projects\matrix_kvm\schemtic_backup20180504\sch\worklib\kvm_prototype\sch_1\page46.csb FILE288
F:\Design_Projects\matrix_kvm\schemtic_backup20180504\sch\worklib\kvm_prototype\sch_1\page46_csb.lck NEWFILE289
F:\Design_Projects\matrix_kvm\schemtic_backup20180504\sch\worklib\kvm_prototype\sch_1\page47.csb FILE290
F:\Design_Projects\matrix_kvm\schemtic_backup20180504\sch\worklib\kvm_prototype\sch_1\page47_csb.lck NEWFILE291
F:\Design_Projects\matrix_kvm\schemtic_backup20180504\sch\worklib\kvm_prototype\sch_1\page46_csa.lck NEWFILE292
F:\Design_Projects\matrix_kvm\schemtic_backup20180504\sch\worklib\kvm_prototype\sch_1\page47_csa.lck NEWFILE293
F:\Design_Projects\matrix_kvm\schemtic_backup20180504\sch\worklib\kvm_prototype\sch_1\page49.csb FILE294
F:\Design_Projects\matrix_kvm\schemtic_backup20180504\sch\worklib\kvm_prototype\sch_1\page49_csb.lck NEWFILE295
F:\Design_Projects\matrix_kvm\schemtic_backup20180504\sch\worklib\kvm_prototype\sch_1\page49_csa.lck NEWFILE296
F:\Design_Projects\matrix_kvm\schemtic_backup20180504\sch\worklib\kvm_prototype\sch_1\page51.csb FILE297
F:\Design_Projects\matrix_kvm\schemtic_backup20180504\sch\worklib\kvm_prototype\sch_1\page51_csb.lck NEWFILE298
F:\Design_Projects\matrix_kvm\schemtic_backup20180504\sch\worklib\kvm_prototype\sch_1\page52.csb FILE299
F:\Design_Projects\matrix_kvm\schemtic_backup20180504\sch\worklib\kvm_prototype\sch_1\page52_csb.lck NEWFILE300
F:\Design_Projects\matrix_kvm\schemtic_backup20180504\sch\worklib\kvm_prototype\sch_1\page51_csa.lck NEWFILE301
F:\Design_Projects\matrix_kvm\schemtic_backup20180504\sch\worklib\kvm_prototype\sch_1\page52_csa.lck NEWFILE302
F:\Design_Projects\matrix_kvm\schemtic_backup20180504\sch\worklib\kvm_prototype\sch_1\page54.csb FILE303
F:\Design_Projects\matrix_kvm\schemtic_backup20180504\sch\worklib\kvm_prototype\sch_1\page54_csb.lck NEWFILE304
F:\Design_Projects\matrix_kvm\schemtic_backup20180504\lib\worklib\ic\mtfc8gacaaam#2d1m\sym_3\symbol.css FILE305
F:\Design_Projects\matrix_kvm\schemtic_backup20180504\lib\worklib\ic\mtfc8gacaaam#2d1m\sym_2\symbol.css FILE306
F:\Design_Projects\matrix_kvm\schemtic_backup20180504\lib\worklib\ic\mtfc8gacaaam#2d1m\sym_1\symbol.css FILE307
F:\Design_Projects\matrix_kvm\schemtic_backup20180504\sch\worklib\kvm_prototype\sch_1\page54_csa.lck NEWFILE308
F:\Design_Projects\matrix_kvm\schemtic_backup20180504\sch\worklib\kvm_prototype\sch_1\page59.csb FILE309
F:\Design_Projects\matrix_kvm\schemtic_backup20180504\sch\worklib\kvm_prototype\sch_1\page59_csb.lck NEWFILE310
F:\Design_Projects\matrix_kvm\schemtic_backup20180504\lib\worklib\connector\head2x7\sym_1\symbol.css FILE311
F:\Design_Projects\matrix_kvm\schemtic_backup20180504\lib\worklib\ic\xc6slx16csg324\sym_3\symbol.css FILE312
E:\Cadence\SPB_16.6\share\library\standard\ioport\sym_1\symbol.css FILE313
F:\Design_Projects\matrix_kvm\schemtic_backup20180504\lib\worklib\connector\head2x3\sym_1\symbol.css FILE314
F:\Design_Projects\matrix_kvm\schemtic_backup20180504\lib\worklib\ic\m25p40\sym_1\symbol.css FILE315
F:\Design_Projects\matrix_kvm\schemtic_backup20180504\sch\worklib\kvm_prototype\sch_1\page60.csb FILE316
F:\Design_Projects\matrix_kvm\schemtic_backup20180504\sch\worklib\kvm_prototype\sch_1\page60_csb.lck NEWFILE317
F:\Design_Projects\matrix_kvm\schemtic_backup20180504\sch\worklib\kvm_prototype\sch_1\page59_csa.lck NEWFILE318
F:\Design_Projects\matrix_kvm\schemtic_backup20180504\lib\worklib\ic\xc6slx16csg324\sym_4\symbol.css FILE319
F:\Design_Projects\matrix_kvm\schemtic_backup20180504\sch\worklib\kvm_prototype\sch_1\page60_csa.lck NEWFILE320
F:\Design_Projects\matrix_kvm\schemtic_backup20180504\sch\worklib\kvm_prototype\sch_1\page62.csb FILE321
F:\Design_Projects\matrix_kvm\schemtic_backup20180504\sch\worklib\kvm_prototype\sch_1\page62_csb.lck NEWFILE322
F:\Design_Projects\matrix_kvm\schemtic_backup20180504\lib\worklib\ic\cy22394fc\sym_1\symbol.css FILE323
F:\Design_Projects\matrix_kvm\schemtic_backup20180504\sch\worklib\kvm_prototype\sch_1\page62_csa.lck NEWFILE324
F:\Design_Projects\matrix_kvm\schemtic_backup20180504\sch\worklib\kvm_prototype\sch_1\page64.csb FILE325
F:\Design_Projects\matrix_kvm\schemtic_backup20180504\sch\worklib\kvm_prototype/images/clipboard_0_5.jpg FILE326
F:\Design_Projects\matrix_kvm\schemtic_backup20180504\sch\worklib\kvm_prototype/images/clipboard_1_2.jpg FILE327
F:\Design_Projects\matrix_kvm\schemtic_backup20180504\sch\worklib\kvm_prototype/images/clipboard_2_1.jpg FILE328
F:\Design_Projects\matrix_kvm\schemtic_backup20180504\sch\worklib\kvm_prototype\sch_1\page64_csb.lck NEWFILE329
F:\Design_Projects\matrix_kvm\schemtic_backup20180504\sch\worklib\kvm_prototype\sch_1\page64_csa.lck NEWFILE330
F:\Design_Projects\matrix_kvm\schemtic_backup20180504\sch\worklib\kvm_prototype\sch_1\page66.csb FILE331
F:\Design_Projects\matrix_kvm\schemtic_backup20180504\sch\worklib\kvm_prototype\sch_1\page66_csb.lck NEWFILE332
F:\Design_Projects\matrix_kvm\schemtic_backup20180504\sch\worklib\kvm_prototype\sch_1\page66_csa.lck NEWFILE333
F:\Design_Projects\matrix_kvm\schemtic_backup20180504\sch\worklib\kvm_prototype\sch_1\page68.csb FILE334
F:\Design_Projects\matrix_kvm\schemtic_backup20180504\sch\worklib\kvm_prototype\sch_1\page68_csb.lck NEWFILE335
F:\Design_Projects\matrix_kvm\schemtic_backup20180504\lib\worklib\ic\xc7z015_1clg485c\sym_2\symbol.css FILE336
F:\Design_Projects\matrix_kvm\schemtic_backup20180504\sch\worklib\kvm_prototype\sch_1\page68_csa.lck NEWFILE337
F:\Design_Projects\matrix_kvm\schemtic_backup20180504\sch\worklib\kvm_prototype\sch_1\page70.csb FILE338
F:\Design_Projects\matrix_kvm\schemtic_backup20180504\sch\worklib\kvm_prototype\sch_1\page70_csb.lck NEWFILE339
F:\Design_Projects\matrix_kvm\schemtic_backup20180504\lib\worklib\ic\xc7z015_1clg485c\sym_4\symbol.css FILE340
F:\Design_Projects\matrix_kvm\schemtic_backup20180504\sch\worklib\kvm_prototype\sch_1\page70_csa.lck NEWFILE341
F:\Design_Projects\matrix_kvm\schemtic_backup20180504\sch\worklib\kvm_prototype\sch_1\page72.csb FILE342
F:\Design_Projects\matrix_kvm\schemtic_backup20180504\sch\worklib\kvm_prototype/images/clipboard_0_6.jpg FILE343
F:\Design_Projects\matrix_kvm\schemtic_backup20180504\sch\worklib\kvm_prototype/images/clipboard_0_7.jpg FILE344
F:\Design_Projects\matrix_kvm\schemtic_backup20180504\sch\worklib\kvm_prototype\sch_1\page72_csb.lck NEWFILE345
F:\Design_Projects\matrix_kvm\schemtic_backup20180504\lib\worklib\ic\xc7z015_1clg485c\sym_6\symbol.css FILE346
F:\Design_Projects\matrix_kvm\schemtic_backup20180504\sch\worklib\kvm_prototype\sch_1\page72_csa.lck NEWFILE347
temp/xxnedtmp63/undo2.log NEWFILE348
temp/xxnedtmp63/undo3.log NEWFILE349
temp/xxnedtmp63/undo4.log NEWFILE350
temp/xxnedtmp63/undo5.log NEWFILE351
temp/xxnedtmp63/undo6.log NEWFILE352
temp/xxnedtmp63/undo7.log NEWFILE353
temp/xxnedtmp63/undo8.log NEWFILE354
temp/xxnedtmp63/undo9.log NEWFILE355
temp/xxnedtmp63/concept.mkr NEWFILE356
E:/Cadence/SPB_16.6/tools/language/config.dat FILE357
E:/Cadence/SPB_16.6/tools/language/pack_type_rename.dat NEWFILE358
temp/xxnedtmp63/../led_s.mkr NEWFILE359
temp/xxnedtmp63/../c#20size#20page.mkr NEWFILE360
temp/xxnedtmp63/../r.mkr NEWFILE361
temp/xxnedtmp63/../c.mkr NEWFILE362
temp/xxnedtmp63/../fds9926a.mkr NEWFILE363
temp/xxnedtmp63/../gnd_signal.mkr NEWFILE364
temp/xxnedtmp63/../inport.mkr NEWFILE365
temp/xxnedtmp63/../cp.mkr NEWFILE366
temp/xxnedtmp63/../l.mkr NEWFILE367
temp/xxnedtmp63/../resetkey.mkr NEWFILE368
temp/xxnedtmp63/../adp5053.mkr NEWFILE369
temp/xxnedtmp63/../npn.mkr NEWFILE370
F:\Design_Projects\matrix_kvm\schemtic_backup20180504\sch\worklib\kvm_prototype\sch_1\page5.csa FILE371
F:\Design_Projects\matrix_kvm\schemtic_backup20180504\sch\worklib\kvm_prototype\sch_1\page5.csv FILE372
F:/Design_Projects/matrix_kvm/schemtic_backup20180504/sch/worklib/kvm_prototype/sch_1/kvm_prototype_xcon.lck NEWFILE373
F:/Design_Projects/matrix_kvm/schemtic_backup20180504/sch/worklib/kvm_prototype/sch_1/kvm_prototype_dcf.lck NEWFILE374
temp/xxnedtmp63/csnetlister.mkr NEWFILE375
temp/xxnedtmp63/../usb_dul.mkr NEWFILE376
temp/xxnedtmp63/../lm3526.mkr NEWFILE377
temp/xxnedtmp63/../lb.mkr NEWFILE378
temp/xxnedtmp63/../crystal.mkr NEWFILE379
temp/xxnedtmp63/../gl850g.mkr NEWFILE380
F:\Design_Projects\matrix_kvm\schemtic_backup20180504\sch\worklib\kvm_prototype\sch_1\page15.csa FILE381
F:\Design_Projects\matrix_kvm\schemtic_backup20180504\sch\worklib\kvm_prototype\sch_1\page15.csv FILE382
temp/xxnedtmp63/../xc7a200tffg1156.mkr NEWFILE383
temp/xxnedtmp63/../s25fl128sagmf.mkr NEWFILE384
temp/xxnedtmp63/../head2x5.mkr NEWFILE385
temp/xxnedtmp63/../esd.mkr NEWFILE386
F:\Design_Projects\matrix_kvm\schemtic_backup20180504\sch\worklib\kvm_prototype\sch_1\page27.csa FILE387
F:\Design_Projects\matrix_kvm\schemtic_backup20180504\sch\worklib\kvm_prototype\sch_1\page27.csv FILE388
temp/xxnedtmp63/../outport.mkr NEWFILE389
F:\Design_Projects\matrix_kvm\schemtic_backup20180504\sch\worklib\kvm_prototype\sch_1\page42.csa FILE390
F:\Design_Projects\matrix_kvm\schemtic_backup20180504\sch\worklib\kvm_prototype\sch_1\page42.csv FILE391
F:\Design_Projects\matrix_kvm\schemtic_backup20180504\sch\worklib\kvm_prototype\sch_1\page50.csa FILE392
F:\Design_Projects\matrix_kvm\schemtic_backup20180504\sch\worklib\kvm_prototype\sch_1\page50.csv FILE393
temp/xxnedtmp63/../rtl8211e#2dvl#2dcg.mkr NEWFILE394
F:\Design_Projects\matrix_kvm\schemtic_backup20180504\sch\worklib\kvm_prototype\sch_1\page55.csa FILE395
F:\Design_Projects\matrix_kvm\schemtic_backup20180504\sch\worklib\kvm_prototype\sch_1\page55.csv FILE396
temp/xxnedtmp63/../rn.mkr NEWFILE397
temp/xxnedtmp63/../head2x7.mkr NEWFILE398
temp/xxnedtmp63/../head1x2_s.mkr NEWFILE399
temp/xxnedtmp63/../xc6slx16csg324.mkr NEWFILE400
temp/xxnedtmp63/../ioport.mkr NEWFILE401
temp/xxnedtmp63/../head2x3.mkr NEWFILE402
temp/xxnedtmp63/../m25p40.mkr NEWFILE403
F:\Design_Projects\matrix_kvm\schemtic_backup20180504\sch\worklib\kvm_prototype\sch_1\page59.csa FILE404
F:\Design_Projects\matrix_kvm\schemtic_backup20180504\sch\worklib\kvm_prototype\sch_1\page59.csv FILE405
F:\Design_Projects\matrix_kvm\schemtic_backup20180504\sch\worklib\kvm_prototype\sch_1\page60.csa FILE406
F:\Design_Projects\matrix_kvm\schemtic_backup20180504\sch\worklib\kvm_prototype\sch_1\page60.csv FILE407
temp/xxnedtmp63/../xc7z015_1clg485c.mkr NEWFILE408
F:\Design_Projects\matrix_kvm\schemtic_backup20180504\sch\worklib\kvm_prototype\sch_1\page67.csa FILE409
F:\Design_Projects\matrix_kvm\schemtic_backup20180504\sch\worklib\kvm_prototype\sch_1\page67.csv FILE410
