
	(Comment
		(Time 06/19/05,23:16:32)
		(User Laguna)
		(MsgId ECO_021)
		(Text "Package HEAD2X7 added to cell")
		(Param1 HEAD2X7)
	)
	(Comment
		(Time 06/19/05,23:19:12)
		(User Laguna)
		(MsgId ECO_081)
		(Text "Symbol sym_1 added to cell")
		(Param1 sym_1)
	)

	(Comment
		(Time 05/09/18,14:41:48)
		(User cdj)
		(MsgId ECO_151)
		(Text "Verilog wrapper vlog_model added to cell")
		(Param1 "vlog_model")
	)
	(Comment
		(Time 05/09/18,15:14:29)
		(User cdj)
		(MsgId ECO_151)
		(Text "Verilog wrapper vlog_model added to cell")
		(Param1 "vlog_model")
	)
