FILE_TYPE=LIBRARY_PARTS;
primitive 'LM3526';
  pin
    'FLAGB':
      PIN_NUMBER='(3)';
      INPUT_LOAD='(-0.01,0.01)';
    '-ENB':
      PIN_NUMBER='(4)';
      INPUT_LOAD='(-0.01,0.01)';
    'OUTB':
      PIN_NUMBER='(5)';
      OUTPUT_LOAD='(1.0,-1.0)';
    'GND':
      PIN_NUMBER='(6)';
      PINUSE='GROUND';
      NO_LOAD_CHECK='Both';
      NO_IO_CHECK='Both';
      NO_ASSERT_CHECK='TRUE';
      NO_DIR_CHECK='TRUE';
      ALLOW_CONNECT='TRUE';
    'IN':
      PIN_NUMBER='(7)';
      INPUT_LOAD='(-0.01,0.01)';
    'OUTA':
      PIN_NUMBER='(8)';
      OUTPUT_LOAD='(1.0,-1.0)';
    '-ENA':
      PIN_NUMBER='(1)';
      INPUT_LOAD='(-0.01,0.01)';
    'FLAGA':
      PIN_NUMBER='(2)';
      INPUT_LOAD='(-0.01,0.01)';
  end_pin;
  body
    PART_NAME='LM3526';
    BODY_NAME='LM3526';
    JEDEC_TYPE='sop8_50_154';
    PHYS_DES_PREFIX='U';
    CLASS='IC';
  end_body;
end_primitive;

END.
