temp/xxnedtmp51/event.log NEWFILE1
temp/xxnedtmp51/text.log NEWFILE2
temp/xxnedtmp51/environ.log NEWFILE3
C:\Cadence\SPB_16.6\share\cdssetup/concept/concepthdl.scr FILE4
E:\GitHub\KVM_prototype\schemtic\sch\cds.lib FILE5
E:\GitHub\KVM_prototype\schemtic\sch\worklib\kvm_prototype\sch_1\page1.csb FILE6
E:\GitHub\KVM_prototype\schemtic\sch\worklib\kvm_prototype\sch_1\page1_csb.lck NEWFILE7
temp/xxnedtmp51/undo1.log NEWFILE8
C:\Cadence\SPB_16.6\share\library\standard\c#20size#20page\sym_1\symbol.css FILE9
E:\GitHub\KVM_prototype\schemtic\sch\worklib\kvm_prototype\sch_1\page1_csa.lck NEWFILE10
E:/GitHub/KVM_prototype/schemtic/sch/worklib/kvm_prototype/sch_1/kvm_prototype.xcon FILE11
E:/GitHub/KVM_prototype/schemtic/sch/worklib/kvm_prototype/sch_1/kvm_prototype.dcf FILE12
E:\GitHub\KVM_prototype\schemtic\sch\worklib\kvm_prototype\sch_1\page2.csb FILE13
E:\GitHub\KVM_prototype\schemtic\sch\worklib\kvm_prototype\sch_1\page2_csb.lck NEWFILE14
E:\GitHub\KVM_prototype\schemtic\sch\worklib\kvm_prototype\sch_1\page3.csb FILE15
E:\GitHub\KVM_prototype\schemtic\sch\worklib\kvm_prototype/images/4.jpg FILE16
E:\GitHub\KVM_prototype\schemtic\sch\worklib\kvm_prototype/images/1.jpg FILE17
E:\GitHub\KVM_prototype\schemtic\sch\worklib\kvm_prototype/images/2.jpg FILE18
E:\GitHub\KVM_prototype\schemtic\sch\worklib\kvm_prototype/images/3.jpg FILE19
E:\GitHub\KVM_prototype\schemtic\sch\worklib\kvm_prototype/images/5.jpg FILE20
E:\GitHub\KVM_prototype\schemtic\sch\worklib\kvm_prototype\sch_1\page3_csb.lck FILE21
E:\GitHub\KVM_prototype\schemtic\sch\worklib\kvm_prototype\sch_1\page2_csa.lck NEWFILE22
C:\Cadence\SPB_16.6\share\library\standard\gnd_signal\sym_1\symbol.css FILE23
E:\GitHub\KVM_prototype\schemtic\lib\worklib\r\sym_1\symbol.css FILE24
E:\GitHub\KVM_prototype\schemtic\lib\worklib\adp5053\sym_1\symbol.css FILE25
E:\GitHub\KVM_prototype\schemtic\lib\worklib\c\sym_1\symbol.css FILE26
E:\GitHub\KVM_prototype\schemtic\lib\worklib\cp\sym_1\symbol.css FILE27
E:\GitHub\KVM_prototype\schemtic\lib\worklib\l\sym_1\symbol.css FILE28
E:\GitHub\KVM_prototype\schemtic\lib\worklib\fds9926a\sym_2\symbol.css FILE29
E:\GitHub\KVM_prototype\schemtic\lib\worklib\fds9926a\sym_1\symbol.css FILE30
C:\Cadence\SPB_16.6\share\library\standard\inport\sym_1\symbol.css FILE31
E:\GitHub\KVM_prototype\schemtic\lib\worklib\resetkey\sym_1\symbol.css FILE32
C:\Cadence\SPB_16.6\share\library\standard\outport\sym_1\symbol.css FILE33
E:\GitHub\KVM_prototype\schemtic\lib\worklib\led_s\sym_1\symbol.css FILE34
E:\GitHub\KVM_prototype\schemtic\lib\worklib\npn\sym_1\symbol.css FILE35
C:/Cadence/SPB_16.6/tools/language/config.dat FILE36
temp/xxnedtmp51/concept.mkr NEWFILE37
C:/Cadence/SPB_16.6/tools/language/pack_type_rename.dat NEWFILE38
temp/xxnedtmp51/../c#20size#20page.mkr NEWFILE39
temp/xxnedtmp51/../gnd_signal.mkr NEWFILE40
temp/xxnedtmp51/../r.mkr NEWFILE41
temp/xxnedtmp51/../adp5053.mkr NEWFILE42
temp/xxnedtmp51/../c.mkr NEWFILE43
temp/xxnedtmp51/../cp.mkr NEWFILE44
temp/xxnedtmp51/../l.mkr NEWFILE45
temp/xxnedtmp51/../fds9926a.mkr NEWFILE46
temp/xxnedtmp51/../inport.mkr NEWFILE47
temp/xxnedtmp51/../resetkey.mkr NEWFILE48
temp/xxnedtmp51/../outport.mkr NEWFILE49
temp/xxnedtmp51/../led_s.mkr NEWFILE50
temp/xxnedtmp51/../npn.mkr NEWFILE51
E:\GitHub\KVM_prototype\schemtic\sch\worklib\kvm_prototype\sch_1\page3.csa FILE52
E:\GitHub\KVM_prototype\schemtic\sch\worklib\kvm_prototype\sch_1\page3.csv FILE53
E:/GitHub/KVM_prototype/schemtic/sch/worklib/kvm_prototype/sch_1/kvm_prototype_xcon.lck NEWFILE54
E:/GitHub/KVM_prototype/schemtic/sch/worklib/kvm_prototype/sch_1/kvm_prototype_dcf.lck NEWFILE55
temp/xxnedtmp51/csnetlister.mkr NEWFILE56
E:\GitHub\KVM_prototype\schemtic\sch\worklib\kvm_prototype\sch_1\page3_csa.lck NEWFILE57
D:/sys_temp/tmp11CC.tmp FILE58
E:\GitHub\KVM_prototype\schemtic\sch\worklib\kvm_prototype\sch_1\page2.csa FILE59
E:\GitHub\KVM_prototype\schemtic\sch\worklib\kvm_prototype\sch_1\page2.csv FILE60
E:/GitHub/KVM_prototype/schemtic/sch/worklib/kvm_prototype/sch_1/page1_csa.lck NEWFILE61
E:/GitHub/KVM_prototype/schemtic/sch/worklib/kvm_prototype/sch_1/page1_csb.lck FILE62
E:/GitHub/KVM_prototype/schemtic/sch/worklib/kvm_prototype/sch_1/page10_csa.lck NEWFILE63
E:/GitHub/KVM_prototype/schemtic/sch/worklib/kvm_prototype/sch_1/page10_csb.lck NEWFILE64
E:/GitHub/KVM_prototype/schemtic/sch/worklib/kvm_prototype/sch_1/page11_csa.lck NEWFILE65
E:/GitHub/KVM_prototype/schemtic/sch/worklib/kvm_prototype/sch_1/page11_csb.lck NEWFILE66
E:/GitHub/KVM_prototype/schemtic/sch/worklib/kvm_prototype/sch_1/page12_csa.lck NEWFILE67
E:/GitHub/KVM_prototype/schemtic/sch/worklib/kvm_prototype/sch_1/page12_csb.lck NEWFILE68
E:/GitHub/KVM_prototype/schemtic/sch/worklib/kvm_prototype/sch_1/page13_csa.lck NEWFILE69
E:/GitHub/KVM_prototype/schemtic/sch/worklib/kvm_prototype/sch_1/page13_csb.lck NEWFILE70
E:/GitHub/KVM_prototype/schemtic/sch/worklib/kvm_prototype/sch_1/page14_csa.lck NEWFILE71
E:/GitHub/KVM_prototype/schemtic/sch/worklib/kvm_prototype/sch_1/page14_csb.lck NEWFILE72
E:/GitHub/KVM_prototype/schemtic/sch/worklib/kvm_prototype/sch_1/page15_csa.lck NEWFILE73
E:/GitHub/KVM_prototype/schemtic/sch/worklib/kvm_prototype/sch_1/page15_csb.lck NEWFILE74
E:/GitHub/KVM_prototype/schemtic/sch/worklib/kvm_prototype/sch_1/page16_csa.lck NEWFILE75
E:/GitHub/KVM_prototype/schemtic/sch/worklib/kvm_prototype/sch_1/page16_csb.lck NEWFILE76
E:/GitHub/KVM_prototype/schemtic/sch/worklib/kvm_prototype/sch_1/page17_csa.lck NEWFILE77
E:/GitHub/KVM_prototype/schemtic/sch/worklib/kvm_prototype/sch_1/page17_csb.lck NEWFILE78
E:/GitHub/KVM_prototype/schemtic/sch/worklib/kvm_prototype/sch_1/page18_csa.lck NEWFILE79
E:/GitHub/KVM_prototype/schemtic/sch/worklib/kvm_prototype/sch_1/page18_csb.lck NEWFILE80
E:/GitHub/KVM_prototype/schemtic/sch/worklib/kvm_prototype/sch_1/page19_csa.lck NEWFILE81
E:/GitHub/KVM_prototype/schemtic/sch/worklib/kvm_prototype/sch_1/page19_csb.lck NEWFILE82
E:/GitHub/KVM_prototype/schemtic/sch/worklib/kvm_prototype/sch_1/page2_csa.lck NEWFILE83
E:/GitHub/KVM_prototype/schemtic/sch/worklib/kvm_prototype/sch_1/page2_csb.lck NEWFILE84
E:/GitHub/KVM_prototype/schemtic/sch/worklib/kvm_prototype/sch_1/page20_csa.lck NEWFILE85
E:/GitHub/KVM_prototype/schemtic/sch/worklib/kvm_prototype/sch_1/page20_csb.lck NEWFILE86
E:/GitHub/KVM_prototype/schemtic/sch/worklib/kvm_prototype/sch_1/page21_csa.lck NEWFILE87
E:/GitHub/KVM_prototype/schemtic/sch/worklib/kvm_prototype/sch_1/page21_csb.lck NEWFILE88
E:/GitHub/KVM_prototype/schemtic/sch/worklib/kvm_prototype/sch_1/page22_csa.lck NEWFILE89
E:/GitHub/KVM_prototype/schemtic/sch/worklib/kvm_prototype/sch_1/page22_csb.lck NEWFILE90
E:/GitHub/KVM_prototype/schemtic/sch/worklib/kvm_prototype/sch_1/page23_csa.lck NEWFILE91
E:/GitHub/KVM_prototype/schemtic/sch/worklib/kvm_prototype/sch_1/page23_csb.lck NEWFILE92
E:/GitHub/KVM_prototype/schemtic/sch/worklib/kvm_prototype/sch_1/page24_csa.lck NEWFILE93
E:/GitHub/KVM_prototype/schemtic/sch/worklib/kvm_prototype/sch_1/page24_csb.lck NEWFILE94
E:/GitHub/KVM_prototype/schemtic/sch/worklib/kvm_prototype/sch_1/page25_csa.lck NEWFILE95
E:/GitHub/KVM_prototype/schemtic/sch/worklib/kvm_prototype/sch_1/page25_csb.lck NEWFILE96
E:/GitHub/KVM_prototype/schemtic/sch/worklib/kvm_prototype/sch_1/page26_csa.lck NEWFILE97
E:/GitHub/KVM_prototype/schemtic/sch/worklib/kvm_prototype/sch_1/page26_csb.lck NEWFILE98
E:/GitHub/KVM_prototype/schemtic/sch/worklib/kvm_prototype/sch_1/page3_csa.lck NEWFILE99
E:/GitHub/KVM_prototype/schemtic/sch/worklib/kvm_prototype/sch_1/page3_csb.lck NEWFILE100
E:/GitHub/KVM_prototype/schemtic/sch/worklib/kvm_prototype/sch_1/page4_csa.lck NEWFILE101
E:/GitHub/KVM_prototype/schemtic/sch/worklib/kvm_prototype/sch_1/page4_csb.lck NEWFILE102
E:/GitHub/KVM_prototype/schemtic/sch/worklib/kvm_prototype/sch_1/page5_csa.lck NEWFILE103
E:/GitHub/KVM_prototype/schemtic/sch/worklib/kvm_prototype/sch_1/page5_csb.lck NEWFILE104
E:/GitHub/KVM_prototype/schemtic/sch/worklib/kvm_prototype/sch_1/page6_csa.lck NEWFILE105
E:/GitHub/KVM_prototype/schemtic/sch/worklib/kvm_prototype/sch_1/page6_csb.lck NEWFILE106
E:/GitHub/KVM_prototype/schemtic/sch/worklib/kvm_prototype/sch_1/page7_csa.lck NEWFILE107
E:/GitHub/KVM_prototype/schemtic/sch/worklib/kvm_prototype/sch_1/page7_csb.lck NEWFILE108
E:/GitHub/KVM_prototype/schemtic/sch/worklib/kvm_prototype/sch_1/page8_csa.lck NEWFILE109
E:/GitHub/KVM_prototype/schemtic/sch/worklib/kvm_prototype/sch_1/page8_csb.lck NEWFILE110
E:/GitHub/KVM_prototype/schemtic/sch/worklib/kvm_prototype/sch_1/page9_csa.lck NEWFILE111
E:/GitHub/KVM_prototype/schemtic/sch/worklib/kvm_prototype/sch_1/page9_csb.lck NEWFILE112
E:/GitHub/KVM_prototype/schemtic/sch/worklib/kvm_prototype/sch_1/page26_csa,p.lck NEWFILE113
E:/GitHub/KVM_prototype/schemtic/sch/worklib/kvm_prototype/sch_1/page26_csb,p.lck NEWFILE114
E:/GitHub/KVM_prototype/schemtic/sch/worklib/kvm_prototype/sch_1/page27_csa.lck NEWFILE115
E:/GitHub/KVM_prototype/schemtic/sch/worklib/kvm_prototype/sch_1/page27_csb.lck NEWFILE116
E:/GitHub/KVM_prototype/schemtic/sch/worklib/kvm_prototype/sch_1/page25_csa,p.lck NEWFILE117
E:/GitHub/KVM_prototype/schemtic/sch/worklib/kvm_prototype/sch_1/page25_csb,p.lck NEWFILE118
E:/GitHub/KVM_prototype/schemtic/sch/worklib/kvm_prototype/sch_1/page24_csa,p.lck NEWFILE119
E:/GitHub/KVM_prototype/schemtic/sch/worklib/kvm_prototype/sch_1/page24_csb,p.lck NEWFILE120
E:/GitHub/KVM_prototype/schemtic/sch/worklib/kvm_prototype/sch_1/page23_csa,p.lck NEWFILE121
E:/GitHub/KVM_prototype/schemtic/sch/worklib/kvm_prototype/sch_1/page23_csb,p.lck NEWFILE122
E:/GitHub/KVM_prototype/schemtic/sch/worklib/kvm_prototype/sch_1/page22_csa,p.lck NEWFILE123
E:/GitHub/KVM_prototype/schemtic/sch/worklib/kvm_prototype/sch_1/page22_csb,p.lck NEWFILE124
E:/GitHub/KVM_prototype/schemtic/sch/worklib/kvm_prototype/sch_1/page21_csa,p.lck NEWFILE125
E:/GitHub/KVM_prototype/schemtic/sch/worklib/kvm_prototype/sch_1/page21_csb,p.lck NEWFILE126
E:/GitHub/KVM_prototype/schemtic/sch/worklib/kvm_prototype/sch_1/page20_csa,p.lck NEWFILE127
E:/GitHub/KVM_prototype/schemtic/sch/worklib/kvm_prototype/sch_1/page20_csb,p.lck NEWFILE128
E:/GitHub/KVM_prototype/schemtic/sch/worklib/kvm_prototype/sch_1/page19_csa,p.lck NEWFILE129
E:/GitHub/KVM_prototype/schemtic/sch/worklib/kvm_prototype/sch_1/page19_csb,p.lck NEWFILE130
E:/GitHub/KVM_prototype/schemtic/sch/worklib/kvm_prototype/sch_1/page18_csa,p.lck NEWFILE131
E:/GitHub/KVM_prototype/schemtic/sch/worklib/kvm_prototype/sch_1/page18_csb,p.lck NEWFILE132
E:/GitHub/KVM_prototype/schemtic/sch/worklib/kvm_prototype/sch_1/page17_csa,p.lck NEWFILE133
E:/GitHub/KVM_prototype/schemtic/sch/worklib/kvm_prototype/sch_1/page17_csb,p.lck NEWFILE134
E:/GitHub/KVM_prototype/schemtic/sch/worklib/kvm_prototype/sch_1/page16_csa,p.lck NEWFILE135
E:/GitHub/KVM_prototype/schemtic/sch/worklib/kvm_prototype/sch_1/page16_csb,p.lck NEWFILE136
E:/GitHub/KVM_prototype/schemtic/sch/worklib/kvm_prototype/sch_1/page15_csa,p.lck NEWFILE137
E:/GitHub/KVM_prototype/schemtic/sch/worklib/kvm_prototype/sch_1/page15_csb,p.lck NEWFILE138
E:/GitHub/KVM_prototype/schemtic/sch/worklib/kvm_prototype/sch_1/page14_csa,p.lck NEWFILE139
E:/GitHub/KVM_prototype/schemtic/sch/worklib/kvm_prototype/sch_1/page14_csb,p.lck NEWFILE140
E:/GitHub/KVM_prototype/schemtic/sch/worklib/kvm_prototype/sch_1/page13_csa,p.lck NEWFILE141
E:/GitHub/KVM_prototype/schemtic/sch/worklib/kvm_prototype/sch_1/page13_csb,p.lck NEWFILE142
E:/GitHub/KVM_prototype/schemtic/sch/worklib/kvm_prototype/sch_1/page12_csa,p.lck NEWFILE143
E:/GitHub/KVM_prototype/schemtic/sch/worklib/kvm_prototype/sch_1/page12_csb,p.lck NEWFILE144
E:/GitHub/KVM_prototype/schemtic/sch/worklib/kvm_prototype/sch_1/page11_csa,p.lck NEWFILE145
E:/GitHub/KVM_prototype/schemtic/sch/worklib/kvm_prototype/sch_1/page11_csb,p.lck NEWFILE146
E:/GitHub/KVM_prototype/schemtic/sch/worklib/kvm_prototype/sch_1/page10_csa,p.lck NEWFILE147
E:/GitHub/KVM_prototype/schemtic/sch/worklib/kvm_prototype/sch_1/page10_csb,p.lck NEWFILE148
E:/GitHub/KVM_prototype/schemtic/sch/worklib/kvm_prototype/sch_1/page9_csa,p.lck NEWFILE149
E:/GitHub/KVM_prototype/schemtic/sch/worklib/kvm_prototype/sch_1/page9_csb,p.lck NEWFILE150
E:/GitHub/KVM_prototype/schemtic/sch/worklib/kvm_prototype/sch_1/page8_csa,p.lck NEWFILE151
E:/GitHub/KVM_prototype/schemtic/sch/worklib/kvm_prototype/sch_1/page8_csb,p.lck NEWFILE152
E:/GitHub/KVM_prototype/schemtic/sch/worklib/kvm_prototype/sch_1/page7_csa,p.lck NEWFILE153
E:/GitHub/KVM_prototype/schemtic/sch/worklib/kvm_prototype/sch_1/page7_csb,p.lck NEWFILE154
E:/GitHub/KVM_prototype/schemtic/sch/worklib/kvm_prototype/sch_1/page6_csa,p.lck NEWFILE155
E:/GitHub/KVM_prototype/schemtic/sch/worklib/kvm_prototype/sch_1/page6_csb,p.lck NEWFILE156
E:/GitHub/KVM_prototype/schemtic/sch/worklib/kvm_prototype/sch_1/page5_csa,p.lck NEWFILE157
E:/GitHub/KVM_prototype/schemtic/sch/worklib/kvm_prototype/sch_1/page5_csb,p.lck NEWFILE158
E:/GitHub/KVM_prototype/schemtic/sch/worklib/kvm_prototype/sch_1/page4_csa,p.lck NEWFILE159
E:/GitHub/KVM_prototype/schemtic/sch/worklib/kvm_prototype/sch_1/page4_csb,p.lck NEWFILE160
E:/GitHub/KVM_prototype/schemtic/sch/worklib/kvm_prototype/sch_1/page3_csa,p.lck NEWFILE161
E:/GitHub/KVM_prototype/schemtic/sch/worklib/kvm_prototype/sch_1/page3_csb,p.lck NEWFILE162
E:/GitHub/KVM_prototype/schemtic/sch/worklib/kvm_prototype/sch_1/page2_csa,p.lck NEWFILE163
E:/GitHub/KVM_prototype/schemtic/sch/worklib/kvm_prototype/sch_1/page2_csb,p.lck NEWFILE164
E:\GitHub\KVM_prototype\schemtic\sch\worklib\kvm_prototype\sch_1\page1.csa NEWFILE165
E:\GitHub\KVM_prototype\schemtic\sch\worklib\kvm_prototype\sch_1\page1.csv NEWFILE166
E:\GitHub\KVM_prototype\schemtic\sch\worklib\kvm_prototype\sch_1\pc.db FILE167
E:\GitHub\KVM_prototype\schemtic\sch\worklib\kvm_prototype\sch_1\page27.csb FILE168
E:\GitHub\KVM_prototype\schemtic\sch\worklib\kvm_prototype\sch_1\page27_csb.lck NEWFILE169
E:\GitHub\KVM_prototype\schemtic\lib\worklib\xc7s50fgga484\sym_8\symbol.css FILE170
E:\GitHub\KVM_prototype\schemtic\lib\worklib\xc7s50fgga484\sym_2\symbol.css FILE171
E:\GitHub\KVM_prototype\schemtic\sch\worklib\kvm_prototype\sch_1\page26.csb FILE172
E:\GitHub\KVM_prototype\schemtic\sch\worklib\kvm_prototype\sch_1\page26_csb.lck NEWFILE173
E:\GitHub\KVM_prototype\schemtic\sch\worklib\kvm_prototype\sch_1\page27_csa.lck NEWFILE174
E:\GitHub\KVM_prototype\schemtic\lib\worklib\xc7s50fgga484\sym_7\symbol.css FILE175
E:\GitHub\KVM_prototype\schemtic\sch\worklib\kvm_prototype\sch_1\page24.csb FILE176
E:\GitHub\KVM_prototype\schemtic\sch\worklib\kvm_prototype\sch_1\page24_csb.lck NEWFILE177
E:\GitHub\KVM_prototype\schemtic\sch\worklib\kvm_prototype\sch_1\page26_csa.lck NEWFILE178
E:\GitHub\KVM_prototype\schemtic\lib\worklib\xc7s50fgga484\sym_5\symbol.css FILE179
E:\GitHub\KVM_prototype\schemtic\sch\worklib\kvm_prototype\sch_1\page24_csa.lck NEWFILE180
E:\GitHub\KVM_prototype\schemtic\sch\worklib\kvm_prototype\sch_1\page4.csb FILE181
E:\GitHub\KVM_prototype\schemtic\sch\worklib\kvm_prototype\sch_1\page4_csb.lck NEWFILE182
temp/xxnedtmp51/undo2.log NEWFILE183
E:\GitHub\KVM_prototype\schemtic\sch\worklib\kvm_prototype\sch_1\page4_csa.lck NEWFILE184
E:\GitHub\KVM_prototype\schemtic\sch\worklib\kvm_prototype\sch_1\page5.csb FILE185
E:\GitHub\KVM_prototype\schemtic\sch\worklib\kvm_prototype/images/6_0.jpg FILE186
E:\GitHub\KVM_prototype\schemtic\sch\worklib\kvm_prototype\sch_1\page5_csb.lck NEWFILE187
E:\GitHub\KVM_prototype\schemtic\lib\worklib\ncp1529\sym_1\symbol.css FILE188
E:\GitHub\KVM_prototype\schemtic\sch\worklib\kvm_prototype\sch_1\page6.csb FILE189
E:\GitHub\KVM_prototype\schemtic\sch\worklib\kvm_prototype\sch_1\page6_csb.lck NEWFILE190
E:\GitHub\KVM_prototype\schemtic\sch\worklib\kvm_prototype\sch_1\page5_csa.lck NEWFILE191
E:\GitHub\KVM_prototype\schemtic\lib\worklib\crystal\sym_1\symbol.css FILE192
E:\GitHub\KVM_prototype\schemtic\lib\worklib\lb\sym_1\symbol.css FILE193
E:\GitHub\KVM_prototype\schemtic\lib\worklib\adv7612bswz\sym_1\symbol.css FILE194
E:\GitHub\KVM_prototype\schemtic\sch\worklib\kvm_prototype\sch_1\page6_csa.lck NEWFILE195
E:\GitHub\KVM_prototype\schemtic\sch\worklib\kvm_prototype\sch_1\page7.csb FILE196
E:\GitHub\KVM_prototype\schemtic\sch\worklib\kvm_prototype\sch_1\page7_csb.lck NEWFILE197
E:\GitHub\KVM_prototype\schemtic\lib\worklib\adv7612bswz\sym_2\symbol.css FILE198
E:\GitHub\KVM_prototype\schemtic\sch\worklib\kvm_prototype\sch_1\page7_csa.lck NEWFILE199
