Allegro Design Entry HDL 16.6-p007 (v16-6-112F) 10/10/2012
Copyright 2011 Cadence Design Systems, Inc

WARNING(SPCOCN-1474): You must specify a window that contains a drawing.
WARNING(SPCOCN-1474): You must specify a window that contains a drawing.
WARNING(SPCOCN-1474): You must specify a window that contains a drawing.
WARNING(SPCOCN-1474): You must specify a window that contains a drawing.
WARNING(SPCOCN-1474): You must specify a window that contains a drawing.
WARNING(SPCOCN-1474): You must specify a window that contains a drawing.
WARNING(SPCOCN-1474): You must specify a window that contains a drawing.
WARNING(SPCOCN-2040): Specify the command "page forcereset all" to reset logical page numbers of all pages of this block.
WARNING(SPCOCN-1523): Invalid set option: <search_history_count>
INFO(SPCOCN-1177): Unexpected text: <5>
WARNING(SPCOCN-1523): Invalid set option: <search_history>
WARNING(SPCOCN-1523): Invalid set option: <search_toolbar_lookin>
INFO(SPCOCN-1177): Unexpected text: <PAGE>
WARNING(SPCOCN-1523): Invalid set option: <modify_quick_reset_filters>
INFO(SPCOCN-1177): Unexpected text: <OFF>
WARNING(SPCOCN-1523): Invalid set option: <hss_distribute_ports_count>
INFO(SPCOCN-1177): Unexpected text: <25>
WARNING(SPCOCN-1523): Invalid set option: <hss_distribute_port_pattern>
WARNING(SPCOCN-1523): Invalid set option: <hss_distribute_property_name>
WARNING(SPCOCN-1474): You must specify a window that contains a drawing.
WARNING(SPCOCN-1474): You must specify a window that contains a drawing.
WARNING(SPCOCN-1474): You must specify a window that contains a drawing.
WARNING(SPCOCN-1474): You must specify a window that contains a drawing.
WARNING(SPCOCN-1474): You must specify a window that contains a drawing.
WARNING(SPCOCN-1474): You must specify a window that contains a drawing.
INFO(SPCOCN-1737): Reading E:\GitHub\KVM_prototype\schemtic\sch\cds.lib file.
WARNING(SPCOCN-674): Error(s) in E:\GitHub\KVM_prototype\schemtic\sch\cds.lib
WARNING(SPCOCN-675):   No such file: D:\GitHub\KVM\KVM_prototype\schemtic\lib\cds.lib on line 4.
WARNING(SPCOCN-1474): You must specify a window that contains a drawing.
INFO(SPCOCN-1445): Reading KVM_PROTOTYPE.SCH.1.1 into drawing #1.
INFO(SPCOCN-195): The following file will be used to identify the list of modules to be excluded: 'C:\Cadence\SPB_16.6\share\cdssetup\xmodules.dat'.
INFO(SPCOCN-1445): Reading KVM_PROTOTYPE.SCH.1.1 into drawing #1.
INFO(SPCOCN-1445): Reading KVM_PROTOTYPE.SCH.1.2 into drawing #1.
INFO(SPCOCN-1445): Reading KVM_PROTOTYPE.SCH.1.3 into drawing #1.
INFO(SPCOCN-1350): User 'Administrator' has an existing lock on the file 'E:\GitHub\KVM_prototype\schemtic\sch\worklib\kvm_prototype\sch_1\page3.csb'. Removing it.
INFO(SPCOCN-1070): Checking drawing...
INFO(SPCOCN-1028): writing <kvm_prototype_lib>KVM_PROTOTYPE.SCH.1.3:
INFO(SPCOCN-1044): writing binary file...
INFO(SPCOCN-1049): writing ASCII file...
INFO(SPCOCN-1727): Appending master.tag page1.csa with page3.csa
INFO(SPCOCN-1053): writing connectivity file...
INFO(SPCOCN-1054): ...written

CSDirect 16.6-p007 (v16-6-112F)

Netlisting block kvm_prototype

Processing page 3

INFO(SPCOCN-1640): writing occurrence data...
INFO(SPCOCN-1054): ...written
INFO(SPCOCN-1445): Reading KVM_PROTOTYPE.SCH.1.2 into drawing #1.
INFO(SPCOCN-1445): Reading KVM_PROTOTYPE.SCH.1.1 into drawing #1.
INFO(SPCOCN-1445): Reading KVM_PROTOTYPE.SCH.1.2 into drawing #1.
INFO(SPCOCN-1445): Reading KVM_PROTOTYPE.SCH.1.3 into drawing #1.
INFO(SPCOCN-1445): Reading KVM_PROTOTYPE.SCH.1.2 into drawing #1.
INFO(SPCOCN-1445): Reading KVM_PROTOTYPE.SCH.1.1 into drawing #1.
INFO(SPCOCN-1445): Reading KVM_PROTOTYPE.SCH.1.2 into drawing #1.
INFO(SPCOCN-1445): Reading KVM_PROTOTYPE.SCH.1.1 into drawing #1.
INFO(SPCOCN-1445): Reading KVM_PROTOTYPE.SCH.1.2 into drawing #1.
INFO(SPCOCN-1445): Reading KVM_PROTOTYPE.SCH.1.1 into drawing #1.
INFO(SPCOCN-1445): Reading KVM_PROTOTYPE.SCH.1.2 into drawing #1.
INFO(SPCOCN-1070): Checking drawing...
INFO(SPCOCN-1028): writing <kvm_prototype_lib>KVM_PROTOTYPE.SCH.1.2:
INFO(SPCOCN-1044): writing binary file...
INFO(SPCOCN-1049): writing ASCII file...
INFO(SPCOCN-1727): Appending master.tag page1.csa with page2.csa
INFO(SPCOCN-1053): writing connectivity file...
INFO(SPCOCN-1054): ...written

CSDirect 16.6-p007 (v16-6-112F)

Netlisting block kvm_prototype

Processing page 2

No netlisting errors found. 

INFO(SPCOCN-1640): writing occurrence data...
INFO(SPCOCN-1054): ...written
INFO(SPCOCN-1445): Reading KVM_PROTOTYPE.SCH.1.1 into drawing #1.
INFO(SPCOCN-1445): Reading KVM_PROTOTYPE.SCH.1.2 into drawing #1.
INFO(SPCOCN-1445): Reading KVM_PROTOTYPE.SCH.1.1 into drawing #1.
INFO(SPCOCN-1445): Reading KVM_PROTOTYPE.SCH.1.2 into drawing #1.
INFO(SPCOCN-1445): Reading KVM_PROTOTYPE.SCH.1.1 into drawing #1.
INFO(SPCOCN-1445): Reading KVM_PROTOTYPE.SCH.1.2 into drawing #1.
INFO(SPCOCN-1445): Reading KVM_PROTOTYPE.SCH.1.3 into drawing #1.
INFO(SPCOCN-1445): Reading KVM_PROTOTYPE.SCH.1.2 into drawing #1.
INFO(SPCOCN-1794): The current directory is E:/GitHub/KVM_prototype/schemtic/sch
INFO(SPCOCN-1795): The current directory is E:/GitHub/KVM_prototype/schemtic/sch
Error: Page Insert Processing Terminated:
Page Insert cannot continue until the following
modified pages are saved: 2
Page Insert Command Cannot be Executed!    

Pages to Insert:	          1
Insert Location:	          Before Page 2

Page Insert cannot continue until the following
modified pages are saved: 2

INFO(SPCOCN-1070): Checking drawing...
INFO(SPCOCN-1028): writing <kvm_prototype_lib>KVM_PROTOTYPE.SCH.1.2:
INFO(SPCOCN-1044): writing binary file...
INFO(SPCOCN-1049): writing ASCII file...
INFO(SPCOCN-1727): Appending master.tag page1.csa with page2.csa
INFO(SPCOCN-1053): writing connectivity file...
INFO(SPCOCN-1054): ...written

CSDirect 16.6-p007 (v16-6-112F)

Netlisting block kvm_prototype

Processing page 2

No netlisting errors found. 

INFO(SPCOCN-1640): writing occurrence data...
INFO(SPCOCN-1054): ...written
INFO(SPCOCN-1445): Reading KVM_PROTOTYPE.SCH.1.1 into drawing #1.
INFO(SPCOCN-1446): New schematic KVM_PROTOTYPE.SCH.1.28 started as drawing #1.
INFO(SPCOCN-1445): Reading KVM_PROTOTYPE.SCH.1.2 into drawing #1.
INFO(SPCOCN-1446): New schematic KVM_PROTOTYPE.SCH.1.1 started as drawing #1.
Page Insert Command Completed Successfully!
Page Insert Command Completed Successfully!    

Pages to Insert:	          1
Insert Location:	          Before Page 1
Save New Pages:	          Yes

Initial Page Count:	          26
Final Page Count:	          27

INFO(SPCOCN-1019): Save All completed.
INFO(SPCOCN-1070): Checking drawing...
INFO(SPCOCN-1028): writing <kvm_prototype_lib>KVM_PROTOTYPE.SCH.1.1:
INFO(SPCOCN-1044): writing binary file...
INFO(SPCOCN-1049): writing ASCII file...
INFO(SPCOCN-1727): Appending master.tag page27.csa with page1.csa
INFO(SPCOCN-1053): writing connectivity file...
INFO(SPCOCN-1054): ...written

CSDirect 16.6-p007 (v16-6-112F)

Netlisting block kvm_prototype

Processing page 1

No netlisting errors found. 

INFO(SPCOCN-1640): writing occurrence data...
INFO(SPCOCN-1054): ...written
INFO(SPCOCN-1445): Reading KVM_PROTOTYPE.SCH.1.27 into drawing #1.
INFO(SPCOCN-1445): Reading KVM_PROTOTYPE.SCH.1.26 into drawing #1.
INFO(SPCOCN-1445): Reading KVM_PROTOTYPE.SCH.1.24 into drawing #1.
INFO(SPCOCN-1445): Reading KVM_PROTOTYPE.SCH.1.3 into drawing #1.
INFO(SPCOCN-1445): Reading KVM_PROTOTYPE.SCH.1.2 into drawing #1.
INFO(SPCOCN-1445): Reading KVM_PROTOTYPE.SCH.1.1 into drawing #1.
INFO(SPCOCN-1445): Reading KVM_PROTOTYPE.SCH.1.2 into drawing #1.
INFO(SPCOCN-1445): Reading KVM_PROTOTYPE.SCH.1.3 into drawing #1.
INFO(SPCOCN-1019): Save All completed.
INFO(SPCOCN-1070): Checking drawing...
INFO(SPCOCN-1028): writing <kvm_prototype_lib>KVM_PROTOTYPE.SCH.1.3:
INFO(SPCOCN-1044): writing binary file...
INFO(SPCOCN-1049): writing ASCII file...
INFO(SPCOCN-1727): Appending master.tag page27.csa with page3.csa
INFO(SPCOCN-1053): writing connectivity file...
INFO(SPCOCN-1054): ...written

CSDirect 16.6-p007 (v16-6-112F)

Netlisting block kvm_prototype

Processing page 3

No netlisting errors found. 

INFO(SPCOCN-1640): writing occurrence data...
INFO(SPCOCN-1054): ...written
INFO(SPCOCN-1854): The drawing KVM_PROTOTYPE.SCH.1.2
INFO(SPCOCN-578): will be retained as drawing #1.
INFO(SPCOCN-1445): Reading KVM_PROTOTYPE.SCH.1.4 into drawing #2.
INFO(SPCOCN-1443): KVM_PROTOTYPE.SCH.1.3 has been previously edited as drawing #1.
INFO(SPCOCN-1070): Checking drawing...
INFO(SPCOCN-1028): writing <kvm_prototype_lib>KVM_PROTOTYPE.SCH.1.3:
INFO(SPCOCN-1044): writing binary file...
INFO(SPCOCN-1049): writing ASCII file...
INFO(SPCOCN-1727): Appending master.tag page27.csa with page3.csa
INFO(SPCOCN-1053): writing connectivity file...
INFO(SPCOCN-1054): ...written

CSDirect 16.6-p007 (v16-6-112F)

Netlisting block kvm_prototype

Processing page 3

No netlisting errors found. 

INFO(SPCOCN-1640): writing occurrence data...
INFO(SPCOCN-1054): ...written
INFO(SPCOCN-1019): Save All completed.
INFO(SPCOCN-1070): Checking drawing...
INFO(SPCOCN-1028): writing <kvm_prototype_lib>KVM_PROTOTYPE.SCH.1.3:
INFO(SPCOCN-1044): writing binary file...
INFO(SPCOCN-1049): writing ASCII file...
INFO(SPCOCN-1727): Appending master.tag page27.csa with page3.csa
INFO(SPCOCN-1053): writing connectivity file...
INFO(SPCOCN-1054): ...written

CSDirect 16.6-p007 (v16-6-112F)

Netlisting block kvm_prototype

Processing page 3

No netlisting errors found. 

INFO(SPCOCN-1640): writing occurrence data...
INFO(SPCOCN-1054): ...written
INFO(SPCOCN-1443): KVM_PROTOTYPE.SCH.1.4 has been previously edited as drawing #2.
INFO(SPCOCN-1445): Reading KVM_PROTOTYPE.SCH.1.5 into drawing #2.
INFO(SPCOCN-1445): Reading KVM_PROTOTYPE.SCH.1.6 into drawing #2.
INFO(SPCOCN-1445): Reading KVM_PROTOTYPE.SCH.1.2 into drawing #2.
INFO(SPCOCN-1443): KVM_PROTOTYPE.SCH.1.3 has been previously edited as drawing #1.
INFO(SPCOCN-1070): Checking drawing...
INFO(SPCOCN-1028): writing <kvm_prototype_lib>KVM_PROTOTYPE.SCH.1.3:
INFO(SPCOCN-1044): writing binary file...
INFO(SPCOCN-1049): writing ASCII file...
INFO(SPCOCN-1727): Appending master.tag page27.csa with page3.csa
INFO(SPCOCN-1053): writing connectivity file...
INFO(SPCOCN-1054): ...written

CSDirect 16.6-p007 (v16-6-112F)

Netlisting block kvm_prototype

Processing page 3

No netlisting errors found. 

INFO(SPCOCN-1640): writing occurrence data...
INFO(SPCOCN-1054): ...written
INFO(SPCOCN-1070): Checking drawing...
INFO(SPCOCN-1028): writing <kvm_prototype_lib>KVM_PROTOTYPE.SCH.1.3:
INFO(SPCOCN-1044): writing binary file...
INFO(SPCOCN-1049): writing ASCII file...
INFO(SPCOCN-1727): Appending master.tag page27.csa with page3.csa
INFO(SPCOCN-1053): writing connectivity file...
INFO(SPCOCN-1054): ...written

CSDirect 16.6-p007 (v16-6-112F)

Netlisting block kvm_prototype

Processing page 3

No netlisting errors found. 

INFO(SPCOCN-1640): writing occurrence data...
INFO(SPCOCN-1054): ...written
INFO(SPCOCN-1445): Reading KVM_PROTOTYPE.SCH.1.4 into drawing #1.
INFO(SPCOCN-1445): Reading KVM_PROTOTYPE.SCH.1.6 into drawing #1.
INFO(SPCOCN-1445): Reading KVM_PROTOTYPE.SCH.1.7 into drawing #1.
INFO(SPCOCN-1445): Reading KVM_PROTOTYPE.SCH.1.4 into drawing #1.
INFO(SPCOCN-1445): Reading KVM_PROTOTYPE.SCH.1.3 into drawing #1.
