temp/xxnedtmp25/event.log NEWFILE1
temp/xxnedtmp25/text.log NEWFILE2
temp/xxnedtmp25/environ.log NEWFILE3
C:\Cadence\SPB_16.6\share\cdssetup/concept/concepthdl.scr FILE4
D:\GitHub\KVM\KVM_prototype\schemtic\sch\cds.lib FILE5
D:\GitHub\KVM\KVM_prototype\schemtic\sch\worklib\kvm_prototype\sch_1\page1.csb FILE6
D:\GitHub\KVM\KVM_prototype\schemtic\sch\worklib\kvm_prototype\sch_1\page1_csb.lck NEWFILE7
temp/xxnedtmp25/undo1.log NEWFILE8
C:\Cadence\SPB_16.6\share\library\standard\c#20size#20page\sym_1\symbol.css FILE9
D:\GitHub\KVM\KVM_prototype\schemtic\sch\worklib\kvm_prototype\sch_1\page1_csa.lck NEWFILE10
D:/GitHub/KVM/KVM_prototype/schemtic/sch/worklib/kvm_prototype/sch_1/kvm_prototype.xcon FILE11
D:/GitHub/KVM/KVM_prototype/schemtic/sch/worklib/kvm_prototype/sch_1/kvm_prototype.dcf FILE12
D:\GitHub\KVM\KVM_prototype\schemtic\sch\worklib\kvm_prototype\sch_1\page12.csb FILE13
D:\GitHub\KVM\KVM_prototype\schemtic\sch\worklib\kvm_prototype\sch_1\page12_csb.lck NEWFILE14
D:\GitHub\KVM\KVM_prototype\schemtic\lib\worklib\sfp_cage\sym_1\symbol.css FILE15
D:\GitHub\KVM\KVM_prototype\schemtic\lib\worklib\sfp_conn\sym_1\symbol.css FILE16
temp/xxnedtmp25/concept.mkr NEWFILE17
C:/Cadence/SPB_16.6/tools/language/pack_type_rename.dat NEWFILE18
temp/xxnedtmp25/../sfp_conn.mkr NEWFILE19
temp/xxnedtmp25/../sfp_cage.mkr NEWFILE20
temp/xxnedtmp25/../c#20size#20page.mkr NEWFILE21
D:\GitHub\KVM\KVM_prototype\schemtic\sch\worklib\kvm_prototype\sch_1\page12.csa FILE22
D:\GitHub\KVM\KVM_prototype\schemtic\sch\worklib\kvm_prototype\sch_1\page12.csv FILE23
D:\GitHub\KVM\KVM_prototype\schemtic\sch\worklib\kvm_prototype\sch_1\pc.db FILE24
D:/GitHub/KVM/KVM_prototype/schemtic/sch/worklib/kvm_prototype/sch_1/kvm_prototype_xcon.lck NEWFILE25
D:/GitHub/KVM/KVM_prototype/schemtic/sch/worklib/kvm_prototype/sch_1/kvm_prototype_dcf.lck NEWFILE26
temp/xxnedtmp25/csnetlister.mkr NEWFILE27
D:\GitHub\KVM\KVM_prototype\schemtic\sch\worklib\kvm_prototype\sch_1\page11.csb FILE28
D:\GitHub\KVM\KVM_prototype\schemtic\sch\worklib\kvm_prototype/images/10.jpg FILE29
D:\GitHub\KVM\KVM_prototype\schemtic\sch\worklib\kvm_prototype/images/9.jpg FILE30
D:\GitHub\KVM\KVM_prototype\schemtic\sch\worklib\kvm_prototype\sch_1\page11_csb.lck NEWFILE31
D:\GitHub\KVM\KVM_prototype\schemtic\sch\worklib\kvm_prototype\sch_1\page12_csa.lck NEWFILE32
D:\GitHub\KVM\KVM_prototype\schemtic\lib\worklib\c\sym_1\symbol.css FILE33
C:\Cadence\SPB_16.6\share\library\standard\gnd_signal\sym_1\symbol.css FILE34
D:\GitHub\KVM\KVM_prototype\schemtic\lib\worklib\r\sym_1\symbol.css FILE35
D:\GitHub\KVM\KVM_prototype\schemtic\lib\worklib\lb\sym_1\symbol.css FILE36
D:\GitHub\KVM\KVM_prototype\schemtic\lib\worklib\led_s\sym_1\symbol.css FILE37
D:\GitHub\KVM\KVM_prototype\schemtic\lib\worklib\crystal\sym_1\symbol.css FILE38
D:\GitHub\KVM\KVM_prototype\schemtic\lib\worklib\88e1111\sym_2\symbol.css FILE39
D:\GitHub\KVM\KVM_prototype\schemtic\lib\worklib\88e1111\sym_1\symbol.css FILE40
C:/Users/cpp8013/AppData/Local/Temp/conB6A8.tmp FILE41
D:\GitHub\KVM\KVM_prototype\schemtic\sch\worklib\kvm_prototype\sch_1\page11_csa.lck NEWFILE42
temp/xxnedtmp25/../gnd_signal.mkr NEWFILE43
C:/Cadence/SPB_16.6/tools/language/config.dat FILE44
C:/Users/cpp8013/AppData/Local/Temp/tmp96F9.tmp FILE45
C:/Users/cpp8013/AppData/Local/Temp/con7B7F.tmp FILE46
C:/Users/cpp8013/AppData/Local/Temp/con7CF7.tmp FILE47
temp/xxnedtmp25/../c.mkr NEWFILE48
temp/xxnedtmp25/../lb.mkr NEWFILE49
C:/Users/cpp8013/AppData/Local/Temp/con3280.tmp FILE50
D:\GitHub\KVM\KVM_prototype\schemtic\sch\worklib\kvm_prototype\sch_1\page10.csb FILE51
D:\GitHub\KVM\KVM_prototype\schemtic\sch\worklib\kvm_prototype\sch_1\page10_csb.lck NEWFILE52
D:\GitHub\KVM\KVM_prototype\schemtic\lib\worklib\rclamp0524p\sym_1\symbol.css FILE53
D:\GitHub\KVM\KVM_prototype\schemtic\lib\worklib\diode\sym_1\symbol.css FILE54
D:\GitHub\KVM\KVM_prototype\schemtic\lib\worklib\ao3400\sym_1\symbol.css FILE55
D:\GitHub\KVM\KVM_prototype\schemtic\lib\worklib\hdmi#2da\sym_1\symbol.css FILE56
D:\GitHub\KVM\KVM_prototype\schemtic\sch\worklib\kvm_prototype\sch_1\page10_csa.lck NEWFILE57
D:\GitHub\KVM\KVM_prototype\schemtic\sch\worklib\kvm_prototype\sch_1\page9.csb FILE58
D:\GitHub\KVM\KVM_prototype\schemtic\sch\worklib\kvm_prototype\sch_1\page9_csb.lck NEWFILE59
D:\GitHub\KVM\KVM_prototype\schemtic\lib\worklib\pesd0402#2d140\sym_1\symbol.css FILE60
D:\GitHub\KVM\KVM_prototype\schemtic\sch\worklib\kvm_prototype\sch_1\page8.csb FILE61
D:\GitHub\KVM\KVM_prototype\schemtic\sch\worklib\kvm_prototype/images/7.jpg FILE62
D:\GitHub\KVM\KVM_prototype\schemtic\sch\worklib\kvm_prototype/images/8.jpg FILE63
D:\GitHub\KVM\KVM_prototype\schemtic\sch\worklib\kvm_prototype\sch_1\page8_csb.lck NEWFILE64
D:\GitHub\KVM\KVM_prototype\schemtic\sch\worklib\kvm_prototype\sch_1\page9_csa.lck NEWFILE65
D:\GitHub\KVM\KVM_prototype\schemtic\lib\worklib\osc#2d12mhz\sym_1\symbol.css FILE66
D:\GitHub\KVM\KVM_prototype\schemtic\lib\worklib\adv7511kstz\sym_1\symbol.css FILE67
C:/Users/cpp8013/AppData/Local/Temp/con7CF9.tmp FILE68
D:\GitHub\KVM\KVM_prototype\schemtic\sch\worklib\kvm_prototype\sch_1\page8_csa.lck NEWFILE69
temp/xxnedtmp25/../crystal.mkr NEWFILE70
temp/xxnedtmp25/../r.mkr NEWFILE71
temp/xxnedtmp25/../88e1111.mkr NEWFILE72
temp/xxnedtmp25/../led_s.mkr NEWFILE73
D:\GitHub\KVM\KVM_prototype\schemtic\sch\worklib\kvm_prototype\sch_1\page11.csa FILE74
D:\GitHub\KVM\KVM_prototype\schemtic\sch\worklib\kvm_prototype\sch_1\page11.csv FILE75
C:/Users/cpp8013/AppData/Local/Temp/conBDA1.tmp FILE76
C:/Users/cpp8013/AppData/Local/Temp/conA0D.tmp FILE77
C:/Users/cpp8013/AppData/Local/Temp/con140C.tmp FILE78
C:/Users/cpp8013/AppData/Local/Temp/con29BF.tmp FILE79
C:/Users/cpp8013/AppData/Local/Temp/con3BCA.tmp FILE80
C:/Users/cpp8013/AppData/Local/Temp/con4858.tmp FILE81
C:/Users/cpp8013/AppData/Local/Temp/con5516.tmp FILE82
C:/Users/cpp8013/AppData/Local/Temp/con1441.tmp FILE83
C:/Users/cpp8013/AppData/Local/Temp/con27B3.tmp FILE84
C:/Users/cpp8013/AppData/Local/Temp/conBAFD.tmp FILE85
C:/Users/cpp8013/AppData/Local/Temp/con6DA9.tmp FILE86
C:/Users/cpp8013/AppData/Local/Temp/con89E1.tmp FILE87
C:/Users/cpp8013/AppData/Local/Temp/conBFD.tmp FILE88
C:/Users/cpp8013/AppData/Local/Temp/con106.tmp FILE89
