Allegro Design Entry HDL 16.6-p007 (v16-6-112F) 10/10/2012
Copyright 2011 Cadence Design Systems, Inc

WARNING(SPCOCN-1474): You must specify a window that contains a drawing.
WARNING(SPCOCN-1474): You must specify a window that contains a drawing.
WARNING(SPCOCN-1474): You must specify a window that contains a drawing.
WARNING(SPCOCN-1474): You must specify a window that contains a drawing.
WARNING(SPCOCN-1474): You must specify a window that contains a drawing.
WARNING(SPCOCN-1474): You must specify a window that contains a drawing.
WARNING(SPCOCN-1474): You must specify a window that contains a drawing.
WARNING(SPCOCN-2040): Specify the command "page forcereset all" to reset logical page numbers of all pages of this block.
WARNING(SPCOCN-1523): Invalid set option: <search_history_count>
INFO(SPCOCN-1177): Unexpected text: <5>
WARNING(SPCOCN-1523): Invalid set option: <search_history>
WARNING(SPCOCN-1523): Invalid set option: <search_toolbar_lookin>
INFO(SPCOCN-1177): Unexpected text: <PAGE>
WARNING(SPCOCN-1523): Invalid set option: <modify_quick_reset_filters>
INFO(SPCOCN-1177): Unexpected text: <OFF>
WARNING(SPCOCN-1523): Invalid set option: <hss_distribute_ports_count>
INFO(SPCOCN-1177): Unexpected text: <25>
WARNING(SPCOCN-1523): Invalid set option: <hss_distribute_port_pattern>
WARNING(SPCOCN-1523): Invalid set option: <hss_distribute_property_name>
WARNING(SPCOCN-1474): You must specify a window that contains a drawing.
WARNING(SPCOCN-1474): You must specify a window that contains a drawing.
WARNING(SPCOCN-1474): You must specify a window that contains a drawing.
WARNING(SPCOCN-1474): You must specify a window that contains a drawing.
WARNING(SPCOCN-1474): You must specify a window that contains a drawing.
WARNING(SPCOCN-1474): You must specify a window that contains a drawing.
INFO(SPCOCN-1737): Reading D:\GitHub\KVM\KVM_prototype\schemtic\sch\cds.lib file.
WARNING(SPCOCN-674): Error(s) in D:\GitHub\KVM\KVM_prototype\schemtic\sch\cds.lib
WARNING(SPCOCN-675):   No such file: E:\GitHub\KVM_prototype\schemtic\lib\cds.lib on line 3.
WARNING(SPCOCN-1474): You must specify a window that contains a drawing.
INFO(SPCOCN-1445): Reading KVM_PROTOTYPE.SCH.1.1 into drawing #1.
INFO(SPCOCN-195): The following file will be used to identify the list of modules to be excluded: 'C:\Cadence\SPB_16.6\share\cdssetup\xmodules.dat'.
INFO(SPCOCN-1445): Reading KVM_PROTOTYPE.SCH.1.1 into drawing #1.
INFO(SPCOCN-1445): Reading KVM_PROTOTYPE.SCH.1.12 into drawing #1.
INFO(SPCOCN-1507): Adding version 1 of part SFP_CAGE from library kvm_matrix_lib
INFO(SPCOCN-1507): Adding version 1 of part SFP_CONN from library kvm_matrix_lib
INFO(SPCOCN-1001): Component: I2 selected.
INFO(SPCOCN-1001): Component: I1 selected.
INFO(SPCOCN-1001): Component: I1 selected.
INFO(SPCOCN-1001): Component: I2 selected.
INFO(SPCOCN-1070): Checking drawing...
INFO(SPCOCN-1028): writing <kvm_prototype_lib>KVM_PROTOTYPE.SCH.1.12:
INFO(SPCOCN-1044): writing binary file...
INFO(SPCOCN-1049): writing ASCII file...
INFO(SPCOCN-1727): Appending master.tag page1.csa with page12.csa
INFO(SPCOCN-1053): writing connectivity file...
INFO(SPCOCN-1054): ...written

CSDirect 16.6-p007 (v16-6-112F)

Netlisting block kvm_prototype

Processing page 12

No netlisting errors found. 

INFO(SPCOCN-1640): writing occurrence data...
INFO(SPCOCN-1054): ...written
INFO(SPCOCN-1019): Save All completed.
INFO(SPCOCN-1070): Checking drawing...
INFO(SPCOCN-1028): writing <kvm_prototype_lib>KVM_PROTOTYPE.SCH.1.12:
INFO(SPCOCN-1044): writing binary file...
INFO(SPCOCN-1049): writing ASCII file...
INFO(SPCOCN-1727): Appending master.tag page1.csa with page12.csa
INFO(SPCOCN-1053): writing connectivity file...
INFO(SPCOCN-1054): ...written

CSDirect 16.6-p007 (v16-6-112F)

Netlisting block kvm_prototype

Processing page 12

No netlisting errors found. 

INFO(SPCOCN-1640): writing occurrence data...
INFO(SPCOCN-1054): ...written
INFO(SPCOCN-1445): Reading KVM_PROTOTYPE.SCH.1.11 into drawing #1.
INFO(SPCOCN-999): Signal: GND_SIGNAL selected.
INFO(SPCOCN-1445): Reading KVM_PROTOTYPE.SCH.1.12 into drawing #1.
INFO(SPCOCN-1070): Checking drawing...
INFO(SPCOCN-1028): writing <kvm_prototype_lib>KVM_PROTOTYPE.SCH.1.12:
INFO(SPCOCN-1044): writing binary file...
INFO(SPCOCN-1049): writing ASCII file...
INFO(SPCOCN-1727): Appending master.tag page1.csa with page12.csa
INFO(SPCOCN-1053): writing connectivity file...
INFO(SPCOCN-1054): ...written

CSDirect 16.6-p007 (v16-6-112F)

Netlisting block kvm_prototype

Processing page 12

No netlisting errors found. 

INFO(SPCOCN-1640): writing occurrence data...
INFO(SPCOCN-1054): ...written
INFO(SPCOCN-1070): Checking drawing...
INFO(SPCOCN-1028): writing <kvm_prototype_lib>KVM_PROTOTYPE.SCH.1.12:
INFO(SPCOCN-1044): writing binary file...
INFO(SPCOCN-1049): writing ASCII file...
INFO(SPCOCN-1727): Appending master.tag page1.csa with page12.csa
INFO(SPCOCN-1053): writing connectivity file...
INFO(SPCOCN-1054): ...written

CSDirect 16.6-p007 (v16-6-112F)

Netlisting block kvm_prototype

Processing page 12

No netlisting errors found. 

INFO(SPCOCN-1640): writing occurrence data...
INFO(SPCOCN-1054): ...written
INFO(SPCOCN-1070): Checking drawing...
INFO(SPCOCN-1028): writing <kvm_prototype_lib>KVM_PROTOTYPE.SCH.1.12:
INFO(SPCOCN-1044): writing binary file...
INFO(SPCOCN-1049): writing ASCII file...
INFO(SPCOCN-1727): Appending master.tag page1.csa with page12.csa
INFO(SPCOCN-1053): writing connectivity file...
INFO(SPCOCN-1054): ...written

CSDirect 16.6-p007 (v16-6-112F)

Netlisting block kvm_prototype

Processing page 12

No netlisting errors found. 

INFO(SPCOCN-1640): writing occurrence data...
INFO(SPCOCN-1054): ...written
INFO(SPCOCN-1445): Reading KVM_PROTOTYPE.SCH.1.11 into drawing #1.
INFO(SPCOCN-1445): Reading KVM_PROTOTYPE.SCH.1.12 into drawing #1.
INFO(SPCOCN-1070): Checking drawing...
INFO(SPCOCN-1028): writing <kvm_prototype_lib>KVM_PROTOTYPE.SCH.1.12:
INFO(SPCOCN-1044): writing binary file...
INFO(SPCOCN-1049): writing ASCII file...
INFO(SPCOCN-1727): Appending master.tag page1.csa with page12.csa
INFO(SPCOCN-1053): writing connectivity file...
INFO(SPCOCN-1054): ...written

CSDirect 16.6-p007 (v16-6-112F)

Netlisting block kvm_prototype

Processing page 12

No netlisting errors found. 

INFO(SPCOCN-1640): writing occurrence data...
INFO(SPCOCN-1054): ...written
INFO(SPCOCN-1001): Component: I2 selected.
INFO(SPCOCN-1070): Checking drawing...
INFO(SPCOCN-1028): writing <kvm_prototype_lib>KVM_PROTOTYPE.SCH.1.12:
INFO(SPCOCN-1044): writing binary file...
INFO(SPCOCN-1049): writing ASCII file...
INFO(SPCOCN-1727): Appending master.tag page1.csa with page12.csa
INFO(SPCOCN-1053): writing connectivity file...
INFO(SPCOCN-1054): ...written

CSDirect 16.6-p007 (v16-6-112F)

Netlisting block kvm_prototype

Processing page 12

No netlisting errors found. 

INFO(SPCOCN-1640): writing occurrence data...
INFO(SPCOCN-1054): ...written
INFO(SPCOCN-1445): Reading KVM_PROTOTYPE.SCH.1.11 into drawing #1.
INFO(SPCOCN-1001): Component: I23 selected.
INFO(SPCOCN-1001): Component: I19 selected.
INFO(SPCOCN-1001): Component: I21 selected.
INFO(SPCOCN-1445): Reading KVM_PROTOTYPE.SCH.1.12 into drawing #1.
INFO(SPCOCN-1195): Group contains:   2 bodies   2 properties   1 notes   40 wires   19 dots   0 images
INFO(SPCOCN-1195): Group contains:   3 bodies   6 properties   0 notes   0 wires   0 dots   0 images
INFO(SPCOCN-1195): Group contains:   3 bodies   6 properties   0 notes   0 wires   0 dots   0 images
INFO(SPCOCN-999): Signal: GND_SIGNAL selected.
INFO(SPCOCN-1070): Checking drawing...
INFO(SPCOCN-1028): writing <kvm_prototype_lib>KVM_PROTOTYPE.SCH.1.12:
INFO(SPCOCN-1044): writing binary file...
INFO(SPCOCN-1049): writing ASCII file...
INFO(SPCOCN-1727): Appending master.tag page1.csa with page12.csa
INFO(SPCOCN-1053): writing connectivity file...
INFO(SPCOCN-1054): ...written

CSDirect 16.6-p007 (v16-6-112F)

Netlisting block kvm_prototype

Processing page 12

No netlisting errors found. 

INFO(SPCOCN-1640): writing occurrence data...
INFO(SPCOCN-1054): ...written
INFO(SPCOCN-1070): Checking drawing...
INFO(SPCOCN-1028): writing <kvm_prototype_lib>KVM_PROTOTYPE.SCH.1.12:
INFO(SPCOCN-1044): writing binary file...
INFO(SPCOCN-1049): writing ASCII file...
INFO(SPCOCN-1727): Appending master.tag page1.csa with page12.csa
INFO(SPCOCN-1053): writing connectivity file...
INFO(SPCOCN-1054): ...written

CSDirect 16.6-p007 (v16-6-112F)

Netlisting block kvm_prototype

Processing page 12

No netlisting errors found. 

INFO(SPCOCN-1640): writing occurrence data...
INFO(SPCOCN-1054): ...written
INFO(SPCOCN-1070): Checking drawing...
INFO(SPCOCN-1028): writing <kvm_prototype_lib>KVM_PROTOTYPE.SCH.1.12:
INFO(SPCOCN-1044): writing binary file...
INFO(SPCOCN-1049): writing ASCII file...
INFO(SPCOCN-1727): Appending master.tag page1.csa with page12.csa
INFO(SPCOCN-1053): writing connectivity file...
INFO(SPCOCN-1054): ...written

CSDirect 16.6-p007 (v16-6-112F)

Netlisting block kvm_prototype

Processing page 12

No netlisting errors found. 

INFO(SPCOCN-1640): writing occurrence data...
INFO(SPCOCN-1054): ...written
INFO(SPCOCN-1195): Group contains:   4 bodies   7 properties   0 notes   10 wires   3 dots   0 images
INFO(SPCOCN-1070): Checking drawing...
INFO(SPCOCN-1028): writing <kvm_prototype_lib>KVM_PROTOTYPE.SCH.1.12:
INFO(SPCOCN-1044): writing binary file...
INFO(SPCOCN-1049): writing ASCII file...
INFO(SPCOCN-1727): Appending master.tag page1.csa with page12.csa
INFO(SPCOCN-1053): writing connectivity file...
INFO(SPCOCN-1054): ...written

CSDirect 16.6-p007 (v16-6-112F)

Netlisting block kvm_prototype

Processing page 12

No netlisting errors found. 

INFO(SPCOCN-1640): writing occurrence data...
INFO(SPCOCN-1054): ...written
INFO(SPCOCN-999): Signal: V_S7_3V3 selected.
INFO(SPCOCN-999): Signal: V_S7_3V3 selected.
INFO(SPCOCN-1070): Checking drawing...
INFO(SPCOCN-1028): writing <kvm_prototype_lib>KVM_PROTOTYPE.SCH.1.12:
INFO(SPCOCN-1044): writing binary file...
INFO(SPCOCN-1049): writing ASCII file...
INFO(SPCOCN-1727): Appending master.tag page1.csa with page12.csa
INFO(SPCOCN-1053): writing connectivity file...
INFO(SPCOCN-1054): ...written

CSDirect 16.6-p007 (v16-6-112F)

Netlisting block kvm_prototype

Processing page 12

No netlisting errors found. 

INFO(SPCOCN-1640): writing occurrence data...
INFO(SPCOCN-1054): ...written
INFO(SPCOCN-1070): Checking drawing...
INFO(SPCOCN-1028): writing <kvm_prototype_lib>KVM_PROTOTYPE.SCH.1.12:
INFO(SPCOCN-1044): writing binary file...
INFO(SPCOCN-1049): writing ASCII file...
INFO(SPCOCN-1727): Appending master.tag page1.csa with page12.csa
INFO(SPCOCN-1053): writing connectivity file...
INFO(SPCOCN-1054): ...written

CSDirect 16.6-p007 (v16-6-112F)

Netlisting block kvm_prototype

Processing page 12

No netlisting errors found. 

INFO(SPCOCN-1640): writing occurrence data...
INFO(SPCOCN-1054): ...written
INFO(SPCOCN-1070): Checking drawing...
INFO(SPCOCN-1028): writing <kvm_prototype_lib>KVM_PROTOTYPE.SCH.1.12:
INFO(SPCOCN-1044): writing binary file...
INFO(SPCOCN-1049): writing ASCII file...
INFO(SPCOCN-1727): Appending master.tag page1.csa with page12.csa
INFO(SPCOCN-1053): writing connectivity file...
INFO(SPCOCN-1054): ...written

CSDirect 16.6-p007 (v16-6-112F)

Netlisting block kvm_prototype

Processing page 12

No netlisting errors found. 

INFO(SPCOCN-1640): writing occurrence data...
INFO(SPCOCN-1054): ...written
INFO(SPCOCN-1070): Checking drawing...
INFO(SPCOCN-1028): writing <kvm_prototype_lib>KVM_PROTOTYPE.SCH.1.12:
INFO(SPCOCN-1044): writing binary file...
INFO(SPCOCN-1049): writing ASCII file...
INFO(SPCOCN-1727): Appending master.tag page1.csa with page12.csa
INFO(SPCOCN-1053): writing connectivity file...
INFO(SPCOCN-1054): ...written

CSDirect 16.6-p007 (v16-6-112F)

Netlisting block kvm_prototype

Processing page 12

No netlisting errors found. 

INFO(SPCOCN-1640): writing occurrence data...
INFO(SPCOCN-1054): ...written
INFO(SPCOCN-1445): Reading KVM_PROTOTYPE.SCH.1.10 into drawing #1.
INFO(SPCOCN-1445): Reading KVM_PROTOTYPE.SCH.1.11 into drawing #1.
INFO(SPCOCN-1445): Reading KVM_PROTOTYPE.SCH.1.12 into drawing #1.
INFO(SPCOCN-1445): Reading KVM_PROTOTYPE.SCH.1.11 into drawing #1.
INFO(SPCOCN-1445): Reading KVM_PROTOTYPE.SCH.1.10 into drawing #1.
INFO(SPCOCN-1445): Reading KVM_PROTOTYPE.SCH.1.9 into drawing #1.
INFO(SPCOCN-1445): Reading KVM_PROTOTYPE.SCH.1.8 into drawing #1.
INFO(SPCOCN-1001): Component: I7 selected.
INFO(SPCOCN-1445): Reading KVM_PROTOTYPE.SCH.1.12 into drawing #1.
INFO(SPCOCN-1019): Save All completed.
INFO(SPCOCN-1070): Checking drawing...
INFO(SPCOCN-1028): writing <kvm_prototype_lib>KVM_PROTOTYPE.SCH.1.12:
INFO(SPCOCN-1044): writing binary file...
INFO(SPCOCN-1049): writing ASCII file...
INFO(SPCOCN-1727): Appending master.tag page1.csa with page12.csa
INFO(SPCOCN-1053): writing connectivity file...
INFO(SPCOCN-1054): ...written

CSDirect 16.6-p007 (v16-6-112F)

Netlisting block kvm_prototype

Processing page 12

No netlisting errors found. 

INFO(SPCOCN-1640): writing occurrence data...
INFO(SPCOCN-1054): ...written
INFO(SPCOCN-1001): Component: I12 selected.
INFO(SPCOCN-1070): Checking drawing...
INFO(SPCOCN-1028): writing <kvm_prototype_lib>KVM_PROTOTYPE.SCH.1.12:
INFO(SPCOCN-1044): writing binary file...
INFO(SPCOCN-1049): writing ASCII file...
INFO(SPCOCN-1727): Appending master.tag page1.csa with page12.csa
INFO(SPCOCN-1053): writing connectivity file...
INFO(SPCOCN-1054): ...written

CSDirect 16.6-p007 (v16-6-112F)

Netlisting block kvm_prototype

Processing page 12

No netlisting errors found. 

INFO(SPCOCN-1640): writing occurrence data...
INFO(SPCOCN-1054): ...written
INFO(SPCOCN-1445): Reading KVM_PROTOTYPE.SCH.1.11 into drawing #1.
INFO(SPCOCN-1195): Group contains:   4 bodies   9 properties   0 notes   10 wires   3 dots   0 images
;
INFO(SPCOCN-1195): Group contains:   28 bodies   79 properties   14 notes   70 wires   6 dots   0 images
WARNING(SPCOCN-982): The operation could not be performed because no object on the drawing was selected.
INFO(SPCOCN-1195): Group contains:   4 bodies   9 properties   0 notes   10 wires   3 dots   0 images
INFO(SPCOCN-1070): Checking drawing...
INFO(SPCOCN-1028): writing <kvm_prototype_lib>KVM_PROTOTYPE.SCH.1.11:
INFO(SPCOCN-1044): writing binary file...
INFO(SPCOCN-1049): writing ASCII file...
INFO(SPCOCN-1727): Appending master.tag page1.csa with page11.csa
INFO(SPCOCN-1053): writing connectivity file...
INFO(SPCOCN-1054): ...written

CSDirect 16.6-p007 (v16-6-112F)

Netlisting block kvm_prototype

Processing page 11

No netlisting errors found. 

INFO(SPCOCN-1640): writing occurrence data...
INFO(SPCOCN-1054): ...written
INFO(SPCOCN-1445): Reading KVM_PROTOTYPE.SCH.1.12 into drawing #1.
INFO(SPCOCN-1001): Component: I12 selected.
INFO(SPCOCN-1001): Component: I12 selected.
INFO(SPCOCN-1070): Checking drawing...
INFO(SPCOCN-1028): writing <kvm_prototype_lib>KVM_PROTOTYPE.SCH.1.12:
INFO(SPCOCN-1044): writing binary file...
INFO(SPCOCN-1049): writing ASCII file...
INFO(SPCOCN-1727): Appending master.tag page1.csa with page12.csa
INFO(SPCOCN-1053): writing connectivity file...
INFO(SPCOCN-1054): ...written

CSDirect 16.6-p007 (v16-6-112F)

Netlisting block kvm_prototype

Processing page 12

No netlisting errors found. 

INFO(SPCOCN-1640): writing occurrence data...
INFO(SPCOCN-1054): ...written
INFO(SPCOCN-1001): Component: I13 selected.
INFO(SPCOCN-1070): Checking drawing...
INFO(SPCOCN-1028): writing <kvm_prototype_lib>KVM_PROTOTYPE.SCH.1.12:
INFO(SPCOCN-1044): writing binary file...
INFO(SPCOCN-1049): writing ASCII file...
INFO(SPCOCN-1727): Appending master.tag page1.csa with page12.csa
INFO(SPCOCN-1053): writing connectivity file...
INFO(SPCOCN-1054): ...written

CSDirect 16.6-p007 (v16-6-112F)

Netlisting block kvm_prototype

Processing page 12

No netlisting errors found. 

INFO(SPCOCN-1640): writing occurrence data...
INFO(SPCOCN-1054): ...written
INFO(SPCOCN-999): Signal: UN$12$C$I12$2 selected.
INFO(SPCOCN-1070): Checking drawing...
INFO(SPCOCN-1028): writing <kvm_prototype_lib>KVM_PROTOTYPE.SCH.1.12:
INFO(SPCOCN-1044): writing binary file...
INFO(SPCOCN-1049): writing ASCII file...
INFO(SPCOCN-1727): Appending master.tag page1.csa with page12.csa
INFO(SPCOCN-1053): writing connectivity file...
INFO(SPCOCN-1054): ...written

CSDirect 16.6-p007 (v16-6-112F)

Netlisting block kvm_prototype

Processing page 12

No netlisting errors found. 

INFO(SPCOCN-1640): writing occurrence data...
INFO(SPCOCN-1054): ...written
INFO(SPCOCN-1019): Save All completed.
INFO(SPCOCN-1070): Checking drawing...
INFO(SPCOCN-1028): writing <kvm_prototype_lib>KVM_PROTOTYPE.SCH.1.12:
INFO(SPCOCN-1044): writing binary file...
INFO(SPCOCN-1049): writing ASCII file...
INFO(SPCOCN-1727): Appending master.tag page1.csa with page12.csa
INFO(SPCOCN-1053): writing connectivity file...
INFO(SPCOCN-1054): ...written

CSDirect 16.6-p007 (v16-6-112F)

Netlisting block kvm_prototype

Processing page 12

No netlisting errors found. 

INFO(SPCOCN-1640): writing occurrence data...
INFO(SPCOCN-1054): ...written
INFO(SPCOCN-1445): Reading KVM_PROTOTYPE.SCH.1.11 into drawing #1.
INFO(SPCOCN-1445): Reading KVM_PROTOTYPE.SCH.1.12 into drawing #1.
INFO(SPCOCN-999): Signal: S7_88E_SIN_N selected.
INFO(SPCOCN-999): Signal: S7_88E_SOUT_N selected.
INFO(SPCOCN-1070): Checking drawing...
INFO(SPCOCN-1028): writing <kvm_prototype_lib>KVM_PROTOTYPE.SCH.1.12:
INFO(SPCOCN-1044): writing binary file...
INFO(SPCOCN-1049): writing ASCII file...
INFO(SPCOCN-1727): Appending master.tag page1.csa with page12.csa
INFO(SPCOCN-1053): writing connectivity file...
INFO(SPCOCN-1054): ...written

CSDirect 16.6-p007 (v16-6-112F)

Netlisting block kvm_prototype

Processing page 12

No netlisting errors found. 

INFO(SPCOCN-1640): writing occurrence data...
INFO(SPCOCN-1054): ...written
INFO(SPCOCN-1070): Checking drawing...
INFO(SPCOCN-1028): writing <kvm_prototype_lib>KVM_PROTOTYPE.SCH.1.12:
INFO(SPCOCN-1044): writing binary file...
INFO(SPCOCN-1049): writing ASCII file...
INFO(SPCOCN-1727): Appending master.tag page1.csa with page12.csa
INFO(SPCOCN-1053): writing connectivity file...
INFO(SPCOCN-1054): ...written

CSDirect 16.6-p007 (v16-6-112F)

Netlisting block kvm_prototype

Processing page 12

No netlisting errors found. 

INFO(SPCOCN-1640): writing occurrence data...
INFO(SPCOCN-1054): ...written
WARNING(SPCOCN-982): The operation could not be performed because no object on the drawing was selected.
INFO(SPCOCN-1070): Checking drawing...
INFO(SPCOCN-1028): writing <kvm_prototype_lib>KVM_PROTOTYPE.SCH.1.12:
INFO(SPCOCN-1044): writing binary file...
INFO(SPCOCN-1049): writing ASCII file...
INFO(SPCOCN-1727): Appending master.tag page1.csa with page12.csa
INFO(SPCOCN-1053): writing connectivity file...
INFO(SPCOCN-1054): ...written

CSDirect 16.6-p007 (v16-6-112F)

Netlisting block kvm_prototype

Processing page 12

No netlisting errors found. 

INFO(SPCOCN-1640): writing occurrence data...
INFO(SPCOCN-1054): ...written
INFO(SPCOCN-1070): Checking drawing...
INFO(SPCOCN-1028): writing <kvm_prototype_lib>KVM_PROTOTYPE.SCH.1.12:
INFO(SPCOCN-1044): writing binary file...
INFO(SPCOCN-1049): writing ASCII file...
INFO(SPCOCN-1727): Appending master.tag page1.csa with page12.csa
INFO(SPCOCN-1053): writing connectivity file...
INFO(SPCOCN-1054): ...written

CSDirect 16.6-p007 (v16-6-112F)

Netlisting block kvm_prototype

Processing page 12

No netlisting errors found. 

INFO(SPCOCN-1640): writing occurrence data...
INFO(SPCOCN-1054): ...written
INFO(SPCOCN-999): Signal: V_S7_3V3_88E_SFP_VCCR selected.
INFO(SPCOCN-1070): Checking drawing...
INFO(SPCOCN-1028): writing <kvm_prototype_lib>KVM_PROTOTYPE.SCH.1.12:
INFO(SPCOCN-1044): writing binary file...
INFO(SPCOCN-1049): writing ASCII file...
INFO(SPCOCN-1727): Appending master.tag page1.csa with page12.csa
INFO(SPCOCN-1053): writing connectivity file...
INFO(SPCOCN-1054): ...written

CSDirect 16.6-p007 (v16-6-112F)

Netlisting block kvm_prototype

Processing page 12

No netlisting errors found. 

INFO(SPCOCN-1640): writing occurrence data...
INFO(SPCOCN-1054): ...written
INFO(SPCOCN-1070): Checking drawing...
INFO(SPCOCN-1028): writing <kvm_prototype_lib>KVM_PROTOTYPE.SCH.1.12:
INFO(SPCOCN-1044): writing binary file...
INFO(SPCOCN-1049): writing ASCII file...
INFO(SPCOCN-1727): Appending master.tag page1.csa with page12.csa
INFO(SPCOCN-1053): writing connectivity file...
INFO(SPCOCN-1054): ...written

CSDirect 16.6-p007 (v16-6-112F)

Netlisting block kvm_prototype

Processing page 12

No netlisting errors found. 

INFO(SPCOCN-1640): writing occurrence data...
INFO(SPCOCN-1054): ...written
INFO(SPCOCN-999): Signal: GND_SIGNAL selected.
INFO(SPCOCN-1070): Checking drawing...
INFO(SPCOCN-1028): writing <kvm_prototype_lib>KVM_PROTOTYPE.SCH.1.12:
INFO(SPCOCN-1044): writing binary file...
INFO(SPCOCN-1049): writing ASCII file...
INFO(SPCOCN-1727): Appending master.tag page1.csa with page12.csa
INFO(SPCOCN-1053): writing connectivity file...
INFO(SPCOCN-1054): ...written

CSDirect 16.6-p007 (v16-6-112F)

Netlisting block kvm_prototype

Processing page 12

No netlisting errors found. 

INFO(SPCOCN-1640): writing occurrence data...
INFO(SPCOCN-1054): ...written
INFO(SPCOCN-1070): Checking drawing...
INFO(SPCOCN-1028): writing <kvm_prototype_lib>KVM_PROTOTYPE.SCH.1.12:
INFO(SPCOCN-1044): writing binary file...
INFO(SPCOCN-1049): writing ASCII file...
INFO(SPCOCN-1727): Appending master.tag page1.csa with page12.csa
INFO(SPCOCN-1053): writing connectivity file...
INFO(SPCOCN-1054): ...written

CSDirect 16.6-p007 (v16-6-112F)

Netlisting block kvm_prototype

Processing page 12

No netlisting errors found. 

INFO(SPCOCN-1640): writing occurrence data...
INFO(SPCOCN-1054): ...written
INFO(SPCOCN-1445): Reading KVM_PROTOTYPE.SCH.1.11 into drawing #1.
INFO(SPCOCN-1445): Reading KVM_PROTOTYPE.SCH.1.10 into drawing #1.
INFO(SPCOCN-1445): Reading KVM_PROTOTYPE.SCH.1.9 into drawing #1.
INFO(SPCOCN-1445): Reading KVM_PROTOTYPE.SCH.1.8 into drawing #1.
INFO(SPCOCN-1001): Component: I42 selected.
INFO(SPCOCN-1445): Reading KVM_PROTOTYPE.SCH.1.12 into drawing #1.
INFO(SPCOCN-1070): Checking drawing...
INFO(SPCOCN-1028): writing <kvm_prototype_lib>KVM_PROTOTYPE.SCH.1.12:
INFO(SPCOCN-1044): writing binary file...
INFO(SPCOCN-1049): writing ASCII file...
INFO(SPCOCN-1727): Appending master.tag page1.csa with page12.csa
INFO(SPCOCN-1053): writing connectivity file...
INFO(SPCOCN-1054): ...written

CSDirect 16.6-p007 (v16-6-112F)

Netlisting block kvm_prototype

Processing page 12

No netlisting errors found. 

INFO(SPCOCN-1640): writing occurrence data...
INFO(SPCOCN-1054): ...written
INFO(SPCOCN-1070): Checking drawing...
INFO(SPCOCN-1028): writing <kvm_prototype_lib>KVM_PROTOTYPE.SCH.1.12:
INFO(SPCOCN-1044): writing binary file...
INFO(SPCOCN-1049): writing ASCII file...
INFO(SPCOCN-1727): Appending master.tag page1.csa with page12.csa
INFO(SPCOCN-1053): writing connectivity file...
INFO(SPCOCN-1054): ...written

CSDirect 16.6-p007 (v16-6-112F)

Netlisting block kvm_prototype

Processing page 12

No netlisting errors found. 

INFO(SPCOCN-1640): writing occurrence data...
INFO(SPCOCN-1054): ...written
INFO(SPCOCN-1195): Group contains:   10 bodies   20 properties   1 notes   60 wires   25 dots   0 images
INFO(SPCOCN-1070): Checking drawing...
INFO(SPCOCN-1028): writing <kvm_prototype_lib>KVM_PROTOTYPE.SCH.1.12:
INFO(SPCOCN-1044): writing binary file...
INFO(SPCOCN-1049): writing ASCII file...
INFO(SPCOCN-1727): Appending master.tag page1.csa with page12.csa
INFO(SPCOCN-1053): writing connectivity file...
INFO(SPCOCN-1054): ...written

CSDirect 16.6-p007 (v16-6-112F)

Netlisting block kvm_prototype

Processing page 12

No netlisting errors found. 

INFO(SPCOCN-1640): writing occurrence data...
INFO(SPCOCN-1054): ...written
INFO(SPCOCN-1195): Group contains:   1 bodies   2 properties   1 notes   0 wires   0 dots   0 images
INFO(SPCOCN-1001): Component: I17 selected.
INFO(SPCOCN-999): Signal: GND_SIGNAL selected.
INFO(SPCOCN-1070): Checking drawing...
INFO(SPCOCN-1028): writing <kvm_prototype_lib>KVM_PROTOTYPE.SCH.1.12:
INFO(SPCOCN-1044): writing binary file...
INFO(SPCOCN-1049): writing ASCII file...
INFO(SPCOCN-1727): Appending master.tag page1.csa with page12.csa
INFO(SPCOCN-1053): writing connectivity file...
INFO(SPCOCN-1054): ...written

CSDirect 16.6-p007 (v16-6-112F)

Netlisting block kvm_prototype

Processing page 12

No netlisting errors found. 

INFO(SPCOCN-1640): writing occurrence data...
INFO(SPCOCN-1054): ...written
INFO(SPCOCN-1070): Checking drawing...
INFO(SPCOCN-1028): writing <kvm_prototype_lib>KVM_PROTOTYPE.SCH.1.12:
INFO(SPCOCN-1044): writing binary file...
INFO(SPCOCN-1049): writing ASCII file...
INFO(SPCOCN-1727): Appending master.tag page1.csa with page12.csa
INFO(SPCOCN-1053): writing connectivity file...
INFO(SPCOCN-1054): ...written

CSDirect 16.6-p007 (v16-6-112F)

Netlisting block kvm_prototype

Processing page 12

No netlisting errors found. 

INFO(SPCOCN-1640): writing occurrence data...
INFO(SPCOCN-1054): ...written
INFO(SPCOCN-1195): Group contains:   3 bodies   5 properties   1 notes   0 wires   0 dots   0 images
INFO(SPCOCN-1000): Pin: I17.A selected.
INFO(SPCOCN-1000): Pin: I17.A selected.
INFO(SPCOCN-1000): Pin: I17.A selected.
INFO(SPCOCN-1000): Pin: I17.A selected.
INFO(SPCOCN-1000): Pin: I17.A selected.
INFO(SPCOCN-1001): Component: I17 selected.
INFO(SPCOCN-1001): Component: I17 selected.
INFO(SPCOCN-1001): Component: I17 selected.
WARNING(SPCOCN-503): The specified stroke shape '9375' is not recognized. Ensure that you specify a known shape.
INFO(SPCOCN-1195): Group contains:   1 bodies   0 properties   0 notes   1 wires   0 dots   0 images
INFO(SPCOCN-1001): Component: I18 selected.
INFO(SPCOCN-1070): Checking drawing...
INFO(SPCOCN-1028): writing <kvm_prototype_lib>KVM_PROTOTYPE.SCH.1.12:
INFO(SPCOCN-1044): writing binary file...
INFO(SPCOCN-1049): writing ASCII file...
INFO(SPCOCN-1727): Appending master.tag page1.csa with page12.csa
INFO(SPCOCN-1053): writing connectivity file...
INFO(SPCOCN-1054): ...written

CSDirect 16.6-p007 (v16-6-112F)

Netlisting block kvm_prototype

Processing page 12

No netlisting errors found. 

INFO(SPCOCN-1640): writing occurrence data...
INFO(SPCOCN-1054): ...written
INFO(SPCOCN-1070): Checking drawing...
INFO(SPCOCN-1028): writing <kvm_prototype_lib>KVM_PROTOTYPE.SCH.1.12:
INFO(SPCOCN-1044): writing binary file...
INFO(SPCOCN-1049): writing ASCII file...
INFO(SPCOCN-1727): Appending master.tag page1.csa with page12.csa
INFO(SPCOCN-1053): writing connectivity file...
INFO(SPCOCN-1054): ...written

CSDirect 16.6-p007 (v16-6-112F)

Netlisting block kvm_prototype

Processing page 12

No netlisting errors found. 

INFO(SPCOCN-1640): writing occurrence data...
INFO(SPCOCN-1054): ...written
