temp/xxnedtmp29/event.log NEWFILE1
temp/xxnedtmp29/text.log NEWFILE2
temp/xxnedtmp29/environ.log NEWFILE3
C:\Cadence\SPB_16.6\share\cdssetup/concept/concepthdl.scr FILE4
D:\GitHub\KVM\KVM_prototype\schemtic\sch\cds.lib FILE5
D:\GitHub\KVM\KVM_prototype\schemtic\sch\worklib\kvm_prototype\sch_1\page1.csb FILE6
D:\GitHub\KVM\KVM_prototype\schemtic\sch\worklib\kvm_prototype\sch_1\page1_csb.lck NEWFILE7
temp/xxnedtmp29/undo1.log NEWFILE8
C:\Cadence\SPB_16.6\share\library\standard\c#20size#20page\sym_1\symbol.css FILE9
D:\GitHub\KVM\KVM_prototype\schemtic\sch\worklib\kvm_prototype\sch_1\page1_csa.lck NEWFILE10
D:/GitHub/KVM/KVM_prototype/schemtic/sch/worklib/kvm_prototype/sch_1/kvm_prototype.xcon FILE11
D:/GitHub/KVM/KVM_prototype/schemtic/sch/worklib/kvm_prototype/sch_1/kvm_prototype.dcf FILE12
D:\GitHub\KVM\KVM_prototype\schemtic\sch\worklib\kvm_prototype\sch_1\page14.csb FILE13
D:\GitHub\KVM\KVM_prototype\schemtic\sch\worklib\kvm_prototype\sch_1\page14_csb.lck NEWFILE14
D:\GitHub\KVM\KVM_prototype\schemtic\lib\worklib\r\sym_1\symbol.css FILE15
C:\Cadence\SPB_16.6\share\library\standard\gnd_signal\sym_1\symbol.css FILE16
D:\GitHub\KVM\KVM_prototype\schemtic\lib\worklib\c\sym_1\symbol.css FILE17
D:\GitHub\KVM\KVM_prototype\schemtic\lib\worklib\lb\sym_1\symbol.css FILE18
D:\GitHub\KVM\KVM_prototype\schemtic\lib\worklib\cy7c67300\sym_2\symbol.css FILE19
D:\GitHub\KVM\KVM_prototype\schemtic\lib\worklib\cy7c67300\sym_1\symbol.css FILE20
temp/xxnedtmp29/concept.mkr NEWFILE21
C:/Cadence/SPB_16.6/tools/language/config.dat FILE22
C:/Cadence/SPB_16.6/tools/language/pack_type_rename.dat NEWFILE23
temp/xxnedtmp29/../r.mkr NEWFILE24
temp/xxnedtmp29/../c#20size#20page.mkr NEWFILE25
temp/xxnedtmp29/../lb.mkr NEWFILE26
temp/xxnedtmp29/../cy7c67300.mkr NEWFILE27
temp/xxnedtmp29/../c.mkr NEWFILE28
temp/xxnedtmp29/../gnd_signal.mkr NEWFILE29
D:\GitHub\KVM\KVM_prototype\schemtic\sch\worklib\kvm_prototype\sch_1\page14.csa FILE30
D:\GitHub\KVM\KVM_prototype\schemtic\sch\worklib\kvm_prototype\sch_1\page14.csv FILE31
D:\GitHub\KVM\KVM_prototype\schemtic\sch\worklib\kvm_prototype\sch_1\pc.db FILE32
D:/GitHub/KVM/KVM_prototype/schemtic/sch/worklib/kvm_prototype/sch_1/kvm_prototype_xcon.lck NEWFILE33
D:/GitHub/KVM/KVM_prototype/schemtic/sch/worklib/kvm_prototype/sch_1/kvm_prototype_dcf.lck NEWFILE34
temp/xxnedtmp29/csnetlister.mkr NEWFILE35
D:\GitHub\KVM\KVM_prototype\schemtic\sch\worklib\kvm_prototype\sch_1\page13.csb FILE36
D:\GitHub\KVM\KVM_prototype\schemtic\sch\worklib\kvm_prototype\sch_1\page13_csb.lck NEWFILE37
D:\GitHub\KVM\KVM_prototype\schemtic\sch\worklib\kvm_prototype\sch_1\page14_csa.lck NEWFILE38
D:\GitHub\KVM\KVM_prototype\schemtic\lib\worklib\sfp_cage\sym_1\symbol.css FILE39
D:\GitHub\KVM\KVM_prototype\schemtic\lib\worklib\sfp_conn\sym_1\symbol.css FILE40
D:\GitHub\KVM\KVM_prototype\schemtic\sch\worklib\kvm_prototype\sch_1\page12.csb FILE41
D:\GitHub\KVM\KVM_prototype\schemtic\sch\worklib\kvm_prototype\sch_1\page12_csb.lck NEWFILE42
D:\GitHub\KVM\KVM_prototype\schemtic\sch\worklib\kvm_prototype\sch_1\page13_csa.lck NEWFILE43
D:\GitHub\KVM\KVM_prototype\schemtic\sch\worklib\kvm_prototype\sch_1\page11.csb FILE44
D:\GitHub\KVM\KVM_prototype\schemtic\sch\worklib\kvm_prototype/images/10.jpg FILE45
D:\GitHub\KVM\KVM_prototype\schemtic\sch\worklib\kvm_prototype/images/9.jpg FILE46
D:\GitHub\KVM\KVM_prototype\schemtic\sch\worklib\kvm_prototype\sch_1\page11_csb.lck NEWFILE47
D:\GitHub\KVM\KVM_prototype\schemtic\sch\worklib\kvm_prototype\sch_1\page12_csa.lck NEWFILE48
D:\GitHub\KVM\KVM_prototype\schemtic\lib\worklib\led_s\sym_1\symbol.css FILE49
D:\GitHub\KVM\KVM_prototype\schemtic\lib\worklib\crystal\sym_1\symbol.css FILE50
D:\GitHub\KVM\KVM_prototype\schemtic\lib\worklib\88e1111\sym_2\symbol.css FILE51
D:\GitHub\KVM\KVM_prototype\schemtic\lib\worklib\88e1111\sym_1\symbol.css FILE52
D:\GitHub\KVM\KVM_prototype\schemtic\sch\worklib\kvm_prototype\sch_1\page10.csb FILE53
D:\GitHub\KVM\KVM_prototype\schemtic\sch\worklib\kvm_prototype\sch_1\page10_csb.lck NEWFILE54
D:\GitHub\KVM\KVM_prototype\schemtic\sch\worklib\kvm_prototype\sch_1\page11_csa.lck NEWFILE55
D:\GitHub\KVM\KVM_prototype\schemtic\lib\worklib\rclamp0524p\sym_1\symbol.css FILE56
D:\GitHub\KVM\KVM_prototype\schemtic\lib\worklib\diode\sym_1\symbol.css FILE57
D:\GitHub\KVM\KVM_prototype\schemtic\lib\worklib\ao3400\sym_1\symbol.css FILE58
D:\GitHub\KVM\KVM_prototype\schemtic\lib\worklib\hdmi#2da\sym_1\symbol.css FILE59
D:\GitHub\KVM\KVM_prototype\schemtic\sch\worklib\kvm_prototype\sch_1\page9.csb FILE60
D:\GitHub\KVM\KVM_prototype\schemtic\sch\worklib\kvm_prototype\sch_1\page9_csb.lck NEWFILE61
D:\GitHub\KVM\KVM_prototype\schemtic\sch\worklib\kvm_prototype\sch_1\page10_csa.lck NEWFILE62
D:\GitHub\KVM\KVM_prototype\schemtic\lib\worklib\pesd0402#2d140\sym_1\symbol.css FILE63
D:\GitHub\KVM\KVM_prototype\schemtic\sch\worklib\kvm_prototype\sch_1\page8.csb FILE64
D:\GitHub\KVM\KVM_prototype\schemtic\sch\worklib\kvm_prototype/images/7.jpg FILE65
D:\GitHub\KVM\KVM_prototype\schemtic\sch\worklib\kvm_prototype/images/8.jpg FILE66
D:\GitHub\KVM\KVM_prototype\schemtic\sch\worklib\kvm_prototype\sch_1\page8_csb.lck NEWFILE67
D:\GitHub\KVM\KVM_prototype\schemtic\sch\worklib\kvm_prototype\sch_1\page9_csa.lck NEWFILE68
D:\GitHub\KVM\KVM_prototype\schemtic\lib\worklib\osc#2d12mhz\sym_1\symbol.css FILE69
D:\GitHub\KVM\KVM_prototype\schemtic\lib\worklib\adv7511kstz\sym_1\symbol.css FILE70
D:\GitHub\KVM\KVM_prototype\schemtic\sch\worklib\kvm_prototype\sch_1\page8_csa.lck NEWFILE71
D:\GitHub\KVM\KVM_prototype\schemtic\sch\worklib\kvm_prototype\sch_1\page7.csb FILE72
D:\GitHub\KVM\KVM_prototype\schemtic\sch\worklib\kvm_prototype\sch_1\page7_csb.lck NEWFILE73
D:\GitHub\KVM\KVM_prototype\schemtic\lib\worklib\bss123lt1\sym_1\symbol.css FILE74
D:\GitHub\KVM\KVM_prototype\schemtic\sch\worklib\kvm_prototype\sch_1\page6.csb FILE75
D:\GitHub\KVM\KVM_prototype\schemtic\sch\worklib\kvm_prototype\sch_1\page6_csb.lck NEWFILE76
D:\GitHub\KVM\KVM_prototype\schemtic\sch\worklib\kvm_prototype\sch_1\page7_csa.lck NEWFILE77
D:\GitHub\KVM\KVM_prototype\schemtic\lib\worklib\adv7612bswz\sym_2\symbol.css FILE78
D:\GitHub\KVM\KVM_prototype\schemtic\sch\worklib\kvm_prototype\sch_1\page5.csb FILE79
D:\GitHub\KVM\KVM_prototype\schemtic\sch\worklib\kvm_prototype\sch_1\page5_csb.lck NEWFILE80
D:\GitHub\KVM\KVM_prototype\schemtic\sch\worklib\kvm_prototype\sch_1\page6_csa.lck NEWFILE81
D:\GitHub\KVM\KVM_prototype\schemtic\lib\worklib\adv7612bswz\sym_1\symbol.css FILE82
temp/xxnedtmp29/../adv7612bswz.mkr NEWFILE83
temp/xxnedtmp29/../crystal.mkr NEWFILE84
D:\GitHub\KVM\KVM_prototype\schemtic\sch\worklib\kvm_prototype\sch_1\page5.csa FILE85
D:\GitHub\KVM\KVM_prototype\schemtic\sch\worklib\kvm_prototype\sch_1\page5.csv FILE86
