temp/xxnedtmp61/event.log NEWFILE1
temp/xxnedtmp61/text.log NEWFILE2
temp/xxnedtmp61/environ.log NEWFILE3
E:\Cadence\SPB_16.6\share\cdssetup/concept/concepthdl.scr FILE4
F:\Design_Projects\matrix_kvm\schemtic_backup20180504\sch\cds.lib FILE5
F:\Design_Projects\matrix_kvm\schemtic_backup20180504\sch\worklib\kvm_prototype\sch_1\page1.csb FILE6
F:\Design_Projects\matrix_kvm\schemtic_backup20180504\sch\worklib\kvm_prototype\sch_1\page1_csb.lck NEWFILE7
temp/xxnedtmp61/undo1.log NEWFILE8
E:\Cadence\SPB_16.6\share\library\standard\c#20size#20page\sym_1\symbol.css FILE9
F:\Design_Projects\matrix_kvm\schemtic_backup20180504\sch\worklib\kvm_prototype\sch_1\page1_csa.lck NEWFILE10
F:/Design_Projects/matrix_kvm/schemtic_backup20180504/sch/worklib/kvm_prototype/sch_1/kvm_prototype.xcon FILE11
F:/Design_Projects/matrix_kvm/schemtic_backup20180504/sch/worklib/kvm_prototype/sch_1/kvm_prototype.dcf FILE12
F:\Design_Projects\matrix_kvm\schemtic_backup20180504\sch\worklib\kvm_prototype\sch_1\page24.csb FILE13
F:\Design_Projects\matrix_kvm\schemtic_backup20180504\sch\worklib\kvm_prototype\sch_1\page24_csb.lck NEWFILE14
F:\Design_Projects\matrix_kvm\schemtic_backup20180504\lib\worklib\capcitor\cp\sym_1\symbol.css FILE15
E:\Cadence\SPB_16.6\share\library\standard\gnd_signal\sym_1\symbol.css FILE16
F:\Design_Projects\matrix_kvm\schemtic_backup20180504\lib\worklib\capcitor\c\sym_1\symbol.css FILE17
F:\Design_Projects\matrix_kvm\schemtic_backup20180504\lib\worklib\ic\xc7a200tffg1156\sym_19\symbol.css FILE18
F:\Design_Projects\matrix_kvm\schemtic_backup20180504\lib\worklib\inductor\lb\sym_1\symbol.css FILE19
F:\Design_Projects\matrix_kvm\schemtic_backup20180504\lib\worklib\ic\xc7a200tffg1156\sym_20\symbol.css FILE20
F:\Design_Projects\matrix_kvm\schemtic_backup20180504\lib\worklib\ic\xc7a200tffg1156\sym_22\symbol.css FILE21
F:\Design_Projects\matrix_kvm\schemtic_backup20180504\lib\worklib\ic\xc7a200tffg1156\sym_23\symbol.css FILE22
F:\Design_Projects\matrix_kvm\schemtic_backup20180504\lib\worklib\ic\xc7a200tffg1156\sym_25\symbol.css FILE23
F:\Design_Projects\matrix_kvm\schemtic_backup20180504\sch\worklib\kvm_prototype\sch_1\page24_csa.lck NEWFILE24
F:\Design_Projects\matrix_kvm\schemtic_backup20180504\sch\worklib\kvm_prototype\sch_1\page31.csb FILE25
F:\Design_Projects\matrix_kvm\schemtic_backup20180504\sch\worklib\kvm_prototype\sch_1\page31_csb.lck NEWFILE26
F:\Design_Projects\matrix_kvm\schemtic_backup20180504\lib\worklib\ic\xc7a200tffg1156\sym_8\symbol.css FILE27
F:\Design_Projects\matrix_kvm\schemtic_backup20180504\sch\worklib\kvm_prototype\sch_1\page31_csa.lck NEWFILE28
