	(Comment
		(Time 05/15/18,10:28:01)
		(User cdj)
		(MsgId ECO_151)
		(Text "Verilog wrapper vlog_model added to cell")
		(Param1 "vlog_model")
	)
	(Comment
		(Time 05/15/18,10:59:49)
		(User cdj)
		(MsgId ECO_151)
		(Text "Verilog wrapper vlog_model added to cell")
		(Param1 "vlog_model")
	)
	(Comment
		(Time 05/15/18,11:50:03)
		(User cdj)
		(MsgId ECO_151)
		(Text "Verilog wrapper vlog_model added to cell")
		(Param1 "vlog_model")
	)
	(Comment
		(Time 05/15/18,13:55:51)
		(User cdj)
		(MsgId ECO_151)
		(Text "Verilog wrapper vlog_model added to cell")
		(Param1 "vlog_model")
	)
