temp/xxnedtmp7/event.log NEWFILE1
temp/xxnedtmp7/text.log NEWFILE2
temp/xxnedtmp7/environ.log NEWFILE3
C:\Cadence\SPB_16.6\share\cdssetup/concept/concepthdl.scr FILE4
D:\GitHub\KVM\KVM_prototype\schemtic\sch\cds.lib FILE5
D:\GitHub\KVM\KVM_prototype\schemtic\sch\worklib\kvm_prototype\sch_1\page1.csb FILE6
D:\GitHub\KVM\KVM_prototype\schemtic\sch\worklib\kvm_prototype\sch_1\page1_csb.lck NEWFILE7
temp/xxnedtmp7/undo1.log NEWFILE8
C:\Cadence\SPB_16.6\share\library\standard\c#20size#20page\sym_1\symbol.css FILE9
D:\GitHub\KVM\KVM_prototype\schemtic\sch\worklib\kvm_prototype\sch_1\page1_csa.lck NEWFILE10
D:/GitHub/KVM/KVM_prototype/schemtic/sch/worklib/kvm_prototype/sch_1/kvm_prototype.xcon FILE11
D:/GitHub/KVM/KVM_prototype/schemtic/sch/worklib/kvm_prototype/sch_1/kvm_prototype.dcf FILE12
D:\GitHub\KVM\KVM_prototype\schemtic\sch\worklib\kvm_prototype\sch_1\page3.csb FILE13
D:\GitHub\KVM\KVM_prototype\schemtic\sch\worklib\kvm_prototype/images/2.jpg FILE14
D:\GitHub\KVM\KVM_prototype\schemtic\sch\worklib\kvm_prototype/images/5.jpg FILE15
D:\GitHub\KVM\KVM_prototype\schemtic\sch\worklib\kvm_prototype/images/1.jpg FILE16
D:\GitHub\KVM\KVM_prototype\schemtic\sch\worklib\kvm_prototype/images/3.jpg FILE17
D:\GitHub\KVM\KVM_prototype\schemtic\sch\worklib\kvm_prototype/images/4.jpg FILE18
D:\GitHub\KVM\KVM_prototype\schemtic\sch\worklib\kvm_prototype\sch_1\page3_csb.lck FILE19
C:\Cadence\SPB_16.6\share\library\standard\gnd_signal\sym_1\symbol.css FILE20
D:\GitHub\KVM\KVM_prototype\schemtic\lib\worklib\r\sym_1\symbol.css FILE21
D:\GitHub\KVM\KVM_prototype\schemtic\lib\worklib\adp5053\sym_1\symbol.css FILE22
D:\GitHub\KVM\KVM_prototype\schemtic\lib\worklib\c\sym_1\symbol.css FILE23
D:\GitHub\KVM\KVM_prototype\schemtic\lib\worklib\cp\sym_1\symbol.css FILE24
D:\GitHub\KVM\KVM_prototype\schemtic\lib\worklib\l\sym_1\symbol.css FILE25
D:\GitHub\KVM\KVM_prototype\schemtic\lib\worklib\fds9926a\sym_2\symbol.css FILE26
D:\GitHub\KVM\KVM_prototype\schemtic\lib\worklib\fds9926a\sym_1\symbol.css FILE27
C:\Cadence\SPB_16.6\share\library\standard\inport\sym_1\symbol.css FILE28
D:\GitHub\KVM\KVM_prototype\schemtic\lib\worklib\resetkey\sym_1\symbol.css FILE29
C:\Cadence\SPB_16.6\share\library\standard\outport\sym_1\symbol.css FILE30
D:\GitHub\KVM\KVM_prototype\schemtic\lib\worklib\led_s\sym_1\symbol.css FILE31
D:\GitHub\KVM\KVM_prototype\schemtic\lib\worklib\npn\sym_1\symbol.css FILE32
