temp/xxnedtmp5/event.log NEWFILE1
temp/xxnedtmp5/text.log NEWFILE2
temp/xxnedtmp5/environ.log NEWFILE3
C:\Cadence\SPB_16.6\share\cdssetup/concept/concepthdl.scr FILE4
D:\GitHub\KVM\KVM_prototype\schemtic\sch\cds.lib FILE5
D:\GitHub\KVM\KVM_prototype\schemtic\sch\worklib\kvm_prototype\sch_1\page1.csb FILE6
D:\GitHub\KVM\KVM_prototype\schemtic\sch\worklib\kvm_prototype\sch_1\page1_csb.lck NEWFILE7
temp/xxnedtmp5/undo1.log NEWFILE8
C:\Cadence\SPB_16.6\share\library\standard\c#20size#20page\sym_1\symbol.css FILE9
D:\GitHub\KVM\KVM_prototype\schemtic\sch\worklib\kvm_prototype\sch_1\page1_csa.lck NEWFILE10
D:/GitHub/KVM/KVM_prototype/schemtic/sch/worklib/kvm_prototype/sch_1/kvm_prototype.xcon FILE11
D:/GitHub/KVM/KVM_prototype/schemtic/sch/worklib/kvm_prototype/sch_1/kvm_prototype.dcf FILE12
D:\GitHub\KVM\KVM_prototype\schemtic\sch\worklib\kvm_prototype\sch_1\page3.csb FILE13
D:\GitHub\KVM\KVM_prototype\schemtic\sch\worklib\kvm_prototype/images/1.jpg FILE14
D:\GitHub\KVM\KVM_prototype\schemtic\sch\worklib\kvm_prototype/images/2.jpg FILE15
D:\GitHub\KVM\KVM_prototype\schemtic\sch\worklib\kvm_prototype/images/3.jpg FILE16
D:\GitHub\KVM\KVM_prototype\schemtic\sch\worklib\kvm_prototype/images/5.jpg FILE17
D:\GitHub\KVM\KVM_prototype\schemtic\sch\worklib\kvm_prototype/images/4.jpg FILE18
D:\GitHub\KVM\KVM_prototype\schemtic\sch\worklib\kvm_prototype\sch_1\page3_csb.lck NEWFILE19
C:\Cadence\SPB_16.6\share\library\standard\gnd_signal\sym_1\symbol.css FILE20
D:\GitHub\KVM\KVM_prototype\schemtic\lib\worklib\r\sym_1\symbol.css FILE21
D:\GitHub\KVM\KVM_prototype\schemtic\lib\worklib\adp5053\sym_1\symbol.css FILE22
D:\GitHub\KVM\KVM_prototype\schemtic\lib\worklib\c\sym_1\symbol.css FILE23
D:\GitHub\KVM\KVM_prototype\schemtic\lib\worklib\cp\sym_1\symbol.css FILE24
D:\GitHub\KVM\KVM_prototype\schemtic\lib\worklib\l\sym_1\symbol.css FILE25
D:\GitHub\KVM\KVM_prototype\schemtic\lib\worklib\fds9926a\sym_2\symbol.css FILE26
D:\GitHub\KVM\KVM_prototype\schemtic\lib\worklib\fds9926a\sym_1\symbol.css FILE27
D:\GitHub\KVM\KVM_prototype\schemtic\lib\worklib\led_s\sym_1\symbol.css FILE28
D:\GitHub\KVM\KVM_prototype\schemtic\lib\worklib\npn\sym_1\symbol.css FILE29
C:/Users/cpp8013/AppData/Local/Temp/conFE3C.tmp FILE30
temp/xxnedtmp5/concept.mkr NEWFILE31
C:/Cadence/SPB_16.6/tools/language/config.dat FILE32
C:/Cadence/SPB_16.6/tools/language/pack_type_rename.dat NEWFILE33
temp/xxnedtmp5/../adp5053.mkr NEWFILE34
temp/xxnedtmp5/../r.mkr NEWFILE35
temp/xxnedtmp5/../c.mkr NEWFILE36
temp/xxnedtmp5/../gnd_signal.mkr NEWFILE37
temp/xxnedtmp5/../c#20size#20page.mkr NEWFILE38
temp/xxnedtmp5/../cp.mkr NEWFILE39
temp/xxnedtmp5/../l.mkr NEWFILE40
temp/xxnedtmp5/../fds9926a.mkr NEWFILE41
temp/xxnedtmp5/../led_s.mkr NEWFILE42
temp/xxnedtmp5/../npn.mkr NEWFILE43
D:\GitHub\KVM\KVM_prototype\schemtic\sch\worklib\kvm_prototype\sch_1\page3.csa FILE44
D:\GitHub\KVM\KVM_prototype\schemtic\sch\worklib\kvm_prototype\sch_1\page3.csv FILE45
D:\GitHub\KVM\KVM_prototype\schemtic\sch\worklib\kvm_prototype\sch_1\pc.db FILE46
D:/GitHub/KVM/KVM_prototype/schemtic/sch/worklib/kvm_prototype/sch_1/kvm_prototype_xcon.lck NEWFILE47
D:/GitHub/KVM/KVM_prototype/schemtic/sch/worklib/kvm_prototype/sch_1/kvm_prototype_dcf.lck NEWFILE48
temp/xxnedtmp5/csnetlister.mkr NEWFILE49
C:\Cadence\SPB_16.6\share\library\standard\outport\sym_1\symbol.css FILE50
C:/Users/cpp8013/AppData/Local/Temp/conA0F1.tmp FILE51
C:\Cadence\SPB_16.6\share\library\standard\inport\sym_1\symbol.css FILE52
temp/xxnedtmp5/../inport.mkr NEWFILE53
temp/xxnedtmp5/../outport.mkr NEWFILE54
C:/Users/cpp8013/AppData/Local/Temp/con9C22.tmp FILE55
D:\GitHub\KVM\KVM_prototype\schemtic\lib\worklib\resetkey\sym_1\symbol.css FILE56
C:/Users/cpp8013/AppData/Local/Temp/con83D2.tmp FILE57
C:/Users/cpp8013/AppData/Local/Temp/conC5A3.tmp FILE58
C:/Users/cpp8013/AppData/Local/Temp/con4E34.tmp FILE59
C:/Users/cpp8013/AppData/Local/Temp/con8E70.tmp FILE60
temp/xxnedtmp5/../resetkey.mkr NEWFILE61
C:/Users/cpp8013/AppData/Local/Temp/con8A6B.tmp FILE62
C:/Users/cpp8013/AppData/Local/Temp/conA1E2.tmp FILE63
C:/Users/cpp8013/AppData/Local/Temp/conB303.tmp FILE64
C:/Users/cpp8013/AppData/Local/Temp/conE7E9.tmp FILE65
C:/Users/cpp8013/AppData/Local/Temp/conE23F.tmp FILE66
C:/Users/cpp8013/AppData/Local/Temp/con3E3.tmp FILE67
C:/Users/cpp8013/AppData/Local/Temp/con7720.tmp FILE68
C:/Users/cpp8013/AppData/Local/Temp/con95D8.tmp FILE69
C:/Users/cpp8013/AppData/Local/Temp/conC477.tmp FILE70
