	(Comment
		(Time 01/19/18,14:16:57)
		(User cpp8013)
		(MsgId ECO_021)
		(Text "Package SFP_CAGE added to cell")
		(Param1 "SFP_CAGE")
	)
	(Comment
		(Time 01/19/18,14:17:20)
		(User cpp8013)
		(MsgId ECO_081)
		(Text "Symbol sym_1 added to cell")
		(Param1 "sym_1")
	)
	(Comment
		(Time 05/08/18,11:12:50)
		(User cdj)
		(MsgId ECO_151)
		(Text "Verilog wrapper vlog_model added to cell")
		(Param1 "vlog_model")
	)
	(Comment
		(Time 05/08/18,11:24:35)
		(User cdj)
		(MsgId ECO_151)
		(Text "Verilog wrapper vlog_model added to cell")
		(Param1 "vlog_model")
	)
