	(Comment
		(Time 01/26/18,16:33:16)
		(User cpp8013)
		(MsgId ECO_021)
		(Text "Package MT41K512M16HA-125 added to cell")
		(Param1 "MT41K512M16HA-125")
	)
	(Comment
		(Time 01/26/18,16:42:17)
		(User cpp8013)
		(MsgId ECO_022)
		(Text "Package MT41K512M16HA-125 deleted from cell")
		(Param1 "MT41K512M16HA-125")
	)
	(Comment
		(Time 01/26/18,16:42:19)
		(User cpp8013)
		(MsgId ECO_021)
		(Text "Package MT41K512M16HA-125 added to cell")
		(Param1 "MT41K512M16HA-125")
	)
	(Comment
		(Time 01/26/18,16:58:30)
		(User cpp8013)
		(MsgId ECO_022)
		(Text "Package MT41K512M16HA-125 deleted from cell")
		(Param1 "MT41K512M16HA-125")
	)
	(Comment
		(Time 01/26/18,20:24:01)
		(User Administrator)
		(MsgId ECO_021)
		(Text "Package MT41K512M16HA-125 added to cell")
		(Param1 "MT41K512M16HA-125")
	)
	(Comment
		(Time 01/26/18,20:48:08)
		(User Administrator)
		(MsgId ECO_081)
		(Text "Symbol sym_1 added to cell")
		(Param1 "sym_1")
	)
	(Comment
		(Time 01/26/18,20:48:08)
		(User Administrator)
		(MsgId ECO_081)
		(Text "Symbol sym_2 added to cell")
		(Param1 "sym_2")
	)
	(Comment
		(Time 05/08/18,09:32:56)
		(User cdj)
		(MsgId ECO_151)
		(Text "Verilog wrapper vlog_model added to cell")
		(Param1 "vlog_model")
	)
	(Comment
		(Time 05/08/18,14:23:59)
		(User cdj)
		(MsgId ECO_151)
		(Text "Verilog wrapper vlog_model added to cell")
		(Param1 "vlog_model")
	)
