temp/xxnedtmp27/event.log NEWFILE1
temp/xxnedtmp27/text.log NEWFILE2
temp/xxnedtmp27/environ.log NEWFILE3
C:\Cadence\SPB_16.6\share\cdssetup/concept/concepthdl.scr FILE4
E:\GitHub\KVM_prototype\schemtic\sch\cds.lib FILE5
E:\GitHub\KVM_prototype\schemtic\sch\worklib\kvm_prototype\sch_1\page1.csb FILE6
E:\GitHub\KVM_prototype\schemtic\sch\worklib\kvm_prototype\sch_1\page1_csb.lck NEWFILE7
temp/xxnedtmp27/undo1.log NEWFILE8
C:\Cadence\SPB_16.6\share\library\standard\c#20size#20page\sym_1\symbol.css FILE9
E:\GitHub\KVM_prototype\schemtic\sch\worklib\kvm_prototype\sch_1\page1_csa.lck NEWFILE10
E:/GitHub/KVM_prototype/schemtic/sch/worklib/kvm_prototype/sch_1/kvm_prototype.xcon FILE11
E:/GitHub/KVM_prototype/schemtic/sch/worklib/kvm_prototype/sch_1/kvm_prototype.dcf FILE12
E:\GitHub\KVM_prototype\schemtic\sch\worklib\kvm_prototype\sch_1\page14.csb FILE13
E:\GitHub\KVM_prototype\schemtic\sch\worklib\kvm_prototype\sch_1\page14_csb.lck NEWFILE14
E:\GitHub\KVM_prototype\schemtic\sch\worklib\kvm_prototype\sch_1\page13.csb FILE15
E:\GitHub\KVM_prototype\schemtic\sch\worklib\kvm_prototype\sch_1\page13_csb.lck NEWFILE16
E:\GitHub\KVM_prototype\schemtic\sch\worklib\kvm_prototype\sch_1\page14_csa.lck NEWFILE17
C:\Cadence\SPB_16.6\share\library\standard\gnd_signal\sym_1\symbol.css FILE18
E:\GitHub\KVM_prototype\schemtic\lib\worklib\r\sym_1\symbol.css FILE19
E:\GitHub\KVM_prototype\schemtic\lib\worklib\sfp_cage\sym_1\symbol.css FILE20
E:\GitHub\KVM_prototype\schemtic\lib\worklib\c\sym_1\symbol.css FILE21
E:\GitHub\KVM_prototype\schemtic\lib\worklib\lb\sym_1\symbol.css FILE22
E:\GitHub\KVM_prototype\schemtic\lib\worklib\sfp_conn\sym_1\symbol.css FILE23
E:\GitHub\KVM_prototype\schemtic\sch\worklib\kvm_prototype\sch_1\page13_csa.lck NEWFILE24
E:\GitHub\KVM_prototype\schemtic\lib\worklib\cy7c67300\sym_1\symbol.css FILE25
E:\GitHub\KVM_prototype\schemtic\lib\worklib\cy7c67300\sym_2\symbol.css FILE26
temp/xxnedtmp27/concept.mkr NEWFILE27
C:/Cadence/SPB_16.6/tools/language/pack_type_rename.dat NEWFILE28
temp/xxnedtmp27/../cy7c67300.mkr NEWFILE29
temp/xxnedtmp27/../c#20size#20page.mkr NEWFILE30
E:\GitHub\KVM_prototype\schemtic\sch\worklib\kvm_prototype\sch_1\page14.csa FILE31
E:\GitHub\KVM_prototype\schemtic\sch\worklib\kvm_prototype\sch_1\page14.csv FILE32
E:\GitHub\KVM_prototype\schemtic\sch\worklib\kvm_prototype\sch_1\pc.db FILE33
E:/GitHub/KVM_prototype/schemtic/sch/worklib/kvm_prototype/sch_1/kvm_prototype_xcon.lck NEWFILE34
E:/GitHub/KVM_prototype/schemtic/sch/worklib/kvm_prototype/sch_1/kvm_prototype_dcf.lck NEWFILE35
temp/xxnedtmp27/csnetlister.mkr NEWFILE36
D:/sys_temp/con30C1.tmp FILE37
temp/xxnedtmp27/../c.mkr NEWFILE38
temp/xxnedtmp27/../lb.mkr NEWFILE39
D:/sys_temp/con8547.tmp FILE40
temp/xxnedtmp27/../gnd_signal.mkr NEWFILE41
C:/Cadence/SPB_16.6/tools/language/config.dat FILE42
D:/sys_temp/con75AF.tmp FILE43
D:/sys_temp/conB416.tmp FILE44
E:\GitHub\KVM_prototype\schemtic\sch\worklib\kvm_prototype\sch_1\page12.csb FILE45
E:\GitHub\KVM_prototype\schemtic\sch\worklib\kvm_prototype\sch_1\page12_csb.lck NEWFILE46
D:/sys_temp/con19FA.tmp FILE47
temp/xxnedtmp27/../r.mkr NEWFILE48
temp/xxnedtmp27/../sfp_conn.mkr NEWFILE49
temp/xxnedtmp27/../sfp_cage.mkr NEWFILE50
E:\GitHub\KVM_prototype\schemtic\sch\worklib\kvm_prototype\sch_1\page12.csa FILE51
E:\GitHub\KVM_prototype\schemtic\sch\worklib\kvm_prototype\sch_1\page12.csv FILE52
E:\GitHub\KVM_prototype\schemtic\sch\worklib\kvm_prototype\sch_1\page12_csa.lck NEWFILE53
D:/sys_temp/conC299.tmp FILE54
D:/sys_temp/con3A58.tmp FILE55
D:/sys_temp/con94F7.tmp FILE56
D:/sys_temp/con9DBE.tmp FILE57
D:/sys_temp/conA5CA.tmp FILE58
D:/sys_temp/con17BF.tmp FILE59
D:/sys_temp/con9E4D.tmp FILE60
D:/sys_temp/conAB78.tmp FILE61
D:/sys_temp/conB1B0.tmp FILE62
D:/sys_temp/conC985.tmp FILE63
