	(Comment
		(Time 08/06/14,18:11:29)
		(User admin)
		(MsgId ECO_021)
		(Text "Package 7M_SERIAL added to cell")
		(Param1 "7M_SERIAL")
	)
	(Comment
		(Time 08/06/14,18:11:57)
		(User admin)
		(MsgId ECO_081)
		(Text "Symbol sym_1 added to cell")
		(Param1 "sym_1")
	)
	(Comment
		(Time 08/06/14,18:15:15)
		(User admin)
		(MsgId ECO_211)
		(Text "PTF file part.ptf added")
		(Param1 "part.ptf")
	)
	(Comment
		(Time 08/06/14,18:25:01)
		(User admin)
		(MsgId ECO_082)
		(Text "Symbol sym_1 deleted from cell")
		(Param1 "sym_1")
	)
	(Comment
		(Time 08/06/14,18:25:05)
		(User admin)
		(MsgId ECO_081)
		(Text "Symbol sym_1 added to cell")
		(Param1 "sym_1")
	)
