temp/xxnedtmp15/event.log NEWFILE1
temp/xxnedtmp15/text.log NEWFILE2
temp/xxnedtmp15/environ.log NEWFILE3
C:\Cadence\SPB_16.6\share\cdssetup/concept/concepthdl.scr FILE4
D:\GitHub\KVM\KVM_prototype\schemtic\sch\cds.lib FILE5
D:\GitHub\KVM\KVM_prototype\schemtic\sch\worklib\kvm_prototype\sch_1\page1.csb FILE6
D:\GitHub\KVM\KVM_prototype\schemtic\sch\worklib\kvm_prototype\sch_1\page1_csb.lck NEWFILE7
temp/xxnedtmp15/undo1.log NEWFILE8
C:\Cadence\SPB_16.6\share\library\standard\c#20size#20page\sym_1\symbol.css FILE9
D:\GitHub\KVM\KVM_prototype\schemtic\sch\worklib\kvm_prototype\sch_1\page1_csa.lck NEWFILE10
D:/GitHub/KVM/KVM_prototype/schemtic/sch/worklib/kvm_prototype/sch_1/kvm_prototype.xcon FILE11
D:/GitHub/KVM/KVM_prototype/schemtic/sch/worklib/kvm_prototype/sch_1/kvm_prototype.dcf FILE12
D:\GitHub\KVM\KVM_prototype\schemtic\sch\worklib\kvm_prototype\sch_1\page9.csb FILE13
D:\GitHub\KVM\KVM_prototype\schemtic\sch\worklib\kvm_prototype\sch_1\page9_csb.lck NEWFILE14
C:\Cadence\SPB_16.6\share\library\standard\gnd_signal\sym_1\symbol.css FILE15
D:\GitHub\KVM\KVM_prototype\schemtic\lib\worklib\rclamp0524p\sym_1\symbol.css FILE16
D:\GitHub\KVM\KVM_prototype\schemtic\lib\worklib\r\sym_1\symbol.css FILE17
D:\GitHub\KVM\KVM_prototype\schemtic\lib\worklib\c\sym_1\symbol.css FILE18
D:\GitHub\KVM\KVM_prototype\schemtic\lib\worklib\pesd0402#2d140\sym_1\symbol.css FILE19
D:\GitHub\KVM\KVM_prototype\schemtic\lib\worklib\diode\sym_1\symbol.css FILE20
D:\GitHub\KVM\KVM_prototype\schemtic\lib\worklib\lb\sym_1\symbol.css FILE21
D:\GitHub\KVM\KVM_prototype\schemtic\lib\worklib\hdmi#2da\sym_1\symbol.css FILE22
D:\GitHub\KVM\KVM_prototype\schemtic\sch\worklib\kvm_prototype\sch_1\page8.csb FILE23
D:\GitHub\KVM\KVM_prototype\schemtic\sch\worklib\kvm_prototype/images/7.jpg FILE24
D:\GitHub\KVM\KVM_prototype\schemtic\sch\worklib\kvm_prototype/images/8.jpg FILE25
D:\GitHub\KVM\KVM_prototype\schemtic\sch\worklib\kvm_prototype\sch_1\page8_csb.lck NEWFILE26
D:\GitHub\KVM\KVM_prototype\schemtic\sch\worklib\kvm_prototype\sch_1\page9_csa.lck NEWFILE27
D:\GitHub\KVM\KVM_prototype\schemtic\lib\worklib\osc#2d12mhz\sym_1\symbol.css FILE28
D:\GitHub\KVM\KVM_prototype\schemtic\lib\worklib\adv7511kstz\sym_1\symbol.css FILE29
C:/Cadence/SPB_16.6/tools/language/config.dat FILE30
temp/xxnedtmp15/concept.mkr NEWFILE31
C:/Cadence/SPB_16.6/tools/language/pack_type_rename.dat NEWFILE32
temp/xxnedtmp15/../adv7511kstz.mkr NEWFILE33
temp/xxnedtmp15/../c#20size#20page.mkr NEWFILE34
temp/xxnedtmp15/../c.mkr NEWFILE35
temp/xxnedtmp15/../r.mkr NEWFILE36
temp/xxnedtmp15/../gnd_signal.mkr NEWFILE37
temp/xxnedtmp15/../osc#2d12mhz.mkr NEWFILE38
temp/xxnedtmp15/../lb.mkr NEWFILE39
D:\GitHub\KVM\KVM_prototype\schemtic\sch\worklib\kvm_prototype\sch_1\page8.csa FILE40
D:\GitHub\KVM\KVM_prototype\schemtic\sch\worklib\kvm_prototype\sch_1\page8.csv FILE41
D:/GitHub/KVM/KVM_prototype/schemtic/sch/worklib/kvm_prototype/sch_1/kvm_prototype_xcon.lck NEWFILE42
D:/GitHub/KVM/KVM_prototype/schemtic/sch/worklib/kvm_prototype/sch_1/kvm_prototype_dcf.lck NEWFILE43
temp/xxnedtmp15/csnetlister.mkr NEWFILE44
D:\GitHub\KVM\KVM_prototype\schemtic\sch\worklib\kvm_prototype\sch_1\page7.csb FILE45
D:\GitHub\KVM\KVM_prototype\schemtic\sch\worklib\kvm_prototype\sch_1\page7_csb.lck NEWFILE46
D:\GitHub\KVM\KVM_prototype\schemtic\sch\worklib\kvm_prototype\sch_1\page8_csa.lck NEWFILE47
D:\GitHub\KVM\KVM_prototype\schemtic\lib\worklib\bss123lt1\sym_1\symbol.css FILE48
D:\GitHub\KVM\KVM_prototype\schemtic\sch\worklib\kvm_prototype\sch_1\page6.csb FILE49
D:\GitHub\KVM\KVM_prototype\schemtic\sch\worklib\kvm_prototype\sch_1\page6_csb.lck NEWFILE50
D:\GitHub\KVM\KVM_prototype\schemtic\sch\worklib\kvm_prototype\sch_1\page7_csa.lck NEWFILE51
D:\GitHub\KVM\KVM_prototype\schemtic\lib\worklib\adv7612bswz\sym_2\symbol.css FILE52
D:\GitHub\KVM\KVM_prototype\schemtic\sch\worklib\kvm_prototype\sch_1\page4.csb FILE53
D:\GitHub\KVM\KVM_prototype\schemtic\sch\worklib\kvm_prototype/images/6_0.jpg FILE54
D:\GitHub\KVM\KVM_prototype\schemtic\sch\worklib\kvm_prototype\sch_1\page4_csb.lck NEWFILE55
D:\GitHub\KVM\KVM_prototype\schemtic\sch\worklib\kvm_prototype\sch_1\page6_csa.lck NEWFILE56
D:\GitHub\KVM\KVM_prototype\schemtic\lib\worklib\l\sym_1\symbol.css FILE57
D:\GitHub\KVM\KVM_prototype\schemtic\lib\worklib\ncp1529\sym_1\symbol.css FILE58
D:\GitHub\KVM\KVM_prototype\schemtic\sch\worklib\kvm_prototype\sch_1\page5.csb FILE59
D:\GitHub\KVM\KVM_prototype\schemtic\sch\worklib\kvm_prototype\sch_1\page5_csb.lck NEWFILE60
D:\GitHub\KVM\KVM_prototype\schemtic\sch\worklib\kvm_prototype\sch_1\page4_csa.lck NEWFILE61
D:\GitHub\KVM\KVM_prototype\schemtic\lib\worklib\crystal\sym_1\symbol.css FILE62
D:\GitHub\KVM\KVM_prototype\schemtic\lib\worklib\adv7612bswz\sym_1\symbol.css FILE63
D:\GitHub\KVM\KVM_prototype\schemtic\sch\worklib\kvm_prototype\sch_1\page5_csa.lck NEWFILE64
D:\GitHub\KVM\KVM_prototype\schemtic\sch\worklib\kvm_prototype\sch_1\page3.csb FILE65
D:\GitHub\KVM\KVM_prototype\schemtic\sch\worklib\kvm_prototype/images/5.jpg FILE66
D:\GitHub\KVM\KVM_prototype\schemtic\sch\worklib\kvm_prototype/images/3.jpg FILE67
D:\GitHub\KVM\KVM_prototype\schemtic\sch\worklib\kvm_prototype/images/4.jpg FILE68
D:\GitHub\KVM\KVM_prototype\schemtic\sch\worklib\kvm_prototype/images/1.jpg FILE69
D:\GitHub\KVM\KVM_prototype\schemtic\sch\worklib\kvm_prototype/images/2.jpg FILE70
D:\GitHub\KVM\KVM_prototype\schemtic\sch\worklib\kvm_prototype\sch_1\page3_csb.lck NEWFILE71
D:\GitHub\KVM\KVM_prototype\schemtic\lib\worklib\adp5053\sym_1\symbol.css FILE72
D:\GitHub\KVM\KVM_prototype\schemtic\lib\worklib\cp\sym_1\symbol.css FILE73
D:\GitHub\KVM\KVM_prototype\schemtic\lib\worklib\fds9926a\sym_2\symbol.css FILE74
D:\GitHub\KVM\KVM_prototype\schemtic\lib\worklib\fds9926a\sym_1\symbol.css FILE75
C:\Cadence\SPB_16.6\share\library\standard\inport\sym_1\symbol.css FILE76
D:\GitHub\KVM\KVM_prototype\schemtic\lib\worklib\resetkey\sym_1\symbol.css FILE77
C:\Cadence\SPB_16.6\share\library\standard\outport\sym_1\symbol.css FILE78
D:\GitHub\KVM\KVM_prototype\schemtic\lib\worklib\led_s\sym_1\symbol.css FILE79
D:\GitHub\KVM\KVM_prototype\schemtic\lib\worklib\npn\sym_1\symbol.css FILE80
D:\GitHub\KVM\KVM_prototype\schemtic\sch\worklib\kvm_prototype\sch_1\page3_csa.lck NEWFILE81
D:\GitHub\KVM\KVM_prototype\schemtic\sch\worklib\kvm_prototype\sch_1\page2.csb FILE82
D:\GitHub\KVM\KVM_prototype\schemtic\sch\worklib\kvm_prototype\sch_1\page2_csb.lck NEWFILE83
D:\GitHub\KVM\KVM_prototype\schemtic\sch\worklib\kvm_prototype\sch_1\page2_csa.lck NEWFILE84
temp/xxnedtmp15/../l.mkr NEWFILE85
temp/xxnedtmp15/../ncp1529.mkr NEWFILE86
D:\GitHub\KVM\KVM_prototype\schemtic\sch\worklib\kvm_prototype\sch_1\page4.csa FILE87
D:\GitHub\KVM\KVM_prototype\schemtic\sch\worklib\kvm_prototype\sch_1\page4.csv FILE88
D:\GitHub\KVM\KVM_prototype\schemtic\sch\worklib\kvm_prototype\sch_1\pc.db FILE89
temp/xxnedtmp15/../crystal.mkr NEWFILE90
temp/xxnedtmp15/../adv7612bswz.mkr NEWFILE91
D:\GitHub\KVM\KVM_prototype\schemtic\sch\worklib\kvm_prototype\sch_1\page5.csa FILE92
D:\GitHub\KVM\KVM_prototype\schemtic\sch\worklib\kvm_prototype\sch_1\page5.csv FILE93
C:/Users/cpp8013/AppData/Local/Temp/con3D54.tmp FILE94
temp/xxnedtmp15/undo2.log NEWFILE95
C:/Users/cpp8013/AppData/Local/Temp/con8C4F.tmp FILE96
C:/Users/cpp8013/AppData/Local/Temp/conCE7D.tmp FILE97
C:/Users/cpp8013/AppData/Local/Temp/conDE95.tmp FILE98
