temp/xxnedtmp9/event.log NEWFILE1
temp/xxnedtmp9/text.log NEWFILE2
temp/xxnedtmp9/environ.log NEWFILE3
C:\Cadence\SPB_16.6\share\cdssetup/concept/concepthdl.scr FILE4
E:\GitHub\KVM_prototype\schemtic\sch\cds.lib FILE5
E:\GitHub\KVM_prototype\schemtic\sch\worklib\kvm_prototype\sch_1\page1.csb FILE6
E:\GitHub\KVM_prototype\schemtic\sch\worklib\kvm_prototype\sch_1\page1_csb.lck NEWFILE7
temp/xxnedtmp9/undo1.log NEWFILE8
C:\Cadence\SPB_16.6\share\library\standard\c#20size#20page\sym_1\symbol.css FILE9
E:\GitHub\KVM_prototype\schemtic\sch\worklib\kvm_prototype\sch_1\page1_csa.lck NEWFILE10
E:/GitHub/KVM_prototype/schemtic/sch/worklib/kvm_prototype/sch_1/kvm_prototype.xcon FILE11
E:/GitHub/KVM_prototype/schemtic/sch/worklib/kvm_prototype/sch_1/kvm_prototype.dcf FILE12
E:\GitHub\KVM_prototype\schemtic\sch\worklib\kvm_prototype\sch_1\page3.csb FILE13
E:\GitHub\KVM_prototype\schemtic\sch\worklib\kvm_prototype/images/2.jpg FILE14
E:\GitHub\KVM_prototype\schemtic\sch\worklib\kvm_prototype/images/1.jpg FILE15
E:\GitHub\KVM_prototype\schemtic\sch\worklib\kvm_prototype/images/4.jpg FILE16
E:\GitHub\KVM_prototype\schemtic\sch\worklib\kvm_prototype/images/3.jpg FILE17
E:\GitHub\KVM_prototype\schemtic\sch\worklib\kvm_prototype/images/5.jpg FILE18
E:\GitHub\KVM_prototype\schemtic\sch\worklib\kvm_prototype\sch_1\page3_csb.lck NEWFILE19
C:\Cadence\SPB_16.6\share\library\standard\gnd_signal\sym_1\symbol.css FILE20
E:\GitHub\KVM_prototype\schemtic\lib\worklib\r\sym_1\symbol.css FILE21
E:\GitHub\KVM_prototype\schemtic\lib\worklib\adp5053\sym_1\symbol.css FILE22
E:\GitHub\KVM_prototype\schemtic\lib\worklib\c\sym_1\symbol.css FILE23
E:\GitHub\KVM_prototype\schemtic\lib\worklib\cp\sym_1\symbol.css FILE24
E:\GitHub\KVM_prototype\schemtic\lib\worklib\l\sym_1\symbol.css FILE25
E:\GitHub\KVM_prototype\schemtic\lib\worklib\fds9926a\sym_2\symbol.css FILE26
E:\GitHub\KVM_prototype\schemtic\lib\worklib\fds9926a\sym_1\symbol.css FILE27
C:\Cadence\SPB_16.6\share\library\standard\inport\sym_1\symbol.css FILE28
E:\GitHub\KVM_prototype\schemtic\lib\worklib\resetkey\sym_1\symbol.css FILE29
C:\Cadence\SPB_16.6\share\library\standard\outport\sym_1\symbol.css FILE30
E:\GitHub\KVM_prototype\schemtic\lib\worklib\led_s\sym_1\symbol.css FILE31
E:\GitHub\KVM_prototype\schemtic\lib\worklib\npn\sym_1\symbol.css FILE32
D:/sys_temp/con9AD8.tmp FILE33
D:/sys_temp/conD682.tmp FILE34
D:/sys_temp/conD579.tmp FILE35
C:/Cadence/SPB_16.6/tools/language/config.dat FILE36
temp/xxnedtmp9/concept.mkr NEWFILE37
C:/Cadence/SPB_16.6/tools/language/pack_type_rename.dat NEWFILE38
temp/xxnedtmp9/../adp5053.mkr NEWFILE39
temp/xxnedtmp9/../c.mkr NEWFILE40
temp/xxnedtmp9/../r.mkr NEWFILE41
temp/xxnedtmp9/../gnd_signal.mkr NEWFILE42
temp/xxnedtmp9/../c#20size#20page.mkr NEWFILE43
temp/xxnedtmp9/../inport.mkr NEWFILE44
temp/xxnedtmp9/../l.mkr NEWFILE45
temp/xxnedtmp9/../resetkey.mkr NEWFILE46
temp/xxnedtmp9/../fds9926a.mkr NEWFILE47
temp/xxnedtmp9/../cp.mkr NEWFILE48
temp/xxnedtmp9/../outport.mkr NEWFILE49
temp/xxnedtmp9/../led_s.mkr NEWFILE50
temp/xxnedtmp9/../npn.mkr NEWFILE51
E:\GitHub\KVM_prototype\schemtic\sch\worklib\kvm_prototype\sch_1\page3.csa FILE52
E:\GitHub\KVM_prototype\schemtic\sch\worklib\kvm_prototype\sch_1\page3.csv FILE53
E:\GitHub\KVM_prototype\schemtic\sch\worklib\kvm_prototype\sch_1\pc.db FILE54
E:/GitHub/KVM_prototype/schemtic/sch/worklib/kvm_prototype/sch_1/kvm_prototype_xcon.lck NEWFILE55
E:/GitHub/KVM_prototype/schemtic/sch/worklib/kvm_prototype/sch_1/kvm_prototype_dcf.lck NEWFILE56
temp/xxnedtmp9/csnetlister.mkr NEWFILE57
E:\GitHub\KVM_prototype\schemtic\sch\worklib\kvm_prototype\sch_1\page4.csb FILE58
E:\GitHub\KVM_prototype\schemtic\sch\worklib\kvm_prototype\sch_1\page4_csb.lck NEWFILE59
E:\GitHub\KVM_prototype\schemtic\sch\worklib\kvm_prototype\sch_1\page3_csa.lck NEWFILE60
E:\GitHub\KVM_prototype\schemtic\lib\worklib\spx1117adj\sym_1\symbol.css FILE61
E:/GitHub/KVM_prototype/schemtic/mux/6.jpg FILE62
temp/xxnedtmp9/../spx1117adj.mkr NEWFILE63
E:\GitHub\KVM_prototype\schemtic\sch\worklib\kvm_prototype/images/6.jpg NEWFILE64
E:\GitHub\KVM_prototype\schemtic\sch\worklib\kvm_prototype\sch_1\page4.csa FILE65
E:\GitHub\KVM_prototype\schemtic\sch\worklib\kvm_prototype\sch_1\page4.csv FILE66
E:\GitHub\KVM_prototype\schemtic\sch\worklib\kvm_prototype\sch_1\page4_csa.lck NEWFILE67
D:/sys_temp/con1680.tmp FILE68
D:/sys_temp/con87F9.tmp FILE69
D:/sys_temp/conE594.tmp FILE70
D:/sys_temp/con2B6A.tmp FILE71
