temp/xxnedtmp10/event.log NEWFILE1
temp/xxnedtmp10/text.log NEWFILE2
temp/xxnedtmp10/environ.log NEWFILE3
C:\Cadence\SPB_16.6\share\cdssetup/concept/concepthdl.scr FILE4
E:\GitHub\KVM_prototype\schemtic\sch\cds.lib FILE5
E:\GitHub\KVM_prototype\schemtic\sch\worklib\kvm_prototype\sch_1\page1.csb FILE6
E:\GitHub\KVM_prototype\schemtic\sch\worklib\kvm_prototype\sch_1\page1_csb.lck NEWFILE7
temp/xxnedtmp10/undo1.log NEWFILE8
C:\Cadence\SPB_16.6\share\library\standard\c#20size#20page\sym_1\symbol.css FILE9
E:\GitHub\KVM_prototype\schemtic\sch\worklib\kvm_prototype\sch_1\page1_csa.lck NEWFILE10
E:/GitHub/KVM_prototype/schemtic/sch/worklib/kvm_prototype/sch_1/kvm_prototype.xcon FILE11
E:/GitHub/KVM_prototype/schemtic/sch/worklib/kvm_prototype/sch_1/kvm_prototype.dcf FILE12
E:\GitHub\KVM_prototype\schemtic\sch\worklib\kvm_prototype\sch_1\page3.csb FILE13
E:\GitHub\KVM_prototype\schemtic\sch\worklib\kvm_prototype/images/2.jpg FILE14
E:\GitHub\KVM_prototype\schemtic\sch\worklib\kvm_prototype/images/1.jpg FILE15
E:\GitHub\KVM_prototype\schemtic\sch\worklib\kvm_prototype/images/5.jpg FILE16
E:\GitHub\KVM_prototype\schemtic\sch\worklib\kvm_prototype/images/3.jpg FILE17
E:\GitHub\KVM_prototype\schemtic\sch\worklib\kvm_prototype/images/4.jpg FILE18
E:\GitHub\KVM_prototype\schemtic\sch\worklib\kvm_prototype\sch_1\page3_csb.lck FILE19
C:\Cadence\SPB_16.6\share\library\standard\gnd_signal\sym_1\symbol.css FILE20
E:\GitHub\KVM_prototype\schemtic\lib\worklib\r\sym_1\symbol.css FILE21
E:\GitHub\KVM_prototype\schemtic\lib\worklib\adp5053\sym_1\symbol.css FILE22
E:\GitHub\KVM_prototype\schemtic\lib\worklib\c\sym_1\symbol.css FILE23
E:\GitHub\KVM_prototype\schemtic\lib\worklib\cp\sym_1\symbol.css FILE24
E:\GitHub\KVM_prototype\schemtic\lib\worklib\l\sym_1\symbol.css FILE25
E:\GitHub\KVM_prototype\schemtic\lib\worklib\fds9926a\sym_2\symbol.css FILE26
E:\GitHub\KVM_prototype\schemtic\lib\worklib\fds9926a\sym_1\symbol.css FILE27
C:\Cadence\SPB_16.6\share\library\standard\inport\sym_1\symbol.css FILE28
E:\GitHub\KVM_prototype\schemtic\lib\worklib\resetkey\sym_1\symbol.css FILE29
C:\Cadence\SPB_16.6\share\library\standard\outport\sym_1\symbol.css FILE30
E:\GitHub\KVM_prototype\schemtic\lib\worklib\led_s\sym_1\symbol.css FILE31
E:\GitHub\KVM_prototype\schemtic\lib\worklib\npn\sym_1\symbol.css FILE32
E:\GitHub\KVM_prototype\schemtic\sch\worklib\kvm_prototype\sch_1\page4.csb FILE33
E:\GitHub\KVM_prototype\schemtic\sch\worklib\kvm_prototype/images/6.jpg FILE34
E:\GitHub\KVM_prototype\schemtic\sch\worklib\kvm_prototype\sch_1\page4_csb.lck NEWFILE35
E:\GitHub\KVM_prototype\schemtic\sch\worklib\kvm_prototype\sch_1\page3_csa.lck NEWFILE36
E:\GitHub\KVM_prototype\schemtic\lib\worklib\spx1117adj\sym_1\symbol.css FILE37
E:\GitHub\KVM_prototype\schemtic\sch\worklib\kvm_prototype\sch_1\page4_csa.lck NEWFILE38
C:/Cadence/SPB_16.6/tools/language/config.dat FILE39
temp/xxnedtmp10/concept.mkr NEWFILE40
C:/Cadence/SPB_16.6/tools/language/pack_type_rename.dat NEWFILE41
temp/xxnedtmp10/../c#20size#20page.mkr NEWFILE42
temp/xxnedtmp10/../r.mkr NEWFILE43
temp/xxnedtmp10/../gnd_signal.mkr NEWFILE44
temp/xxnedtmp10/../c.mkr NEWFILE45
temp/xxnedtmp10/../adp5053.mkr NEWFILE46
temp/xxnedtmp10/../inport.mkr NEWFILE47
temp/xxnedtmp10/../cp.mkr NEWFILE48
temp/xxnedtmp10/../l.mkr NEWFILE49
temp/xxnedtmp10/../fds9926a.mkr NEWFILE50
temp/xxnedtmp10/../resetkey.mkr NEWFILE51
temp/xxnedtmp10/../outport.mkr NEWFILE52
temp/xxnedtmp10/../led_s.mkr NEWFILE53
temp/xxnedtmp10/../npn.mkr NEWFILE54
E:\GitHub\KVM_prototype\schemtic\sch\worklib\kvm_prototype\sch_1\page3.csa FILE55
E:\GitHub\KVM_prototype\schemtic\sch\worklib\kvm_prototype\sch_1\page3.csv FILE56
E:\GitHub\KVM_prototype\schemtic\sch\worklib\kvm_prototype\sch_1\pc.db FILE57
E:/GitHub/KVM_prototype/schemtic/sch/worklib/kvm_prototype/sch_1/kvm_prototype_xcon.lck NEWFILE58
E:/GitHub/KVM_prototype/schemtic/sch/worklib/kvm_prototype/sch_1/kvm_prototype_dcf.lck NEWFILE59
temp/xxnedtmp10/csnetlister.mkr NEWFILE60
D:/sys_temp/con671C.tmp FILE61
D:/sys_temp/conF049.tmp FILE62
