	(Comment
		(Time 01/16/18,21:31:58)
		(User Administrator)
		(MsgId ECO_021)
		(Text "Package 88E1111 added to cell")
		(Param1 "88E1111")
	)
	(Comment
		(Time 01/16/18,22:13:30)
		(User Administrator)
		(MsgId ECO_081)
		(Text "Symbol sym_1 added to cell")
		(Param1 "sym_1")
	)
	(Comment
		(Time 01/16/18,22:37:47)
		(User Administrator)
		(MsgId ECO_081)
		(Text "Symbol sym_2 added to cell")
		(Param1 "sym_2")
	)
	(Comment
		(Time 01/16/18,22:38:19)
		(User Administrator)
		(MsgId ECO_082)
		(Text "Symbol sym_2 deleted from cell")
		(Param1 "sym_2")
	)
	(Comment
		(Time 01/16/18,22:38:44)
		(User Administrator)
		(MsgId ECO_082)
		(Text "Symbol sym_1 deleted from cell")
		(Param1 "sym_1")
	)
	(Comment
		(Time 01/16/18,22:38:49)
		(User Administrator)
		(MsgId ECO_081)
		(Text "Symbol sym_1 added to cell")
		(Param1 "sym_1")
	)
	(Comment
		(Time 01/16/18,22:38:49)
		(User Administrator)
		(MsgId ECO_081)
		(Text "Symbol sym_2 added to cell")
		(Param1 "sym_2")
	)
