temp/xxnedtmp22/event.log NEWFILE1
temp/xxnedtmp22/text.log NEWFILE2
temp/xxnedtmp22/environ.log NEWFILE3
C:\Cadence\SPB_16.6\share\cdssetup/concept/concepthdl.scr FILE4
E:\GitHub\KVM_prototype\schemtic\sch\cds.lib FILE5
E:\GitHub\KVM_prototype\schemtic\sch\worklib\kvm_prototype\sch_1\page1.csb FILE6
E:\GitHub\KVM_prototype\schemtic\sch\worklib\kvm_prototype\sch_1\page1_csb.lck NEWFILE7
temp/xxnedtmp22/undo1.log NEWFILE8
C:\Cadence\SPB_16.6\share\library\standard\c#20size#20page\sym_1\symbol.css FILE9
E:\GitHub\KVM_prototype\schemtic\sch\worklib\kvm_prototype\sch_1\page1_csa.lck NEWFILE10
E:/GitHub/KVM_prototype/schemtic/sch/worklib/kvm_prototype/sch_1/kvm_prototype.xcon FILE11
E:/GitHub/KVM_prototype/schemtic/sch/worklib/kvm_prototype/sch_1/kvm_prototype.dcf FILE12
E:\GitHub\KVM_prototype\schemtic\sch\worklib\kvm_prototype\sch_1\page11.csb FILE13
E:\GitHub\KVM_prototype\schemtic\sch\worklib\kvm_prototype/images/9.jpg FILE14
E:\GitHub\KVM_prototype\schemtic\sch\worklib\kvm_prototype/images/10.jpg FILE15
E:\GitHub\KVM_prototype\schemtic\sch\worklib\kvm_prototype\sch_1\page11_csb.lck FILE16
E:\GitHub\KVM_prototype\schemtic\lib\worklib\c\sym_1\symbol.css FILE17
E:\GitHub\KVM_prototype\schemtic\lib\worklib\lb\sym_1\symbol.css FILE18
C:\Cadence\SPB_16.6\share\library\standard\gnd_signal\sym_1\symbol.css FILE19
E:\GitHub\KVM_prototype\schemtic\lib\worklib\r\sym_1\symbol.css FILE20
E:\GitHub\KVM_prototype\schemtic\lib\worklib\led_s\sym_1\symbol.css FILE21
E:\GitHub\KVM_prototype\schemtic\lib\worklib\crystal\sym_1\symbol.css FILE22
E:\GitHub\KVM_prototype\schemtic\lib\worklib\88e1111\sym_2\symbol.css FILE23
E:\GitHub\KVM_prototype\schemtic\lib\worklib\88e1111\sym_1\symbol.css FILE24
C:/Cadence/SPB_16.6/tools/language/config.dat FILE25
temp/xxnedtmp22/concept.mkr NEWFILE26
C:/Cadence/SPB_16.6/tools/language/pack_type_rename.dat NEWFILE27
temp/xxnedtmp22/../r.mkr NEWFILE28
temp/xxnedtmp22/../gnd_signal.mkr NEWFILE29
temp/xxnedtmp22/../88e1111.mkr NEWFILE30
temp/xxnedtmp22/../c#20size#20page.mkr NEWFILE31
temp/xxnedtmp22/../c.mkr NEWFILE32
temp/xxnedtmp22/../lb.mkr NEWFILE33
temp/xxnedtmp22/../led_s.mkr NEWFILE34
temp/xxnedtmp22/../crystal.mkr NEWFILE35
E:\GitHub\KVM_prototype\schemtic\sch\worklib\kvm_prototype\sch_1\page11.csa FILE36
E:\GitHub\KVM_prototype\schemtic\sch\worklib\kvm_prototype\sch_1\page11.csv FILE37
E:/GitHub/KVM_prototype/schemtic/sch/worklib/kvm_prototype/sch_1/kvm_prototype_xcon.lck FILE38
E:/GitHub/KVM_prototype/schemtic/sch/worklib/kvm_prototype/sch_1/kvm_prototype_dcf.lck FILE39
temp/xxnedtmp22/csnetlister.mkr NEWFILE40
E:\GitHub\KVM_prototype\schemtic\sch\worklib\kvm_prototype\sch_1\page10.csb FILE41
E:\GitHub\KVM_prototype\schemtic\sch\worklib\kvm_prototype\sch_1\page10_csb.lck NEWFILE42
E:\GitHub\KVM_prototype\schemtic\sch\worklib\kvm_prototype\sch_1\page11_csa.lck NEWFILE43
E:\GitHub\KVM_prototype\schemtic\lib\worklib\rclamp0524p\sym_1\symbol.css FILE44
E:\GitHub\KVM_prototype\schemtic\lib\worklib\diode\sym_1\symbol.css FILE45
E:\GitHub\KVM_prototype\schemtic\lib\worklib\ao3400\sym_1\symbol.css FILE46
E:\GitHub\KVM_prototype\schemtic\lib\worklib\hdmi#2da\sym_1\symbol.css FILE47
D:/sys_temp/con1861.tmp FILE48
E:\GitHub\KVM_prototype\schemtic\sch\worklib\kvm_prototype\sch_1\page10_csa.lck NEWFILE49
D:/sys_temp/con985A.tmp FILE50
E:\GitHub\KVM_prototype\schemtic\sch\worklib\kvm_prototype\sch_1\pc.db FILE51
D:/sys_temp/conEA80.tmp FILE52
D:/sys_temp/con419.tmp FILE53
