temp/xxnedtmp57/event.log NEWFILE1
temp/xxnedtmp57/text.log NEWFILE2
temp/xxnedtmp57/environ.log NEWFILE3
C:\Cadence\SPB_16.6\share\cdssetup/concept/concepthdl.scr FILE4
D:\GitHub\KVM\KVM_prototype\schemtic\sch\cds.lib FILE5
D:\GitHub\KVM\KVM_prototype\schemtic\sch\worklib\kvm_prototype\sch_1\page1.csb FILE6
D:\GitHub\KVM\KVM_prototype\schemtic\sch\worklib\kvm_prototype\sch_1\page1_csb.lck NEWFILE7
temp/xxnedtmp57/undo1.log NEWFILE8
C:\Cadence\SPB_16.6\share\library\standard\c#20size#20page\sym_1\symbol.css FILE9
D:\GitHub\KVM\KVM_prototype\schemtic\sch\worklib\kvm_prototype\sch_1\page1_csa.lck NEWFILE10
D:/GitHub/KVM/KVM_prototype/schemtic/sch/worklib/kvm_prototype/sch_1/kvm_prototype.xcon FILE11
D:/GitHub/KVM/KVM_prototype/schemtic/sch/worklib/kvm_prototype/sch_1/kvm_prototype.dcf FILE12
D:\GitHub\KVM\KVM_prototype\schemtic\sch\worklib\kvm_prototype\sch_1\page2.csb FILE13
D:\GitHub\KVM\KVM_prototype\schemtic\sch\worklib\kvm_prototype\sch_1\page2_csb.lck NEWFILE14
D:\GitHub\KVM\KVM_prototype\schemtic\lib\worklib\diode\mbrd835l\sym_1\symbol.css FILE15
C:\Cadence\SPB_16.6\share\library\standard\gnd_signal\sym_1\symbol.css FILE16
D:\GitHub\KVM\KVM_prototype\schemtic\lib\worklib\connector\6pin\sym_1\symbol.css FILE17
D:\GitHub\KVM\KVM_prototype\schemtic\lib\worklib\others\wiper#2dsw\sym_1\symbol.css FILE18
D:\GitHub\KVM\KVM_prototype\schemtic\sch\worklib\kvm_prototype\sch_1\page2_csa.lck NEWFILE19
D:\GitHub\KVM\KVM_prototype\schemtic\sch\worklib\kvm_prototype\sch_1\page3.csb FILE20
D:\GitHub\KVM\KVM_prototype\schemtic\sch\worklib\kvm_prototype\sch_1\page3_csb.lck NEWFILE21
D:\GitHub\KVM\KVM_prototype\schemtic\sch\worklib\kvm_prototype\sch_1\page4.csb FILE22
D:\GitHub\KVM\KVM_prototype\schemtic\sch\worklib\kvm_prototype/images/5.jpg FILE23
D:\GitHub\KVM\KVM_prototype\schemtic\sch\worklib\kvm_prototype/images/3.jpg FILE24
D:\GitHub\KVM\KVM_prototype\schemtic\sch\worklib\kvm_prototype/images/2.jpg FILE25
D:\GitHub\KVM\KVM_prototype\schemtic\sch\worklib\kvm_prototype/images/1.jpg FILE26
D:\GitHub\KVM\KVM_prototype\schemtic\sch\worklib\kvm_prototype/images/4.jpg FILE27
D:\GitHub\KVM\KVM_prototype\schemtic\sch\worklib\kvm_prototype\sch_1\page4_csb.lck NEWFILE28
D:\GitHub\KVM\KVM_prototype\schemtic\sch\worklib\kvm_prototype\sch_1\page3_csa.lck NEWFILE29
D:\GitHub\KVM\KVM_prototype\schemtic\lib\worklib\resistor\r\sym_1\symbol.css FILE30
D:\GitHub\KVM\KVM_prototype\schemtic\lib\worklib\power\adp5053\sym_1\symbol.css FILE31
D:\GitHub\KVM\KVM_prototype\schemtic\lib\worklib\capcitor\c\sym_1\symbol.css FILE32
D:\GitHub\KVM\KVM_prototype\schemtic\lib\worklib\capcitor\cp\sym_1\symbol.css FILE33
D:\GitHub\KVM\KVM_prototype\schemtic\lib\worklib\inductor\l\sym_1\symbol.css FILE34
D:\GitHub\KVM\KVM_prototype\schemtic\lib\worklib\transistor\fds9926a\sym_2\symbol.css FILE35
D:\GitHub\KVM\KVM_prototype\schemtic\lib\worklib\transistor\fds9926a\sym_1\symbol.css FILE36
C:\Cadence\SPB_16.6\share\library\standard\inport\sym_1\symbol.css FILE37
D:\GitHub\KVM\KVM_prototype\schemtic\lib\worklib\switch\resetkey\sym_1\symbol.css FILE38
C:\Cadence\SPB_16.6\share\library\standard\outport\sym_1\symbol.css FILE39
D:\GitHub\KVM\KVM_prototype\schemtic\lib\worklib\diode\led_s\sym_1\symbol.css FILE40
D:\GitHub\KVM\KVM_prototype\schemtic\lib\worklib\transistor\npn\sym_1\symbol.css FILE41
D:\GitHub\KVM\KVM_prototype\schemtic\sch\worklib\kvm_prototype\sch_1\page4_csa.lck NEWFILE42
C:/Cadence/SPB_16.6/tools/language/config.dat FILE43
temp/xxnedtmp57/concept.mkr NEWFILE44
C:/Cadence/SPB_16.6/tools/language/pack_type_rename.dat NEWFILE45
temp/xxnedtmp57/../c#20size#20page.mkr NEWFILE46
temp/xxnedtmp57/../mbrd835l.mkr NEWFILE47
temp/xxnedtmp57/../gnd_signal.mkr NEWFILE48
temp/xxnedtmp57/../6pin.mkr NEWFILE49
temp/xxnedtmp57/../wiper#2dsw.mkr NEWFILE50
D:\GitHub\KVM\KVM_prototype\schemtic\sch\worklib\kvm_prototype\sch_1\page2.csa FILE51
D:\GitHub\KVM\KVM_prototype\schemtic\sch\worklib\kvm_prototype\sch_1\page2.csv FILE52
D:/GitHub/KVM/KVM_prototype/schemtic/sch/worklib/kvm_prototype/sch_1/kvm_prototype_xcon.lck NEWFILE53
D:/GitHub/KVM/KVM_prototype/schemtic/sch/worklib/kvm_prototype/sch_1/kvm_prototype_dcf.lck NEWFILE54
temp/xxnedtmp57/csnetlister.mkr NEWFILE55
