Allegro Design Entry HDL 16.6-p007 (v16-6-112F) 10/10/2012
Copyright 2011 Cadence Design Systems, Inc

WARNING(SPCOCN-1474): You must specify a window that contains a drawing.
WARNING(SPCOCN-1474): You must specify a window that contains a drawing.
WARNING(SPCOCN-1474): You must specify a window that contains a drawing.
WARNING(SPCOCN-1474): You must specify a window that contains a drawing.
WARNING(SPCOCN-1474): You must specify a window that contains a drawing.
WARNING(SPCOCN-1474): You must specify a window that contains a drawing.
WARNING(SPCOCN-1474): You must specify a window that contains a drawing.
WARNING(SPCOCN-2040): Specify the command "page forcereset all" to reset logical page numbers of all pages of this block.
WARNING(SPCOCN-1523): Invalid set option: <search_history_count>
INFO(SPCOCN-1177): Unexpected text: <5>
WARNING(SPCOCN-1523): Invalid set option: <search_history>
WARNING(SPCOCN-1523): Invalid set option: <search_toolbar_lookin>
INFO(SPCOCN-1177): Unexpected text: <PAGE>
WARNING(SPCOCN-1523): Invalid set option: <modify_quick_reset_filters>
INFO(SPCOCN-1177): Unexpected text: <OFF>
WARNING(SPCOCN-1523): Invalid set option: <hss_distribute_ports_count>
INFO(SPCOCN-1177): Unexpected text: <25>
WARNING(SPCOCN-1523): Invalid set option: <hss_distribute_port_pattern>
WARNING(SPCOCN-1523): Invalid set option: <hss_distribute_property_name>
WARNING(SPCOCN-1474): You must specify a window that contains a drawing.
WARNING(SPCOCN-1474): You must specify a window that contains a drawing.
WARNING(SPCOCN-1474): You must specify a window that contains a drawing.
WARNING(SPCOCN-1474): You must specify a window that contains a drawing.
WARNING(SPCOCN-1474): You must specify a window that contains a drawing.
WARNING(SPCOCN-1474): You must specify a window that contains a drawing.
INFO(SPCOCN-1737): Reading D:\GitHub\KVM\KVM_prototype\schemtic\sch\cds.lib file.
WARNING(SPCOCN-1474): You must specify a window that contains a drawing.
INFO(SPCOCN-1445): Reading KVM_PROTOTYPE.SCH.1.1 into drawing #1.
INFO(SPCOCN-195): The following file will be used to identify the list of modules to be excluded: 'C:\Cadence\SPB_16.6\share\cdssetup\xmodules.dat'.
INFO(SPCOCN-1445): Reading KVM_PROTOTYPE.SCH.1.1 into drawing #1.
INFO(SPCOCN-1445): Reading KVM_PROTOTYPE.SCH.1.2 into drawing #1.
INFO(SPCOCN-1445): Reading KVM_PROTOTYPE.SCH.1.1 into drawing #1.
INFO(SPCOCN-1445): Reading KVM_PROTOTYPE.SCH.1.2 into drawing #1.
INFO(SPCOCN-1445): Reading KVM_PROTOTYPE.SCH.1.3 into drawing #1.
INFO(SPCOCN-1445): Reading KVM_PROTOTYPE.SCH.1.4 into drawing #1.
WARNING(SPCOCN-1343): Design Name: <kvm_prototype_lib>KVM_PROTOTYPE.SCH.1.4Component R.SYM.1.1 not found in library kvm_matrix_lib, added from library resistor.
WARNING(SPCOCN-1343): Design Name: <kvm_prototype_lib>KVM_PROTOTYPE.SCH.1.4Component R.SYM.1.1 not found in library kvm_matrix_lib, added from library resistor.
WARNING(SPCOCN-1343): Design Name: <kvm_prototype_lib>KVM_PROTOTYPE.SCH.1.4Component R.SYM.1.1 not found in library kvm_matrix_lib, added from library resistor.
WARNING(SPCOCN-1343): Design Name: <kvm_prototype_lib>KVM_PROTOTYPE.SCH.1.4Component R.SYM.1.1 not found in library kvm_matrix_lib, added from library resistor.
WARNING(SPCOCN-1343): Design Name: <kvm_prototype_lib>KVM_PROTOTYPE.SCH.1.4Component R.SYM.1.1 not found in library kvm_matrix_lib, added from library resistor.
WARNING(SPCOCN-1343): Design Name: <kvm_prototype_lib>KVM_PROTOTYPE.SCH.1.4Component R.SYM.1.1 not found in library kvm_matrix_lib, added from library resistor.
WARNING(SPCOCN-1343): Design Name: <kvm_prototype_lib>KVM_PROTOTYPE.SCH.1.4Component R.SYM.1.1 not found in library kvm_matrix_lib, added from library resistor.
WARNING(SPCOCN-1343): Design Name: <kvm_prototype_lib>KVM_PROTOTYPE.SCH.1.4Component R.SYM.1.1 not found in library kvm_matrix_lib, added from library resistor.
WARNING(SPCOCN-1343): Design Name: <kvm_prototype_lib>KVM_PROTOTYPE.SCH.1.4Component R.SYM.1.1 not found in library kvm_matrix_lib, added from library resistor.
WARNING(SPCOCN-1343): Design Name: <kvm_prototype_lib>KVM_PROTOTYPE.SCH.1.4Component R.SYM.1.1 not found in library kvm_matrix_lib, added from library resistor.
WARNING(SPCOCN-1343): Design Name: <kvm_prototype_lib>KVM_PROTOTYPE.SCH.1.4Component R.SYM.1.1 not found in library kvm_matrix_lib, added from library resistor.
WARNING(SPCOCN-1343): Design Name: <kvm_prototype_lib>KVM_PROTOTYPE.SCH.1.4Component ADP5053.SYM.1.1 not found in library kvm_matrix_lib, added from library power.
WARNING(SPCOCN-1343): Design Name: <kvm_prototype_lib>KVM_PROTOTYPE.SCH.1.4Component C.SYM.1.1 not found in library kvm_matrix_lib, added from library capcitor.
WARNING(SPCOCN-1343): Design Name: <kvm_prototype_lib>KVM_PROTOTYPE.SCH.1.4Component C.SYM.1.1 not found in library kvm_matrix_lib, added from library capcitor.
WARNING(SPCOCN-1343): Design Name: <kvm_prototype_lib>KVM_PROTOTYPE.SCH.1.4Component CP.SYM.1.1 not found in library kvm_matrix_lib, added from library capcitor.
WARNING(SPCOCN-1343): Design Name: <kvm_prototype_lib>KVM_PROTOTYPE.SCH.1.4Component L.SYM.1.1 not found in library kvm_matrix_lib, added from library inductor.
WARNING(SPCOCN-1343): Design Name: <kvm_prototype_lib>KVM_PROTOTYPE.SCH.1.4Component C.SYM.1.1 not found in library kvm_matrix_lib, added from library capcitor.
WARNING(SPCOCN-1343): Design Name: <kvm_prototype_lib>KVM_PROTOTYPE.SCH.1.4Component C.SYM.1.1 not found in library kvm_matrix_lib, added from library capcitor.
WARNING(SPCOCN-1343): Design Name: <kvm_prototype_lib>KVM_PROTOTYPE.SCH.1.4Component L.SYM.1.1 not found in library kvm_matrix_lib, added from library inductor.
WARNING(SPCOCN-1343): Design Name: <kvm_prototype_lib>KVM_PROTOTYPE.SCH.1.4Component C.SYM.1.1 not found in library kvm_matrix_lib, added from library capcitor.
WARNING(SPCOCN-1343): Design Name: <kvm_prototype_lib>KVM_PROTOTYPE.SCH.1.4Component CP.SYM.1.1 not found in library kvm_matrix_lib, added from library capcitor.
WARNING(SPCOCN-1343): Design Name: <kvm_prototype_lib>KVM_PROTOTYPE.SCH.1.4Component L.SYM.1.1 not found in library kvm_matrix_lib, added from library inductor.
WARNING(SPCOCN-1343): Design Name: <kvm_prototype_lib>KVM_PROTOTYPE.SCH.1.4Component C.SYM.1.1 not found in library kvm_matrix_lib, added from library capcitor.
WARNING(SPCOCN-1343): Design Name: <kvm_prototype_lib>KVM_PROTOTYPE.SCH.1.4Component FDS9926A.SYM.1.1 not found in library kvm_matrix_lib, added from library transistor.
WARNING(SPCOCN-1343): Design Name: <kvm_prototype_lib>KVM_PROTOTYPE.SCH.1.4Component C.SYM.1.1 not found in library kvm_matrix_lib, added from library capcitor.
WARNING(SPCOCN-1343): Design Name: <kvm_prototype_lib>KVM_PROTOTYPE.SCH.1.4Component L.SYM.1.1 not found in library kvm_matrix_lib, added from library inductor.
WARNING(SPCOCN-1343): Design Name: <kvm_prototype_lib>KVM_PROTOTYPE.SCH.1.4Component R.SYM.1.1 not found in library kvm_matrix_lib, added from library resistor.
WARNING(SPCOCN-1343): Design Name: <kvm_prototype_lib>KVM_PROTOTYPE.SCH.1.4Component R.SYM.1.1 not found in library kvm_matrix_lib, added from library resistor.
WARNING(SPCOCN-1343): Design Name: <kvm_prototype_lib>KVM_PROTOTYPE.SCH.1.4Component C.SYM.1.1 not found in library kvm_matrix_lib, added from library capcitor.
WARNING(SPCOCN-1343): Design Name: <kvm_prototype_lib>KVM_PROTOTYPE.SCH.1.4Component R.SYM.1.1 not found in library kvm_matrix_lib, added from library resistor.
WARNING(SPCOCN-1343): Design Name: <kvm_prototype_lib>KVM_PROTOTYPE.SCH.1.4Component C.SYM.1.1 not found in library kvm_matrix_lib, added from library capcitor.
WARNING(SPCOCN-1343): Design Name: <kvm_prototype_lib>KVM_PROTOTYPE.SCH.1.4Component R.SYM.1.1 not found in library kvm_matrix_lib, added from library resistor.
WARNING(SPCOCN-1343): Design Name: <kvm_prototype_lib>KVM_PROTOTYPE.SCH.1.4Component R.SYM.1.1 not found in library kvm_matrix_lib, added from library resistor.
WARNING(SPCOCN-1343): Design Name: <kvm_prototype_lib>KVM_PROTOTYPE.SCH.1.4Component C.SYM.1.1 not found in library kvm_matrix_lib, added from library capcitor.
WARNING(SPCOCN-1343): Design Name: <kvm_prototype_lib>KVM_PROTOTYPE.SCH.1.4Component R.SYM.1.1 not found in library kvm_matrix_lib, added from library resistor.
WARNING(SPCOCN-1343): Design Name: <kvm_prototype_lib>KVM_PROTOTYPE.SCH.1.4Component R.SYM.1.1 not found in library kvm_matrix_lib, added from library resistor.
WARNING(SPCOCN-1343): Design Name: <kvm_prototype_lib>KVM_PROTOTYPE.SCH.1.4Component R.SYM.1.1 not found in library kvm_matrix_lib, added from library resistor.
WARNING(SPCOCN-1343): Design Name: <kvm_prototype_lib>KVM_PROTOTYPE.SCH.1.4Component C.SYM.1.1 not found in library kvm_matrix_lib, added from library capcitor.
WARNING(SPCOCN-1343): Design Name: <kvm_prototype_lib>KVM_PROTOTYPE.SCH.1.4Component R.SYM.1.1 not found in library kvm_matrix_lib, added from library resistor.
WARNING(SPCOCN-1343): Design Name: <kvm_prototype_lib>KVM_PROTOTYPE.SCH.1.4Component C.SYM.1.1 not found in library kvm_matrix_lib, added from library capcitor.
WARNING(SPCOCN-1343): Design Name: <kvm_prototype_lib>KVM_PROTOTYPE.SCH.1.4Component R.SYM.1.1 not found in library kvm_matrix_lib, added from library resistor.
WARNING(SPCOCN-1343): Design Name: <kvm_prototype_lib>KVM_PROTOTYPE.SCH.1.4Component R.SYM.1.1 not found in library kvm_matrix_lib, added from library resistor.
WARNING(SPCOCN-1343): Design Name: <kvm_prototype_lib>KVM_PROTOTYPE.SCH.1.4Component R.SYM.1.1 not found in library kvm_matrix_lib, added from library resistor.
WARNING(SPCOCN-1343): Design Name: <kvm_prototype_lib>KVM_PROTOTYPE.SCH.1.4Component R.SYM.1.1 not found in library kvm_matrix_lib, added from library resistor.
WARNING(SPCOCN-1343): Design Name: <kvm_prototype_lib>KVM_PROTOTYPE.SCH.1.4Component R.SYM.1.1 not found in library kvm_matrix_lib, added from library resistor.
WARNING(SPCOCN-1343): Design Name: <kvm_prototype_lib>KVM_PROTOTYPE.SCH.1.4Component C.SYM.1.1 not found in library kvm_matrix_lib, added from library capcitor.
WARNING(SPCOCN-1343): Design Name: <kvm_prototype_lib>KVM_PROTOTYPE.SCH.1.4Component C.SYM.1.1 not found in library kvm_matrix_lib, added from library capcitor.
WARNING(SPCOCN-1343): Design Name: <kvm_prototype_lib>KVM_PROTOTYPE.SCH.1.4Component R.SYM.1.1 not found in library kvm_matrix_lib, added from library resistor.
WARNING(SPCOCN-1343): Design Name: <kvm_prototype_lib>KVM_PROTOTYPE.SCH.1.4Component R.SYM.1.1 not found in library kvm_matrix_lib, added from library resistor.
WARNING(SPCOCN-1343): Design Name: <kvm_prototype_lib>KVM_PROTOTYPE.SCH.1.4Component R.SYM.1.1 not found in library kvm_matrix_lib, added from library resistor.
WARNING(SPCOCN-1343): Design Name: <kvm_prototype_lib>KVM_PROTOTYPE.SCH.1.4Component C.SYM.1.1 not found in library kvm_matrix_lib, added from library capcitor.
WARNING(SPCOCN-1343): Design Name: <kvm_prototype_lib>KVM_PROTOTYPE.SCH.1.4Component C.SYM.1.1 not found in library kvm_matrix_lib, added from library capcitor.
WARNING(SPCOCN-1343): Design Name: <kvm_prototype_lib>KVM_PROTOTYPE.SCH.1.4Component C.SYM.1.1 not found in library kvm_matrix_lib, added from library capcitor.
WARNING(SPCOCN-1343): Design Name: <kvm_prototype_lib>KVM_PROTOTYPE.SCH.1.4Component R.SYM.1.1 not found in library kvm_matrix_lib, added from library resistor.
WARNING(SPCOCN-1343): Design Name: <kvm_prototype_lib>KVM_PROTOTYPE.SCH.1.4Component C.SYM.1.1 not found in library kvm_matrix_lib, added from library capcitor.
WARNING(SPCOCN-1343): Design Name: <kvm_prototype_lib>KVM_PROTOTYPE.SCH.1.4Component R.SYM.1.1 not found in library kvm_matrix_lib, added from library resistor.
WARNING(SPCOCN-1343): Design Name: <kvm_prototype_lib>KVM_PROTOTYPE.SCH.1.4Component R.SYM.1.1 not found in library kvm_matrix_lib, added from library resistor.
WARNING(SPCOCN-1343): Design Name: <kvm_prototype_lib>KVM_PROTOTYPE.SCH.1.4Component R.SYM.1.1 not found in library kvm_matrix_lib, added from library resistor.
WARNING(SPCOCN-1343): Design Name: <kvm_prototype_lib>KVM_PROTOTYPE.SCH.1.4Component R.SYM.1.1 not found in library kvm_matrix_lib, added from library resistor.
WARNING(SPCOCN-1343): Design Name: <kvm_prototype_lib>KVM_PROTOTYPE.SCH.1.4Component R.SYM.1.1 not found in library kvm_matrix_lib, added from library resistor.
WARNING(SPCOCN-1343): Design Name: <kvm_prototype_lib>KVM_PROTOTYPE.SCH.1.4Component R.SYM.1.1 not found in library kvm_matrix_lib, added from library resistor.
WARNING(SPCOCN-1343): Design Name: <kvm_prototype_lib>KVM_PROTOTYPE.SCH.1.4Component R.SYM.1.1 not found in library kvm_matrix_lib, added from library resistor.
WARNING(SPCOCN-1343): Design Name: <kvm_prototype_lib>KVM_PROTOTYPE.SCH.1.4Component R.SYM.1.1 not found in library kvm_matrix_lib, added from library resistor.
WARNING(SPCOCN-1343): Design Name: <kvm_prototype_lib>KVM_PROTOTYPE.SCH.1.4Component R.SYM.1.1 not found in library kvm_matrix_lib, added from library resistor.
WARNING(SPCOCN-1343): Design Name: <kvm_prototype_lib>KVM_PROTOTYPE.SCH.1.4Component C.SYM.1.1 not found in library kvm_matrix_lib, added from library capcitor.
WARNING(SPCOCN-1343): Design Name: <kvm_prototype_lib>KVM_PROTOTYPE.SCH.1.4Component C.SYM.1.1 not found in library kvm_matrix_lib, added from library capcitor.
WARNING(SPCOCN-1343): Design Name: <kvm_prototype_lib>KVM_PROTOTYPE.SCH.1.4Component RESETKEY.SYM.1.1 not found in library kvm_matrix_lib, added from library switch.
WARNING(SPCOCN-1343): Design Name: <kvm_prototype_lib>KVM_PROTOTYPE.SCH.1.4Component R.SYM.1.1 not found in library kvm_matrix_lib, added from library resistor.
WARNING(SPCOCN-1343): Design Name: <kvm_prototype_lib>KVM_PROTOTYPE.SCH.1.4Component R.SYM.1.1 not found in library kvm_matrix_lib, added from library resistor.
WARNING(SPCOCN-1343): Design Name: <kvm_prototype_lib>KVM_PROTOTYPE.SCH.1.4Component R.SYM.1.1 not found in library kvm_matrix_lib, added from library resistor.
WARNING(SPCOCN-1343): Design Name: <kvm_prototype_lib>KVM_PROTOTYPE.SCH.1.4Component R.SYM.1.1 not found in library kvm_matrix_lib, added from library resistor.
WARNING(SPCOCN-1343): Design Name: <kvm_prototype_lib>KVM_PROTOTYPE.SCH.1.4Component R.SYM.1.1 not found in library kvm_matrix_lib, added from library resistor.
WARNING(SPCOCN-1343): Design Name: <kvm_prototype_lib>KVM_PROTOTYPE.SCH.1.4Component R.SYM.1.1 not found in library kvm_matrix_lib, added from library resistor.
WARNING(SPCOCN-1343): Design Name: <kvm_prototype_lib>KVM_PROTOTYPE.SCH.1.4Component R.SYM.1.1 not found in library kvm_matrix_lib, added from library resistor.
WARNING(SPCOCN-1343): Design Name: <kvm_prototype_lib>KVM_PROTOTYPE.SCH.1.4Component R.SYM.1.1 not found in library kvm_matrix_lib, added from library resistor.
WARNING(SPCOCN-1343): Design Name: <kvm_prototype_lib>KVM_PROTOTYPE.SCH.1.4Component R.SYM.1.1 not found in library kvm_matrix_lib, added from library resistor.
WARNING(SPCOCN-1343): Design Name: <kvm_prototype_lib>KVM_PROTOTYPE.SCH.1.4Component R.SYM.1.1 not found in library kvm_matrix_lib, added from library resistor.
WARNING(SPCOCN-1343): Design Name: <kvm_prototype_lib>KVM_PROTOTYPE.SCH.1.4Component R.SYM.1.1 not found in library kvm_matrix_lib, added from library resistor.
WARNING(SPCOCN-1343): Design Name: <kvm_prototype_lib>KVM_PROTOTYPE.SCH.1.4Component R.SYM.1.1 not found in library kvm_matrix_lib, added from library resistor.
WARNING(SPCOCN-1343): Design Name: <kvm_prototype_lib>KVM_PROTOTYPE.SCH.1.4Component R.SYM.1.1 not found in library kvm_matrix_lib, added from library resistor.
WARNING(SPCOCN-1343): Design Name: <kvm_prototype_lib>KVM_PROTOTYPE.SCH.1.4Component R.SYM.1.1 not found in library kvm_matrix_lib, added from library resistor.
WARNING(SPCOCN-1343): Design Name: <kvm_prototype_lib>KVM_PROTOTYPE.SCH.1.4Component R.SYM.1.1 not found in library kvm_matrix_lib, added from library resistor.
WARNING(SPCOCN-1343): Design Name: <kvm_prototype_lib>KVM_PROTOTYPE.SCH.1.4Component R.SYM.1.1 not found in library kvm_matrix_lib, added from library resistor.
WARNING(SPCOCN-1343): Design Name: <kvm_prototype_lib>KVM_PROTOTYPE.SCH.1.4Component R.SYM.1.1 not found in library kvm_matrix_lib, added from library resistor.
WARNING(SPCOCN-1343): Design Name: <kvm_prototype_lib>KVM_PROTOTYPE.SCH.1.4Component R.SYM.1.1 not found in library kvm_matrix_lib, added from library resistor.
WARNING(SPCOCN-1343): Design Name: <kvm_prototype_lib>KVM_PROTOTYPE.SCH.1.4Component LED_S.SYM.1.1 not found in library kvm_matrix_lib, added from library diode.
WARNING(SPCOCN-1343): Design Name: <kvm_prototype_lib>KVM_PROTOTYPE.SCH.1.4Component NPN.SYM.1.1 not found in library kvm_matrix_lib, added from library transistor.
INFO(SPCOCN-1445): Reading KVM_PROTOTYPE.SCH.1.2 into drawing #1.
INFO(SPCOCN-1070): Checking drawing...
INFO(SPCOCN-1024): Drawing not written.
INFO(SPCOCN-1070): Checking drawing...
INFO(SPCOCN-1028): writing <kvm_prototype_lib>KVM_PROTOTYPE.SCH.1.2:
INFO(SPCOCN-1044): writing binary file...
INFO(SPCOCN-1049): writing ASCII file...
INFO(SPCOCN-1727): Appending master.tag page27.csa with page2.csa
INFO(SPCOCN-1053): writing connectivity file...
INFO(SPCOCN-1054): ...written

CSDirect 16.6-p007 (v16-6-112F)

Netlisting block kvm_prototype

Processing page 2

No netlisting errors found. 

INFO(SPCOCN-1640): writing occurrence data...
INFO(SPCOCN-1054): ...written
INFO(SPCOCN-1070): Checking drawing...
INFO(SPCOCN-1024): Drawing not written.
INFO(SPCOCN-1001): Component: I14 selected.
