	(Comment
		(Time 12/18/17,21:41:43)
		(User Administrator)
		(MsgId ECO_021)
		(Text "Package FDS9926A added to cell")
		(Param1 "FDS9926A")
	)
	(Comment
		(Time 12/18/17,21:42:42)
		(User Administrator)
		(MsgId ECO_081)
		(Text "Symbol sym_1 added to cell")
		(Param1 "sym_1")
	)
	(Comment
		(Time 12/18/17,21:42:42)
		(User Administrator)
		(MsgId ECO_081)
		(Text "Symbol sym_2 added to cell")
		(Param1 "sym_2")
	)
	(Comment
		(Time 05/08/18,19:11:24)
		(User cdj)
		(MsgId ECO_151)
		(Text "Verilog wrapper vlog_model added to cell")
		(Param1 "vlog_model")
	)
	(Comment
		(Time 05/08/18,19:29:23)
		(User cdj)
		(MsgId ECO_151)
		(Text "Verilog wrapper vlog_model added to cell")
		(Param1 "vlog_model")
	)
