	(Comment
		(Time 03/02/18,14:15:08)
		(User cpp8013)
		(MsgId ECO_021)
		(Text "Package MTFC8GACAAAM-1M added to cell")
		(Param1 "MTFC8GACAAAM-1M")
	)
	(Comment
		(Time 03/02/18,15:28:57)
		(User cpp8013)
		(MsgId ECO_081)
		(Text "Symbol sym_1 added to cell")
		(Param1 "sym_1")
	)
	(Comment
		(Time 03/02/18,15:28:57)
		(User cpp8013)
		(MsgId ECO_081)
		(Text "Symbol sym_2 added to cell")
		(Param1 "sym_2")
	)
	(Comment
		(Time 03/02/18,15:28:57)
		(User cpp8013)
		(MsgId ECO_081)
		(Text "Symbol sym_3 added to cell")
		(Param1 "sym_3")
	)
