Allegro Design Entry HDL 16.6-p007 (v16-6-112F) 10/10/2012
Copyright 2011 Cadence Design Systems, Inc

WARNING(SPCOCN-1474): You must specify a window that contains a drawing.
WARNING(SPCOCN-1474): You must specify a window that contains a drawing.
WARNING(SPCOCN-1474): You must specify a window that contains a drawing.
WARNING(SPCOCN-1474): You must specify a window that contains a drawing.
WARNING(SPCOCN-1474): You must specify a window that contains a drawing.
WARNING(SPCOCN-1474): You must specify a window that contains a drawing.
WARNING(SPCOCN-1474): You must specify a window that contains a drawing.
WARNING(SPCOCN-2040): Specify the command "page forcereset all" to reset logical page numbers of all pages of this block.
WARNING(SPCOCN-1523): Invalid set option: <search_history_count>
INFO(SPCOCN-1177): Unexpected text: <5>
WARNING(SPCOCN-1523): Invalid set option: <search_history>
INFO(SPCOCN-1177): Unexpected text: <OSC*>
WARNING(SPCOCN-1523): Invalid set option: <search_toolbar_lookin>
INFO(SPCOCN-1177): Unexpected text: <PAGE>
WARNING(SPCOCN-1523): Invalid set option: <modify_quick_reset_filters>
INFO(SPCOCN-1177): Unexpected text: <OFF>
WARNING(SPCOCN-1523): Invalid set option: <hss_distribute_ports_count>
INFO(SPCOCN-1177): Unexpected text: <25>
WARNING(SPCOCN-1523): Invalid set option: <hss_distribute_port_pattern>
WARNING(SPCOCN-1523): Invalid set option: <hss_distribute_property_name>
WARNING(SPCOCN-1474): You must specify a window that contains a drawing.
WARNING(SPCOCN-1474): You must specify a window that contains a drawing.
WARNING(SPCOCN-1474): You must specify a window that contains a drawing.
WARNING(SPCOCN-1474): You must specify a window that contains a drawing.
WARNING(SPCOCN-1474): You must specify a window that contains a drawing.
WARNING(SPCOCN-1474): You must specify a window that contains a drawing.
INFO(SPCOCN-1737): Reading F:\Design_Projects\matrix_kvm\schemtic_backup20180504\sch\cds.lib file.
WARNING(SPCOCN-1474): You must specify a window that contains a drawing.
INFO(SPCOCN-1445): Reading KVM_PROTOTYPE.SCH.1.1 into drawing #1.
INFO(SPCOCN-195): The following file will be used to identify the list of modules to be excluded: 'E:\Cadence\SPB_16.6\share\cdssetup\xmodules.dat'.
INFO(SPCOCN-1445): Reading KVM_PROTOTYPE.SCH.1.1 into drawing #1.
INFO(SPCOCN-1445): Reading KVM_PROTOTYPE.SCH.1.1 into drawing #1.
INFO(SPCOCN-1445): Reading KVM_PROTOTYPE.SCH.1.2 into drawing #1.
INFO(SPCOCN-1445): Reading KVM_PROTOTYPE.SCH.1.3 into drawing #1.
INFO(SPCOCN-1445): Reading KVM_PROTOTYPE.SCH.1.4 into drawing #1.
INFO(SPCOCN-1445): Reading KVM_PROTOTYPE.SCH.1.5 into drawing #1.
INFO(SPCOCN-1445): Reading KVM_PROTOTYPE.SCH.1.6 into drawing #1.
INFO(SPCOCN-1445): Reading KVM_PROTOTYPE.SCH.1.7 into drawing #1.
INFO(SPCOCN-1445): Reading KVM_PROTOTYPE.SCH.1.8 into drawing #1.
INFO(SPCOCN-1445): Reading KVM_PROTOTYPE.SCH.1.9 into drawing #1.
INFO(SPCOCN-1445): Reading KVM_PROTOTYPE.SCH.1.10 into drawing #1.
INFO(SPCOCN-1445): Reading KVM_PROTOTYPE.SCH.1.11 into drawing #1.
INFO(SPCOCN-1445): Reading KVM_PROTOTYPE.SCH.1.12 into drawing #1.
INFO(SPCOCN-1445): Reading KVM_PROTOTYPE.SCH.1.13 into drawing #1.
INFO(SPCOCN-1445): Reading KVM_PROTOTYPE.SCH.1.14 into drawing #1.
INFO(SPCOCN-1445): Reading KVM_PROTOTYPE.SCH.1.15 into drawing #1.
INFO(SPCOCN-1445): Reading KVM_PROTOTYPE.SCH.1.16 into drawing #1.
INFO(SPCOCN-1445): Reading KVM_PROTOTYPE.SCH.1.17 into drawing #1.
INFO(SPCOCN-1445): Reading KVM_PROTOTYPE.SCH.1.18 into drawing #1.
INFO(SPCOCN-1445): Reading KVM_PROTOTYPE.SCH.1.19 into drawing #1.
INFO(SPCOCN-1445): Reading KVM_PROTOTYPE.SCH.1.20 into drawing #1.
INFO(SPCOCN-1445): Reading KVM_PROTOTYPE.SCH.1.21 into drawing #1.
INFO(SPCOCN-1445): Reading KVM_PROTOTYPE.SCH.1.22 into drawing #1.
INFO(SPCOCN-1445): Reading KVM_PROTOTYPE.SCH.1.23 into drawing #1.
INFO(SPCOCN-1445): Reading KVM_PROTOTYPE.SCH.1.24 into drawing #1.
INFO(SPCOCN-1445): Reading KVM_PROTOTYPE.SCH.1.25 into drawing #1.
INFO(SPCOCN-1445): Reading KVM_PROTOTYPE.SCH.1.26 into drawing #1.
INFO(SPCOCN-1445): Reading KVM_PROTOTYPE.SCH.1.27 into drawing #1.
INFO(SPCOCN-1445): Reading KVM_PROTOTYPE.SCH.1.28 into drawing #1.
INFO(SPCOCN-1445): Reading KVM_PROTOTYPE.SCH.1.29 into drawing #1.
INFO(SPCOCN-1445): Reading KVM_PROTOTYPE.SCH.1.30 into drawing #1.
INFO(SPCOCN-1445): Reading KVM_PROTOTYPE.SCH.1.31 into drawing #1.
INFO(SPCOCN-1445): Reading KVM_PROTOTYPE.SCH.1.32 into drawing #1.
INFO(SPCOCN-1445): Reading KVM_PROTOTYPE.SCH.1.33 into drawing #1.
INFO(SPCOCN-1445): Reading KVM_PROTOTYPE.SCH.1.34 into drawing #1.
INFO(SPCOCN-1445): Reading KVM_PROTOTYPE.SCH.1.35 into drawing #1.
INFO(SPCOCN-1445): Reading KVM_PROTOTYPE.SCH.1.36 into drawing #1.
INFO(SPCOCN-1445): Reading KVM_PROTOTYPE.SCH.1.37 into drawing #1.
INFO(SPCOCN-1445): Reading KVM_PROTOTYPE.SCH.1.38 into drawing #1.
INFO(SPCOCN-1445): Reading KVM_PROTOTYPE.SCH.1.39 into drawing #1.
INFO(SPCOCN-1445): Reading KVM_PROTOTYPE.SCH.1.40 into drawing #1.
INFO(SPCOCN-1445): Reading KVM_PROTOTYPE.SCH.1.41 into drawing #1.
INFO(SPCOCN-1445): Reading KVM_PROTOTYPE.SCH.1.42 into drawing #1.
INFO(SPCOCN-1445): Reading KVM_PROTOTYPE.SCH.1.43 into drawing #1.
INFO(SPCOCN-1445): Reading KVM_PROTOTYPE.SCH.1.44 into drawing #1.
INFO(SPCOCN-1445): Reading KVM_PROTOTYPE.SCH.1.45 into drawing #1.
INFO(SPCOCN-1445): Reading KVM_PROTOTYPE.SCH.1.46 into drawing #1.
INFO(SPCOCN-1445): Reading KVM_PROTOTYPE.SCH.1.47 into drawing #1.
INFO(SPCOCN-1445): Reading KVM_PROTOTYPE.SCH.1.48 into drawing #1.
INFO(SPCOCN-1445): Reading KVM_PROTOTYPE.SCH.1.49 into drawing #1.
INFO(SPCOCN-1445): Reading KVM_PROTOTYPE.SCH.1.50 into drawing #1.
INFO(SPCOCN-1445): Reading KVM_PROTOTYPE.SCH.1.51 into drawing #1.
INFO(SPCOCN-1445): Reading KVM_PROTOTYPE.SCH.1.52 into drawing #1.
INFO(SPCOCN-1445): Reading KVM_PROTOTYPE.SCH.1.53 into drawing #1.
INFO(SPCOCN-1445): Reading KVM_PROTOTYPE.SCH.1.54 into drawing #1.
INFO(SPCOCN-1445): Reading KVM_PROTOTYPE.SCH.1.55 into drawing #1.
INFO(SPCOCN-1445): Reading KVM_PROTOTYPE.SCH.1.56 into drawing #1.
INFO(SPCOCN-1445): Reading KVM_PROTOTYPE.SCH.1.57 into drawing #1.
INFO(SPCOCN-1445): Reading KVM_PROTOTYPE.SCH.1.58 into drawing #1.
INFO(SPCOCN-1445): Reading KVM_PROTOTYPE.SCH.1.59 into drawing #1.
INFO(SPCOCN-1445): Reading KVM_PROTOTYPE.SCH.1.60 into drawing #1.
INFO(SPCOCN-1445): Reading KVM_PROTOTYPE.SCH.1.61 into drawing #1.
INFO(SPCOCN-1445): Reading KVM_PROTOTYPE.SCH.1.62 into drawing #1.
INFO(SPCOCN-1445): Reading KVM_PROTOTYPE.SCH.1.63 into drawing #1.
INFO(SPCOCN-1445): Reading KVM_PROTOTYPE.SCH.1.64 into drawing #1.
INFO(SPCOCN-1445): Reading KVM_PROTOTYPE.SCH.1.65 into drawing #1.
INFO(SPCOCN-1445): Reading KVM_PROTOTYPE.SCH.1.66 into drawing #1.
INFO(SPCOCN-1445): Reading KVM_PROTOTYPE.SCH.1.67 into drawing #1.
INFO(SPCOCN-1445): Reading KVM_PROTOTYPE.SCH.1.68 into drawing #1.
INFO(SPCOCN-1445): Reading KVM_PROTOTYPE.SCH.1.69 into drawing #1.
INFO(SPCOCN-1445): Reading KVM_PROTOTYPE.SCH.1.70 into drawing #1.
INFO(SPCOCN-1445): Reading KVM_PROTOTYPE.SCH.1.71 into drawing #1.
INFO(SPCOCN-1445): Reading KVM_PROTOTYPE.SCH.1.72 into drawing #1.
INFO(SPCOCN-1445): Reading KVM_PROTOTYPE.SCH.1.73 into drawing #1.
INFO(SPCOCN-1445): Reading KVM_PROTOTYPE.SCH.1.1 into drawing #1.
INFO(SPCOCN-1445): Reading KVM_PROTOTYPE.SCH.1.16 into drawing #1.
INFO(SPCOCN-1445): Reading KVM_PROTOTYPE.SCH.1.1 into drawing #1.
INFO(SPCOCN-1445): Reading KVM_PROTOTYPE.SCH.1.2 into drawing #1.
INFO(SPCOCN-1445): Reading KVM_PROTOTYPE.SCH.1.3 into drawing #1.
INFO(SPCOCN-1445): Reading KVM_PROTOTYPE.SCH.1.4 into drawing #1.
INFO(SPCOCN-1445): Reading KVM_PROTOTYPE.SCH.1.5 into drawing #1.
INFO(SPCOCN-1445): Reading KVM_PROTOTYPE.SCH.1.6 into drawing #1.
INFO(SPCOCN-1445): Reading KVM_PROTOTYPE.SCH.1.7 into drawing #1.
INFO(SPCOCN-1445): Reading KVM_PROTOTYPE.SCH.1.8 into drawing #1.
INFO(SPCOCN-1445): Reading KVM_PROTOTYPE.SCH.1.9 into drawing #1.
INFO(SPCOCN-1445): Reading KVM_PROTOTYPE.SCH.1.10 into drawing #1.
INFO(SPCOCN-1445): Reading KVM_PROTOTYPE.SCH.1.11 into drawing #1.
INFO(SPCOCN-1445): Reading KVM_PROTOTYPE.SCH.1.12 into drawing #1.
INFO(SPCOCN-1445): Reading KVM_PROTOTYPE.SCH.1.13 into drawing #1.
INFO(SPCOCN-1445): Reading KVM_PROTOTYPE.SCH.1.14 into drawing #1.
INFO(SPCOCN-1445): Reading KVM_PROTOTYPE.SCH.1.15 into drawing #1.
INFO(SPCOCN-1445): Reading KVM_PROTOTYPE.SCH.1.16 into drawing #1.
INFO(SPCOCN-1445): Reading KVM_PROTOTYPE.SCH.1.17 into drawing #1.
INFO(SPCOCN-1445): Reading KVM_PROTOTYPE.SCH.1.18 into drawing #1.
INFO(SPCOCN-1445): Reading KVM_PROTOTYPE.SCH.1.19 into drawing #1.
INFO(SPCOCN-1445): Reading KVM_PROTOTYPE.SCH.1.20 into drawing #1.
INFO(SPCOCN-1445): Reading KVM_PROTOTYPE.SCH.1.21 into drawing #1.
INFO(SPCOCN-1445): Reading KVM_PROTOTYPE.SCH.1.22 into drawing #1.
INFO(SPCOCN-1445): Reading KVM_PROTOTYPE.SCH.1.23 into drawing #1.
INFO(SPCOCN-1445): Reading KVM_PROTOTYPE.SCH.1.24 into drawing #1.
INFO(SPCOCN-1445): Reading KVM_PROTOTYPE.SCH.1.25 into drawing #1.
INFO(SPCOCN-1445): Reading KVM_PROTOTYPE.SCH.1.26 into drawing #1.
INFO(SPCOCN-1445): Reading KVM_PROTOTYPE.SCH.1.27 into drawing #1.
INFO(SPCOCN-1445): Reading KVM_PROTOTYPE.SCH.1.28 into drawing #1.
INFO(SPCOCN-1445): Reading KVM_PROTOTYPE.SCH.1.29 into drawing #1.
INFO(SPCOCN-1445): Reading KVM_PROTOTYPE.SCH.1.30 into drawing #1.
INFO(SPCOCN-1445): Reading KVM_PROTOTYPE.SCH.1.31 into drawing #1.
INFO(SPCOCN-1445): Reading KVM_PROTOTYPE.SCH.1.32 into drawing #1.
INFO(SPCOCN-1445): Reading KVM_PROTOTYPE.SCH.1.33 into drawing #1.
INFO(SPCOCN-1445): Reading KVM_PROTOTYPE.SCH.1.34 into drawing #1.
INFO(SPCOCN-1445): Reading KVM_PROTOTYPE.SCH.1.35 into drawing #1.
INFO(SPCOCN-1445): Reading KVM_PROTOTYPE.SCH.1.36 into drawing #1.
INFO(SPCOCN-1445): Reading KVM_PROTOTYPE.SCH.1.37 into drawing #1.
INFO(SPCOCN-1445): Reading KVM_PROTOTYPE.SCH.1.38 into drawing #1.
INFO(SPCOCN-1445): Reading KVM_PROTOTYPE.SCH.1.39 into drawing #1.
INFO(SPCOCN-1445): Reading KVM_PROTOTYPE.SCH.1.40 into drawing #1.
INFO(SPCOCN-1445): Reading KVM_PROTOTYPE.SCH.1.41 into drawing #1.
INFO(SPCOCN-1445): Reading KVM_PROTOTYPE.SCH.1.42 into drawing #1.
INFO(SPCOCN-1445): Reading KVM_PROTOTYPE.SCH.1.43 into drawing #1.
INFO(SPCOCN-1445): Reading KVM_PROTOTYPE.SCH.1.44 into drawing #1.
INFO(SPCOCN-1445): Reading KVM_PROTOTYPE.SCH.1.45 into drawing #1.
INFO(SPCOCN-1445): Reading KVM_PROTOTYPE.SCH.1.46 into drawing #1.
INFO(SPCOCN-1445): Reading KVM_PROTOTYPE.SCH.1.47 into drawing #1.
INFO(SPCOCN-1445): Reading KVM_PROTOTYPE.SCH.1.48 into drawing #1.
INFO(SPCOCN-1445): Reading KVM_PROTOTYPE.SCH.1.49 into drawing #1.
INFO(SPCOCN-1445): Reading KVM_PROTOTYPE.SCH.1.50 into drawing #1.
INFO(SPCOCN-1445): Reading KVM_PROTOTYPE.SCH.1.51 into drawing #1.
INFO(SPCOCN-1445): Reading KVM_PROTOTYPE.SCH.1.52 into drawing #1.
INFO(SPCOCN-1445): Reading KVM_PROTOTYPE.SCH.1.53 into drawing #1.
INFO(SPCOCN-1445): Reading KVM_PROTOTYPE.SCH.1.54 into drawing #1.
INFO(SPCOCN-1445): Reading KVM_PROTOTYPE.SCH.1.55 into drawing #1.
INFO(SPCOCN-1445): Reading KVM_PROTOTYPE.SCH.1.56 into drawing #1.
INFO(SPCOCN-1445): Reading KVM_PROTOTYPE.SCH.1.57 into drawing #1.
INFO(SPCOCN-1445): Reading KVM_PROTOTYPE.SCH.1.58 into drawing #1.
INFO(SPCOCN-1445): Reading KVM_PROTOTYPE.SCH.1.59 into drawing #1.
INFO(SPCOCN-1445): Reading KVM_PROTOTYPE.SCH.1.60 into drawing #1.
INFO(SPCOCN-1445): Reading KVM_PROTOTYPE.SCH.1.61 into drawing #1.
INFO(SPCOCN-1445): Reading KVM_PROTOTYPE.SCH.1.62 into drawing #1.
INFO(SPCOCN-1445): Reading KVM_PROTOTYPE.SCH.1.63 into drawing #1.
INFO(SPCOCN-1445): Reading KVM_PROTOTYPE.SCH.1.64 into drawing #1.
INFO(SPCOCN-1445): Reading KVM_PROTOTYPE.SCH.1.65 into drawing #1.
INFO(SPCOCN-1445): Reading KVM_PROTOTYPE.SCH.1.66 into drawing #1.
INFO(SPCOCN-1445): Reading KVM_PROTOTYPE.SCH.1.67 into drawing #1.
INFO(SPCOCN-1445): Reading KVM_PROTOTYPE.SCH.1.68 into drawing #1.
INFO(SPCOCN-1445): Reading KVM_PROTOTYPE.SCH.1.69 into drawing #1.
INFO(SPCOCN-1445): Reading KVM_PROTOTYPE.SCH.1.70 into drawing #1.
INFO(SPCOCN-1445): Reading KVM_PROTOTYPE.SCH.1.71 into drawing #1.
INFO(SPCOCN-1445): Reading KVM_PROTOTYPE.SCH.1.72 into drawing #1.
INFO(SPCOCN-1445): Reading KVM_PROTOTYPE.SCH.1.73 into drawing #1.
INFO(SPCOCN-1445): Reading KVM_PROTOTYPE.SCH.1.1 into drawing #1.
INFO(SPCOCN-1445): Reading KVM_PROTOTYPE.SCH.1.27 into drawing #1.
INFO(SPCOCN-1001): Component: I22 selected.
INFO(SPCOCN-1001): Component: I22 selected.
INFO(SPCOCN-1445): Reading KVM_PROTOTYPE.SCH.1.67 into drawing #1.
INFO(SPCOCN-1445): Reading KVM_PROTOTYPE.SCH.1.72 into drawing #1.
INFO(SPCOCN-1445): Reading KVM_PROTOTYPE.SCH.1.1 into drawing #1.
INFO(SPCOCN-1445): Reading KVM_PROTOTYPE.SCH.1.2 into drawing #1.
INFO(SPCOCN-1445): Reading KVM_PROTOTYPE.SCH.1.3 into drawing #1.
INFO(SPCOCN-1445): Reading KVM_PROTOTYPE.SCH.1.4 into drawing #1.
INFO(SPCOCN-1445): Reading KVM_PROTOTYPE.SCH.1.5 into drawing #1.
INFO(SPCOCN-1445): Reading KVM_PROTOTYPE.SCH.1.6 into drawing #1.
INFO(SPCOCN-1445): Reading KVM_PROTOTYPE.SCH.1.7 into drawing #1.
INFO(SPCOCN-1445): Reading KVM_PROTOTYPE.SCH.1.8 into drawing #1.
INFO(SPCOCN-1445): Reading KVM_PROTOTYPE.SCH.1.9 into drawing #1.
INFO(SPCOCN-1445): Reading KVM_PROTOTYPE.SCH.1.10 into drawing #1.
INFO(SPCOCN-1445): Reading KVM_PROTOTYPE.SCH.1.11 into drawing #1.
INFO(SPCOCN-1445): Reading KVM_PROTOTYPE.SCH.1.12 into drawing #1.
INFO(SPCOCN-1445): Reading KVM_PROTOTYPE.SCH.1.13 into drawing #1.
INFO(SPCOCN-1445): Reading KVM_PROTOTYPE.SCH.1.14 into drawing #1.
INFO(SPCOCN-1445): Reading KVM_PROTOTYPE.SCH.1.15 into drawing #1.
INFO(SPCOCN-1445): Reading KVM_PROTOTYPE.SCH.1.16 into drawing #1.
INFO(SPCOCN-1445): Reading KVM_PROTOTYPE.SCH.1.17 into drawing #1.
INFO(SPCOCN-1445): Reading KVM_PROTOTYPE.SCH.1.18 into drawing #1.
INFO(SPCOCN-1445): Reading KVM_PROTOTYPE.SCH.1.19 into drawing #1.
INFO(SPCOCN-1445): Reading KVM_PROTOTYPE.SCH.1.20 into drawing #1.
INFO(SPCOCN-1445): Reading KVM_PROTOTYPE.SCH.1.21 into drawing #1.
INFO(SPCOCN-1445): Reading KVM_PROTOTYPE.SCH.1.22 into drawing #1.
INFO(SPCOCN-1445): Reading KVM_PROTOTYPE.SCH.1.23 into drawing #1.
INFO(SPCOCN-1445): Reading KVM_PROTOTYPE.SCH.1.24 into drawing #1.
INFO(SPCOCN-1445): Reading KVM_PROTOTYPE.SCH.1.25 into drawing #1.
INFO(SPCOCN-1445): Reading KVM_PROTOTYPE.SCH.1.26 into drawing #1.
INFO(SPCOCN-1445): Reading KVM_PROTOTYPE.SCH.1.27 into drawing #1.
INFO(SPCOCN-1445): Reading KVM_PROTOTYPE.SCH.1.28 into drawing #1.
INFO(SPCOCN-1445): Reading KVM_PROTOTYPE.SCH.1.29 into drawing #1.
INFO(SPCOCN-1445): Reading KVM_PROTOTYPE.SCH.1.30 into drawing #1.
INFO(SPCOCN-1445): Reading KVM_PROTOTYPE.SCH.1.31 into drawing #1.
INFO(SPCOCN-1445): Reading KVM_PROTOTYPE.SCH.1.32 into drawing #1.
INFO(SPCOCN-1445): Reading KVM_PROTOTYPE.SCH.1.33 into drawing #1.
INFO(SPCOCN-1445): Reading KVM_PROTOTYPE.SCH.1.34 into drawing #1.
INFO(SPCOCN-1445): Reading KVM_PROTOTYPE.SCH.1.35 into drawing #1.
INFO(SPCOCN-1445): Reading KVM_PROTOTYPE.SCH.1.36 into drawing #1.
INFO(SPCOCN-1445): Reading KVM_PROTOTYPE.SCH.1.37 into drawing #1.
INFO(SPCOCN-1445): Reading KVM_PROTOTYPE.SCH.1.38 into drawing #1.
INFO(SPCOCN-1445): Reading KVM_PROTOTYPE.SCH.1.39 into drawing #1.
INFO(SPCOCN-1445): Reading KVM_PROTOTYPE.SCH.1.40 into drawing #1.
INFO(SPCOCN-1445): Reading KVM_PROTOTYPE.SCH.1.41 into drawing #1.
INFO(SPCOCN-1445): Reading KVM_PROTOTYPE.SCH.1.42 into drawing #1.
INFO(SPCOCN-1445): Reading KVM_PROTOTYPE.SCH.1.43 into drawing #1.
INFO(SPCOCN-1445): Reading KVM_PROTOTYPE.SCH.1.44 into drawing #1.
INFO(SPCOCN-1445): Reading KVM_PROTOTYPE.SCH.1.45 into drawing #1.
INFO(SPCOCN-1445): Reading KVM_PROTOTYPE.SCH.1.46 into drawing #1.
INFO(SPCOCN-1445): Reading KVM_PROTOTYPE.SCH.1.47 into drawing #1.
INFO(SPCOCN-1445): Reading KVM_PROTOTYPE.SCH.1.48 into drawing #1.
INFO(SPCOCN-1445): Reading KVM_PROTOTYPE.SCH.1.49 into drawing #1.
INFO(SPCOCN-1445): Reading KVM_PROTOTYPE.SCH.1.50 into drawing #1.
INFO(SPCOCN-1445): Reading KVM_PROTOTYPE.SCH.1.51 into drawing #1.
INFO(SPCOCN-1445): Reading KVM_PROTOTYPE.SCH.1.52 into drawing #1.
INFO(SPCOCN-1445): Reading KVM_PROTOTYPE.SCH.1.53 into drawing #1.
INFO(SPCOCN-1445): Reading KVM_PROTOTYPE.SCH.1.54 into drawing #1.
INFO(SPCOCN-1445): Reading KVM_PROTOTYPE.SCH.1.55 into drawing #1.
INFO(SPCOCN-1445): Reading KVM_PROTOTYPE.SCH.1.56 into drawing #1.
INFO(SPCOCN-1445): Reading KVM_PROTOTYPE.SCH.1.57 into drawing #1.
INFO(SPCOCN-1445): Reading KVM_PROTOTYPE.SCH.1.58 into drawing #1.
INFO(SPCOCN-1445): Reading KVM_PROTOTYPE.SCH.1.59 into drawing #1.
INFO(SPCOCN-1445): Reading KVM_PROTOTYPE.SCH.1.60 into drawing #1.
INFO(SPCOCN-1445): Reading KVM_PROTOTYPE.SCH.1.61 into drawing #1.
INFO(SPCOCN-1445): Reading KVM_PROTOTYPE.SCH.1.62 into drawing #1.
INFO(SPCOCN-1445): Reading KVM_PROTOTYPE.SCH.1.63 into drawing #1.
INFO(SPCOCN-1445): Reading KVM_PROTOTYPE.SCH.1.64 into drawing #1.
INFO(SPCOCN-1445): Reading KVM_PROTOTYPE.SCH.1.65 into drawing #1.
INFO(SPCOCN-1445): Reading KVM_PROTOTYPE.SCH.1.66 into drawing #1.
INFO(SPCOCN-1445): Reading KVM_PROTOTYPE.SCH.1.67 into drawing #1.
INFO(SPCOCN-1445): Reading KVM_PROTOTYPE.SCH.1.68 into drawing #1.
INFO(SPCOCN-1445): Reading KVM_PROTOTYPE.SCH.1.69 into drawing #1.
INFO(SPCOCN-1445): Reading KVM_PROTOTYPE.SCH.1.70 into drawing #1.
INFO(SPCOCN-1445): Reading KVM_PROTOTYPE.SCH.1.71 into drawing #1.
INFO(SPCOCN-1445): Reading KVM_PROTOTYPE.SCH.1.72 into drawing #1.
INFO(SPCOCN-1445): Reading KVM_PROTOTYPE.SCH.1.73 into drawing #1.
INFO(SPCOCN-1445): Reading KVM_PROTOTYPE.SCH.1.1 into drawing #1.
INFO(SPCOCN-1445): Reading KVM_PROTOTYPE.SCH.1.59 into drawing #1.
INFO(SPCOCN-1001): Component: I96 selected.
INFO(SPCOCN-1445): Reading KVM_PROTOTYPE.SCH.1.59 into drawing #1.
INFO(SPCOCN-1445): Reading KVM_PROTOTYPE.SCH.1.1 into drawing #1.
INFO(SPCOCN-1445): Reading KVM_PROTOTYPE.SCH.1.2 into drawing #1.
INFO(SPCOCN-1445): Reading KVM_PROTOTYPE.SCH.1.3 into drawing #1.
INFO(SPCOCN-1445): Reading KVM_PROTOTYPE.SCH.1.4 into drawing #1.
INFO(SPCOCN-1445): Reading KVM_PROTOTYPE.SCH.1.5 into drawing #1.
INFO(SPCOCN-1445): Reading KVM_PROTOTYPE.SCH.1.6 into drawing #1.
INFO(SPCOCN-1445): Reading KVM_PROTOTYPE.SCH.1.7 into drawing #1.
INFO(SPCOCN-1445): Reading KVM_PROTOTYPE.SCH.1.8 into drawing #1.
INFO(SPCOCN-1445): Reading KVM_PROTOTYPE.SCH.1.9 into drawing #1.
INFO(SPCOCN-1445): Reading KVM_PROTOTYPE.SCH.1.10 into drawing #1.
INFO(SPCOCN-1445): Reading KVM_PROTOTYPE.SCH.1.11 into drawing #1.
INFO(SPCOCN-1445): Reading KVM_PROTOTYPE.SCH.1.12 into drawing #1.
INFO(SPCOCN-1445): Reading KVM_PROTOTYPE.SCH.1.13 into drawing #1.
INFO(SPCOCN-1445): Reading KVM_PROTOTYPE.SCH.1.14 into drawing #1.
INFO(SPCOCN-1445): Reading KVM_PROTOTYPE.SCH.1.15 into drawing #1.
INFO(SPCOCN-1445): Reading KVM_PROTOTYPE.SCH.1.16 into drawing #1.
INFO(SPCOCN-1445): Reading KVM_PROTOTYPE.SCH.1.17 into drawing #1.
INFO(SPCOCN-1445): Reading KVM_PROTOTYPE.SCH.1.18 into drawing #1.
INFO(SPCOCN-1445): Reading KVM_PROTOTYPE.SCH.1.19 into drawing #1.
INFO(SPCOCN-1445): Reading KVM_PROTOTYPE.SCH.1.20 into drawing #1.
INFO(SPCOCN-1445): Reading KVM_PROTOTYPE.SCH.1.21 into drawing #1.
INFO(SPCOCN-1445): Reading KVM_PROTOTYPE.SCH.1.22 into drawing #1.
INFO(SPCOCN-1445): Reading KVM_PROTOTYPE.SCH.1.23 into drawing #1.
INFO(SPCOCN-1445): Reading KVM_PROTOTYPE.SCH.1.24 into drawing #1.
INFO(SPCOCN-1445): Reading KVM_PROTOTYPE.SCH.1.25 into drawing #1.
INFO(SPCOCN-1445): Reading KVM_PROTOTYPE.SCH.1.26 into drawing #1.
INFO(SPCOCN-1445): Reading KVM_PROTOTYPE.SCH.1.27 into drawing #1.
INFO(SPCOCN-1445): Reading KVM_PROTOTYPE.SCH.1.28 into drawing #1.
INFO(SPCOCN-1445): Reading KVM_PROTOTYPE.SCH.1.29 into drawing #1.
INFO(SPCOCN-1445): Reading KVM_PROTOTYPE.SCH.1.30 into drawing #1.
INFO(SPCOCN-1445): Reading KVM_PROTOTYPE.SCH.1.31 into drawing #1.
INFO(SPCOCN-1445): Reading KVM_PROTOTYPE.SCH.1.32 into drawing #1.
INFO(SPCOCN-1445): Reading KVM_PROTOTYPE.SCH.1.33 into drawing #1.
INFO(SPCOCN-1445): Reading KVM_PROTOTYPE.SCH.1.34 into drawing #1.
INFO(SPCOCN-1445): Reading KVM_PROTOTYPE.SCH.1.35 into drawing #1.
INFO(SPCOCN-1445): Reading KVM_PROTOTYPE.SCH.1.36 into drawing #1.
INFO(SPCOCN-1445): Reading KVM_PROTOTYPE.SCH.1.37 into drawing #1.
INFO(SPCOCN-1445): Reading KVM_PROTOTYPE.SCH.1.38 into drawing #1.
INFO(SPCOCN-1445): Reading KVM_PROTOTYPE.SCH.1.39 into drawing #1.
INFO(SPCOCN-1445): Reading KVM_PROTOTYPE.SCH.1.40 into drawing #1.
INFO(SPCOCN-1445): Reading KVM_PROTOTYPE.SCH.1.41 into drawing #1.
INFO(SPCOCN-1445): Reading KVM_PROTOTYPE.SCH.1.42 into drawing #1.
INFO(SPCOCN-1445): Reading KVM_PROTOTYPE.SCH.1.43 into drawing #1.
INFO(SPCOCN-1445): Reading KVM_PROTOTYPE.SCH.1.44 into drawing #1.
INFO(SPCOCN-1445): Reading KVM_PROTOTYPE.SCH.1.45 into drawing #1.
INFO(SPCOCN-1445): Reading KVM_PROTOTYPE.SCH.1.46 into drawing #1.
INFO(SPCOCN-1445): Reading KVM_PROTOTYPE.SCH.1.47 into drawing #1.
INFO(SPCOCN-1445): Reading KVM_PROTOTYPE.SCH.1.48 into drawing #1.
INFO(SPCOCN-1445): Reading KVM_PROTOTYPE.SCH.1.49 into drawing #1.
INFO(SPCOCN-1445): Reading KVM_PROTOTYPE.SCH.1.50 into drawing #1.
INFO(SPCOCN-1445): Reading KVM_PROTOTYPE.SCH.1.51 into drawing #1.
INFO(SPCOCN-1445): Reading KVM_PROTOTYPE.SCH.1.52 into drawing #1.
INFO(SPCOCN-1445): Reading KVM_PROTOTYPE.SCH.1.53 into drawing #1.
INFO(SPCOCN-1445): Reading KVM_PROTOTYPE.SCH.1.54 into drawing #1.
INFO(SPCOCN-1445): Reading KVM_PROTOTYPE.SCH.1.55 into drawing #1.
INFO(SPCOCN-1445): Reading KVM_PROTOTYPE.SCH.1.56 into drawing #1.
INFO(SPCOCN-1445): Reading KVM_PROTOTYPE.SCH.1.57 into drawing #1.
INFO(SPCOCN-1445): Reading KVM_PROTOTYPE.SCH.1.58 into drawing #1.
INFO(SPCOCN-1445): Reading KVM_PROTOTYPE.SCH.1.59 into drawing #1.
INFO(SPCOCN-1445): Reading KVM_PROTOTYPE.SCH.1.60 into drawing #1.
INFO(SPCOCN-1445): Reading KVM_PROTOTYPE.SCH.1.61 into drawing #1.
INFO(SPCOCN-1445): Reading KVM_PROTOTYPE.SCH.1.62 into drawing #1.
INFO(SPCOCN-1445): Reading KVM_PROTOTYPE.SCH.1.63 into drawing #1.
INFO(SPCOCN-1445): Reading KVM_PROTOTYPE.SCH.1.64 into drawing #1.
INFO(SPCOCN-1445): Reading KVM_PROTOTYPE.SCH.1.65 into drawing #1.
INFO(SPCOCN-1445): Reading KVM_PROTOTYPE.SCH.1.66 into drawing #1.
INFO(SPCOCN-1445): Reading KVM_PROTOTYPE.SCH.1.67 into drawing #1.
INFO(SPCOCN-1445): Reading KVM_PROTOTYPE.SCH.1.68 into drawing #1.
INFO(SPCOCN-1445): Reading KVM_PROTOTYPE.SCH.1.69 into drawing #1.
INFO(SPCOCN-1445): Reading KVM_PROTOTYPE.SCH.1.70 into drawing #1.
INFO(SPCOCN-1445): Reading KVM_PROTOTYPE.SCH.1.71 into drawing #1.
INFO(SPCOCN-1445): Reading KVM_PROTOTYPE.SCH.1.72 into drawing #1.
INFO(SPCOCN-1445): Reading KVM_PROTOTYPE.SCH.1.73 into drawing #1.
INFO(SPCOCN-1445): Reading KVM_PROTOTYPE.SCH.1.1 into drawing #1.
INFO(SPCOCN-1445): Reading KVM_PROTOTYPE.SCH.1.2 into drawing #1.
INFO(SPCOCN-1445): Reading KVM_PROTOTYPE.SCH.1.3 into drawing #1.
INFO(SPCOCN-1445): Reading KVM_PROTOTYPE.SCH.1.4 into drawing #1.
INFO(SPCOCN-1445): Reading KVM_PROTOTYPE.SCH.1.5 into drawing #1.
INFO(SPCOCN-1445): Reading KVM_PROTOTYPE.SCH.1.6 into drawing #1.
INFO(SPCOCN-1445): Reading KVM_PROTOTYPE.SCH.1.7 into drawing #1.
INFO(SPCOCN-1445): Reading KVM_PROTOTYPE.SCH.1.8 into drawing #1.
INFO(SPCOCN-1445): Reading KVM_PROTOTYPE.SCH.1.9 into drawing #1.
INFO(SPCOCN-1445): Reading KVM_PROTOTYPE.SCH.1.10 into drawing #1.
INFO(SPCOCN-1445): Reading KVM_PROTOTYPE.SCH.1.11 into drawing #1.
INFO(SPCOCN-1445): Reading KVM_PROTOTYPE.SCH.1.12 into drawing #1.
INFO(SPCOCN-1445): Reading KVM_PROTOTYPE.SCH.1.13 into drawing #1.
INFO(SPCOCN-1445): Reading KVM_PROTOTYPE.SCH.1.14 into drawing #1.
INFO(SPCOCN-1445): Reading KVM_PROTOTYPE.SCH.1.15 into drawing #1.
INFO(SPCOCN-1445): Reading KVM_PROTOTYPE.SCH.1.16 into drawing #1.
INFO(SPCOCN-1445): Reading KVM_PROTOTYPE.SCH.1.17 into drawing #1.
INFO(SPCOCN-1445): Reading KVM_PROTOTYPE.SCH.1.18 into drawing #1.
INFO(SPCOCN-1445): Reading KVM_PROTOTYPE.SCH.1.19 into drawing #1.
INFO(SPCOCN-1445): Reading KVM_PROTOTYPE.SCH.1.20 into drawing #1.
INFO(SPCOCN-1445): Reading KVM_PROTOTYPE.SCH.1.21 into drawing #1.
INFO(SPCOCN-1445): Reading KVM_PROTOTYPE.SCH.1.22 into drawing #1.
INFO(SPCOCN-1445): Reading KVM_PROTOTYPE.SCH.1.23 into drawing #1.
INFO(SPCOCN-1445): Reading KVM_PROTOTYPE.SCH.1.24 into drawing #1.
INFO(SPCOCN-1445): Reading KVM_PROTOTYPE.SCH.1.25 into drawing #1.
INFO(SPCOCN-1445): Reading KVM_PROTOTYPE.SCH.1.26 into drawing #1.
INFO(SPCOCN-1445): Reading KVM_PROTOTYPE.SCH.1.27 into drawing #1.
INFO(SPCOCN-1445): Reading KVM_PROTOTYPE.SCH.1.28 into drawing #1.
INFO(SPCOCN-1445): Reading KVM_PROTOTYPE.SCH.1.29 into drawing #1.
INFO(SPCOCN-1445): Reading KVM_PROTOTYPE.SCH.1.30 into drawing #1.
INFO(SPCOCN-1445): Reading KVM_PROTOTYPE.SCH.1.31 into drawing #1.
INFO(SPCOCN-1445): Reading KVM_PROTOTYPE.SCH.1.32 into drawing #1.
INFO(SPCOCN-1445): Reading KVM_PROTOTYPE.SCH.1.33 into drawing #1.
INFO(SPCOCN-1445): Reading KVM_PROTOTYPE.SCH.1.34 into drawing #1.
INFO(SPCOCN-1445): Reading KVM_PROTOTYPE.SCH.1.35 into drawing #1.
INFO(SPCOCN-1445): Reading KVM_PROTOTYPE.SCH.1.36 into drawing #1.
INFO(SPCOCN-1445): Reading KVM_PROTOTYPE.SCH.1.37 into drawing #1.
INFO(SPCOCN-1445): Reading KVM_PROTOTYPE.SCH.1.38 into drawing #1.
INFO(SPCOCN-1445): Reading KVM_PROTOTYPE.SCH.1.39 into drawing #1.
INFO(SPCOCN-1445): Reading KVM_PROTOTYPE.SCH.1.40 into drawing #1.
INFO(SPCOCN-1445): Reading KVM_PROTOTYPE.SCH.1.41 into drawing #1.
INFO(SPCOCN-1445): Reading KVM_PROTOTYPE.SCH.1.42 into drawing #1.
INFO(SPCOCN-1445): Reading KVM_PROTOTYPE.SCH.1.43 into drawing #1.
INFO(SPCOCN-1445): Reading KVM_PROTOTYPE.SCH.1.44 into drawing #1.
INFO(SPCOCN-1445): Reading KVM_PROTOTYPE.SCH.1.45 into drawing #1.
INFO(SPCOCN-1445): Reading KVM_PROTOTYPE.SCH.1.46 into drawing #1.
INFO(SPCOCN-1445): Reading KVM_PROTOTYPE.SCH.1.47 into drawing #1.
INFO(SPCOCN-1445): Reading KVM_PROTOTYPE.SCH.1.48 into drawing #1.
INFO(SPCOCN-1445): Reading KVM_PROTOTYPE.SCH.1.49 into drawing #1.
INFO(SPCOCN-1445): Reading KVM_PROTOTYPE.SCH.1.50 into drawing #1.
INFO(SPCOCN-1445): Reading KVM_PROTOTYPE.SCH.1.51 into drawing #1.
INFO(SPCOCN-1445): Reading KVM_PROTOTYPE.SCH.1.52 into drawing #1.
INFO(SPCOCN-1445): Reading KVM_PROTOTYPE.SCH.1.53 into drawing #1.
INFO(SPCOCN-1445): Reading KVM_PROTOTYPE.SCH.1.54 into drawing #1.
INFO(SPCOCN-1445): Reading KVM_PROTOTYPE.SCH.1.55 into drawing #1.
INFO(SPCOCN-1445): Reading KVM_PROTOTYPE.SCH.1.56 into drawing #1.
INFO(SPCOCN-1445): Reading KVM_PROTOTYPE.SCH.1.57 into drawing #1.
INFO(SPCOCN-1445): Reading KVM_PROTOTYPE.SCH.1.58 into drawing #1.
INFO(SPCOCN-1445): Reading KVM_PROTOTYPE.SCH.1.59 into drawing #1.
INFO(SPCOCN-1445): Reading KVM_PROTOTYPE.SCH.1.60 into drawing #1.
INFO(SPCOCN-1445): Reading KVM_PROTOTYPE.SCH.1.61 into drawing #1.
INFO(SPCOCN-1445): Reading KVM_PROTOTYPE.SCH.1.62 into drawing #1.
INFO(SPCOCN-1445): Reading KVM_PROTOTYPE.SCH.1.63 into drawing #1.
INFO(SPCOCN-1445): Reading KVM_PROTOTYPE.SCH.1.64 into drawing #1.
INFO(SPCOCN-1445): Reading KVM_PROTOTYPE.SCH.1.65 into drawing #1.
INFO(SPCOCN-1445): Reading KVM_PROTOTYPE.SCH.1.66 into drawing #1.
INFO(SPCOCN-1445): Reading KVM_PROTOTYPE.SCH.1.67 into drawing #1.
INFO(SPCOCN-1445): Reading KVM_PROTOTYPE.SCH.1.68 into drawing #1.
INFO(SPCOCN-1445): Reading KVM_PROTOTYPE.SCH.1.69 into drawing #1.
INFO(SPCOCN-1445): Reading KVM_PROTOTYPE.SCH.1.70 into drawing #1.
INFO(SPCOCN-1445): Reading KVM_PROTOTYPE.SCH.1.71 into drawing #1.
INFO(SPCOCN-1445): Reading KVM_PROTOTYPE.SCH.1.72 into drawing #1.
INFO(SPCOCN-1445): Reading KVM_PROTOTYPE.SCH.1.73 into drawing #1.
INFO(SPCOCN-1445): Reading KVM_PROTOTYPE.SCH.1.1 into drawing #1.
INFO(SPCOCN-1445): Reading KVM_PROTOTYPE.SCH.1.56 into drawing #1.
INFO(SPCOCN-1001): Component: I1 selected.
INFO(SPCOCN-1445): Reading KVM_PROTOTYPE.SCH.1.56 into drawing #1.
INFO(SPCOCN-1001): Component: I1 selected.
INFO(SPCOCN-1507): Adding version 1 of part RJ45-GE-MAGNETICS from library connector
INFO(SPCOCN-1019): Save All completed.
