
CSDirect 16.6-p007 (v16-6-112F)
Netlisting block kvm_prototype
Processing page 81

ERROR(SPCOCD-113): Port is attached to an unnamed 
signal.
Object description:
 Page: 82  Instance: i59  Cell name: ioport  Pin: A 

ERROR(SPCOCD-113): Port is attached to an unnamed 
signal.
Object description:
 Page: 82  Instance: i58  Cell name: ioport  Pin: A 

ERROR(SPCOCD-113): Port is attached to an unnamed 
signal.
Object description:
 Page: 82  Instance: i57  Cell name: ioport  Pin: A 

ERROR(SPCOCD-113): Port is attached to an unnamed 
signal.
Object description:
 Page: 82  Instance: i56  Cell name: ioport  Pin: A 

ERROR(SPCOCD-113): Port is attached to an unnamed 
signal.
Object description:
 Page: 82  Instance: i52  Cell name: ioport  Pin: A 

ERROR(SPCOCD-113): Port is attached to an unnamed 
signal.
Object description:
 Page: 82  Instance: i51  Cell name: ioport  Pin: A 
WARNING(SPCOCD-565): Following pages are have netlisting errors: 79, 84, 85.
Save all the pages mentioned to view netlisting errors."
	
