
Log File Report from Page Management Commands
~~~~~~~~~~~~~~~~~~~~~~~~~~~~~~~~~~~~~~~~~~~~~

Current Design             :   @kvm_prototype_lib.kvm_prototype(sch_1)
Current Page List          :   1-96
Current Total Pages        :   96
Current Active Page        :   76



Mar 14 15:35:33 2018

---------------------------------------------
Command:   Page Move

   Pages to Move           :   96
   Move Location           :   76


Details:   Page Move

    1. Page Move      96    97  
    2. Page Move      95    96  
    3. Page Move      94    95  
    4. Page Move      93    94  
    5. Page Move      92    93  
    6. Page Move      91    92  
    7. Page Move      90    91  
    8. Page Move      89    90  
    9. Page Move      88    89  
   10. Page Move      87    88  
   11. Page Move      86    87  
   12. Page Move      85    86  
   13. Page Move      84    85  
   14. Page Move      83    84  
   15. Page Move      82    83  
   16. Page Move      81    82  
   17. Page Move      80    81  
   18. Page Move      79    80  
   19. Page Move      78    79  
   20. Page Move      77    78  
   21. Page Edit      98  
   22. Page Move      76    77  
   23. Page Edit      77  
   24. Page Move      97    76  


Results:   Page Move

   Ending Page List        :   1-96
   Ending Total Pages      :   96
   Active Page             :   77


---------------------------------------------
Summary:

    Status                 :  Successful Completion!
    Initial Page Count     :  96
    Final Page Count       :  96

    Start Time             :  Mar 14 15:35:33 2018
    End Time               :  Mar 14 15:35:37 2018
    Elapsed Time           :  00:00:04  (hrs:min:sec)

