	(Comment
		(Time 02/26/18,10:44:05)
		(User cpp8013)
		(MsgId ECO_021)
		(Text "Package PCIE_X16 added to cell")
		(Param1 "PCIE_X16")
	)
	(Comment
		(Time 02/26/18,10:54:54)
		(User cpp8013)
		(MsgId ECO_081)
		(Text "Symbol sym_1 added to cell")
		(Param1 "sym_1")
	)
	(Comment
		(Time 02/26/18,10:54:54)
		(User cpp8013)
		(MsgId ECO_081)
		(Text "Symbol sym_2 added to cell")
		(Param1 "sym_2")
	)
	(Comment
		(Time 02/26/18,10:54:54)
		(User cpp8013)
		(MsgId ECO_081)
		(Text "Symbol sym_3 added to cell")
		(Param1 "sym_3")
	)
