temp/xxnedtmp12/event.log NEWFILE1
temp/xxnedtmp12/text.log NEWFILE2
temp/xxnedtmp12/environ.log NEWFILE3
C:\Cadence\SPB_16.6\share\cdssetup/concept/concepthdl.scr FILE4
E:\GitHub\KVM_prototype\schemtic\sch\cds.lib FILE5
E:\GitHub\KVM_prototype\schemtic\sch\worklib\kvm_prototype\sch_1\page1.csb FILE6
E:\GitHub\KVM_prototype\schemtic\sch\worklib\kvm_prototype\sch_1\page1_csb.lck NEWFILE7
temp/xxnedtmp12/undo1.log NEWFILE8
C:\Cadence\SPB_16.6\share\library\standard\c#20size#20page\sym_1\symbol.css FILE9
E:\GitHub\KVM_prototype\schemtic\sch\worklib\kvm_prototype\sch_1\page1_csa.lck NEWFILE10
E:/GitHub/KVM_prototype/schemtic/sch/worklib/kvm_prototype/sch_1/kvm_prototype.xcon FILE11
E:/GitHub/KVM_prototype/schemtic/sch/worklib/kvm_prototype/sch_1/kvm_prototype.dcf FILE12
E:\GitHub\KVM_prototype\schemtic\sch\worklib\kvm_prototype\sch_1\page7.csb FILE13
E:\GitHub\KVM_prototype\schemtic\sch\worklib\kvm_prototype\sch_1\page7_csb.lck NEWFILE14
E:\GitHub\KVM_prototype\schemtic\lib\worklib\hdmi#2da\sym_1\symbol.css FILE15
E:\GitHub\KVM_prototype\schemtic\sch\worklib\kvm_prototype\sch_1\page2.csb FILE16
E:\GitHub\KVM_prototype\schemtic\sch\worklib\kvm_prototype\sch_1\page2_csb.lck NEWFILE17
E:\GitHub\KVM_prototype\schemtic\sch\worklib\kvm_prototype\sch_1\page7_csa.lck NEWFILE18
E:\GitHub\KVM_prototype\schemtic\sch\worklib\kvm_prototype\sch_1\page3.csb FILE19
E:\GitHub\KVM_prototype\schemtic\sch\worklib\kvm_prototype/images/5.jpg FILE20
E:\GitHub\KVM_prototype\schemtic\sch\worklib\kvm_prototype/images/3.jpg FILE21
E:\GitHub\KVM_prototype\schemtic\sch\worklib\kvm_prototype/images/4.jpg FILE22
E:\GitHub\KVM_prototype\schemtic\sch\worklib\kvm_prototype/images/1.jpg FILE23
E:\GitHub\KVM_prototype\schemtic\sch\worklib\kvm_prototype/images/2.jpg FILE24
E:\GitHub\KVM_prototype\schemtic\sch\worklib\kvm_prototype\sch_1\page3_csb.lck NEWFILE25
E:\GitHub\KVM_prototype\schemtic\sch\worklib\kvm_prototype\sch_1\page2_csa.lck NEWFILE26
C:\Cadence\SPB_16.6\share\library\standard\gnd_signal\sym_1\symbol.css FILE27
E:\GitHub\KVM_prototype\schemtic\lib\worklib\r\sym_1\symbol.css FILE28
E:\GitHub\KVM_prototype\schemtic\lib\worklib\adp5053\sym_1\symbol.css FILE29
E:\GitHub\KVM_prototype\schemtic\lib\worklib\c\sym_1\symbol.css FILE30
E:\GitHub\KVM_prototype\schemtic\lib\worklib\cp\sym_1\symbol.css FILE31
E:\GitHub\KVM_prototype\schemtic\lib\worklib\l\sym_1\symbol.css FILE32
E:\GitHub\KVM_prototype\schemtic\lib\worklib\fds9926a\sym_2\symbol.css FILE33
E:\GitHub\KVM_prototype\schemtic\lib\worklib\fds9926a\sym_1\symbol.css FILE34
C:\Cadence\SPB_16.6\share\library\standard\inport\sym_1\symbol.css FILE35
E:\GitHub\KVM_prototype\schemtic\lib\worklib\resetkey\sym_1\symbol.css FILE36
C:\Cadence\SPB_16.6\share\library\standard\outport\sym_1\symbol.css FILE37
E:\GitHub\KVM_prototype\schemtic\lib\worklib\led_s\sym_1\symbol.css FILE38
E:\GitHub\KVM_prototype\schemtic\lib\worklib\npn\sym_1\symbol.css FILE39
E:\GitHub\KVM_prototype\schemtic\sch\worklib\kvm_prototype\sch_1\page4.csb FILE40
E:\GitHub\KVM_prototype\schemtic\sch\worklib\kvm_prototype/images/6_0.jpg FILE41
E:\GitHub\KVM_prototype\schemtic\sch\worklib\kvm_prototype\sch_1\page4_csb.lck NEWFILE42
E:\GitHub\KVM_prototype\schemtic\sch\worklib\kvm_prototype\sch_1\page3_csa.lck NEWFILE43
E:\GitHub\KVM_prototype\schemtic\lib\worklib\ncp1529\sym_1\symbol.css FILE44
E:\GitHub\KVM_prototype\schemtic\sch\worklib\kvm_prototype\sch_1\page5.csb FILE45
E:\GitHub\KVM_prototype\schemtic\sch\worklib\kvm_prototype\sch_1\page5_csb.lck NEWFILE46
E:\GitHub\KVM_prototype\schemtic\sch\worklib\kvm_prototype\sch_1\page4_csa.lck NEWFILE47
E:\GitHub\KVM_prototype\schemtic\lib\worklib\lb\sym_1\symbol.css FILE48
E:\GitHub\KVM_prototype\schemtic\lib\worklib\adv7612bswz\sym_1\symbol.css FILE49
D:/sys_temp/con5B58.tmp FILE50
D:/sys_temp/conBEEC.tmp FILE51
D:/sys_temp/conF1CF.tmp FILE52
D:/sys_temp/con56F8.tmp FILE53
C:/Cadence/SPB_16.6/tools/language/config.dat FILE54
temp/xxnedtmp12/concept.mkr NEWFILE55
C:/Cadence/SPB_16.6/tools/language/pack_type_rename.dat NEWFILE56
temp/xxnedtmp12/../c#20size#20page.mkr NEWFILE57
temp/xxnedtmp12/../c.mkr NEWFILE58
temp/xxnedtmp12/../lb.mkr NEWFILE59
temp/xxnedtmp12/../gnd_signal.mkr NEWFILE60
temp/xxnedtmp12/../adv7612bswz.mkr NEWFILE61
E:\GitHub\KVM_prototype\schemtic\sch\worklib\kvm_prototype\sch_1\page5.csa FILE62
E:\GitHub\KVM_prototype\schemtic\sch\worklib\kvm_prototype\sch_1\page5.csv FILE63
E:\GitHub\KVM_prototype\schemtic\sch\worklib\kvm_prototype\sch_1\pc.db FILE64
E:/GitHub/KVM_prototype/schemtic/sch/worklib/kvm_prototype/sch_1/kvm_prototype_xcon.lck NEWFILE65
E:/GitHub/KVM_prototype/schemtic/sch/worklib/kvm_prototype/sch_1/kvm_prototype_dcf.lck NEWFILE66
temp/xxnedtmp12/csnetlister.mkr NEWFILE67
D:/sys_temp/con1826.tmp FILE68
D:/sys_temp/con42EE.tmp FILE69
D:/sys_temp/con5CB6.tmp FILE70
D:/sys_temp/con6770.tmp FILE71
D:/sys_temp/conAFE6.tmp FILE72
D:/sys_temp/con1B08.tmp FILE73
D:/sys_temp/con40A2.tmp FILE74
D:/sys_temp/con4D8E.tmp FILE75
D:/sys_temp/con5EED.tmp FILE76
D:/sys_temp/con7E8F.tmp FILE77
D:/sys_temp/conBE6D.tmp FILE78
D:/sys_temp/con33A.tmp FILE79
D:/sys_temp/con992.tmp FILE80
D:/sys_temp/con5C44.tmp FILE81
D:/sys_temp/con66B1.tmp FILE82
D:/sys_temp/con7938.tmp FILE83
D:/sys_temp/con8866.tmp FILE84
D:/sys_temp/con966B.tmp FILE85
D:/sys_temp/conA96F.tmp FILE86
D:/sys_temp/conB83F.tmp FILE87
D:/sys_temp/conC5D6.tmp FILE88
D:/sys_temp/conD87D.tmp FILE89
D:/sys_temp/conF4B5.tmp FILE90
