	(Comment
		(Time 12/14/17,22:11:12)
		(User Administrator)
		(MsgId ECO_021)
		(Text "Package ADP5053 added to cell")
		(Param1 "ADP5053")
	)
	(Comment
		(Time 12/14/17,22:41:43)
		(User Administrator)
		(MsgId ECO_081)
		(Text "Symbol sym_1 added to cell")
		(Param1 "sym_1")
	)
	(Comment
		(Time 12/14/17,22:41:43)
		(User Administrator)
		(MsgId ECO_081)
		(Text "Symbol sym_2 added to cell")
		(Param1 "sym_2")
	)
	(Comment
		(Time 12/14/17,22:41:43)
		(User Administrator)
		(MsgId ECO_081)
		(Text "Symbol sym_3 added to cell")
		(Param1 "sym_3")
	)
	(Comment
		(Time 12/14/17,22:41:43)
		(User Administrator)
		(MsgId ECO_081)
		(Text "Symbol sym_4 added to cell")
		(Param1 "sym_4")
	)
	(Comment
		(Time 12/14/17,22:41:43)
		(User Administrator)
		(MsgId ECO_081)
		(Text "Symbol sym_5 added to cell")
		(Param1 "sym_5")
	)
