	(Comment
		(Time 03/05/18,16:35:19)
		(User cpp8013)
		(MsgId ECO_021)
		(Text "Package RJ45-GE-MAGNETICS added to cell")
		(Param1 "RJ45-GE-MAGNETICS")
	)
	(Comment
		(Time 03/05/18,16:35:58)
		(User cpp8013)
		(MsgId ECO_081)
		(Text "Symbol sym_1 added to cell")
		(Param1 "sym_1")
	)
	(Comment
		(Time 05/09/18,14:46:01)
		(User cdj)
		(MsgId ECO_151)
		(Text "Verilog wrapper vlog_model added to cell")
		(Param1 "vlog_model")
	)
	(Comment
		(Time 05/09/18,15:13:30)
		(User cdj)
		(MsgId ECO_151)
		(Text "Verilog wrapper vlog_model added to cell")
		(Param1 "vlog_model")
	)
