FILE_TYPE=LIBRARY_PARTS;
primitive 'ADV7612BSWZ';
  pin
    'CVDD':
      PIN_NUMBER='(0,1)';
      PINUSE='POWER';
      NO_LOAD_CHECK='BOTH';
      NO_IO_CHECK='BOTH';
      ALLOW_CONNECT='TRUE';
    'RXA_C-':
      PIN_NUMBER='(0,2)';
      INPUT_LOAD='(-0.01,0.01)';
    'RXA_C+':
      PIN_NUMBER='(0,3)';
      INPUT_LOAD='(-0.01,0.01)';
    'TVDD':
      PIN_NUMBER='(0,4)';
      PINUSE='POWER';
      NO_LOAD_CHECK='BOTH';
      NO_IO_CHECK='BOTH';
      ALLOW_CONNECT='TRUE';
    'RXA_0-':
      PIN_NUMBER='(0,5)';
      INPUT_LOAD='(-0.01,0.01)';
    'RXA_0+':
      PIN_NUMBER='(0,6)';
      INPUT_LOAD='(-0.01,0.01)';
    'TVDD_2':
      PIN_NUMBER='(0,7)';
      PINUSE='POWER';
      NO_LOAD_CHECK='BOTH';
      NO_IO_CHECK='BOTH';
      ALLOW_CONNECT='TRUE';
    'RXA_1-':
      PIN_NUMBER='(0,8)';
      INPUT_LOAD='(-0.01,0.01)';
    'RXA_1+':
      PIN_NUMBER='(0,9)';
      INPUT_LOAD='(-0.01,0.01)';
    'TVDD_3':
      PIN_NUMBER='(0,10)';
      PINUSE='POWER';
      NO_LOAD_CHECK='BOTH';
      NO_IO_CHECK='BOTH';
      ALLOW_CONNECT='TRUE';
    'RXA_2-':
      PIN_NUMBER='(0,11)';
      INPUT_LOAD='(-0.01,0.01)';
    'RXA_2+':
      PIN_NUMBER='(0,12)';
      INPUT_LOAD='(-0.01,0.01)';
    'CVDD_2':
      PIN_NUMBER='(0,13)';
      PINUSE='POWER';
      NO_LOAD_CHECK='BOTH';
      NO_IO_CHECK='BOTH';
      ALLOW_CONNECT='TRUE';
    'RXB_C-':
      PIN_NUMBER='(0,14)';
      INPUT_LOAD='(-0.01,0.01)';
    'RXB_C+':
      PIN_NUMBER='(0,15)';
      INPUT_LOAD='(-0.01,0.01)';
    'TVDD_4':
      PIN_NUMBER='(0,16)';
      PINUSE='POWER';
      NO_LOAD_CHECK='BOTH';
      NO_IO_CHECK='BOTH';
      ALLOW_CONNECT='TRUE';
    'RXB_0-':
      PIN_NUMBER='(0,17)';
      INPUT_LOAD='(-0.01,0.01)';
    'RXB_0+':
      PIN_NUMBER='(0,18)';
      INPUT_LOAD='(-0.01,0.01)';
    'TVDD_5':
      PIN_NUMBER='(0,19)';
      PINUSE='POWER';
      NO_LOAD_CHECK='BOTH';
      NO_IO_CHECK='BOTH';
      ALLOW_CONNECT='TRUE';
    'RXB_1-':
      PIN_NUMBER='(0,20)';
      INPUT_LOAD='(-0.01,0.01)';
    'RXB_1+':
      PIN_NUMBER='(0,21)';
      INPUT_LOAD='(-0.01,0.01)';
    'TVDD_6':
      PIN_NUMBER='(0,22)';
      PINUSE='POWER';
      NO_LOAD_CHECK='BOTH';
      NO_IO_CHECK='BOTH';
      ALLOW_CONNECT='TRUE';
    'RXB_2-':
      PIN_NUMBER='(0,23)';
      INPUT_LOAD='(-0.01,0.01)';
    'RXB_2+':
      PIN_NUMBER='(0,24)';
      INPUT_LOAD='(-0.01,0.01)';
    'CVDD_3':
      PIN_NUMBER='(0,25)';
      PINUSE='POWER';
      NO_LOAD_CHECK='BOTH';
      NO_IO_CHECK='BOTH';
      ALLOW_CONNECT='TRUE';
    'DVDDIO':
      PIN_NUMBER='(0,29)';
      PINUSE='POWER';
      NO_LOAD_CHECK='BOTH';
      NO_IO_CHECK='BOTH';
      ALLOW_CONNECT='TRUE';
    'DVDDIO_2':
      PIN_NUMBER='(0,37)';
      PINUSE='POWER';
      NO_LOAD_CHECK='BOTH';
      NO_IO_CHECK='BOTH';
      ALLOW_CONNECT='TRUE';
    'DVDD':
      PIN_NUMBER='(0,41)';
      PINUSE='POWER';
      NO_LOAD_CHECK='BOTH';
      NO_IO_CHECK='BOTH';
      ALLOW_CONNECT='TRUE';
    'DVDDIO_3':
      PIN_NUMBER='(0,54)';
      PINUSE='POWER';
      NO_LOAD_CHECK='BOTH';
      NO_IO_CHECK='BOTH';
      ALLOW_CONNECT='TRUE';
    'DVDD_2':
      PIN_NUMBER='(0,62)';
      PINUSE='POWER';
      NO_LOAD_CHECK='BOTH';
      NO_IO_CHECK='BOTH';
      ALLOW_CONNECT='TRUE';
    'DVDDIO_4':
      PIN_NUMBER='(0,70)';
      PINUSE='POWER';
      NO_LOAD_CHECK='BOTH';
      NO_IO_CHECK='BOTH';
      ALLOW_CONNECT='TRUE';
    'DE':
      PIN_NUMBER='(0,71)';
      PINUSE='UNSPEC';
      NO_LOAD_CHECK='BOTH';
      NO_IO_CHECK='BOTH';
      ALLOW_CONNECT='TRUE';
    'AP0':
      PIN_NUMBER='(0,74)';
      PINUSE='UNSPEC';
      NO_LOAD_CHECK='BOTH';
      NO_IO_CHECK='BOTH';
      ALLOW_CONNECT='TRUE';
    'AP1/I2S_TDM':
      PIN_NUMBER='(0,75)';
      PINUSE='UNSPEC';
      NO_LOAD_CHECK='BOTH';
      NO_IO_CHECK='BOTH';
      ALLOW_CONNECT='TRUE';
    'AP2':
      PIN_NUMBER='(0,76)';
      PINUSE='UNSPEC';
      NO_LOAD_CHECK='BOTH';
      NO_IO_CHECK='BOTH';
      ALLOW_CONNECT='TRUE';
    'AP3':
      PIN_NUMBER='(0,77)';
      PINUSE='UNSPEC';
      NO_LOAD_CHECK='BOTH';
      NO_IO_CHECK='BOTH';
      ALLOW_CONNECT='TRUE';
    'AP4':
      PIN_NUMBER='(0,78)';
      PINUSE='UNSPEC';
      NO_LOAD_CHECK='BOTH';
      NO_IO_CHECK='BOTH';
      ALLOW_CONNECT='TRUE';
    'SCLK/INT2':
      PIN_NUMBER='(0,79)';
      PINUSE='UNSPEC';
      NO_LOAD_CHECK='BOTH';
      NO_IO_CHECK='BOTH';
      ALLOW_CONNECT='TRUE';
    'AP5':
      PIN_NUMBER='(0,80)';
      PINUSE='UNSPEC';
      NO_LOAD_CHECK='BOTH';
      NO_IO_CHECK='BOTH';
      ALLOW_CONNECT='TRUE';
    'MCLK/INT2':
      PIN_NUMBER='(0,81)';
      PINUSE='UNSPEC';
      NO_LOAD_CHECK='BOTH';
      NO_IO_CHECK='BOTH';
      ALLOW_CONNECT='TRUE';
    'DVDD_3':
      PIN_NUMBER='(0,82)';
      PINUSE='POWER';
      NO_LOAD_CHECK='BOTH';
      NO_IO_CHECK='BOTH';
      ALLOW_CONNECT='TRUE';
    'SCL':
      PIN_NUMBER='(0,83)';
      PINUSE='UNSPEC';
      NO_LOAD_CHECK='BOTH';
      NO_IO_CHECK='BOTH';
      ALLOW_CONNECT='TRUE';
    'SDA':
      PIN_NUMBER='(0,84)';
      PINUSE='UNSPEC';
      NO_LOAD_CHECK='BOTH';
      NO_IO_CHECK='BOTH';
      ALLOW_CONNECT='TRUE';
    'INT1':
      PIN_NUMBER='(0,85)';
      PINUSE='UNSPEC';
      NO_LOAD_CHECK='BOTH';
      NO_IO_CHECK='BOTH';
      ALLOW_CONNECT='TRUE';
    'RESET':
      PIN_NUMBER='(0,86)';
      PINUSE='UNSPEC';
      NO_LOAD_CHECK='BOTH';
      NO_IO_CHECK='BOTH';
      ALLOW_CONNECT='TRUE';
    'CS':
      PIN_NUMBER='(0,87)';
      PINUSE='POWER';
      NO_LOAD_CHECK='BOTH';
      NO_IO_CHECK='BOTH';
      ALLOW_CONNECT='TRUE';
    'PVDD':
      PIN_NUMBER='(0,88)';
      PINUSE='POWER';
      NO_LOAD_CHECK='BOTH';
      NO_IO_CHECK='BOTH';
      ALLOW_CONNECT='TRUE';
    'XTALP':
      PIN_NUMBER='(0,89)';
      PINUSE='UNSPEC';
      NO_LOAD_CHECK='BOTH';
      NO_IO_CHECK='BOTH';
      ALLOW_CONNECT='TRUE';
    'XTALN':
      PIN_NUMBER='(0,90)';
      PINUSE='UNSPEC';
      NO_LOAD_CHECK='BOTH';
      NO_IO_CHECK='BOTH';
      ALLOW_CONNECT='TRUE';
    'DVDD_4':
      PIN_NUMBER='(0,91)';
      PINUSE='POWER';
      NO_LOAD_CHECK='BOTH';
      NO_IO_CHECK='BOTH';
      ALLOW_CONNECT='TRUE';
    'DDCB_SCL':
      PIN_NUMBER='(0,93)';
      INPUT_LOAD='(-0.01,0.01)';
    'DDCB_SDA':
      PIN_NUMBER='(0,94)';
      INPUT_LOAD='(-0.01,0.01)';
    'RXB_5V':
      PIN_NUMBER='(0,95)';
      INPUT_LOAD='(-0.01,0.01)';
    'HPA_B':
      PIN_NUMBER='(0,96)';
      PINUSE='UNSPEC';
      NO_LOAD_CHECK='BOTH';
      NO_IO_CHECK='BOTH';
      ALLOW_CONNECT='TRUE';
    'DDCA_SCL':
      PIN_NUMBER='(0,97)';
      PINUSE='UNSPEC';
      NO_LOAD_CHECK='BOTH';
      NO_IO_CHECK='BOTH';
      ALLOW_CONNECT='TRUE';
    'DDCA_SDA':
      PIN_NUMBER='(0,98)';
      INPUT_LOAD='(-0.01,0.01)';
    'RXA_5V':
      PIN_NUMBER='(0,99)';
      INPUT_LOAD='(-0.01,0.01)';
    'HPA_A/INT2':
      PIN_NUMBER='(0,100)';
      PINUSE='UNSPEC';
      NO_LOAD_CHECK='BOTH';
      NO_IO_CHECK='BOTH';
      ALLOW_CONNECT='TRUE';
    'NC':
      PIN_NUMBER='(26,0)';
      PINUSE='NC';
      NO_LOAD_CHECK='BOTH';
      NO_IO_CHECK='BOTH';
      ALLOW_CONNECT='TRUE';
    'P35':
      PIN_NUMBER='(27,0)';
      OUTPUT_LOAD='(1.0,-1.0)';
    'P34':
      PIN_NUMBER='(28,0)';
      OUTPUT_LOAD='(1.0,-1.0)';
    'P33':
      PIN_NUMBER='(30,0)';
      OUTPUT_LOAD='(1.0,-1.0)';
    'P32':
      PIN_NUMBER='(31,0)';
      OUTPUT_LOAD='(1.0,-1.0)';
    'P31':
      PIN_NUMBER='(32,0)';
      OUTPUT_LOAD='(1.0,-1.0)';
    'P30':
      PIN_NUMBER='(33,0)';
      OUTPUT_LOAD='(1.0,-1.0)';
    'P29':
      PIN_NUMBER='(34,0)';
      OUTPUT_LOAD='(1.0,-1.0)';
    'P28':
      PIN_NUMBER='(35,0)';
      OUTPUT_LOAD='(1.0,-1.0)';
    'P27':
      PIN_NUMBER='(36,0)';
      OUTPUT_LOAD='(1.0,-1.0)';
    'P26':
      PIN_NUMBER='(38,0)';
      OUTPUT_LOAD='(1.0,-1.0)';
    'P25':
      PIN_NUMBER='(39,0)';
      OUTPUT_LOAD='(1.0,-1.0)';
    'P24':
      PIN_NUMBER='(40,0)';
      OUTPUT_LOAD='(1.0,-1.0)';
    'LLC':
      PIN_NUMBER='(42,0)';
      OUTPUT_LOAD='(1.0,-1.0)';
    'P23':
      PIN_NUMBER='(43,0)';
      OUTPUT_LOAD='(1.0,-1.0)';
    'P22':
      PIN_NUMBER='(44,0)';
      OUTPUT_LOAD='(1.0,-1.0)';
    'P21':
      PIN_NUMBER='(45,0)';
      OUTPUT_LOAD='(1.0,-1.0)';
    'P20':
      PIN_NUMBER='(46,0)';
      OUTPUT_LOAD='(1.0,-1.0)';
    'P19':
      PIN_NUMBER='(47,0)';
      OUTPUT_LOAD='(1.0,-1.0)';
    'P18':
      PIN_NUMBER='(48,0)';
      OUTPUT_LOAD='(1.0,-1.0)';
    'P17':
      PIN_NUMBER='(49,0)';
      OUTPUT_LOAD='(1.0,-1.0)';
    'NC_2':
      PIN_NUMBER='(50,0)';
      PINUSE='NC';
      NO_LOAD_CHECK='BOTH';
      NO_IO_CHECK='BOTH';
      ALLOW_CONNECT='TRUE';
    'P16':
      PIN_NUMBER='(51,0)';
      OUTPUT_LOAD='(1.0,-1.0)';
    'P15':
      PIN_NUMBER='(52,0)';
      OUTPUT_LOAD='(1.0,-1.0)';
    'P14':
      PIN_NUMBER='(53,0)';
      OUTPUT_LOAD='(1.0,-1.0)';
    'P13':
      PIN_NUMBER='(55,0)';
      OUTPUT_LOAD='(1.0,-1.0)';
    'P12':
      PIN_NUMBER='(56,0)';
      OUTPUT_LOAD='(1.0,-1.0)';
    'P11':
      PIN_NUMBER='(57,0)';
      OUTPUT_LOAD='(1.0,-1.0)';
    'P10':
      PIN_NUMBER='(58,0)';
      OUTPUT_LOAD='(1.0,-1.0)';
    'P9':
      PIN_NUMBER='(59,0)';
      OUTPUT_LOAD='(1.0,-1.0)';
    'P8':
      PIN_NUMBER='(60,0)';
      OUTPUT_LOAD='(1.0,-1.0)';
    'P7':
      PIN_NUMBER='(61,0)';
      OUTPUT_LOAD='(1.0,-1.0)';
    'P6':
      PIN_NUMBER='(63,0)';
      OUTPUT_LOAD='(1.0,-1.0)';
    'P5':
      PIN_NUMBER='(64,0)';
      OUTPUT_LOAD='(1.0,-1.0)';
    'P4':
      PIN_NUMBER='(65,0)';
      OUTPUT_LOAD='(1.0,-1.0)';
    'P3':
      PIN_NUMBER='(66,0)';
      OUTPUT_LOAD='(1.0,-1.0)';
    'P2':
      PIN_NUMBER='(67,0)';
      OUTPUT_LOAD='(1.0,-1.0)';
    'P1':
      PIN_NUMBER='(68,0)';
      OUTPUT_LOAD='(1.0,-1.0)';
    'P0':
      PIN_NUMBER='(69,0)';
      OUTPUT_LOAD='(1.0,-1.0)';
    'HS':
      PIN_NUMBER='(72,0)';
      OUTPUT_LOAD='(1.0,-1.0)';
    'VS/FIELD/ALSB':
      PIN_NUMBER='(73,0)';
      OUTPUT_LOAD='(1.0,-1.0)';
    'CEC':
      PIN_NUMBER='(92,0)';
      PINUSE='UNSPEC';
      NO_LOAD_CHECK='BOTH';
      NO_IO_CHECK='BOTH';
      ALLOW_CONNECT='TRUE';
    'EP':
      PIN_NUMBER='(101,0)';
      PINUSE='GROUND';
  end_pin;
  body
    PART_NAME='ADV7612BSWZ';
    NO_LOAD_CHECK='TRUE';
    PIN_COUNT='101';
    BODY_NAME='ADV7612BSWZ';
    JEDEC_TYPE='SW_100_2';
    PHYS_DES_PREFIX='U';
    CLASS='IC';
  end_body;
end_primitive;

END.
