
	(Comment
		(Time 11/02/04,20:14:35)
		(User tianjiejia)
		(MsgId ECO_211)
		(Text "PTF file part.ptf added")
		(Param1 part.ptf)
	)





	(Comment
		(Time 11/04/04,09:49:08)
		(User Administrator)
		(MsgId ECO_081)
		(Text "Symbol sym_2 added to cell")
		(Param1 sym_2)
	)

	(Comment
		(Time 11/04/04,16:47:09)
		(User Administrator)
		(MsgId ECO_081)
		(Text "Symbol sym_3 added to cell")
		(Param1 sym_3)
	)


	(Comment
		(Time 11/04/04,16:48:58)
		(User Administrator)
		(MsgId ECO_081)
		(Text "Symbol sym_4 added to cell")
		(Param1 sym_4)
	)
	(Comment
		(Time 11/04/04,16:49:30)
		(User Administrator)
		(MsgId ECO_082)
		(Text "Symbol sym_4 deleted from cell")
		(Param1 sym_4)
	)
	(Comment
		(Time 11/04/04,16:49:37)
		(User Administrator)
		(MsgId ECO_081)
		(Text "Symbol sym_4 added to cell")
		(Param1 sym_4)
	)

	(Comment
		(Time 01/20/05,09:21:06)
		(User tianjiejia)
		(MsgId ECO_082)
		(Text "Symbol sym_4 deleted from cell")
		(Param1 sym_4)
	)
	(Comment
		(Time 01/20/05,09:21:11)
		(User tianjiejia)
		(MsgId ECO_082)
		(Text "Symbol sym_3 deleted from cell")
		(Param1 sym_3)
	)

