temp/xxnedtmp60/event.log NEWFILE1
temp/xxnedtmp60/text.log NEWFILE2
temp/xxnedtmp60/environ.log NEWFILE3
E:\Cadence\SPB_16.6\share\cdssetup/concept/concepthdl.scr FILE4
F:\Design_Projects\matrix_kvm\schemtic_backup20180504\sch\cds.lib FILE5
F:\Design_Projects\matrix_kvm\schemtic_backup20180504\sch\worklib\kvm_prototype\sch_1\page1.csb FILE6
F:\Design_Projects\matrix_kvm\schemtic_backup20180504\sch\worklib\kvm_prototype\sch_1\page1_csb.lck NEWFILE7
temp/xxnedtmp60/undo1.log NEWFILE8
E:\Cadence\SPB_16.6\share\library\standard\c#20size#20page\sym_1\symbol.css FILE9
F:\Design_Projects\matrix_kvm\schemtic_backup20180504\sch\worklib\kvm_prototype\sch_1\page1_csa.lck NEWFILE10
F:/Design_Projects/matrix_kvm/schemtic_backup20180504/sch/worklib/kvm_prototype/sch_1/kvm_prototype.xcon FILE11
F:/Design_Projects/matrix_kvm/schemtic_backup20180504/sch/worklib/kvm_prototype/sch_1/kvm_prototype.dcf FILE12
F:\Design_Projects\matrix_kvm\schemtic_backup20180504\sch\worklib\kvm_prototype\sch_1\page10.csb FILE13
F:\Design_Projects\matrix_kvm\schemtic_backup20180504\sch\worklib\kvm_prototype/images/8.jpg FILE14
F:\Design_Projects\matrix_kvm\schemtic_backup20180504\sch\worklib\kvm_prototype/images/7.jpg FILE15
F:\Design_Projects\matrix_kvm\schemtic_backup20180504\sch\worklib\kvm_prototype\sch_1\page10_csb.lck NEWFILE16
F:\Design_Projects\matrix_kvm\schemtic_backup20180504\lib\worklib\capcitor\c\sym_1\symbol.css FILE17
F:\Design_Projects\matrix_kvm\schemtic_backup20180504\lib\worklib\ic\adv7511kstz\sym_1\symbol.css FILE18
E:\Cadence\SPB_16.6\share\library\standard\gnd_signal\sym_1\symbol.css FILE19
F:\Design_Projects\matrix_kvm\schemtic_backup20180504\lib\worklib\resistor\r\sym_1\symbol.css FILE20
F:\Design_Projects\matrix_kvm\schemtic_backup20180504\lib\worklib\oscillator\osc#2d12mhz\sym_1\symbol.css FILE21
F:\Design_Projects\matrix_kvm\schemtic_backup20180504\lib\worklib\inductor\lb\sym_1\symbol.css FILE22
F:\Design_Projects\matrix_kvm\schemtic_backup20180504\sch\worklib\kvm_prototype\sch_1\page9.csb FILE23
F:\Design_Projects\matrix_kvm\schemtic_backup20180504\sch\worklib\kvm_prototype\sch_1\page9_csb.lck NEWFILE24
F:\Design_Projects\matrix_kvm\schemtic_backup20180504\sch\worklib\kvm_prototype\sch_1\page10_csa.lck NEWFILE25
F:\Design_Projects\matrix_kvm\schemtic_backup20180504\lib\worklib\protection\rclamp0524p\sym_1\symbol.css FILE26
F:\Design_Projects\matrix_kvm\schemtic_backup20180504\lib\worklib\connector\hdmi#2da\sym_1\symbol.css FILE27
F:\Design_Projects\matrix_kvm\schemtic_backup20180504\lib\worklib\transistor\bss123lt1\sym_1\symbol.css FILE28
F:\Design_Projects\matrix_kvm\schemtic_backup20180504\lib\worklib\diode\diode\sym_1\symbol.css FILE29
F:\Design_Projects\matrix_kvm\schemtic_backup20180504\sch\worklib\kvm_prototype\sch_1\page8.csb FILE30
F:\Design_Projects\matrix_kvm\schemtic_backup20180504\sch\worklib\kvm_prototype\sch_1\page8_csb.lck NEWFILE31
F:\Design_Projects\matrix_kvm\schemtic_backup20180504\sch\worklib\kvm_prototype\sch_1\page9_csa.lck NEWFILE32
F:\Design_Projects\matrix_kvm\schemtic_backup20180504\lib\worklib\ic\adv7612bswz\sym_2\symbol.css FILE33
F:\Design_Projects\matrix_kvm\schemtic_backup20180504\sch\worklib\kvm_prototype\sch_1\page7.csb FILE34
F:\Design_Projects\matrix_kvm\schemtic_backup20180504\sch\worklib\kvm_prototype\sch_1\page7_csb.lck NEWFILE35
F:\Design_Projects\matrix_kvm\schemtic_backup20180504\sch\worklib\kvm_prototype\sch_1\page8_csa.lck NEWFILE36
F:\Design_Projects\matrix_kvm\schemtic_backup20180504\lib\worklib\ic\adv7612bswz\sym_1\symbol.css FILE37
F:\Design_Projects\matrix_kvm\schemtic_backup20180504\lib\worklib\oscillator\crystal\sym_1\symbol.css FILE38
F:\Design_Projects\matrix_kvm\schemtic_backup20180504\sch\worklib\kvm_prototype\sch_1\page4.csb FILE39
F:\Design_Projects\matrix_kvm\schemtic_backup20180504\sch\worklib\kvm_prototype/images/clipboard_2.jpg FILE40
F:\Design_Projects\matrix_kvm\schemtic_backup20180504\sch\worklib\kvm_prototype/images/clipboard_1_0.jpg FILE41
F:\Design_Projects\matrix_kvm\schemtic_backup20180504\sch\worklib\kvm_prototype\sch_1\page4_csb.lck NEWFILE42
F:\Design_Projects\matrix_kvm\schemtic_backup20180504\sch\worklib\kvm_prototype\sch_1\page7_csa.lck NEWFILE43
F:\Design_Projects\matrix_kvm\schemtic_backup20180504\lib\worklib\capcitor\cp\sym_1\symbol.css FILE44
F:\Design_Projects\matrix_kvm\schemtic_backup20180504\lib\worklib\power\tpsm84824\sym_1\symbol.css FILE45
E:/Cadence/SPB_16.6/tools/language/config.dat FILE46
temp/xxnedtmp60/concept.mkr NEWFILE47
E:/Cadence/SPB_16.6/tools/language/pack_type_rename.dat NEWFILE48
temp/xxnedtmp60/../r.mkr NEWFILE49
temp/xxnedtmp60/../c#20size#20page.mkr NEWFILE50
temp/xxnedtmp60/../cp.mkr NEWFILE51
temp/xxnedtmp60/../gnd_signal.mkr NEWFILE52
temp/xxnedtmp60/../c.mkr NEWFILE53
temp/xxnedtmp60/../tpsm84824.mkr NEWFILE54
F:\Design_Projects\matrix_kvm\schemtic_backup20180504\sch\worklib\kvm_prototype\sch_1\page4.csa FILE55
F:\Design_Projects\matrix_kvm\schemtic_backup20180504\sch\worklib\kvm_prototype\sch_1\page4.csv FILE56
F:/Design_Projects/matrix_kvm/schemtic_backup20180504/sch/worklib/kvm_prototype/sch_1/kvm_prototype_xcon.lck NEWFILE57
F:/Design_Projects/matrix_kvm/schemtic_backup20180504/sch/worklib/kvm_prototype/sch_1/kvm_prototype_dcf.lck NEWFILE58
temp/xxnedtmp60/csnetlister.mkr NEWFILE59
F:\Design_Projects\matrix_kvm\schemtic_backup20180504\sch\worklib\kvm_prototype\sch_1\pc.db FILE60
F:\Design_Projects\matrix_kvm\schemtic_backup20180504\sch\worklib\kvm_prototype\sch_1\page5.csb FILE61
F:\Design_Projects\matrix_kvm\schemtic_backup20180504\sch\worklib\kvm_prototype/images/3.jpg FILE62
F:\Design_Projects\matrix_kvm\schemtic_backup20180504\sch\worklib\kvm_prototype/images/5.jpg FILE63
F:\Design_Projects\matrix_kvm\schemtic_backup20180504\sch\worklib\kvm_prototype/images/2.jpg FILE64
F:\Design_Projects\matrix_kvm\schemtic_backup20180504\sch\worklib\kvm_prototype/images/1.jpg FILE65
F:\Design_Projects\matrix_kvm\schemtic_backup20180504\sch\worklib\kvm_prototype/images/4.jpg FILE66
F:\Design_Projects\matrix_kvm\schemtic_backup20180504\sch\worklib\kvm_prototype\sch_1\page5_csb.lck NEWFILE67
F:\Design_Projects\matrix_kvm\schemtic_backup20180504\sch\worklib\kvm_prototype\sch_1\page4_csa.lck NEWFILE68
F:\Design_Projects\matrix_kvm\schemtic_backup20180504\lib\worklib\transistor\fds9926a\sym_1\symbol.css FILE69
E:\Cadence\SPB_16.6\share\library\standard\inport\sym_1\symbol.css FILE70
F:\Design_Projects\matrix_kvm\schemtic_backup20180504\lib\worklib\inductor\l\sym_1\symbol.css FILE71
F:\Design_Projects\matrix_kvm\schemtic_backup20180504\lib\worklib\switch\resetkey\sym_1\symbol.css FILE72
F:\Design_Projects\matrix_kvm\schemtic_backup20180504\lib\worklib\power\adp5053\sym_1\symbol.css FILE73
F:\Design_Projects\matrix_kvm\schemtic_backup20180504\lib\worklib\transistor\npn\sym_1\symbol.css FILE74
F:\Design_Projects\matrix_kvm\schemtic_backup20180504\lib\worklib\diode\led_s\sym_1\symbol.css FILE75
temp/xxnedtmp60/../adp5053.mkr NEWFILE76
temp/xxnedtmp60/../fds9926a.mkr NEWFILE77
temp/xxnedtmp60/../inport.mkr NEWFILE78
temp/xxnedtmp60/../l.mkr NEWFILE79
temp/xxnedtmp60/../resetkey.mkr NEWFILE80
temp/xxnedtmp60/../npn.mkr NEWFILE81
temp/xxnedtmp60/../led_s.mkr NEWFILE82
F:\Design_Projects\matrix_kvm\schemtic_backup20180504\sch\worklib\kvm_prototype\sch_1\page5.csa FILE83
F:\Design_Projects\matrix_kvm\schemtic_backup20180504\sch\worklib\kvm_prototype\sch_1\page5.csv FILE84
temp/xxnedtmp60/undo2.log NEWFILE85
C:/Users/cdj/AppData/Local/Temp/con2A27.tmp FILE86
C:/Users/cdj/AppData/Local/Temp/con2FA4.tmp FILE87
C:/Users/cdj/AppData/Local/Temp/con333D.tmp FILE88
C:/Users/cdj/AppData/Local/Temp/con45B5.tmp FILE89
C:/Users/cdj/AppData/Local/Temp/con563A.tmp FILE90
C:/Users/cdj/AppData/Local/Temp/con5CC0.tmp FILE91
C:/Users/cdj/AppData/Local/Temp/con629B.tmp FILE92
C:/Users/cdj/AppData/Local/Temp/con7004.tmp FILE93
C:/Users/cdj/AppData/Local/Temp/con7707.tmp FILE94
C:/Users/cdj/AppData/Local/Temp/con7AFE.tmp FILE95
C:/Users/cdj/AppData/Local/Temp/con801D.tmp FILE96
C:/Users/cdj/AppData/Local/Temp/conAB53.tmp FILE97
C:/Users/cdj/AppData/Local/Temp/conB330.tmp FILE98
C:/Users/cdj/AppData/Local/Temp/conB88E.tmp FILE99
C:/Users/cdj/AppData/Local/Temp/conBD7E.tmp FILE100
F:\Design_Projects\matrix_kvm\schemtic_backup20180504\sch\worklib\kvm_prototype\sch_1\page44.csb FILE101
F:\Design_Projects\matrix_kvm\schemtic_backup20180504\sch\worklib\kvm_prototype\sch_1\page44_csb.lck NEWFILE102
F:\Design_Projects\matrix_kvm\schemtic_backup20180504\sch\worklib\kvm_prototype\sch_1\page5_csa.lck NEWFILE103
F:\Design_Projects\matrix_kvm\schemtic_backup20180504\sch\worklib\kvm_prototype\sch_1\page44_csa.lck NEWFILE104
