Allegro Design Entry HDL 16.6-p007 (v16-6-112F) 10/10/2012
Copyright 2011 Cadence Design Systems, Inc

WARNING(SPCOCN-1474): You must specify a window that contains a drawing.
WARNING(SPCOCN-1474): You must specify a window that contains a drawing.
WARNING(SPCOCN-1474): You must specify a window that contains a drawing.
WARNING(SPCOCN-1474): You must specify a window that contains a drawing.
WARNING(SPCOCN-1474): You must specify a window that contains a drawing.
WARNING(SPCOCN-1474): You must specify a window that contains a drawing.
WARNING(SPCOCN-1474): You must specify a window that contains a drawing.
WARNING(SPCOCN-2040): Specify the command "page forcereset all" to reset logical page numbers of all pages of this block.
WARNING(SPCOCN-1523): Invalid set option: <search_history_count>
INFO(SPCOCN-1177): Unexpected text: <5>
WARNING(SPCOCN-1523): Invalid set option: <search_history>
WARNING(SPCOCN-1523): Invalid set option: <search_toolbar_lookin>
INFO(SPCOCN-1177): Unexpected text: <PAGE>
WARNING(SPCOCN-1523): Invalid set option: <modify_quick_reset_filters>
INFO(SPCOCN-1177): Unexpected text: <OFF>
WARNING(SPCOCN-1523): Invalid set option: <hss_distribute_ports_count>
INFO(SPCOCN-1177): Unexpected text: <25>
WARNING(SPCOCN-1523): Invalid set option: <hss_distribute_port_pattern>
WARNING(SPCOCN-1523): Invalid set option: <hss_distribute_property_name>
WARNING(SPCOCN-1474): You must specify a window that contains a drawing.
WARNING(SPCOCN-1474): You must specify a window that contains a drawing.
WARNING(SPCOCN-1474): You must specify a window that contains a drawing.
WARNING(SPCOCN-1474): You must specify a window that contains a drawing.
WARNING(SPCOCN-1474): You must specify a window that contains a drawing.
WARNING(SPCOCN-1474): You must specify a window that contains a drawing.
INFO(SPCOCN-1737): Reading F:\Design_Projects\matrix_kvm\schemtic_backup20180504\sch\cds.lib file.
WARNING(SPCOCN-1474): You must specify a window that contains a drawing.
INFO(SPCOCN-1445): Reading KVM_PROTOTYPE.SCH.1.1 into drawing #1.
INFO(SPCOCN-195): The following file will be used to identify the list of modules to be excluded: 'E:\Cadence\SPB_16.6\share\cdssetup\xmodules.dat'.
INFO(SPCOCN-1445): Reading KVM_PROTOTYPE.SCH.1.1 into drawing #1.
INFO(SPCOCN-1445): Reading KVM_PROTOTYPE.SCH.1.10 into drawing #1.
INFO(SPCOCN-1445): Reading KVM_PROTOTYPE.SCH.1.9 into drawing #1.
INFO(SPCOCN-1445): Reading KVM_PROTOTYPE.SCH.1.8 into drawing #1.
INFO(SPCOCN-1445): Reading KVM_PROTOTYPE.SCH.1.7 into drawing #1.
INFO(SPCOCN-1445): Reading KVM_PROTOTYPE.SCH.1.4 into drawing #1.
INFO(SPCOCN-1195): Group contains:   8 bodies   0 properties   0 notes   0 wires   0 dots   0 images
INFO(SPCOCN-1070): Checking drawing...
INFO(SPCOCN-1028): writing <kvm_prototype_lib>KVM_PROTOTYPE.SCH.1.4:
INFO(SPCOCN-1044): writing binary file...
INFO(SPCOCN-1049): writing ASCII file...
INFO(SPCOCN-1727): Appending master.tag page2.csa with page4.csa
INFO(SPCOCN-1053): writing connectivity file...
INFO(SPCOCN-1054): ...written

CSDirect 16.6-p007 (v16-6-112F)

Netlisting block kvm_prototype

Processing page 4

No netlisting errors found. 

INFO(SPCOCN-1640): writing occurrence data...
INFO(SPCOCN-1054): ...written
INFO(SPCOCN-1195): Group contains:   8 bodies   0 properties   0 notes   0 wires   0 dots   0 images
INFO(SPCOCN-1507): Adding version 1 of part R from library resistor
INFO(SPCOCN-1507): Adding version 1 of part R from library resistor
INFO(SPCOCN-1507): Adding version 1 of part R from library resistor
INFO(SPCOCN-1507): Adding version 1 of part R from library resistor
INFO(SPCOCN-1507): Adding version 1 of part R from library resistor
INFO(SPCOCN-1507): Adding version 1 of part R from library resistor
INFO(SPCOCN-1507): Adding version 1 of part R from library resistor
INFO(SPCOCN-1507): Adding version 1 of part R from library resistor
INFO(SPCOCN-1070): Checking drawing...
INFO(SPCOCN-1028): writing <kvm_prototype_lib>KVM_PROTOTYPE.SCH.1.4:
INFO(SPCOCN-1044): writing binary file...
INFO(SPCOCN-1049): writing ASCII file...
INFO(SPCOCN-1727): Appending master.tag page2.csa with page4.csa
INFO(SPCOCN-1053): writing connectivity file...
INFO(SPCOCN-1054): ...written

CSDirect 16.6-p007 (v16-6-112F)

Netlisting block kvm_prototype

Processing page 4

No netlisting errors found. 

INFO(SPCOCN-1640): writing occurrence data...
INFO(SPCOCN-1054): ...written
INFO(SPCOCN-1445): Reading KVM_PROTOTYPE.SCH.1.5 into drawing #1.
INFO(SPCOCN-1019): Save All completed.
INFO(SPCOCN-1070): Checking drawing...
INFO(SPCOCN-338): No schematic errors found.
INFO(SPCOCN-1070): Checking drawing...
INFO(SPCOCN-1028): writing <kvm_prototype_lib>KVM_PROTOTYPE.SCH.1.5:
INFO(SPCOCN-1044): writing binary file...
INFO(SPCOCN-1049): writing ASCII file...
INFO(SPCOCN-1727): Appending master.tag page2.csa with page5.csa
INFO(SPCOCN-1053): writing connectivity file...
INFO(SPCOCN-1054): ...written

CSDirect 16.6-p007 (v16-6-112F)

Netlisting block kvm_prototype

Processing page 5

No netlisting errors found. 

INFO(SPCOCN-1640): writing occurrence data...
INFO(SPCOCN-1054): ...written
INFO(SPCOCN-1070): Checking drawing...
INFO(SPCOCN-338): No schematic errors found.
INFO(SPCOCN-1854): The drawing KVM_PROTOTYPE.SCH.1.31
INFO(SPCOCN-578): will be retained as drawing #1.
INFO(SPCOCN-1445): Reading KVM_PROTOTYPE.SCH.1.4 into drawing #2.
INFO(SPCOCN-1443): KVM_PROTOTYPE.SCH.1.5 has been previously edited as drawing #1.
INFO(SPCOCN-1001): Component: I66 selected.
INFO(SPCOCN-1195): Group contains:   4 bodies   0 properties   0 notes   0 wires   0 dots   0 images
INFO(SPCOCN-1195): Group contains:   4 bodies   0 properties   0 notes   0 wires   0 dots   0 images
INFO(SPCOCN-1195): Group contains:   4 bodies   0 properties   0 notes   0 wires   0 dots   0 images
INFO(SPCOCN-1195): Group contains:   4 bodies   0 properties   0 notes   0 wires   0 dots   0 images
INFO(SPCOCN-1507): Adding version 1 of part R from library resistor
INFO(SPCOCN-1001): Component: I134 selected.
WARNING(SPCOCN-982): The operation could not be performed because no object on the drawing was selected.
WARNING(SPCOCN-982): The operation could not be performed because no object on the drawing was selected.
WARNING(SPCOCN-982): The operation could not be performed because no object on the drawing was selected.
WARNING(SPCOCN-982): The operation could not be performed because no object on the drawing was selected.
INFO(SPCOCN-1070): Checking drawing...
INFO(SPCOCN-1024): Drawing not written.
INFO(SPCOCN-1001): Component: I145 selected.
INFO(SPCOCN-1070): Checking drawing...
INFO(SPCOCN-1028): writing <kvm_prototype_lib>KVM_PROTOTYPE.SCH.1.5:
INFO(SPCOCN-1044): writing binary file...
INFO(SPCOCN-1049): writing ASCII file...
INFO(SPCOCN-1727): Appending master.tag page2.csa with page5.csa
INFO(SPCOCN-1053): writing connectivity file...
INFO(SPCOCN-1054): ...written

CSDirect 16.6-p007 (v16-6-112F)

Netlisting block kvm_prototype

Processing page 5

No netlisting errors found. 

INFO(SPCOCN-1640): writing occurrence data...
INFO(SPCOCN-1054): ...written
INFO(SPCOCN-1445): Reading KVM_PROTOTYPE.SCH.1.44 into drawing #1.
