Allegro Design Entry HDL 16.6-p007 (v16-6-112F) 10/10/2012
Copyright 2011 Cadence Design Systems, Inc

WARNING(SPCOCN-1474): You must specify a window that contains a drawing.
WARNING(SPCOCN-1474): You must specify a window that contains a drawing.
WARNING(SPCOCN-1474): You must specify a window that contains a drawing.
WARNING(SPCOCN-1474): You must specify a window that contains a drawing.
WARNING(SPCOCN-1474): You must specify a window that contains a drawing.
WARNING(SPCOCN-1474): You must specify a window that contains a drawing.
WARNING(SPCOCN-1474): You must specify a window that contains a drawing.
WARNING(SPCOCN-2040): Specify the command "page forcereset all" to reset logical page numbers of all pages of this block.
WARNING(SPCOCN-1523): Invalid set option: <search_history_count>
INFO(SPCOCN-1177): Unexpected text: <5>
WARNING(SPCOCN-1523): Invalid set option: <search_history>
WARNING(SPCOCN-1523): Invalid set option: <search_toolbar_lookin>
INFO(SPCOCN-1177): Unexpected text: <PAGE>
WARNING(SPCOCN-1523): Invalid set option: <modify_quick_reset_filters>
INFO(SPCOCN-1177): Unexpected text: <OFF>
WARNING(SPCOCN-1523): Invalid set option: <hss_distribute_ports_count>
INFO(SPCOCN-1177): Unexpected text: <25>
WARNING(SPCOCN-1523): Invalid set option: <hss_distribute_port_pattern>
WARNING(SPCOCN-1523): Invalid set option: <hss_distribute_property_name>
WARNING(SPCOCN-1474): You must specify a window that contains a drawing.
WARNING(SPCOCN-1474): You must specify a window that contains a drawing.
WARNING(SPCOCN-1474): You must specify a window that contains a drawing.
WARNING(SPCOCN-1474): You must specify a window that contains a drawing.
WARNING(SPCOCN-1474): You must specify a window that contains a drawing.
WARNING(SPCOCN-1474): You must specify a window that contains a drawing.
INFO(SPCOCN-1737): Reading D:\GitHub\KVM_prototype\schemtic\sch\cds.lib file.
WARNING(SPCOCN-674): Error(s) in D:\GitHub\KVM_prototype\schemtic\sch\cds.lib
WARNING(SPCOCN-675):   No such file: E:\GitHub\KVM_prototype\schemtic\lib\cds.lib on line 3.
WARNING(SPCOCN-675):   No such file: D:\GitHub\KVM\KVM_prototype\schemtic\lib\cds.lib on line 4.
ERROR(SPCOCN-1334): Library kvm_matrix_lib not found in cds.lib list.
WARNING(SPCOCN-1474): You must specify a window that contains a drawing.
INFO(SPCOCN-1445): Reading KVM_PROTOTYPE.SCH.1.1 into drawing #1.
INFO(SPCOCN-195): The following file will be used to identify the list of modules to be excluded: 'C:\Cadence\SPB_16.6\share\cdssetup\xmodules.dat'.
INFO(SPCOCN-1445): Reading KVM_PROTOTYPE.SCH.1.1 into drawing #1.
INFO(SPCOCN-1445): Reading KVM_PROTOTYPE.SCH.1.29 into drawing #1.
WARNING(SPCOCN-515): Design Name: <kvm_prototype_lib>KVM_PROTOTYPE.SCH.1.29


All the required libraries are not included in the cds.lib file. Make sure your project setup has all the necessary libraries. Exit Design Entry HDL and add the required libraries to the project using the Project Setup utility of Project Manager. The parts missing from the available libraries are: 
   TPSM84824.SYM.1.1
   C.SYM.1.1
   R.SYM.1.1
   CP.SYM.1.1
INFO(SPCOCN-543): The pin property SIG_NAME with value UN$30$R$I32$B has been deleted from the component R.
INFO(SPCOCN-543): The pin property SIG_NAME with value UN$30$C$I30$2 has been deleted from the component C.
INFO(SPCOCN-543): The pin property SIG_NAME with value UN$30$R$I26$B has been deleted from the component R.
INFO(SPCOCN-543): The pin property SIG_NAME with value UN$30$R$I24$A has been deleted from the component R.
INFO(SPCOCN-543): The pin property SIG_NAME with value UN$30$R$I21$B has been deleted from the component R.
INFO(SPCOCN-543): The pin property SIG_NAME with value UN$30$R$I21$A has been deleted from the component R.
INFO(SPCOCN-543): The pin property SIG_NAME with value UN$30$R$I19$B has been deleted from the component R.
INFO(SPCOCN-543): The pin property SIG_NAME with value UN$30$TPSM84824$I1$16 has been deleted from the component TPSM84824.
