



    Cadence Design Systems, Inc.
    Packager-XL 16.6-p001 (v16-6-112A) WIN32 9/10/2012 12:00:00 IST
    (C) Copyright 1994, Cadence Design Systems, Inc.

    Run on Fri May 18 19:54:56 2018


 **********************************************
 *  Processing project file and command line  *
 **********************************************



    ANNOTATE  'BODY' 'PIN'
    COMP_DEF_PROP  'ALT_SYMBOLS' 'JEDEC_TYPE' 'NC_PINS' 'MERGE_NC_PINS'
                   'POWER_GROUP' 'POWER_PINS' 'MERGE_POWER_PINS' 'PINCOUNT'
    COMP_INST_PROP  'GROUP' 'ROOM' 'REUSE_INSTANCE' 'REUSE_ID' 'REUSE_NAME'
                    'SIGNAL_MODEL' 'DEFAULT_SIGNAL_MODEL'
                    'VOLT_TEMP_SIGNAL_MODEL' 'SYMBOL_EDITED'
                    'INCLUDE_IN_RF_TOPOLOGY' 'CDS_FSP_LIB_PART_MODEL'
                    'CDS_FSP_IS_FPGA' 'CDS_FSP_INSTANCE_NAME'
                    'CDS_FSP_INSTANCE_ID' 'NO_XNET_CONNECTION'
                    'EMBEDDED_PLACEMENT' 'ISRFELEMENT' 'RFELEMENTTYPE' 'RFLAYER'
                    'RFLAYER1' 'RFLAYER2' 'RFLAYER3' 'RFLAYER4' 'RFLAYER5'
                    'RFLAYER6' 'RFLAYER7' 'RFLAYER8' 'RFLAYER9' 'RFLAYER10'
                    'RFLAYER11' 'RFLAYER12' 'RFLAYER13' 'RFLAYER14' 'RFLAYER15'
                    'RFLAYER16' 'RFCOUPLINGMODE' 'RFFLIPMODE' 'RFANGLE'
                    'RFANGLE1' 'RFWIDTH' 'RFWIDTH1' 'RFWIDTH2' 'RFWIDTH3'
                    'RFWIDTH4' 'RFWIDTH5' 'RFWIDTH6' 'RFWIDTH7' 'RFWIDTH8'
                    'RFWIDTH9' 'RFWIDTH10' 'RFWIDTH11' 'RFWIDTH12' 'RFWIDTH13'
                    'RFWIDTH14' 'RFWIDTH15' 'RFWIDTH16' 'RFLENGTH' 'RFLENGTH1'
                    'RFLENGTH2' 'RFLENGTH3' 'RFLENGTH4' 'RFLENGTH5' 'RFLENGTH6'
                    'RFLENGTH7' 'RFLENGTH8' 'RFSPACING' 'RFSPACING1'
                    'RFSPACING2' 'RFSPACING3' 'RFSPACING4' 'RFSPACING5'
                    'RFSPACING6' 'RFSPACING7' 'RFSPACING8' 'RFSPACING9'
                    'RFSPACING10' 'RFSPACING11' 'RFSPACING12' 'RFSPACING13'
                    'RFSPACING14' 'RFSPACING15' 'RFOFFSETX' 'RFOFFSETY'
                    'RFRADIUS' 'RFDEPTH' 'RFFREQUENCY' 'RFMITERFRACTION'
                    'RFBENDMODE' 'RFNUMBERLEGS' 'RFNUMBERPAIRS' 'RFNUMBERTURNS'
                    'RFCAPACITANCE' 'RFRESISTANCE' 'RFINDUCTANCE'
                    'RFPADSTACKNAME' 'RFPADSSMNAME1' 'RFPADSSMNAME2'
                    'RFPADBEGINLAYER' 'RFPADENDLAYER' 'RFPADLINEWIDTH1'
                    'RFPADLINEWIDTH2' 'RFPADDIAMETER1' 'RFPADDIAMETER2'
                    'RFPADLENGTH1' 'RFPADLENGTH2' 'RFHOLEDIAMETER' 'RFPADANGLE'
                    'RFDRANAME' 'RFPADTYPE' 'RFUID' 'RFBLOCK' 'RFDCNET'
                    'RFGROUP'
    SUPPRESS_GLOBAL_SHORT_CHECK OFF
    DEBUG    0
    DEFAULT_PHYS_DES_PREFIX U
    FEEDBACK  'OFF'
    MAX_ERRORS 999
    NET_NAME_CHARS   @  -  !  #  %  &  (  )  *  .  /  :  ?  [  ]  ^  _  `  +
                     =  >  0  1  2  3  4  5  6  7  8  9
    NET_NAME_LENGTH 31
    NUM_OLD_VERSIONS 3
    OPTIMIZE OFF
    REUSE_REFDES ON
    OPF_OPTIMIZATION OFF
    HARD_LOC_SEC OFF
    FORCE_PTF_ENTRY OFF
    REGENERATE_PHYSICAL_NET_NAME OFF
    SCH_POWER_GROUP_WINS_OVER_PPT OFF
    NULL_OPT_VALID OFF
    USE_VECTOR_NOTATION ON
    FILTER_ECS_FROM_XNET ON
    OUTPUT  'ON'
    PACKAGE_PROP  'GROUP' 'ROOM'
    PART_TYPE_LENGTH 31
    REF_DES_LENGTH 31
    REPACKAGE OFF
    ELECTRICAL_CONSTRAINTS ON
    OVERWRITE_CONSTRAINTS OFF
    RUN_DIR ./worklib/kvm_prototype/packaged/
    STRICT_PACKAGE_PROP  'REUSE_INSTANCE'
    USE_LIBRARY_PPT ON
    USE_STATE ON
    WARNINGS ON
    LIBRARY  'standard' 'kvm_prototype_lib' 'fuse' 'ic' 'inductor' 'oscillator'
             'others' 'power' 'protection' 'switch' 'transistor' 'connector'
             'capcitor' 'resistor' 'diode1'
    CDSPROP_FILE 
    VIEW_PTF part_table
    VIEW_PACKAGER packaged
    VIEW_CONSTRAINTS sch_1
    DESIGN_LIBRARY kvm_prototype_lib
    DESIGN_NAME kvm_prototype
    VIEW_CONFIG_PHYSICAL cfg_package
    SD_SUFFIX_SEPARATOR _
    STOP_PST_GEN_ON_PTF_MISMATCH ON
    IGNORE_PRIM_BINDING OFF
    LOG_INST_PHYS_PATH ON
    ANNOTATE_VISIBLE_SEC OFF
    PTF_MISMATCH_EXCLUDE_INJ_PROP  'ALL'
    IMPORT_HFS_HARDSEC_ON_SWAP_PINS OFF
    ALLOW_PTFVALUE_INITIAL_BLANKS ON
    PRESERVE_UNSUBSTITUTED_MACROS OFF
    DETECT_SYS_NETSHORTS_PKG ON
    PROCESS_PIN_SHORT_PROP OFF
    STOP_PACKAGE_ON_SCHEMATIC_ERROR OFF
    LOCK_FILE_PERM 444
    LOCK_FOR_SAME_USER OFF
    ERROR_ON_MISMATCHED_INTERFACE ON
    RETAIN_ZERO_NODE_NETS OFF
    CACHE_ENABLED OFF
    CACHE_NAME cache
    PTF_NAME cache

 **************************************************************
 *  End processing project file and command line  (00:00:00)  *
 **************************************************************


Creating Configuration "cfg_package" for Design "kvm_prototype"

INFO(SPCODD-181): Loading C:\Cadence\SPB_16.6\share\cdssetup\cdsprop.tmf.
INFO(SPCODD-181): Loading C:\Cadence\SPB_16.6\share\cdssetup\cdsprop.paf.

 *********************************
 *  Loading the design database  *
 *********************************

INFO(SPCODD-181): Loading E:/GitHub/KVM_prototype/schemtic/lib/worklib/power/t~
psm84824/part_table/part.ptf.
INFO(SPCODD-181): Loading E:/GitHub/KVM_prototype/schemtic/lib/worklib/capcito~
r/c/part_table/part.ptf.
INFO(SPCODD-181): Loading E:/GitHub/KVM_prototype/schemtic/lib/worklib/capcito~
r/cp/part_table/part.ptf.
INFO(SPCODD-181): Loading E:/GitHub/KVM_prototype/schemtic/lib/worklib/resisto~
r/r/part_table/part.ptf.
INFO(SPCODD-181): Loading E:/GitHub/KVM_prototype/schemtic/lib/worklib/switch/~
resetkey/part_table/part.ptf.
INFO(SPCODD-181): Loading E:/GitHub/KVM_prototype/schemtic/lib/worklib/inducto~
r/l/part_table/part.ptf.
INFO(SPCODD-181): Loading E:/GitHub/KVM_prototype/schemtic/lib/worklib/transis~
tor/fds9926a/part_table/part.ptf.
INFO(SPCODD-181): Loading E:/GitHub/KVM_prototype/schemtic/lib/worklib/diode1/~
led_s/part_table/part.ptf.
INFO(SPCODD-181): Loading E:/GitHub/KVM_prototype/schemtic/lib/worklib/transis~
tor/npn/part_table/part.ptf.
INFO(SPCODD-181): Loading E:/GitHub/KVM_prototype/schemtic/lib/worklib/power/a~
dp5053/part_table/part.ptf.
INFO(SPCODD-181): Loading E:/GitHub/KVM_prototype/schemtic/lib/worklib/power/n~
cp1529/part_table/part.ptf.
INFO(SPCODD-181): Loading E:/GitHub/KVM_prototype/schemtic/lib/worklib/inducto~
r/lb/part_table/part.ptf.
INFO(SPCODD-181): Loading E:/GitHub/KVM_prototype/schemtic/lib/worklib/oscilla~
tor/crystal/part_table/part.ptf.
INFO(SPCODD-181): Loading E:/GitHub/KVM_prototype/schemtic/lib/worklib/ic/adv7~
612bswz/part_table/part.ptf.
INFO(SPCODD-181): Loading E:/GitHub/KVM_prototype/schemtic/lib/worklib/connect~
or/hdmi#2da/part_table/part.ptf.
INFO(SPCODD-181): Loading E:/GitHub/KVM_prototype/schemtic/lib/worklib/transis~
tor/bss123lt1/part_table/part.ptf.
INFO(SPCODD-181): Loading E:/GitHub/KVM_prototype/schemtic/lib/worklib/protect~
ion/rclamp0524p/part_table/part.ptf.
INFO(SPCODD-181): Loading E:/GitHub/KVM_prototype/schemtic/lib/worklib/oscilla~
tor/osc#2d12mhz/part_table/part.ptf.
INFO(SPCODD-181): Loading E:/GitHub/KVM_prototype/schemtic/lib/worklib/ic/adv7~
511kstz/part_table/part.ptf.
INFO(SPCODD-181): Loading E:/GitHub/KVM_prototype/schemtic/lib/worklib/protect~
ion/pesd0402#2d140/part_table/part.ptf.
INFO(SPCODD-181): Loading E:/GitHub/KVM_prototype/schemtic/lib/worklib/diode1/~
diode/part_table/part.ptf.
INFO(SPCODD-181): Loading E:/GitHub/KVM_prototype/schemtic/lib/worklib/connect~
or/head1x2_s/part_table/part.ptf.
INFO(SPCODD-181): Loading E:/GitHub/KVM_prototype/schemtic/lib/worklib/ic/xc7a~
200tffg1156/part_table/part.ptf.
INFO(SPCODD-181): Loading E:/GitHub/KVM_prototype/schemtic/lib/worklib/protect~
ion/esd/part_table/part.ptf.
INFO(SPCODD-181): Loading E:/GitHub/KVM_prototype/schemtic/lib/worklib/connect~
or/head2x5/part_table/part.ptf.
INFO(SPCODD-181): Loading E:/GitHub/KVM_prototype/schemtic/lib/worklib/oscilla~
tor/osc#2d4/part_table/part.ptf.
INFO(SPCODD-181): Loading E:/GitHub/KVM_prototype/schemtic/lib/worklib/connect~
or/pcie_x16/part_table/part.ptf.
INFO(SPCODD-181): Loading E:/GitHub/KVM_prototype/schemtic/lib/worklib/ic/xc6s~
lx16csg324/part_table/part.ptf.
INFO(SPCODD-181): Loading E:/GitHub/KVM_prototype/schemtic/lib/worklib/connect~
or/head2x3/part_table/part.ptf.
INFO(SPCODD-181): Loading E:/GitHub/KVM_prototype/schemtic/lib/worklib/resisto~
r/rn/part_table/part.ptf.
INFO(SPCODD-181): Loading E:/GitHub/KVM_prototype/schemtic/lib/worklib/ic/hy5p~
s121621cfp/part_table/part.ptf.
INFO(SPCODD-181): Loading E:/GitHub/KVM_prototype/schemtic/lib/worklib/connect~
or/head2x7/part_table/part.ptf.
INFO(SPCODD-181): Loading E:/GitHub/KVM_prototype/schemtic/lib/worklib/ic/m25p~
40/part_table/part.ptf.
INFO(SPCODD-181): Loading E:/GitHub/KVM_prototype/schemtic/lib/worklib/others/~
tp/part_table/part.ptf.
INFO(SPCODD-181): Loading E:/GitHub/KVM_prototype/schemtic/lib/worklib/ic/cy22~
394fc/part_table/part.ptf.
INFO(SPCODD-181): Loading E:/GitHub/KVM_prototype/schemtic/lib/worklib/ic/xc7z~
015_1clg485c/part_table/part.ptf.
INFO(SPCODD-181): Loading E:/GitHub/KVM_prototype/schemtic/lib/worklib/connect~
or/6pin/part_table/part.ptf.
INFO(SPCODD-181): Loading E:/GitHub/KVM_prototype/schemtic/lib/worklib/others/~
wiper#2dsw/part_table/part.ptf.
INFO(SPCODD-181): Loading E:/GitHub/KVM_prototype/schemtic/lib/worklib/diode1/~
mbrd835l/part_table/part.ptf.
INFO(SPCODD-181): Loading E:/GitHub/KVM_prototype/schemtic/lib/worklib/ic/usb3~
300/part_table/part.ptf.
INFO(SPCODD-181): Loading E:/GitHub/KVM_prototype/schemtic/lib/worklib/ic/gl85~
0g/part_table/part.ptf.
INFO(SPCODD-181): Loading E:/GitHub/KVM_prototype/schemtic/lib/worklib/power/l~
m3526/part_table/part.ptf.
INFO(SPCODD-181): Loading E:/GitHub/KVM_prototype/schemtic/lib/worklib/connect~
or/usb_dul/part_table/part.ptf.

 *************************
 *  Loading State Files  *
 *************************

Loading ./worklib/kvm_prototype/packaged/pxl.state. 

 *****************************************
 *  End loading State Files  (00:00:01)  *
 *****************************************


 ****************************************
 *  Starting to assign physical parts.  *
 ****************************************

 #1   ERROR(SPCOPK-1053): Cannot find a ppt part that matches the instance pro~
perties.
        Ppt Name: GL850G
        Schematic instance: @KVM_PROTOTYPE_LIB.KVM_PROTOTYPE(SCH_1):PAGE74_I1@~
IC.GL850G(CHIPS)
        Physical Path: @kvm_prototype_lib.kvm_prototype(sch_1):page50_i1@ic.gl~
850g(chips)
INFO(SPCOPK-1062): Property Name: VALUE     (OPT)
                   Property Value: GL850G
 #2   ERROR(SPCOPK-1053): Cannot find a ppt part that matches the instance pro~
perties.
        Ppt Name: USB3300
        Schematic instance: @KVM_PROTOTYPE_LIB.KVM_PROTOTYPE(SCH_1):PAGE73_I1@~
IC.USB3300(CHIPS)
        Physical Path: @kvm_prototype_lib.kvm_prototype(sch_1):page49_i1@ic.us~
b3300(chips)
INFO(SPCOPK-1062): Property Name: VALUE     (OPT)
                   Property Value: USB3300
INFO(SPCOPK-1441): 2 errors detected
INFO(SPCOPK-1444): No warnings detected
INFO(SPCOPK-1448): Use Tools->Markers->Packager in ConceptHDL to highlight ins~
tances for the errors/warnings reported.
    Start time   19:54:56
    End time     19:55:00
    Elapsed time  0:00:04

 **************************************************
 *  FATAL ERROR PackagerXL exiting with status 2  *
 **************************************************

