
	(Comment
		(Time 11/17/05,15:20:21)
		(User Laguna)
		(MsgId ECO_021)
		(Text "Package ADP3338 added to cell")
		(Param1 ADP3338)
	)
	(Comment
		(Time 11/17/05,15:21:31)
		(User Laguna)
		(MsgId ECO_081)
		(Text "Symbol sym_1 added to cell")
		(Param1 sym_1)
	)

	(Comment
		(Time 11/17/05,15:24:22)
		(User Laguna)
		(MsgId ECO_211)
		(Text "PTF file part.ptf added")
		(Param1 part.ptf)
	)
	(Comment
		(Time 12/26/17,16:36:50)
		(User cpp8013)
		(MsgId ECO_212)
		(Text "PTF file part.ptf deleted")
		(Param1 "part.ptf")
	)
