	(Comment
		(Time 01/19/18,14:18:12)
		(User cpp8013)
		(MsgId ECO_021)
		(Text "Package SFP_CONN added to cell")
		(Param1 "SFP_CONN")
	)
	(Comment
		(Time 01/19/18,14:18:31)
		(User cpp8013)
		(MsgId ECO_081)
		(Text "Symbol sym_1 added to cell")
		(Param1 "sym_1")
	)
	(Comment
		(Time 05/07/18,16:08:40)
		(User cdj)
		(MsgId ECO_151)
		(Text "Verilog wrapper vlog_model added to cell")
		(Param1 "vlog_model")
	)
	(Comment
		(Time 05/08/18,11:12:22)
		(User cdj)
		(MsgId ECO_151)
		(Text "Verilog wrapper vlog_model added to cell")
		(Param1 "vlog_model")
	)
