temp/xxnedtmp19/event.log NEWFILE1
temp/xxnedtmp19/text.log NEWFILE2
temp/xxnedtmp19/environ.log NEWFILE3
C:\Cadence\SPB_16.6\share\cdssetup/concept/concepthdl.scr FILE4
E:\GitHub\KVM_prototype\schemtic\sch\cds.lib FILE5
E:\GitHub\KVM_prototype\schemtic\sch\worklib\kvm_prototype\sch_1\page1.csb FILE6
E:\GitHub\KVM_prototype\schemtic\sch\worklib\kvm_prototype\sch_1\page1_csb.lck NEWFILE7
temp/xxnedtmp19/undo1.log NEWFILE8
C:\Cadence\SPB_16.6\share\library\standard\c#20size#20page\sym_1\symbol.css FILE9
E:\GitHub\KVM_prototype\schemtic\sch\worklib\kvm_prototype\sch_1\page1_csa.lck NEWFILE10
E:/GitHub/KVM_prototype/schemtic/sch/worklib/kvm_prototype/sch_1/kvm_prototype.xcon FILE11
E:/GitHub/KVM_prototype/schemtic/sch/worklib/kvm_prototype/sch_1/kvm_prototype.dcf FILE12
E:\GitHub\KVM_prototype\schemtic\sch\worklib\kvm_prototype\sch_1\page11.csb FILE13
E:\GitHub\KVM_prototype\schemtic\sch\worklib\kvm_prototype/images/9.jpg FILE14
E:\GitHub\KVM_prototype\schemtic\sch\worklib\kvm_prototype/images/10.jpg FILE15
E:\GitHub\KVM_prototype\schemtic\sch\worklib\kvm_prototype\sch_1\page11_csb.lck NEWFILE16
E:\GitHub\KVM_prototype\schemtic\lib\worklib\c\sym_1\symbol.css FILE17
E:\GitHub\KVM_prototype\schemtic\lib\worklib\lb\sym_1\symbol.css FILE18
E:\GitHub\KVM_prototype\schemtic\lib\worklib\r\sym_1\symbol.css FILE19
E:\GitHub\KVM_prototype\schemtic\lib\worklib\led_s\sym_1\symbol.css FILE20
C:\Cadence\SPB_16.6\share\library\standard\gnd_signal\sym_1\symbol.css FILE21
E:\GitHub\KVM_prototype\schemtic\lib\worklib\crystal\sym_1\symbol.css FILE22
E:\GitHub\KVM_prototype\schemtic\lib\worklib\88e1111\sym_2\symbol.css FILE23
E:\GitHub\KVM_prototype\schemtic\lib\worklib\88e1111\sym_1\symbol.css FILE24
C:/Cadence/SPB_16.6/tools/language/config.dat FILE25
temp/xxnedtmp19/concept.mkr NEWFILE26
C:/Cadence/SPB_16.6/tools/language/pack_type_rename.dat NEWFILE27
temp/xxnedtmp19/../88e1111.mkr NEWFILE28
temp/xxnedtmp19/../c#20size#20page.mkr NEWFILE29
temp/xxnedtmp19/../c.mkr NEWFILE30
temp/xxnedtmp19/../lb.mkr NEWFILE31
temp/xxnedtmp19/../r.mkr NEWFILE32
temp/xxnedtmp19/../led_s.mkr NEWFILE33
temp/xxnedtmp19/../gnd_signal.mkr NEWFILE34
temp/xxnedtmp19/../crystal.mkr NEWFILE35
E:\GitHub\KVM_prototype\schemtic\sch\worklib\kvm_prototype\sch_1\page11.csa FILE36
E:\GitHub\KVM_prototype\schemtic\sch\worklib\kvm_prototype\sch_1\page11.csv FILE37
E:/GitHub/KVM_prototype/schemtic/sch/worklib/kvm_prototype/sch_1/kvm_prototype_xcon.lck NEWFILE38
E:/GitHub/KVM_prototype/schemtic/sch/worklib/kvm_prototype/sch_1/kvm_prototype_dcf.lck NEWFILE39
temp/xxnedtmp19/csnetlister.mkr NEWFILE40
D:/sys_temp/con8F5.tmp FILE41
E:\GitHub\KVM_prototype\schemtic\sch\worklib\kvm_prototype\sch_1\pc.db FILE42
