temp/xxnedtmp18/event.log NEWFILE1
temp/xxnedtmp18/text.log NEWFILE2
temp/xxnedtmp18/environ.log NEWFILE3
C:\Cadence\SPB_16.6\share\cdssetup/concept/concepthdl.scr FILE4
D:\GitHub\KVM\KVM_prototype\schemtic\sch\cds.lib FILE5
D:\GitHub\KVM\KVM_prototype\schemtic\sch\worklib\kvm_prototype\sch_1\page1.csb FILE6
D:\GitHub\KVM\KVM_prototype\schemtic\sch\worklib\kvm_prototype\sch_1\page1_csb.lck NEWFILE7
temp/xxnedtmp18/undo1.log NEWFILE8
C:\Cadence\SPB_16.6\share\library\standard\c#20size#20page\sym_1\symbol.css FILE9
D:\GitHub\KVM\KVM_prototype\schemtic\sch\worklib\kvm_prototype\sch_1\page1_csa.lck NEWFILE10
D:/GitHub/KVM/KVM_prototype/schemtic/sch/worklib/kvm_prototype/sch_1/kvm_prototype.xcon FILE11
D:/GitHub/KVM/KVM_prototype/schemtic/sch/worklib/kvm_prototype/sch_1/kvm_prototype.dcf FILE12
D:\GitHub\KVM\KVM_prototype\schemtic\sch\worklib\kvm_prototype\sch_1\page10.csb FILE13
D:\GitHub\KVM\KVM_prototype\schemtic\sch\worklib\kvm_prototype\sch_1\page10_csb.lck NEWFILE14
D:\GitHub\KVM\KVM_prototype\schemtic\lib\worklib\rclamp0524p\sym_1\symbol.css FILE15
C:\Cadence\SPB_16.6\share\library\standard\gnd_signal\sym_1\symbol.css FILE16
D:\GitHub\KVM\KVM_prototype\schemtic\lib\worklib\c\sym_1\symbol.css FILE17
D:\GitHub\KVM\KVM_prototype\schemtic\lib\worklib\diode\sym_1\symbol.css FILE18
D:\GitHub\KVM\KVM_prototype\schemtic\lib\worklib\r\sym_1\symbol.css FILE19
D:\GitHub\KVM\KVM_prototype\schemtic\lib\worklib\ao3400\sym_1\symbol.css FILE20
D:\GitHub\KVM\KVM_prototype\schemtic\lib\worklib\hdmi#2da\sym_1\symbol.css FILE21
D:\GitHub\KVM\KVM_prototype\schemtic\sch\worklib\kvm_prototype\sch_1\page11.csb FILE22
D:\GitHub\KVM\KVM_prototype\schemtic\sch\worklib\kvm_prototype/images/9.jpg FILE23
D:\GitHub\KVM\KVM_prototype\schemtic\sch\worklib\kvm_prototype/images/10.jpg FILE24
D:\GitHub\KVM\KVM_prototype\schemtic\sch\worklib\kvm_prototype\sch_1\page11_csb.lck FILE25
D:\GitHub\KVM\KVM_prototype\schemtic\sch\worklib\kvm_prototype\sch_1\page10_csa.lck NEWFILE26
D:\GitHub\KVM\KVM_prototype\schemtic\lib\worklib\lb\sym_1\symbol.css FILE27
D:\GitHub\KVM\KVM_prototype\schemtic\lib\worklib\crystal\sym_1\symbol.css FILE28
D:\GitHub\KVM\KVM_prototype\schemtic\lib\worklib\88e1111\sym_2\symbol.css FILE29
D:\GitHub\KVM\KVM_prototype\schemtic\lib\worklib\88e1111\sym_1\symbol.css FILE30
C:/Cadence/SPB_16.6/tools/language/config.dat FILE31
temp/xxnedtmp18/concept.mkr NEWFILE32
C:/Cadence/SPB_16.6/tools/language/pack_type_rename.dat NEWFILE33
temp/xxnedtmp18/../88e1111.mkr NEWFILE34
temp/xxnedtmp18/../c#20size#20page.mkr NEWFILE35
temp/xxnedtmp18/../c.mkr NEWFILE36
temp/xxnedtmp18/../lb.mkr NEWFILE37
temp/xxnedtmp18/../gnd_signal.mkr NEWFILE38
temp/xxnedtmp18/../crystal.mkr NEWFILE39
D:\GitHub\KVM\KVM_prototype\schemtic\sch\worklib\kvm_prototype\sch_1\page11.csa FILE40
D:\GitHub\KVM\KVM_prototype\schemtic\sch\worklib\kvm_prototype\sch_1\page11.csv FILE41
D:/GitHub/KVM/KVM_prototype/schemtic/sch/worklib/kvm_prototype/sch_1/kvm_prototype_xcon.lck NEWFILE42
D:/GitHub/KVM/KVM_prototype/schemtic/sch/worklib/kvm_prototype/sch_1/kvm_prototype_dcf.lck NEWFILE43
temp/xxnedtmp18/csnetlister.mkr NEWFILE44
